jsmd(82583)-+-pummaMM-cuda(82652)-+-{pummaMM-cuda}(82657)
            |                     |-{pummaMM-cuda}(82658)
            |                     |-{pummaMM-cuda}(82682)
            |                     |-{pummaMM-cuda}(82683)
            |                     |-{pummaMM-cuda}(82684)
            |                     |-{pummaMM-cuda}(82685)
            |                     |-{pummaMM-cuda}(82686)
            |                     |-{pummaMM-cuda}(82820)
            |                     |-{pummaMM-cuda}(82821)
            |                     |-{pummaMM-cuda}(82822)
            |                     |-{pummaMM-cuda}(82823)
            |                     |-{pummaMM-cuda}(82824)
            |                     |-{pummaMM-cuda}(82825)
            |                     |-{pummaMM-cuda}(82826)
            |                     |-{pummaMM-cuda}(82827)
            |                     |-{pummaMM-cuda}(82828)
            |                     |-{pummaMM-cuda}(82829)
            |                     |-{pummaMM-cuda}(82830)
            |                     |-{pummaMM-cuda}(82831)
            |                     |-{pummaMM-cuda}(82832)
            |                     |-{pummaMM-cuda}(82833)
            |                     |-{pummaMM-cuda}(82834)
            |                     |-{pummaMM-cuda}(82835)
            |                     |-{pummaMM-cuda}(82836)
            |                     |-{pummaMM-cuda}(82837)
            |                     |-{pummaMM-cuda}(82838)
            |                     |-{pummaMM-cuda}(82839)
            |                     |-{pummaMM-cuda}(82840)
            |                     |-{pummaMM-cuda}(82845)
            |                     |-{pummaMM-cuda}(82846)
            |                     |-{pummaMM-cuda}(82848)
            |                     |-{pummaMM-cuda}(82849)
            |                     |-{pummaMM-cuda}(82853)
            |                     |-{pummaMM-cuda}(83616)
            |                     |-{pummaMM-cuda}(83619)
            |                     |-{pummaMM-cuda}(83938)
            |                     |-{pummaMM-cuda}(83942)
            |                     |-{pummaMM-cuda}(83943)
            |                     `-{pummaMM-cuda}(83944)
            |-{jsmd}(82584)
            |-{jsmd}(82588)
            |-{jsmd}(82589)
            |-{jsmd}(82590)
            |-{jsmd}(82591)
            |-{jsmd}(82592)
            |-{jsmd}(82593)
            |-{jsmd}(82594)
            |-{jsmd}(82595)
            |-{jsmd}(82596)
            |-{jsmd}(82597)
            |-{jsmd}(82598)
            |-{jsmd}(82599)
            |-{jsmd}(82600)
            |-{jsmd}(82601)
            |-{jsmd}(82602)
            |-{jsmd}(82603)
            |-{jsmd}(82604)
            |-{jsmd}(82605)
            `-{jsmd}(82606)

sshd(94407)---bash(94443)---pstree(94446)
