jsmd(28346)-+-pummaMM-cuda(28431)-+-{pummaMM-cuda}(28435)
            |                     |-{pummaMM-cuda}(28436)
            |                     |-{pummaMM-cuda}(28460)
            |                     |-{pummaMM-cuda}(28461)
            |                     |-{pummaMM-cuda}(28462)
            |                     |-{pummaMM-cuda}(28463)
            |                     |-{pummaMM-cuda}(28468)
            |                     |-{pummaMM-cuda}(28588)
            |                     |-{pummaMM-cuda}(28589)
            |                     |-{pummaMM-cuda}(28590)
            |                     |-{pummaMM-cuda}(28592)
            |                     |-{pummaMM-cuda}(28593)
            |                     |-{pummaMM-cuda}(28594)
            |                     |-{pummaMM-cuda}(28595)
            |                     |-{pummaMM-cuda}(28596)
            |                     |-{pummaMM-cuda}(28597)
            |                     |-{pummaMM-cuda}(28598)
            |                     |-{pummaMM-cuda}(28599)
            |                     |-{pummaMM-cuda}(28600)
            |                     |-{pummaMM-cuda}(28601)
            |                     |-{pummaMM-cuda}(28602)
            |                     |-{pummaMM-cuda}(28603)
            |                     |-{pummaMM-cuda}(28604)
            |                     |-{pummaMM-cuda}(28605)
            |                     |-{pummaMM-cuda}(28606)
            |                     |-{pummaMM-cuda}(28607)
            |                     |-{pummaMM-cuda}(28608)
            |                     |-{pummaMM-cuda}(28609)
            |                     |-{pummaMM-cuda}(28614)
            |                     |-{pummaMM-cuda}(28615)
            |                     |-{pummaMM-cuda}(28617)
            |                     |-{pummaMM-cuda}(28618)
            |                     |-{pummaMM-cuda}(28619)
            |                     |-{pummaMM-cuda}(28622)
            |                     |-{pummaMM-cuda}(29062)
            |                     |-{pummaMM-cuda}(37077)
            |                     |-{pummaMM-cuda}(37078)
            |                     |-{pummaMM-cuda}(37091)
            |                     `-{pummaMM-cuda}(37097)
            |-{jsmd}(28347)
            |-{jsmd}(28348)
            |-{jsmd}(28349)
            |-{jsmd}(28350)
            |-{jsmd}(28351)
            |-{jsmd}(28352)
            |-{jsmd}(28353)
            |-{jsmd}(28354)
            |-{jsmd}(28355)
            |-{jsmd}(28356)
            |-{jsmd}(28357)
            |-{jsmd}(28358)
            |-{jsmd}(28359)
            |-{jsmd}(28360)
            |-{jsmd}(28361)
            |-{jsmd}(28362)
            |-{jsmd}(28363)
            |-{jsmd}(28364)
            |-{jsmd}(28365)
            `-{jsmd}(28366)

sshd(40265)---bash(40267)---pstree(40270)
