jsmd(82206)-+-pummaMM-cuda(82273)-+-{pummaMM-cuda}(82278)
            |                     |-{pummaMM-cuda}(82279)
            |                     |-{pummaMM-cuda}(82303)
            |                     |-{pummaMM-cuda}(82305)
            |                     |-{pummaMM-cuda}(82306)
            |                     |-{pummaMM-cuda}(82307)
            |                     |-{pummaMM-cuda}(82308)
            |                     |-{pummaMM-cuda}(82432)
            |                     |-{pummaMM-cuda}(82433)
            |                     |-{pummaMM-cuda}(82434)
            |                     |-{pummaMM-cuda}(82435)
            |                     |-{pummaMM-cuda}(82436)
            |                     |-{pummaMM-cuda}(82437)
            |                     |-{pummaMM-cuda}(82438)
            |                     |-{pummaMM-cuda}(82439)
            |                     |-{pummaMM-cuda}(82440)
            |                     |-{pummaMM-cuda}(82441)
            |                     |-{pummaMM-cuda}(82442)
            |                     |-{pummaMM-cuda}(82443)
            |                     |-{pummaMM-cuda}(82444)
            |                     |-{pummaMM-cuda}(82445)
            |                     |-{pummaMM-cuda}(82446)
            |                     |-{pummaMM-cuda}(82447)
            |                     |-{pummaMM-cuda}(82448)
            |                     |-{pummaMM-cuda}(82449)
            |                     |-{pummaMM-cuda}(82450)
            |                     |-{pummaMM-cuda}(82451)
            |                     |-{pummaMM-cuda}(82452)
            |                     |-{pummaMM-cuda}(82457)
            |                     |-{pummaMM-cuda}(82458)
            |                     |-{pummaMM-cuda}(82461)
            |                     |-{pummaMM-cuda}(82465)
            |                     |-{pummaMM-cuda}(83092)
            |                     |-{pummaMM-cuda}(83121)
            |                     |-{pummaMM-cuda}(90704)
            |                     |-{pummaMM-cuda}(90730)
            |                     |-{pummaMM-cuda}(90731)
            |                     |-{pummaMM-cuda}(90735)
            |                     `-{pummaMM-cuda}(90737)
            |-{jsmd}(82207)
            |-{jsmd}(82208)
            |-{jsmd}(82209)
            |-{jsmd}(82210)
            |-{jsmd}(82211)
            |-{jsmd}(82212)
            |-{jsmd}(82213)
            |-{jsmd}(82214)
            |-{jsmd}(82215)
            |-{jsmd}(82216)
            |-{jsmd}(82217)
            |-{jsmd}(82218)
            |-{jsmd}(82219)
            |-{jsmd}(82220)
            |-{jsmd}(82221)
            |-{jsmd}(82222)
            |-{jsmd}(82223)
            |-{jsmd}(82224)
            |-{jsmd}(82225)
            `-{jsmd}(82226)

sshd(93813)---bash(93817)---pstree(93820)
