jsmd(167121)-+-pummaMM-cuda(167201)-+-{pummaMM-cuda}(167204)
             |                      |-{pummaMM-cuda}(167205)
             |                      |-{pummaMM-cuda}(167229)
             |                      |-{pummaMM-cuda}(167231)
             |                      |-{pummaMM-cuda}(167232)
             |                      |-{pummaMM-cuda}(167233)
             |                      |-{pummaMM-cuda}(167237)
             |                      |-{pummaMM-cuda}(167370)
             |                      |-{pummaMM-cuda}(167371)
             |                      |-{pummaMM-cuda}(167372)
             |                      |-{pummaMM-cuda}(167373)
             |                      |-{pummaMM-cuda}(167374)
             |                      |-{pummaMM-cuda}(167375)
             |                      |-{pummaMM-cuda}(167376)
             |                      |-{pummaMM-cuda}(167377)
             |                      |-{pummaMM-cuda}(167378)
             |                      |-{pummaMM-cuda}(167379)
             |                      |-{pummaMM-cuda}(167380)
             |                      |-{pummaMM-cuda}(167381)
             |                      |-{pummaMM-cuda}(167382)
             |                      |-{pummaMM-cuda}(167383)
             |                      |-{pummaMM-cuda}(167384)
             |                      |-{pummaMM-cuda}(167385)
             |                      |-{pummaMM-cuda}(167386)
             |                      |-{pummaMM-cuda}(167387)
             |                      |-{pummaMM-cuda}(167388)
             |                      |-{pummaMM-cuda}(167389)
             |                      |-{pummaMM-cuda}(167390)
             |                      |-{pummaMM-cuda}(167396)
             |                      |-{pummaMM-cuda}(167397)
             |                      |-{pummaMM-cuda}(167401)
             |                      |-{pummaMM-cuda}(167404)
             |                      |-{pummaMM-cuda}(167573)
             |                      |-{pummaMM-cuda}(167647)
             |                      |-{pummaMM-cuda}(167810)
             |                      |-{pummaMM-cuda}(168425)
             |                      |-{pummaMM-cuda}(168426)
             |                      |-{pummaMM-cuda}(168427)
             |                      |-{pummaMM-cuda}(168428)
             |                      |-{pummaMM-cuda}(168430)
             |                      |-{pummaMM-cuda}(168431)
             |                      |-{pummaMM-cuda}(168432)
             |                      |-{pummaMM-cuda}(168433)
             |                      |-{pummaMM-cuda}(168445)
             |                      |-{pummaMM-cuda}(168446)
             |                      |-{pummaMM-cuda}(168536)
             |                      `-{pummaMM-cuda}(171602)
             |-{jsmd}(167125)
             |-{jsmd}(167126)
             |-{jsmd}(167127)
             |-{jsmd}(167128)
             |-{jsmd}(167129)
             |-{jsmd}(167130)
             |-{jsmd}(167131)
             |-{jsmd}(167132)
             |-{jsmd}(167133)
             |-{jsmd}(167134)
             |-{jsmd}(167135)
             |-{jsmd}(167136)
             |-{jsmd}(167137)
             |-{jsmd}(167138)
             |-{jsmd}(167139)
             |-{jsmd}(167140)
             |-{jsmd}(167141)
             |-{jsmd}(167142)
             |-{jsmd}(167143)
             `-{jsmd}(167144)

sshd(178893)---bash(178894)---pstree(178897)
