jsmd(150375)-+-pummaMM-cuda(150666)-+-{pummaMM-cuda}(150669)
             |                      |-{pummaMM-cuda}(150670)
             |                      |-{pummaMM-cuda}(150693)
             |                      |-{pummaMM-cuda}(150694)
             |                      |-{pummaMM-cuda}(150695)
             |                      |-{pummaMM-cuda}(150696)
             |                      |-{pummaMM-cuda}(150697)
             |                      |-{pummaMM-cuda}(150832)
             |                      |-{pummaMM-cuda}(150833)
             |                      |-{pummaMM-cuda}(150834)
             |                      |-{pummaMM-cuda}(150835)
             |                      |-{pummaMM-cuda}(150836)
             |                      |-{pummaMM-cuda}(150837)
             |                      |-{pummaMM-cuda}(150838)
             |                      |-{pummaMM-cuda}(150839)
             |                      |-{pummaMM-cuda}(150840)
             |                      |-{pummaMM-cuda}(150841)
             |                      |-{pummaMM-cuda}(150842)
             |                      |-{pummaMM-cuda}(150843)
             |                      |-{pummaMM-cuda}(150844)
             |                      |-{pummaMM-cuda}(150845)
             |                      |-{pummaMM-cuda}(150846)
             |                      |-{pummaMM-cuda}(150847)
             |                      |-{pummaMM-cuda}(150848)
             |                      |-{pummaMM-cuda}(150849)
             |                      |-{pummaMM-cuda}(150850)
             |                      |-{pummaMM-cuda}(150851)
             |                      |-{pummaMM-cuda}(150852)
             |                      |-{pummaMM-cuda}(150857)
             |                      |-{pummaMM-cuda}(150858)
             |                      |-{pummaMM-cuda}(150861)
             |                      |-{pummaMM-cuda}(150862)
             |                      |-{pummaMM-cuda}(150865)
             |                      |-{pummaMM-cuda}(151451)
             |                      |-{pummaMM-cuda}(151452)
             |                      |-{pummaMM-cuda}(151894)
             |                      |-{pummaMM-cuda}(151895)
             |                      |-{pummaMM-cuda}(151899)
             |                      `-{pummaMM-cuda}(151909)
             |-{jsmd}(150376)
             |-{jsmd}(150392)
             |-{jsmd}(150393)
             |-{jsmd}(150394)
             |-{jsmd}(150395)
             |-{jsmd}(150396)
             |-{jsmd}(150397)
             |-{jsmd}(150398)
             |-{jsmd}(150399)
             |-{jsmd}(150400)
             |-{jsmd}(150401)
             |-{jsmd}(150402)
             |-{jsmd}(150403)
             |-{jsmd}(150404)
             |-{jsmd}(150405)
             |-{jsmd}(150406)
             |-{jsmd}(150407)
             |-{jsmd}(150408)
             |-{jsmd}(150409)
             `-{jsmd}(150410)

sshd(150430)---bash(150439)---1674840080.4474(150609)---jsrun(150628)-+-{jsrun}(150664)
                                                                      `-{jsrun}(150665)

sshd(162429)---bash(162449)---pstree(162452)
