jsmd(44527)-+-cannonMM-cuda(44597)-+-{cannonMM-cuda}(44608)
            |                      |-{cannonMM-cuda}(44609)
            |                      |-{cannonMM-cuda}(44625)
            |                      |-{cannonMM-cuda}(44627)
            |                      |-{cannonMM-cuda}(44631)
            |                      |-{cannonMM-cuda}(44636)
            |                      |-{cannonMM-cuda}(44639)
            |                      |-{cannonMM-cuda}(44898)
            |                      |-{cannonMM-cuda}(44899)
            |                      |-{cannonMM-cuda}(44900)
            |                      |-{cannonMM-cuda}(44901)
            |                      |-{cannonMM-cuda}(44902)
            |                      |-{cannonMM-cuda}(44903)
            |                      |-{cannonMM-cuda}(44904)
            |                      |-{cannonMM-cuda}(44905)
            |                      |-{cannonMM-cuda}(44906)
            |                      |-{cannonMM-cuda}(44907)
            |                      |-{cannonMM-cuda}(44908)
            |                      |-{cannonMM-cuda}(44909)
            |                      |-{cannonMM-cuda}(44910)
            |                      |-{cannonMM-cuda}(44911)
            |                      |-{cannonMM-cuda}(44912)
            |                      |-{cannonMM-cuda}(44913)
            |                      |-{cannonMM-cuda}(44914)
            |                      |-{cannonMM-cuda}(44915)
            |                      |-{cannonMM-cuda}(44916)
            |                      |-{cannonMM-cuda}(44917)
            |                      |-{cannonMM-cuda}(44918)
            |                      |-{cannonMM-cuda}(44924)
            |                      |-{cannonMM-cuda}(44925)
            |                      |-{cannonMM-cuda}(44932)
            |                      |-{cannonMM-cuda}(45759)
            |                      |-{cannonMM-cuda}(45854)
            |                      |-{cannonMM-cuda}(45967)
            |                      |-{cannonMM-cuda}(46984)
            |                      |-{cannonMM-cuda}(47237)
            |                      |-{cannonMM-cuda}(47257)
            |                      |-{cannonMM-cuda}(47266)
            |                      |-{cannonMM-cuda}(47267)
            |                      `-{cannonMM-cuda}(47271)
            |-{jsmd}(44528)
            |-{jsmd}(44541)
            |-{jsmd}(44542)
            |-{jsmd}(44543)
            |-{jsmd}(44544)
            |-{jsmd}(44545)
            |-{jsmd}(44546)
            |-{jsmd}(44547)
            |-{jsmd}(44548)
            |-{jsmd}(44549)
            |-{jsmd}(44550)
            |-{jsmd}(44551)
            |-{jsmd}(44552)
            |-{jsmd}(44553)
            |-{jsmd}(44554)
            |-{jsmd}(44555)
            |-{jsmd}(44556)
            |-{jsmd}(44557)
            |-{jsmd}(44558)
            `-{jsmd}(44559)

sshd(56014)---bash(56016)---pstree(56018)
