jsmd(60744)-+-cannonMM-cuda(60816)-+-{cannonMM-cuda}(60828)
            |                      |-{cannonMM-cuda}(60829)
            |                      |-{cannonMM-cuda}(60842)
            |                      |-{cannonMM-cuda}(60844)
            |                      |-{cannonMM-cuda}(60848)
            |                      |-{cannonMM-cuda}(60850)
            |                      |-{cannonMM-cuda}(60857)
            |                      |-{cannonMM-cuda}(60983)
            |                      |-{cannonMM-cuda}(60984)
            |                      |-{cannonMM-cuda}(60985)
            |                      |-{cannonMM-cuda}(60986)
            |                      |-{cannonMM-cuda}(60987)
            |                      |-{cannonMM-cuda}(60988)
            |                      |-{cannonMM-cuda}(60990)
            |                      |-{cannonMM-cuda}(60991)
            |                      |-{cannonMM-cuda}(60992)
            |                      |-{cannonMM-cuda}(60993)
            |                      |-{cannonMM-cuda}(60994)
            |                      |-{cannonMM-cuda}(60995)
            |                      |-{cannonMM-cuda}(60996)
            |                      |-{cannonMM-cuda}(60997)
            |                      |-{cannonMM-cuda}(60998)
            |                      |-{cannonMM-cuda}(60999)
            |                      |-{cannonMM-cuda}(61000)
            |                      |-{cannonMM-cuda}(61001)
            |                      |-{cannonMM-cuda}(61002)
            |                      |-{cannonMM-cuda}(61003)
            |                      |-{cannonMM-cuda}(61004)
            |                      |-{cannonMM-cuda}(61010)
            |                      |-{cannonMM-cuda}(61011)
            |                      |-{cannonMM-cuda}(61013)
            |                      |-{cannonMM-cuda}(61014)
            |                      |-{cannonMM-cuda}(61018)
            |                      |-{cannonMM-cuda}(61763)
            |                      |-{cannonMM-cuda}(61764)
            |                      |-{cannonMM-cuda}(63521)
            |                      |-{cannonMM-cuda}(63525)
            |                      |-{cannonMM-cuda}(63526)
            |                      |-{cannonMM-cuda}(63538)
            |                      `-{cannonMM-cuda}(65205)
            |-{jsmd}(60745)
            |-{jsmd}(60761)
            |-{jsmd}(60762)
            |-{jsmd}(60763)
            |-{jsmd}(60764)
            |-{jsmd}(60765)
            |-{jsmd}(60766)
            |-{jsmd}(60767)
            |-{jsmd}(60768)
            |-{jsmd}(60769)
            |-{jsmd}(60770)
            |-{jsmd}(60771)
            |-{jsmd}(60772)
            |-{jsmd}(60773)
            |-{jsmd}(60774)
            |-{jsmd}(60775)
            |-{jsmd}(60776)
            |-{jsmd}(60777)
            |-{jsmd}(60778)
            `-{jsmd}(60779)

sshd(72141)---bash(72142)---pstree(72144)
