jsmd(168060)-+-cannonMM-cuda(168118)-+-{cannonMM-cuda}(168128)
             |                       |-{cannonMM-cuda}(168129)
             |                       |-{cannonMM-cuda}(168141)
             |                       |-{cannonMM-cuda}(168143)
             |                       |-{cannonMM-cuda}(168144)
             |                       |-{cannonMM-cuda}(168148)
             |                       |-{cannonMM-cuda}(168156)
             |                       |-{cannonMM-cuda}(168290)
             |                       |-{cannonMM-cuda}(168291)
             |                       |-{cannonMM-cuda}(168292)
             |                       |-{cannonMM-cuda}(168293)
             |                       |-{cannonMM-cuda}(168294)
             |                       |-{cannonMM-cuda}(168295)
             |                       |-{cannonMM-cuda}(168296)
             |                       |-{cannonMM-cuda}(168297)
             |                       |-{cannonMM-cuda}(168298)
             |                       |-{cannonMM-cuda}(168299)
             |                       |-{cannonMM-cuda}(168300)
             |                       |-{cannonMM-cuda}(168301)
             |                       |-{cannonMM-cuda}(168302)
             |                       |-{cannonMM-cuda}(168303)
             |                       |-{cannonMM-cuda}(168304)
             |                       |-{cannonMM-cuda}(168305)
             |                       |-{cannonMM-cuda}(168306)
             |                       |-{cannonMM-cuda}(168307)
             |                       |-{cannonMM-cuda}(168308)
             |                       |-{cannonMM-cuda}(168309)
             |                       |-{cannonMM-cuda}(168310)
             |                       |-{cannonMM-cuda}(168316)
             |                       |-{cannonMM-cuda}(168317)
             |                       |-{cannonMM-cuda}(168318)
             |                       |-{cannonMM-cuda}(168321)
             |                       |-{cannonMM-cuda}(168324)
             |                       |-{cannonMM-cuda}(169192)
             |                       |-{cannonMM-cuda}(170732)
             |                       |-{cannonMM-cuda}(171458)
             |                       |-{cannonMM-cuda}(171786)
             |                       |-{cannonMM-cuda}(172633)
             |                       `-{cannonMM-cuda}(172634)
             |-{jsmd}(168061)
             |-{jsmd}(168062)
             |-{jsmd}(168063)
             |-{jsmd}(168064)
             |-{jsmd}(168065)
             |-{jsmd}(168066)
             |-{jsmd}(168067)
             |-{jsmd}(168068)
             |-{jsmd}(168069)
             |-{jsmd}(168070)
             |-{jsmd}(168071)
             |-{jsmd}(168072)
             |-{jsmd}(168073)
             |-{jsmd}(168074)
             |-{jsmd}(168075)
             |-{jsmd}(168076)
             |-{jsmd}(168077)
             |-{jsmd}(168078)
             |-{jsmd}(168079)
             `-{jsmd}(168080)

sshd(179601)---bash(179602)---pstree(179604)
