jsmd(130839)-+-cannonMM-cuda(131113)-+-{cannonMM-cuda}(131124)
             |                       |-{cannonMM-cuda}(131125)
             |                       |-{cannonMM-cuda}(131139)
             |                       |-{cannonMM-cuda}(131143)
             |                       |-{cannonMM-cuda}(131144)
             |                       |-{cannonMM-cuda}(131151)
             |                       |-{cannonMM-cuda}(131153)
             |                       |-{cannonMM-cuda}(131287)
             |                       |-{cannonMM-cuda}(131288)
             |                       |-{cannonMM-cuda}(131289)
             |                       |-{cannonMM-cuda}(131290)
             |                       |-{cannonMM-cuda}(131291)
             |                       |-{cannonMM-cuda}(131292)
             |                       |-{cannonMM-cuda}(131293)
             |                       |-{cannonMM-cuda}(131294)
             |                       |-{cannonMM-cuda}(131295)
             |                       |-{cannonMM-cuda}(131296)
             |                       |-{cannonMM-cuda}(131297)
             |                       |-{cannonMM-cuda}(131298)
             |                       |-{cannonMM-cuda}(131299)
             |                       |-{cannonMM-cuda}(131300)
             |                       |-{cannonMM-cuda}(131301)
             |                       |-{cannonMM-cuda}(131302)
             |                       |-{cannonMM-cuda}(131303)
             |                       |-{cannonMM-cuda}(131304)
             |                       |-{cannonMM-cuda}(131305)
             |                       |-{cannonMM-cuda}(131306)
             |                       |-{cannonMM-cuda}(131307)
             |                       |-{cannonMM-cuda}(131312)
             |                       |-{cannonMM-cuda}(131313)
             |                       |-{cannonMM-cuda}(131316)
             |                       |-{cannonMM-cuda}(131320)
             |                       |-{cannonMM-cuda}(131694)
             |                       |-{cannonMM-cuda}(131969)
             |                       |-{cannonMM-cuda}(133531)
             |                       |-{cannonMM-cuda}(133721)
             |                       |-{cannonMM-cuda}(133723)
             |                       |-{cannonMM-cuda}(134699)
             |                       `-{cannonMM-cuda}(134700)
             |-{jsmd}(130843)
             |-{jsmd}(130844)
             |-{jsmd}(130845)
             |-{jsmd}(130846)
             |-{jsmd}(130847)
             |-{jsmd}(130848)
             |-{jsmd}(130849)
             |-{jsmd}(130850)
             |-{jsmd}(130851)
             |-{jsmd}(130852)
             |-{jsmd}(130853)
             |-{jsmd}(130854)
             |-{jsmd}(130855)
             |-{jsmd}(130856)
             |-{jsmd}(130857)
             |-{jsmd}(130858)
             |-{jsmd}(130859)
             |-{jsmd}(130860)
             |-{jsmd}(130861)
             `-{jsmd}(130862)

sshd(130890)---bash(130891)---1673988806.4444(131065)---jsrun(131082)-+-{jsrun}(131111)
                                                                      `-{jsrun}(131112)

sshd(142488)---bash(142489)---pstree(142491)
