jsmd(156048)-+-cannonMM-cuda(156116)-+-{cannonMM-cuda}(156127)
             |                       |-{cannonMM-cuda}(156128)
             |                       |-{cannonMM-cuda}(156141)
             |                       |-{cannonMM-cuda}(156143)
             |                       |-{cannonMM-cuda}(156147)
             |                       |-{cannonMM-cuda}(156149)
             |                       |-{cannonMM-cuda}(156156)
             |                       |-{cannonMM-cuda}(156294)
             |                       |-{cannonMM-cuda}(156295)
             |                       |-{cannonMM-cuda}(156296)
             |                       |-{cannonMM-cuda}(156297)
             |                       |-{cannonMM-cuda}(156298)
             |                       |-{cannonMM-cuda}(156299)
             |                       |-{cannonMM-cuda}(156300)
             |                       |-{cannonMM-cuda}(156301)
             |                       |-{cannonMM-cuda}(156302)
             |                       |-{cannonMM-cuda}(156303)
             |                       |-{cannonMM-cuda}(156304)
             |                       |-{cannonMM-cuda}(156305)
             |                       |-{cannonMM-cuda}(156306)
             |                       |-{cannonMM-cuda}(156307)
             |                       |-{cannonMM-cuda}(156308)
             |                       |-{cannonMM-cuda}(156309)
             |                       |-{cannonMM-cuda}(156310)
             |                       |-{cannonMM-cuda}(156311)
             |                       |-{cannonMM-cuda}(156312)
             |                       |-{cannonMM-cuda}(156313)
             |                       |-{cannonMM-cuda}(156314)
             |                       |-{cannonMM-cuda}(156319)
             |                       |-{cannonMM-cuda}(156320)
             |                       |-{cannonMM-cuda}(156323)
             |                       |-{cannonMM-cuda}(156324)
             |                       |-{cannonMM-cuda}(156327)
             |                       |-{cannonMM-cuda}(157281)
             |                       |-{cannonMM-cuda}(158550)
             |                       |-{cannonMM-cuda}(158715)
             |                       |-{cannonMM-cuda}(158716)
             |                       |-{cannonMM-cuda}(158720)
             |                       |-{cannonMM-cuda}(158721)
             |                       |-{cannonMM-cuda}(158722)
             |                       |-{cannonMM-cuda}(158723)
             |                       |-{cannonMM-cuda}(158724)
             |                       |-{cannonMM-cuda}(158736)
             |                       |-{cannonMM-cuda}(159710)
             |                       `-{cannonMM-cuda}(159711)
             |-{jsmd}(156049)
             |-{jsmd}(156050)
             |-{jsmd}(156054)
             |-{jsmd}(156055)
             |-{jsmd}(156056)
             |-{jsmd}(156057)
             |-{jsmd}(156058)
             |-{jsmd}(156059)
             |-{jsmd}(156060)
             |-{jsmd}(156061)
             |-{jsmd}(156062)
             |-{jsmd}(156063)
             |-{jsmd}(156064)
             |-{jsmd}(156065)
             |-{jsmd}(156066)
             |-{jsmd}(156067)
             |-{jsmd}(156068)
             |-{jsmd}(156069)
             |-{jsmd}(156070)
             `-{jsmd}(156071)

sshd(167493)---bash(167494)---pstree(167496)
