jsmd(149496)-+-cannonMM-cuda(149553)-+-{cannonMM-cuda}(149563)
             |                       |-{cannonMM-cuda}(149564)
             |                       |-{cannonMM-cuda}(149577)
             |                       |-{cannonMM-cuda}(149580)
             |                       |-{cannonMM-cuda}(149584)
             |                       |-{cannonMM-cuda}(149585)
             |                       |-{cannonMM-cuda}(149593)
             |                       |-{cannonMM-cuda}(149729)
             |                       |-{cannonMM-cuda}(149730)
             |                       |-{cannonMM-cuda}(149731)
             |                       |-{cannonMM-cuda}(149733)
             |                       |-{cannonMM-cuda}(149734)
             |                       |-{cannonMM-cuda}(149735)
             |                       |-{cannonMM-cuda}(149736)
             |                       |-{cannonMM-cuda}(149737)
             |                       |-{cannonMM-cuda}(149738)
             |                       |-{cannonMM-cuda}(149739)
             |                       |-{cannonMM-cuda}(149740)
             |                       |-{cannonMM-cuda}(149741)
             |                       |-{cannonMM-cuda}(149742)
             |                       |-{cannonMM-cuda}(149743)
             |                       |-{cannonMM-cuda}(149744)
             |                       |-{cannonMM-cuda}(149745)
             |                       |-{cannonMM-cuda}(149746)
             |                       |-{cannonMM-cuda}(149747)
             |                       |-{cannonMM-cuda}(149748)
             |                       |-{cannonMM-cuda}(149749)
             |                       |-{cannonMM-cuda}(149750)
             |                       |-{cannonMM-cuda}(149755)
             |                       |-{cannonMM-cuda}(149756)
             |                       |-{cannonMM-cuda}(149763)
             |                       |-{cannonMM-cuda}(150425)
             |                       |-{cannonMM-cuda}(150427)
             |                       |-{cannonMM-cuda}(150507)
             |                       |-{cannonMM-cuda}(151002)
             |                       |-{cannonMM-cuda}(152175)
             |                       |-{cannonMM-cuda}(152614)
             |                       |-{cannonMM-cuda}(152617)
             |                       |-{cannonMM-cuda}(152869)
             |                       `-{cannonMM-cuda}(152950)
             |-{jsmd}(149497)
             |-{jsmd}(149498)
             |-{jsmd}(149499)
             |-{jsmd}(149500)
             |-{jsmd}(149501)
             |-{jsmd}(149502)
             |-{jsmd}(149503)
             |-{jsmd}(149504)
             |-{jsmd}(149505)
             |-{jsmd}(149506)
             |-{jsmd}(149507)
             |-{jsmd}(149508)
             |-{jsmd}(149509)
             |-{jsmd}(149510)
             |-{jsmd}(149511)
             |-{jsmd}(149512)
             |-{jsmd}(149513)
             |-{jsmd}(149514)
             |-{jsmd}(149515)
             `-{jsmd}(149516)

sshd(160908)---bash(160910)---pstree(160912)
