stty: standard input: Inappropriate ioctl for device
Num nodes: 8
Job id: 4086400
Warning: Overriding spectrum-mpi/rolling-release (module loaded must exactly match)
Warning: Using      spectrum-mpi/2020.08.19 to match app's MPI
Please tell John Gyllenhaal (gyllen@llnl.gov, 4-5485) if this MPI env fix doesn't work
Execution time: 5236 ms.
Execution time: 5283 ms.
Execution time: 5816 ms.
Execution time: 5441 ms.
Execution time: 5573 ms.
Execution time: 5397 ms.
Execution time: 5742 ms.
Execution time: 5623 ms.
Execution time: 5467 ms.
Execution time: 5411 ms.
On 8 nodes achieved GFLOPS per node: 8230.835218.
Warning: Overriding spectrum-mpi/rolling-release (module loaded must exactly match)
Warning: Using      spectrum-mpi/2020.08.19 to match app's MPI
Please tell John Gyllenhaal (gyllen@llnl.gov, 4-5485) if this MPI env fix doesn't work
[0 - 20002edaf8b0]    1.499481 {5}{default_mapper}: Default mapper failed allocation of size 1599969312 bytes for region  requirement 0 of task task_2 (UID 1152) in memory 1e00000000000002 (GPU_FB_MEM) for processor 1d00000000000004 (TOC_PROC). This means the working set of your application is too big for the allotted capacity of the given memory under the default mapper's mapping scheme. You have three choices: ask Realm to allocate more memory, write a custom mapper to better manage working sets, or find a bigger machine.
solomonikMM-cuda: /g/g92/wei8/taco/legion/legion/runtime/mappers/default_mapper.cc:2640: void Legion::Mapping::DefaultMapper::default_report_failed_instance_creation(const Legion::Task&, unsigned int, Legion::Processor, Legion::Memory, size_t) const: Assertion `false' failed.
*** Caught a fatal signal (proc 0): SIGABRT(6)
NOTICE: We recommend linking the debug version of GASNet to assist you in resolving this application issue.
[0] Invoking GDB for backtrace...
[0] /usr/bin/gdb -nx -batch -x /var/tmp/gasnet_bwHEdi '/g/g92/wei8/taco/build/solomonikMM-cuda/../bin/solomonikMM-cuda' 9291
[0] [New LWP 9526]
[0] [New LWP 9525]
[0] [New LWP 9524]
[0] [New LWP 9523]
[0] [New LWP 9522]
[0] [New LWP 9521]
[0] [New LWP 9520]
[0] [New LWP 9519]
[0] [New LWP 9518]
[0] [New LWP 9517]
[0] [New LWP 9516]
[0] [New LWP 9515]
[0] [New LWP 9514]
[0] [New LWP 9513]
[0] [New LWP 9512]
[0] [New LWP 9511]
[0] [New LWP 9510]
[0] [New LWP 9509]
[0] [New LWP 9508]
[0] [New LWP 9507]
[0] [New LWP 9506]
[0] [New LWP 9505]
[0] [New LWP 9504]
[0] [New LWP 9503]
[0] [New LWP 9502]
[0] [New LWP 9501]
[0] [New LWP 9500]
[0] [New LWP 9499]
[0] [New LWP 9363]
[0] [New LWP 9339]
[0] [New LWP 9326]
[0] [New LWP 9307]
[0] [New LWP 9306]
[0] [New LWP 9293]
[0] [New LWP 9292]
[0] [Thread debugging using libthread_db enabled]
[0] Using host libthread_db library "/lib64/libthread_db.so.1".
[0] 0x00002000000fe92c in __pthread_cond_wait (cond=0x101e9678, mutex=0x101e9630) at pthread_cond_wait.c:153
[0] 153	      lll_futex_wait (&cond->__data.__futex, futex_val, pshared);
[0]   Id   Target Id         Frame 
[0]   36   Thread 0x20000a6ceb20 (LWP 9292) "solomonikMM-cud" 0x0000200008046df8 in poll () at ../sysdeps/unix/syscall-template.S:81
[0]   35   Thread 0x20000af8eb20 (LWP 9293) "solomonikMM-cud" 0x0000200008058aa8 in epoll_wait () at ../sysdeps/unix/syscall-template.S:81
[0]   34   Thread 0x2000269beb20 (LWP 9306) "cuda-EvtHandlr" 0x0000200008046df8 in poll () at ../sysdeps/unix/syscall-template.S:81
[0]   33   Thread 0x200026dceb20 (LWP 9307) "cuda-EvtHandlr" 0x0000200008046df8 in poll () at ../sysdeps/unix/syscall-template.S:81
[0]   32   Thread 0x200027f2eb20 (LWP 9326) "cuda-EvtHandlr" 0x0000200008046df8 in poll () at ../sysdeps/unix/syscall-template.S:81
[0]   31   Thread 0x20002c46eb20 (LWP 9339) "cuda-EvtHandlr" 0x0000200008046df8 in poll () at ../sysdeps/unix/syscall-template.S:81
[0]   30   Thread 0x20002c9feb20 (LWP 9363) "cuda-EvtHandlr" 0x0000200008046df8 in poll () at ../sysdeps/unix/syscall-template.S:81
[0]   29   Thread 0x20002cd9f8b0 (LWP 9499) "solomonikMM-cud" sched_yield () at ../sysdeps/unix/syscall-template.S:82
[0]   28   Thread 0x20002cfcf8b0 (LWP 9500) "solomonikMM-cud" sched_yield () at ../sysdeps/unix/syscall-template.S:82
[0]   27   Thread 0x20002d1ff8b0 (LWP 9501) "solomonikMM-cud" sched_yield () at ../sysdeps/unix/syscall-template.S:82
[0]   26   Thread 0x20002d42f8b0 (LWP 9502) "solomonikMM-cud" sched_yield () at ../sysdeps/unix/syscall-template.S:82
[0]   25   Thread 0x20002d65f8b0 (LWP 9503) "solomonikMM-cud" sched_yield () at ../sysdeps/unix/syscall-template.S:82
[0]   24   Thread 0x20002d88f8b0 (LWP 9504) "solomonikMM-cud" sched_yield () at ../sysdeps/unix/syscall-template.S:82
[0]   23   Thread 0x20002dabf8b0 (LWP 9505) "solomonikMM-cud" sched_yield () at ../sysdeps/unix/syscall-template.S:82
[0]   22   Thread 0x20002dcef8b0 (LWP 9506) "solomonikMM-cud" sched_yield () at ../sysdeps/unix/syscall-template.S:82
[0]   21   Thread 0x20002df1f8b0 (LWP 9507) "solomonikMM-cud" sched_yield () at ../sysdeps/unix/syscall-template.S:82
[0]   20   Thread 0x20002e04f8b0 (LWP 9508) "solomonikMM-cud" 0x00002000000fe92c in __pthread_cond_wait (cond=0x101ea378, mutex=0x101ea330) at pthread_cond_wait.c:153
[0]   19   Thread 0x20002e17f8b0 (LWP 9509) "solomonikMM-cud" 0x00002000000fe92c in __pthread_cond_wait (cond=0x101ea378, mutex=0x101ea330) at pthread_cond_wait.c:153
[0]   18   Thread 0x20002e2af8b0 (LWP 9510) "solomonikMM-cud" 0x00002000000fb7e8 in __GI___pthread_mutex_lock (mutex=0x101eab18) at ../nptl/pthread_mutex_lock.c:78
[0]   17   Thread 0x20002e3df8b0 (LWP 9511) "solomonikMM-cud" 0x00002000000fe92c in __pthread_cond_wait (cond=0x101ea378, mutex=0x101ea330) at pthread_cond_wait.c:153
[0]   16   Thread 0x20002e50f8b0 (LWP 9512) "solomonikMM-cud" 0x00002000000fe92c in __pthread_cond_wait (cond=0x101ea378, mutex=0x101ea330) at pthread_cond_wait.c:153
[0]   15   Thread 0x20002e63f8b0 (LWP 9513) "solomonikMM-cud" 0x00002000000fe92c in __pthread_cond_wait (cond=0x101ea378, mutex=0x101ea330) at pthread_cond_wait.c:153
[0]   14   Thread 0x20002e76f8b0 (LWP 9514) "solomonikMM-cud" 0x00002000000fe92c in __pthread_cond_wait (cond=0x101ea378, mutex=0x101ea330) at pthread_cond_wait.c:153
[0]   13   Thread 0x20002e89f8b0 (LWP 9515) "solomonikMM-cud" 0x00002000000fe92c in __pthread_cond_wait (cond=0x101ea378, mutex=0x101ea330) at pthread_cond_wait.c:153
[0]   12   Thread 0x20002e9cf8b0 (LWP 9516) "solomonikMM-cud" 0x00002000000fe92c in __pthread_cond_wait (cond=0x101ea378, mutex=0x101ea330) at pthread_cond_wait.c:153
[0]   11   Thread 0x20002eaff8b0 (LWP 9517) "solomonikMM-cud" 0x00002000000fe92c in __pthread_cond_wait (cond=0x101ea378, mutex=0x101ea330) at pthread_cond_wait.c:153
[0]   10   Thread 0x20002ec2f8b0 (LWP 9518) "solomonikMM-cud" 0x00002000000fe92c in __pthread_cond_wait (cond=0x101ea378, mutex=0x101ea330) at pthread_cond_wait.c:153
[0]   9    Thread 0x20002ed5f8b0 (LWP 9519) "solomonikMM-cud" 0x00002000000fe92c in __pthread_cond_wait (cond=0x101ea378, mutex=0x101ea330) at pthread_cond_wait.c:153
[0]   8    Thread 0x20002edaf8b0 (LWP 9520) "solomonikMM-cud" 0x000020000800e4e8 in waitpid () at ../sysdeps/unix/syscall-template.S:81
[0]   7    Thread 0x20002edff8b0 (LWP 9521) "solomonikMM-cud" 0x00002000000fed24 in __pthread_cond_timedwait (cond=0x15cf2c88, mutex=0x15cf2c40, abstime=0x2034c4200a60) at pthread_cond_timedwait.c:164
[0]   6    Thread 0x20002ee4f8b0 (LWP 9522) "solomonikMM-cud" 0x00002000000fed24 in __pthread_cond_timedwait (cond=0x15ceafa8, mutex=0x15ceaf60, abstime=0x2034c8401ea0) at pthread_cond_timedwait.c:164
[0]   5    Thread 0x20002f07f8b0 (LWP 9523) "solomonikMM-cud" 0x00002000000fed24 in __pthread_cond_timedwait (cond=0x16610ed8, mutex=0x16610e90, abstime=0x20002f07e850) at pthread_cond_timedwait.c:164
[0]   4    Thread 0x20002f2af8b0 (LWP 9524) "solomonikMM-cud" 0x00002000000fed24 in __pthread_cond_timedwait (cond=0x1660cfd8, mutex=0x1660cf90, abstime=0x20002f2ae850) at pthread_cond_timedwait.c:164
[0]   3    Thread 0x20002f4df8b0 (LWP 9525) "solomonikMM-cud" 0x00002000000fed24 in __pthread_cond_timedwait (cond=0x15bd4548, mutex=0x15bd4500, abstime=0x20002f4de850) at pthread_cond_timedwait.c:164
[0]   2    Thread 0x20002f70f8b0 (LWP 9526) "solomonikMM-cud" 0x00002000000fed24 in __pthread_cond_timedwait (cond=0x165ba248, mutex=0x165ba200, abstime=0x20002f70e850) at pthread_cond_timedwait.c:164
[0] * 1    Thread 0x20000a220000 (LWP 9291) "solomonikMM-cud" 0x00002000000fe92c in __pthread_cond_wait (cond=0x101e9678, mutex=0x101e9630) at pthread_cond_wait.c:153
[0] 
[0] Thread 36 (Thread 0x20000a6ceb20 (LWP 9292)):
[0] #0  0x0000200008046df8 in poll () at ../sysdeps/unix/syscall-template.S:81
[0] #1  0x0000200009faa068 in poll_dispatch (base=0x10254460, tv=0x20000a6ce0a0) at poll.c:171
[0] #2  0x0000200009f9c180 in event_base_loop (base=0x10254460, flags=<optimized out>) at event.c:1947
[0] #3  0x000020000a170fec in progress_engine () from /usr/tce/packages/spectrum-mpi/ibm/spectrum-mpi-2020.08.19/lib/libopen-pal.so.3
[0] #4  0x00002000000f8cd4 in start_thread (arg=0x20000a6ceb20) at pthread_create.c:309
[0] #5  0x0000200008057f14 in clone () at ../sysdeps/unix/sysv/linux/powerpc/powerpc64/clone.S:104
[0] 
[0] Thread 35 (Thread 0x20000af8eb20 (LWP 9293)):
[0] #0  0x0000200008058aa8 in epoll_wait () at ../sysdeps/unix/syscall-template.S:81
[0] #1  0x0000200009fab18c in epoll_dispatch (base=0x102a8ba0, tv=<optimized out>) at epoll.c:462
[0] #2  0x0000200009f9c180 in event_base_loop (base=0x102a8ba0, flags=<optimized out>) at event.c:1947
[0] #3  0x000020000a7e1cac in progress_engine () from /usr/tce/packages/spectrum-mpi/ibm/spectrum-mpi-2020.08.19/lib/libpmix.so.2
[0] #4  0x00002000000f8cd4 in start_thread (arg=0x20000af8eb20) at pthread_create.c:309
[0] #5  0x0000200008057f14 in clone () at ../sysdeps/unix/sysv/linux/powerpc/powerpc64/clone.S:104
[0] 
[0] Thread 34 (Thread 0x2000269beb20 (LWP 9306)):
[0] #0  0x0000200008046df8 in poll () at ../sysdeps/unix/syscall-template.S:81
[0] #1  0x00002000067701b0 in ?? () from /lib64/libcuda.so.1
[0] #2  0x0000200006749e24 in ?? () from /lib64/libcuda.so.1
[0] #3  0x00002000066e6bfc in ?? () from /lib64/libcuda.so.1
[0] #4  0x00002000000f8cd4 in start_thread (arg=0x2000269beb20) at pthread_create.c:309
[0] Backtrace stopped: previous frame inner to this frame (corrupt stack?)
[0] 
[0] Thread 33 (Thread 0x200026dceb20 (LWP 9307)):
[0] #0  0x0000200008046df8 in poll () at ../sysdeps/unix/syscall-template.S:81
[0] #1  0x00002000067701b0 in ?? () from /lib64/libcuda.so.1
[0] #2  0x0000200006749e24 in ?? () from /lib64/libcuda.so.1
[0] #3  0x00002000066e6bfc in ?? () from /lib64/libcuda.so.1
[0] #4  0x00002000000f8cd4 in start_thread (arg=0x200026dceb20) at pthread_create.c:309
[0] Backtrace stopped: previous frame inner to this frame (corrupt stack?)
[0] 
[0] Thread 32 (Thread 0x200027f2eb20 (LWP 9326)):
[0] #0  0x0000200008046df8 in poll () at ../sysdeps/unix/syscall-template.S:81
[0] #1  0x00002000067701b0 in ?? () from /lib64/libcuda.so.1
[0] #2  0x0000200006749e24 in ?? () from /lib64/libcuda.so.1
[0] #3  0x00002000066e6bfc in ?? () from /lib64/libcuda.so.1
[0] #4  0x00002000000f8cd4 in start_thread (arg=0x200027f2eb20) at pthread_create.c:309
[0] Backtrace stopped: previous frame inner to this frame (corrupt stack?)
[0] 
[0] Thread 31 (Thread 0x20002c46eb20 (LWP 9339)):
[0] #0  0x0000200008046df8 in poll () at ../sysdeps/unix/syscall-template.S:81
[0] #1  0x00002000067701b0 in ?? () from /lib64/libcuda.so.1
[0] #2  0x0000200006749e24 in ?? () from /lib64/libcuda.so.1
[0] #3  0x00002000066e6bfc in ?? () from /lib64/libcuda.so.1
[0] #4  0x00002000000f8cd4 in start_thread (arg=0x20002c46eb20) at pthread_create.c:309
[0] Backtrace stopped: previous frame inner to this frame (corrupt stack?)
[0] 
[0] Thread 30 (Thread 0x20002c9feb20 (LWP 9363)):
[0] #0  0x0000200008046df8 in poll () at ../sysdeps/unix/syscall-template.S:81
[0] #1  0x00002000067701b0 in ?? () from /lib64/libcuda.so.1
[0] #2  0x0000200006749e24 in ?? () from /lib64/libcuda.so.1
[0] #3  0x00002000066e6bfc in ?? () from /lib64/libcuda.so.1
[0] #4  0x00002000000f8cd4 in start_thread (arg=0x20002c9feb20) at pthread_create.c:309
[0] Backtrace stopped: previous frame inner to this frame (corrupt stack?)
[0] 
[0] Thread 29 (Thread 0x20002cd9f8b0 (LWP 9499)):
[0] #0  sched_yield () at ../sysdeps/unix/syscall-template.S:82
[0] #1  0x0000200005a17ff4 in Realm::ThreadPool::worker_entry() () from /g/g92/wei8/taco/deps-install/cmake-install/lib64/librealm.so.1
[0] #2  0x00002000059c69b4 in Realm::KernelThread::pthread_entry(void*) () from /g/g92/wei8/taco/deps-install/cmake-install/lib64/librealm.so.1
[0] #3  0x00002000000f8cd4 in start_thread (arg=0x20002cd9f8b0) at pthread_create.c:309
[0] #4  0x0000200008057f14 in clone () at ../sysdeps/unix/sysv/linux/powerpc/powerpc64/clone.S:104
[0] 
[0] Thread 28 (Thread 0x20002cfcf8b0 (LWP 9500)):
[0] #0  sched_yield () at ../sysdeps/unix/syscall-template.S:82
[0] #1  0x0000200005a17ff4 in Realm::ThreadPool::worker_entry() () from /g/g92/wei8/taco/deps-install/cmake-install/lib64/librealm.so.1
[0] #2  0x00002000059c69b4 in Realm::KernelThread::pthread_entry(void*) () from /g/g92/wei8/taco/deps-install/cmake-install/lib64/librealm.so.1
[0] #3  0x00002000000f8cd4 in start_thread (arg=0x20002cfcf8b0) at pthread_create.c:309
[0] #4  0x0000200008057f14 in clone () at ../sysdeps/unix/sysv/linux/powerpc/powerpc64/clone.S:104
[0] 
[0] Thread 27 (Thread 0x20002d1ff8b0 (LWP 9501)):
[0] #0  sched_yield () at ../sysdeps/unix/syscall-template.S:82
[0] #1  0x0000200005a17ff4 in Realm::ThreadPool::worker_entry() () from /g/g92/wei8/taco/deps-install/cmake-install/lib64/librealm.so.1
[0] #2  0x00002000059c69b4 in Realm::KernelThread::pthread_entry(void*) () from /g/g92/wei8/taco/deps-install/cmake-install/lib64/librealm.so.1
[0] #3  0x00002000000f8cd4 in start_thread (arg=0x20002d1ff8b0) at pthread_create.c:309
[0] #4  0x0000200008057f14 in clone () at ../sysdeps/unix/sysv/linux/powerpc/powerpc64/clone.S:104
[0] 
[0] Thread 26 (Thread 0x20002d42f8b0 (LWP 9502)):
[0] #0  sched_yield () at ../sysdeps/unix/syscall-template.S:82
[0] #1  0x0000200005a17ff4 in Realm::ThreadPool::worker_entry() () from /g/g92/wei8/taco/deps-install/cmake-install/lib64/librealm.so.1
[0] #2  0x00002000059c69b4 in Realm::KernelThread::pthread_entry(void*) () from /g/g92/wei8/taco/deps-install/cmake-install/lib64/librealm.so.1
[0] #3  0x00002000000f8cd4 in start_thread (arg=0x20002d42f8b0) at pthread_create.c:309
[0] #4  0x0000200008057f14 in clone () at ../sysdeps/unix/sysv/linux/powerpc/powerpc64/clone.S:104
[0] 
[0] Thread 25 (Thread 0x20002d65f8b0 (LWP 9503)):
[0] #0  sched_yield () at ../sysdeps/unix/syscall-template.S:82
[0] #1  0x0000200005a17ff4 in Realm::ThreadPool::worker_entry() () from /g/g92/wei8/taco/deps-install/cmake-install/lib64/librealm.so.1
[0] #2  0x00002000059c69b4 in Realm::KernelThread::pthread_entry(void*) () from /g/g92/wei8/taco/deps-install/cmake-install/lib64/librealm.so.1
[0] #3  0x00002000000f8cd4 in start_thread (arg=0x20002d65f8b0) at pthread_create.c:309
[0] #4  0x0000200008057f14 in clone () at ../sysdeps/unix/sysv/linux/powerpc/powerpc64/clone.S:104
[0] 
[0] Thread 24 (Thread 0x20002d88f8b0 (LWP 9504)):
[0] #0  sched_yield () at ../sysdeps/unix/syscall-template.S:82
[0] #1  0x0000200005a17ff4 in Realm::ThreadPool::worker_entry() () from /g/g92/wei8/taco/deps-install/cmake-install/lib64/librealm.so.1
[0] #2  0x00002000059c69b4 in Realm::KernelThread::pthread_entry(void*) () from /g/g92/wei8/taco/deps-install/cmake-install/lib64/librealm.so.1
[0] #3  0x00002000000f8cd4 in start_thread (arg=0x20002d88f8b0) at pthread_create.c:309
[0] #4  0x0000200008057f14 in clone () at ../sysdeps/unix/sysv/linux/powerpc/powerpc64/clone.S:104
[0] 
[0] Thread 23 (Thread 0x20002dabf8b0 (LWP 9505)):
[0] #0  sched_yield () at ../sysdeps/unix/syscall-template.S:82
[0] #1  0x0000200005a17ff4 in Realm::ThreadPool::worker_entry() () from /g/g92/wei8/taco/deps-install/cmake-install/lib64/librealm.so.1
[0] #2  0x00002000059c69b4 in Realm::KernelThread::pthread_entry(void*) () from /g/g92/wei8/taco/deps-install/cmake-install/lib64/librealm.so.1
[0] #3  0x00002000000f8cd4 in start_thread (arg=0x20002dabf8b0) at pthread_create.c:309
[0] #4  0x0000200008057f14 in clone () at ../sysdeps/unix/sysv/linux/powerpc/powerpc64/clone.S:104
[0] 
[0] Thread 22 (Thread 0x20002dcef8b0 (LWP 9506)):
[0] #0  sched_yield () at ../sysdeps/unix/syscall-template.S:82
[0] #1  0x0000200005a17ff4 in Realm::ThreadPool::worker_entry() () from /g/g92/wei8/taco/deps-install/cmake-install/lib64/librealm.so.1
[0] #2  0x00002000059c69b4 in Realm::KernelThread::pthread_entry(void*) () from /g/g92/wei8/taco/deps-install/cmake-install/lib64/librealm.so.1
[0] #3  0x00002000000f8cd4 in start_thread (arg=0x20002dcef8b0) at pthread_create.c:309
[0] #4  0x0000200008057f14 in clone () at ../sysdeps/unix/sysv/linux/powerpc/powerpc64/clone.S:104
[0] 
[0] Thread 21 (Thread 0x20002df1f8b0 (LWP 9507)):
[0] #0  sched_yield () at ../sysdeps/unix/syscall-template.S:82
[0] #1  0x0000200005a17ff4 in Realm::ThreadPool::worker_entry() () from /g/g92/wei8/taco/deps-install/cmake-install/lib64/librealm.so.1
[0] #2  0x00002000059c69b4 in Realm::KernelThread::pthread_entry(void*) () from /g/g92/wei8/taco/deps-install/cmake-install/lib64/librealm.so.1
[0] #3  0x00002000000f8cd4 in start_thread (arg=0x20002df1f8b0) at pthread_create.c:309
[0] #4  0x0000200008057f14 in clone () at ../sysdeps/unix/sysv/linux/powerpc/powerpc64/clone.S:104
[0] 
[0] Thread 20 (Thread 0x20002e04f8b0 (LWP 9508)):
[0] #0  0x00002000000fe92c in __pthread_cond_wait (cond=0x101ea378, mutex=0x101ea330) at pthread_cond_wait.c:153
[0] #1  0x0000200005a63d60 in Realm::CondVar::wait() () from /g/g92/wei8/taco/deps-install/cmake-install/lib64/librealm.so.1
[0] #2  0x00002000058c4064 in Realm::BackgroundWorkThread::main_loop() () from /g/g92/wei8/taco/deps-install/cmake-install/lib64/librealm.so.1
[0] #3  0x00002000059c69b4 in Realm::KernelThread::pthread_entry(void*) () from /g/g92/wei8/taco/deps-install/cmake-install/lib64/librealm.so.1
[0] #4  0x00002000000f8cd4 in start_thread (arg=0x20002e04f8b0) at pthread_create.c:309
[0] #5  0x0000200008057f14 in clone () at ../sysdeps/unix/sysv/linux/powerpc/powerpc64/clone.S:104
[0] 
[0] Thread 19 (Thread 0x20002e17f8b0 (LWP 9509)):
[0] #0  0x00002000000fe92c in __pthread_cond_wait (cond=0x101ea378, mutex=0x101ea330) at pthread_cond_wait.c:153
[0] #1  0x0000200005a63d60 in Realm::CondVar::wait() () from /g/g92/wei8/taco/deps-install/cmake-install/lib64/librealm.so.1
[0] #2  0x00002000058c4064 in Realm::BackgroundWorkThread::main_loop() () from /g/g92/wei8/taco/deps-install/cmake-install/lib64/librealm.so.1
[0] #3  0x00002000059c69b4 in Realm::KernelThread::pthread_entry(void*) () from /g/g92/wei8/taco/deps-install/cmake-install/lib64/librealm.so.1
[0] #4  0x00002000000f8cd4 in start_thread (arg=0x20002e17f8b0) at pthread_create.c:309
[0] #5  0x0000200008057f14 in clone () at ../sysdeps/unix/sysv/linux/powerpc/powerpc64/clone.S:104
[0] 
[0] Thread 18 (Thread 0x20002e2af8b0 (LWP 9510)):
[0] #0  0x00002000000fb7e8 in __GI___pthread_mutex_lock (mutex=0x101eab18) at ../nptl/pthread_mutex_lock.c:78
[0] #1  0x0000200005a63b88 in Realm::Mutex::lock() () from /g/g92/wei8/taco/deps-install/cmake-install/lib64/librealm.so.1
[0] #2  0x0000200005a37300 in Realm::GASNetEXPoller::do_work(Realm::TimeLimit) () from /g/g92/wei8/taco/deps-install/cmake-install/lib64/librealm.so.1
[0] #3  0x00002000058c3200 in Realm::BackgroundWorkManager::Worker::do_work(long long, Realm::atomic<bool>*) () from /g/g92/wei8/taco/deps-install/cmake-install/lib64/librealm.so.1
[0] #4  0x00002000058c3890 in Realm::BackgroundWorkThread::main_loop() () from /g/g92/wei8/taco/deps-install/cmake-install/lib64/librealm.so.1
[0] #5  0x00002000059c69b4 in Realm::KernelThread::pthread_entry(void*) () from /g/g92/wei8/taco/deps-install/cmake-install/lib64/librealm.so.1
[0] #6  0x00002000000f8cd4 in start_thread (arg=0x20002e2af8b0) at pthread_create.c:309
[0] #7  0x0000200008057f14 in clone () at ../sysdeps/unix/sysv/linux/powerpc/powerpc64/clone.S:104
[0] 
[0] Thread 17 (Thread 0x20002e3df8b0 (LWP 9511)):
[0] #0  0x00002000000fe92c in __pthread_cond_wait (cond=0x101ea378, mutex=0x101ea330) at pthread_cond_wait.c:153
[0] #1  0x0000200005a63d60 in Realm::CondVar::wait() () from /g/g92/wei8/taco/deps-install/cmake-install/lib64/librealm.so.1
[0] #2  0x00002000058c4064 in Realm::BackgroundWorkThread::main_loop() () from /g/g92/wei8/taco/deps-install/cmake-install/lib64/librealm.so.1
[0] #3  0x00002000059c69b4 in Realm::KernelThread::pthread_entry(void*) () from /g/g92/wei8/taco/deps-install/cmake-install/lib64/librealm.so.1
[0] #4  0x00002000000f8cd4 in start_thread (arg=0x20002e3df8b0) at pthread_create.c:309
[0] #5  0x0000200008057f14 in clone () at ../sysdeps/unix/sysv/linux/powerpc/powerpc64/clone.S:104
[0] 
[0] Thread 16 (Thread 0x20002e50f8b0 (LWP 9512)):
[0] #0  0x00002000000fe92c in __pthread_cond_wait (cond=0x101ea378, mutex=0x101ea330) at pthread_cond_wait.c:153
[0] #1  0x0000200005a63d60 in Realm::CondVar::wait() () from /g/g92/wei8/taco/deps-install/cmake-install/lib64/librealm.so.1
[0] #2  0x00002000058c4064 in Realm::BackgroundWorkThread::main_loop() () from /g/g92/wei8/taco/deps-install/cmake-install/lib64/librealm.so.1
[0] #3  0x00002000059c69b4 in Realm::KernelThread::pthread_entry(void*) () from /g/g92/wei8/taco/deps-install/cmake-install/lib64/librealm.so.1
[0] #4  0x00002000000f8cd4 in start_thread (arg=0x20002e50f8b0) at pthread_create.c:309
[0] #5  0x0000200008057f14 in clone () at ../sysdeps/unix/sysv/linux/powerpc/powerpc64/clone.S:104
[0] 
[0] Thread 15 (Thread 0x20002e63f8b0 (LWP 9513)):
[0] #0  0x00002000000fe92c in __pthread_cond_wait (cond=0x101ea378, mutex=0x101ea330) at pthread_cond_wait.c:153
[0] #1  0x0000200005a63d60 in Realm::CondVar::wait() () from /g/g92/wei8/taco/deps-install/cmake-install/lib64/librealm.so.1
[0] #2  0x00002000058c4064 in Realm::BackgroundWorkThread::main_loop() () from /g/g92/wei8/taco/deps-install/cmake-install/lib64/librealm.so.1
[0] #3  0x00002000059c69b4 in Realm::KernelThread::pthread_entry(void*) () from /g/g92/wei8/taco/deps-install/cmake-install/lib64/librealm.so.1
[0] #4  0x00002000000f8cd4 in start_thread (arg=0x20002e63f8b0) at pthread_create.c:309
[0] #5  0x0000200008057f14 in clone () at ../sysdeps/unix/sysv/linux/powerpc/powerpc64/clone.S:104
[0] 
[0] Thread 14 (Thread 0x20002e76f8b0 (LWP 9514)):
[0] #0  0x00002000000fe92c in __pthread_cond_wait (cond=0x101ea378, mutex=0x101ea330) at pthread_cond_wait.c:153
[0] #1  0x0000200005a63d60 in Realm::CondVar::wait() () from /g/g92/wei8/taco/deps-install/cmake-install/lib64/librealm.so.1
[0] #2  0x00002000058c4064 in Realm::BackgroundWorkThread::main_loop() () from /g/g92/wei8/taco/deps-install/cmake-install/lib64/librealm.so.1
[0] #3  0x00002000059c69b4 in Realm::KernelThread::pthread_entry(void*) () from /g/g92/wei8/taco/deps-install/cmake-install/lib64/librealm.so.1
[0] #4  0x00002000000f8cd4 in start_thread (arg=0x20002e76f8b0) at pthread_create.c:309
[0] #5  0x0000200008057f14 in clone () at ../sysdeps/unix/sysv/linux/powerpc/powerpc64/clone.S:104
[0] 
[0] Thread 13 (Thread 0x20002e89f8b0 (LWP 9515)):
[0] #0  0x00002000000fe92c in __pthread_cond_wait (cond=0x101ea378, mutex=0x101ea330) at pthread_cond_wait.c:153
[0] #1  0x0000200005a63d60 in Realm::CondVar::wait() () from /g/g92/wei8/taco/deps-install/cmake-install/lib64/librealm.so.1
[0] #2  0x00002000058c4064 in Realm::BackgroundWorkThread::main_loop() () from /g/g92/wei8/taco/deps-install/cmake-install/lib64/librealm.so.1
[0] #3  0x00002000059c69b4 in Realm::KernelThread::pthread_entry(void*) () from /g/g92/wei8/taco/deps-install/cmake-install/lib64/librealm.so.1
[0] #4  0x00002000000f8cd4 in start_thread (arg=0x20002e89f8b0) at pthread_create.c:309
[0] #5  0x0000200008057f14 in clone () at ../sysdeps/unix/sysv/linux/powerpc/powerpc64/clone.S:104
[0] 
[0] Thread 12 (Thread 0x20002e9cf8b0 (LWP 9516)):
[0] #0  0x00002000000fe92c in __pthread_cond_wait (cond=0x101ea378, mutex=0x101ea330) at pthread_cond_wait.c:153
[0] #1  0x0000200005a63d60 in Realm::CondVar::wait() () from /g/g92/wei8/taco/deps-install/cmake-install/lib64/librealm.so.1
[0] #2  0x00002000058c4064 in Realm::BackgroundWorkThread::main_loop() () from /g/g92/wei8/taco/deps-install/cmake-install/lib64/librealm.so.1
[0] #3  0x00002000059c69b4 in Realm::KernelThread::pthread_entry(void*) () from /g/g92/wei8/taco/deps-install/cmake-install/lib64/librealm.so.1
[0] #4  0x00002000000f8cd4 in start_thread (arg=0x20002e9cf8b0) at pthread_create.c:309
[0] #5  0x0000200008057f14 in clone () at ../sysdeps/unix/sysv/linux/powerpc/powerpc64/clone.S:104
[0] 
[0] Thread 11 (Thread 0x20002eaff8b0 (LWP 9517)):
[0] #0  0x00002000000fe92c in __pthread_cond_wait (cond=0x101ea378, mutex=0x101ea330) at pthread_cond_wait.c:153
[0] #1  0x0000200005a63d60 in Realm::CondVar::wait() () from /g/g92/wei8/taco/deps-install/cmake-install/lib64/librealm.so.1
[0] #2  0x00002000058c4064 in Realm::BackgroundWorkThread::main_loop() () from /g/g92/wei8/taco/deps-install/cmake-install/lib64/librealm.so.1
[0] #3  0x00002000059c69b4 in Realm::KernelThread::pthread_entry(void*) () from /g/g92/wei8/taco/deps-install/cmake-install/lib64/librealm.so.1
[0] #4  0x00002000000f8cd4 in start_thread (arg=0x20002eaff8b0) at pthread_create.c:309
[0] #5  0x0000200008057f14 in clone () at ../sysdeps/unix/sysv/linux/powerpc/powerpc64/clone.S:104
[0] 
[0] Thread 10 (Thread 0x20002ec2f8b0 (LWP 9518)):
[0] #0  0x00002000000fe92c in __pthread_cond_wait (cond=0x101ea378, mutex=0x101ea330) at pthread_cond_wait.c:153
[0] #1  0x0000200005a63d60 in Realm::CondVar::wait() () from /g/g92/wei8/taco/deps-install/cmake-install/lib64/librealm.so.1
[0] #2  0x00002000058c4064 in Realm::BackgroundWorkThread::main_loop() () from /g/g92/wei8/taco/deps-install/cmake-install/lib64/librealm.so.1
[0] #3  0x00002000059c69b4 in Realm::KernelThread::pthread_entry(void*) () from /g/g92/wei8/taco/deps-install/cmake-install/lib64/librealm.so.1
[0] #4  0x00002000000f8cd4 in start_thread (arg=0x20002ec2f8b0) at pthread_create.c:309
[0] #5  0x0000200008057f14 in clone () at ../sysdeps/unix/sysv/linux/powerpc/powerpc64/clone.S:104
[0] 
[0] Thread 9 (Thread 0x20002ed5f8b0 (LWP 9519)):
[0] #0  0x00002000000fe92c in __pthread_cond_wait (cond=0x101ea378, mutex=0x101ea330) at pthread_cond_wait.c:153
[0] #1  0x0000200005a63d60 in Realm::CondVar::wait() () from /g/g92/wei8/taco/deps-install/cmake-install/lib64/librealm.so.1
[0] #2  0x00002000058c4064 in Realm::BackgroundWorkThread::main_loop() () from /g/g92/wei8/taco/deps-install/cmake-install/lib64/librealm.so.1
[0] #3  0x00002000059c69b4 in Realm::KernelThread::pthread_entry(void*) () from /g/g92/wei8/taco/deps-install/cmake-install/lib64/librealm.so.1
[0] #4  0x00002000000f8cd4 in start_thread (arg=0x20002ed5f8b0) at pthread_create.c:309
[0] #5  0x0000200008057f14 in clone () at ../sysdeps/unix/sysv/linux/powerpc/powerpc64/clone.S:104
[0] 
[0] Thread 8 (Thread 0x20002edaf8b0 (LWP 9520)):
[0] #0  0x000020000800e4e8 in waitpid () at ../sysdeps/unix/syscall-template.S:81
[0] #1  0x0000200007f7fd3c in do_system (line=0x2000063b7120 <cmd.7808> "/usr/bin/gdb -nx -batch -x /var/tmp/gasnet_bwHEdi '/g/g92/wei8/taco/build/solomonikMM-cuda/../bin/solomonikMM-cuda' 9291") at ../sysdeps/posix/system.c:148
[0] #2  0x0000200007f80424 in __libc_system (line=0x2000063b7120 <cmd.7808> "/usr/bin/gdb -nx -batch -x /var/tmp/gasnet_bwHEdi '/g/g92/wei8/taco/build/solomonikMM-cuda/../bin/solomonikMM-cuda' 9291") at ../sysdeps/posix/system.c:189
[0] #3  0x0000200000105348 in system (line=<optimized out>) at pt-system.c:28
[0] #4  0x0000200005674990 in gasneti_system_redirected () from /g/g92/wei8/taco/deps-install/cmake-install/lib64/librealm.so.1
[0] #5  0x0000200005f8ef28 in gasneti_bt_gdb () from /g/g92/wei8/taco/deps-install/cmake-install/lib64/librealm.so.1
[0] #6  0x0000200005f93acc in gasneti_print_backtrace () from /g/g92/wei8/taco/deps-install/cmake-install/lib64/librealm.so.1
[0] Backtrace stopped: frame did not save the PC
[0] 
[0] Thread 7 (Thread 0x20002edff8b0 (LWP 9521)):
[0] #0  0x00002000000fed24 in __pthread_cond_timedwait (cond=0x15cf2c88, mutex=0x15cf2c40, abstime=0x2034c4200a60) at pthread_cond_timedwait.c:164
[0] #1  0x0000200005a63e18 in Realm::CondVar::timedwait(long long) () from /g/g92/wei8/taco/deps-install/cmake-install/lib64/librealm.so.1
[0] #2  0x00002000059bc3cc in Realm::ThreadedTaskScheduler::WorkCounter::wait_for_work(long long) () from /g/g92/wei8/taco/deps-install/cmake-install/lib64/librealm.so.1
[0] #3  0x00002000059bcd0c in Realm::ThreadedTaskScheduler::wait_for_work(long long) () from /g/g92/wei8/taco/deps-install/cmake-install/lib64/librealm.so.1
[0] #4  0x00002000059c36c0 in Realm::ThreadedTaskScheduler::scheduler_loop() () from /g/g92/wei8/taco/deps-install/cmake-install/lib64/librealm.so.1
[0] #5  0x00002000059cd09c in Realm::UserThread::uthread_entry() () from /g/g92/wei8/taco/deps-install/cmake-install/lib64/librealm.so.1
[0] #6  0x0000200007f8388c in makecontext () at ../sysdeps/unix/sysv/linux/powerpc/powerpc64/makecontext.S:137
[0] #7  0x0000000000000000 in ?? ()
[0] 
[0] Thread 6 (Thread 0x20002ee4f8b0 (LWP 9522)):
[0] #0  0x00002000000fed24 in __pthread_cond_timedwait (cond=0x15ceafa8, mutex=0x15ceaf60, abstime=0x2034c8401ea0) at pthread_cond_timedwait.c:164
[0] #1  0x0000200005a63e18 in Realm::CondVar::timedwait(long long) () from /g/g92/wei8/taco/deps-install/cmake-install/lib64/librealm.so.1
[0] #2  0x00002000059bc3cc in Realm::ThreadedTaskScheduler::WorkCounter::wait_for_work(long long) () from /g/g92/wei8/taco/deps-install/cmake-install/lib64/librealm.so.1
[0] #3  0x00002000059bcd0c in Realm::ThreadedTaskScheduler::wait_for_work(long long) () from /g/g92/wei8/taco/deps-install/cmake-install/lib64/librealm.so.1
[0] #4  0x00002000059c36c0 in Realm::ThreadedTaskScheduler::scheduler_loop() () from /g/g92/wei8/taco/deps-install/cmake-install/lib64/librealm.so.1
[0] #5  0x00002000059cd09c in Realm::UserThread::uthread_entry() () from /g/g92/wei8/taco/deps-install/cmake-install/lib64/librealm.so.1
[0] #6  0x0000200007f8388c in makecontext () at ../sysdeps/unix/sysv/linux/powerpc/powerpc64/makecontext.S:137
[0] #7  0x0000000000000000 in ?? ()
[0] 
[0] Thread 5 (Thread 0x20002f07f8b0 (LWP 9523)):
[0] #0  0x00002000000fed24 in __pthread_cond_timedwait (cond=0x16610ed8, mutex=0x16610e90, abstime=0x20002f07e850) at pthread_cond_timedwait.c:164
[0] #1  0x0000200005a63e18 in Realm::CondVar::timedwait(long long) () from /g/g92/wei8/taco/deps-install/cmake-install/lib64/librealm.so.1
[0] #2  0x00002000059bc3cc in Realm::ThreadedTaskScheduler::WorkCounter::wait_for_work(long long) () from /g/g92/wei8/taco/deps-install/cmake-install/lib64/librealm.so.1
[0] #3  0x00002000059bcd0c in Realm::ThreadedTaskScheduler::wait_for_work(long long) () from /g/g92/wei8/taco/deps-install/cmake-install/lib64/librealm.so.1
[0] #4  0x00002000059c36c0 in Realm::ThreadedTaskScheduler::scheduler_loop() () from /g/g92/wei8/taco/deps-install/cmake-install/lib64/librealm.so.1
[0] #5  0x00002000059c3958 in Realm::ThreadedTaskScheduler::scheduler_loop_wlock() () from /g/g92/wei8/taco/deps-install/cmake-install/lib64/librealm.so.1
[0] #6  0x00002000059c69b4 in Realm::KernelThread::pthread_entry(void*) () from /g/g92/wei8/taco/deps-install/cmake-install/lib64/librealm.so.1
[0] #7  0x00002000000f8cd4 in start_thread (arg=0x20002f07f8b0) at pthread_create.c:309
[0] #8  0x0000200008057f14 in clone () at ../sysdeps/unix/sysv/linux/powerpc/powerpc64/clone.S:104
[0] 
[0] Thread 4 (Thread 0x20002f2af8b0 (LWP 9524)):
[0] #0  0x00002000000fed24 in __pthread_cond_timedwait (cond=0x1660cfd8, mutex=0x1660cf90, abstime=0x20002f2ae850) at pthread_cond_timedwait.c:164
[0] #1  0x0000200005a63e18 in Realm::CondVar::timedwait(long long) () from /g/g92/wei8/taco/deps-install/cmake-install/lib64/librealm.so.1
[0] #2  0x00002000059bc3cc in Realm::ThreadedTaskScheduler::WorkCounter::wait_for_work(long long) () from /g/g92/wei8/taco/deps-install/cmake-install/lib64/librealm.so.1
[0] #3  0x00002000059bcd0c in Realm::ThreadedTaskScheduler::wait_for_work(long long) () from /g/g92/wei8/taco/deps-install/cmake-install/lib64/librealm.so.1
[0] #4  0x00002000059c36c0 in Realm::ThreadedTaskScheduler::scheduler_loop() () from /g/g92/wei8/taco/deps-install/cmake-install/lib64/librealm.so.1
[0] #5  0x00002000059c3958 in Realm::ThreadedTaskScheduler::scheduler_loop_wlock() () from /g/g92/wei8/taco/deps-install/cmake-install/lib64/librealm.so.1
[0] #6  0x00002000059c69b4 in Realm::KernelThread::pthread_entry(void*) () from /g/g92/wei8/taco/deps-install/cmake-install/lib64/librealm.so.1
[0] #7  0x00002000000f8cd4 in start_thread (arg=0x20002f2af8b0) at pthread_create.c:309
[0] #8  0x0000200008057f14 in clone () at ../sysdeps/unix/sysv/linux/powerpc/powerpc64/clone.S:104
[0] 
[0] Thread 3 (Thread 0x20002f4df8b0 (LWP 9525)):
[0] #0  0x00002000000fed24 in __pthread_cond_timedwait (cond=0x15bd4548, mutex=0x15bd4500, abstime=0x20002f4de850) at pthread_cond_timedwait.c:164
[0] #1  0x0000200005a63e18 in Realm::CondVar::timedwait(long long) () from /g/g92/wei8/taco/deps-install/cmake-install/lib64/librealm.so.1
[0] #2  0x00002000059bc3cc in Realm::ThreadedTaskScheduler::WorkCounter::wait_for_work(long long) () from /g/g92/wei8/taco/deps-install/cmake-install/lib64/librealm.so.1
[0] #3  0x00002000059bcd0c in Realm::ThreadedTaskScheduler::wait_for_work(long long) () from /g/g92/wei8/taco/deps-install/cmake-install/lib64/librealm.so.1
[0] #4  0x00002000059c36c0 in Realm::ThreadedTaskScheduler::scheduler_loop() () from /g/g92/wei8/taco/deps-install/cmake-install/lib64/librealm.so.1
[0] #5  0x00002000059c3958 in Realm::ThreadedTaskScheduler::scheduler_loop_wlock() () from /g/g92/wei8/taco/deps-install/cmake-install/lib64/librealm.so.1
[0] #6  0x00002000059c69b4 in Realm::KernelThread::pthread_entry(void*) () from /g/g92/wei8/taco/deps-install/cmake-install/lib64/librealm.so.1
[0] #7  0x00002000000f8cd4 in start_thread (arg=0x20002f4df8b0) at pthread_create.c:309
[0] #8  0x0000200008057f14 in clone () at ../sysdeps/unix/sysv/linux/powerpc/powerpc64/clone.S:104
[0] 
[0] Thread 2 (Thread 0x20002f70f8b0 (LWP 9526)):
[0] #0  0x00002000000fed24 in __pthread_cond_timedwait (cond=0x165ba248, mutex=0x165ba200, abstime=0x20002f70e850) at pthread_cond_timedwait.c:164
[0] #1  0x0000200005a63e18 in Realm::CondVar::timedwait(long long) () from /g/g92/wei8/taco/deps-install/cmake-install/lib64/librealm.so.1
[0] #2  0x00002000059bc3cc in Realm::ThreadedTaskScheduler::WorkCounter::wait_for_work(long long) () from /g/g92/wei8/taco/deps-install/cmake-install/lib64/librealm.so.1
[0] #3  0x00002000059bcd0c in Realm::ThreadedTaskScheduler::wait_for_work(long long) () from /g/g92/wei8/taco/deps-install/cmake-install/lib64/librealm.so.1
[0] #4  0x00002000059c36c0 in Realm::ThreadedTaskScheduler::scheduler_loop() () from /g/g92/wei8/taco/deps-install/cmake-install/lib64/librealm.so.1
[0] #5  0x00002000059c3958 in Realm::ThreadedTaskScheduler::scheduler_loop_wlock() () from /g/g92/wei8/taco/deps-install/cmake-install/lib64/librealm.so.1
[0] #6  0x00002000059c69b4 in Realm::KernelThread::pthread_entry(void*) () from /g/g92/wei8/taco/deps-install/cmake-install/lib64/librealm.so.1
[0] #7  0x00002000000f8cd4 in start_thread (arg=0x20002f70f8b0) at pthread_create.c:309
[0] #8  0x0000200008057f14 in clone () at ../sysdeps/unix/sysv/linux/powerpc/powerpc64/clone.S:104
[0] 
[0] Thread 1 (Thread 0x20000a220000 (LWP 9291)):
[0] #0  0x00002000000fe92c in __pthread_cond_wait (cond=0x101e9678, mutex=0x101e9630) at pthread_cond_wait.c:153
[0] #1  0x0000200005a63d60 in Realm::CondVar::wait() () from /g/g92/wei8/taco/deps-install/cmake-install/lib64/librealm.so.1
[0] #2  0x0000200005990288 in Realm::RuntimeImpl::wait_for_shutdown() () from /g/g92/wei8/taco/deps-install/cmake-install/lib64/librealm.so.1
[0] #3  0x0000200005993fdc in Realm::Runtime::wait_for_shutdown() () from /g/g92/wei8/taco/deps-install/cmake-install/lib64/librealm.so.1
[0] #4  0x0000200004e947b0 in Legion::Internal::Runtime::start(int, char**, bool, bool) () from /g/g92/wei8/taco/deps-install/cmake-install/lib64/liblegion.so.1
[0] #5  0x0000200004b36bd8 in Legion::Runtime::start(int, char**, bool, bool) () from /g/g92/wei8/taco/deps-install/cmake-install/lib64/liblegion.so.1
[0] #6  0x000000001002cc88 in main (argc=<optimized out>, argv=0x7fffffff9b08) at /g/g92/wei8/taco/legion/solomonikMM/main.cpp:164
[0] [Inferior 1 (process 9291) detached]
ERROR:  One or more process (first noticed rank 0) terminated with signal 6
logout

------------------------------------------------------------
Sender: LSF System <lsfadmin@lassen710>
Subject: Job 4086400: <run> in cluster <lassen> Exited

Job <run> was submitted from host <lassen68> by user <wei8> in cluster <lassen> at Fri Oct 14 21:23:50 2022
Job was executed on host(s) <1*lassen710>, in queue <pbatch>, as user <wei8> in cluster <lassen> at Fri Oct 14 21:23:54 2022
                            <40*lassen250>
                            <40*lassen355>
                            <40*lassen518>
                            <40*lassen520>
                            <40*lassen521>
                            <40*lassen523>
                            <40*lassen201>
                            <40*lassen243>
</g/g92/wei8> was used as the home directory.
</g/g92/wei8/taco/build/solomonikMM-cuda> was used as the working directory.
Started at Fri Oct 14 21:23:54 2022
Terminated at Fri Oct 14 21:26:46 2022
Results reported at Fri Oct 14 21:26:46 2022

Your job looked like:

------------------------------------------------------------
# LSBATCH: User input
#!/bin/bash -eu
#BSUB -J run
## BSUB -q pdebug
#BSUB -W 5

numnodes=$(( ($LSB_DJOB_NUMPROC - 1) / 40))

echo Num nodes: $numnodes
echo Job id: $LSB_JOBID


GASNET_BACKTRACE=1 jsrun -b none -c ALL_CPUS -g ALL_GPUS -r 1 -n 8 ../bin/solomonikMM-cuda -n 56568 -rpoc 4 -c 2 -rpoc3 4 -tm:untrack_valid_regions -ll:ocpu 1 -ll:othr 10 -ll:csize 150000 -ll:util 1 -dm:replicate 1 -ll:gpu 4 -ll:fsize 15000 -ll:bgwork 12 -ll:bgnumapin 1 -tm:enable_backpressure -tm:backpressure_max_in_flight 1 -ll:defalloc 0 -level mapper=debug -logfile mapper84_taco%.log
GASNET_BACKTRACE=1 jsrun -b none -c ALL_CPUS -g ALL_GPUS -r 1 -n 8 ../bin/solomonikMM-cuda -n 56568 -rpoc 4 -c 2 -rpoc3 4 -tm:untrack_valid_regions -ll:ocpu 1 -ll:othr 10 -ll:csize 150000 -ll:util 1 -dm:replicate 1 -ll:gpu 4 -ll:fsize 15000 -ll:bgwork 12 -ll:bgnumapin 1 -tm:enable_backpressure -tm:backpressure_max_in_flight 1 -ll:defalloc 0 -level mapper=debug -level nsmapper=debug -dslmapper -mapping mappings_bp -logfile mapper84_dsl%.log

GASNET_BACKTRACE=1 jsrun -b none -c ALL_CPUS -g ALL_GPUS -r 1 -n 8 ../bin/solomonikMM-cuda -n 56568 -rpoc 4 -c 2 -rpoc3 4 -tm:untrack_valid_regions -ll:ocpu 1 -ll:othr 10 -ll:csize 150000 -ll:util 1 -dm:replicate 1 -ll:gpu 4 -ll:fsize 15000 -ll:bgwork 12 -ll:bgnumapin 1 -tm:enable_backpressure -tm:backpressure_max_in_flight 1 -ll:defalloc 0
GASNET_BACKTRACE=1 jsrun -b none -c ALL_CPUS -g ALL_GPUS -r 1 -n 8 ../bin/solomonikMM-cuda -n 56568 -rpoc 4 -c 2 -rpoc3 4 -tm:untrack_valid_regions -ll:ocpu 1 -ll:othr 10 -ll:csize 150000 -ll:util 1 -dm:replicate 1 -ll:gpu 4 -ll:fsize 15000 -ll:bgwork 12 -ll:bgnumapin 1 -tm:enable_backpressure -tm:backpressure_max_in_flight 1 -ll:defalloc 0 -dslmapper -mapping mappings_bp

------------------------------------------------------------

Exited with exit code 134.

Resource usage summary:

    CPU time :                                   0.18 sec.
    Max Memory :                                 59 MB
    Average Memory :                             56.63 MB
    Total Requested Memory :                     -
    Delta Memory :                               -
    Max Swap :                                   1425 MB
    Max Processes :                              4
    Max Threads :                                27
    Run time :                                   172 sec.
    Turnaround time :                            176 sec.

The output (if any) is above this job summary.

