[New LWP 10356]
[New LWP 10355]
[New LWP 10353]
[New LWP 10332]
[New LWP 10104]
[New LWP 8980]
[New LWP 8420]
[New LWP 7762]
[New LWP 7759]
[New LWP 7755]
[New LWP 7754]
[New LWP 7749]
[New LWP 7748]
[New LWP 7747]
[New LWP 7746]
[New LWP 7745]
[New LWP 7744]
[New LWP 7743]
[New LWP 7742]
[New LWP 7741]
[New LWP 7740]
[New LWP 7739]
[New LWP 7738]
[New LWP 7737]
[New LWP 7736]
[New LWP 7735]
[New LWP 7734]
[New LWP 7733]
[New LWP 7732]
[New LWP 7731]
[New LWP 7730]
[New LWP 7729]
[New LWP 7593]
[New LWP 7592]
[New LWP 7591]
[New LWP 7590]
[New LWP 7587]
[New LWP 7555]
[New LWP 7554]
[Thread debugging using libthread_db enabled]
Using host libthread_db library "/lib64/libthread_db.so.1".
syscall () at ../sysdeps/unix/sysv/linux/powerpc/syscall.S:29
29		PSEUDO_RET

Thread 40 (Thread 0x20000ad4eaf0 (LWP 7554)):
#0  0x00002000086d6df8 in poll () at ../sysdeps/unix/syscall-template.S:81
#1  0x000020000a62a068 in poll_dispatch (base=0x10252990, tv=0x20000ad4e070) at poll.c:171
#2  0x000020000a61c180 in event_base_loop (base=0x10252990, flags=<optimized out>) at event.c:1947
#3  0x000020000a7f0fec in progress_engine () from /usr/tce/packages/spectrum-mpi/ibm/spectrum-mpi-2020.08.19/lib/libopen-pal.so.3
#4  0x00002000000f8cd4 in start_thread (arg=0x20000ad4eaf0) at pthread_create.c:309
#5  0x00002000086e7f14 in clone () at ../sysdeps/unix/sysv/linux/powerpc/powerpc64/clone.S:104

Thread 39 (Thread 0x20000b5feaf0 (LWP 7555)):
#0  0x00002000086e8aa8 in epoll_wait () at ../sysdeps/unix/syscall-template.S:81
#1  0x000020000a62b18c in epoll_dispatch (base=0x102a70e0, tv=<optimized out>) at epoll.c:462
#2  0x000020000a61c180 in event_base_loop (base=0x102a70e0, flags=<optimized out>) at event.c:1947
#3  0x000020000ae61cac in progress_engine () from /usr/tce/packages/spectrum-mpi/ibm/spectrum-mpi-2020.08.19/lib/libpmix.so.2
#4  0x00002000000f8cd4 in start_thread (arg=0x20000b5feaf0) at pthread_create.c:309
#5  0x00002000086e7f14 in clone () at ../sysdeps/unix/sysv/linux/powerpc/powerpc64/clone.S:104

Thread 38 (Thread 0x20002aa6eaf0 (LWP 7587)):
#0  0x00002000086d6df8 in poll () at ../sysdeps/unix/syscall-template.S:81
#1  0x0000200006e50ff0 in ?? () from /usr/tce/packages/cuda/cuda-11.7.0/lib64/libcuda.so.1
#2  0x0000200006f15bf4 in ?? () from /usr/tce/packages/cuda/cuda-11.7.0/lib64/libcuda.so.1
#3  0x0000200006e49c24 in ?? () from /usr/tce/packages/cuda/cuda-11.7.0/lib64/libcuda.so.1
#4  0x00002000000f8cd4 in start_thread (arg=0x20002aa6eaf0) at pthread_create.c:309
#5  0x00002000086e7f14 in clone () at ../sysdeps/unix/sysv/linux/powerpc/powerpc64/clone.S:104

Thread 37 (Thread 0x20002ae7eaf0 (LWP 7590)):
#0  0x00002000086d6df8 in poll () at ../sysdeps/unix/syscall-template.S:81
#1  0x0000200006e50ff0 in ?? () from /usr/tce/packages/cuda/cuda-11.7.0/lib64/libcuda.so.1
#2  0x0000200006f15bf4 in ?? () from /usr/tce/packages/cuda/cuda-11.7.0/lib64/libcuda.so.1
#3  0x0000200006e49c24 in ?? () from /usr/tce/packages/cuda/cuda-11.7.0/lib64/libcuda.so.1
#4  0x00002000000f8cd4 in start_thread (arg=0x20002ae7eaf0) at pthread_create.c:309
#5  0x00002000086e7f14 in clone () at ../sysdeps/unix/sysv/linux/powerpc/powerpc64/clone.S:104

Thread 36 (Thread 0x20002b40eaf0 (LWP 7591)):
#0  0x00002000086d6df8 in poll () at ../sysdeps/unix/syscall-template.S:81
#1  0x0000200006e50ff0 in ?? () from /usr/tce/packages/cuda/cuda-11.7.0/lib64/libcuda.so.1
#2  0x0000200006f15bf4 in ?? () from /usr/tce/packages/cuda/cuda-11.7.0/lib64/libcuda.so.1
#3  0x0000200006e49c24 in ?? () from /usr/tce/packages/cuda/cuda-11.7.0/lib64/libcuda.so.1
#4  0x00002000000f8cd4 in start_thread (arg=0x20002b40eaf0) at pthread_create.c:309
#5  0x00002000086e7f14 in clone () at ../sysdeps/unix/sysv/linux/powerpc/powerpc64/clone.S:104

Thread 35 (Thread 0x20002b99eaf0 (LWP 7592)):
#0  0x00002000086d6df8 in poll () at ../sysdeps/unix/syscall-template.S:81
#1  0x0000200006e50ff0 in ?? () from /usr/tce/packages/cuda/cuda-11.7.0/lib64/libcuda.so.1
#2  0x0000200006f15bf4 in ?? () from /usr/tce/packages/cuda/cuda-11.7.0/lib64/libcuda.so.1
#3  0x0000200006e49c24 in ?? () from /usr/tce/packages/cuda/cuda-11.7.0/lib64/libcuda.so.1
#4  0x00002000000f8cd4 in start_thread (arg=0x20002b99eaf0) at pthread_create.c:309
#5  0x00002000086e7f14 in clone () at ../sysdeps/unix/sysv/linux/powerpc/powerpc64/clone.S:104

Thread 34 (Thread 0x20002bf2eaf0 (LWP 7593)):
#0  0x00002000086d6df8 in poll () at ../sysdeps/unix/syscall-template.S:81
#1  0x0000200006e50ff0 in ?? () from /usr/tce/packages/cuda/cuda-11.7.0/lib64/libcuda.so.1
#2  0x0000200006f15bf4 in ?? () from /usr/tce/packages/cuda/cuda-11.7.0/lib64/libcuda.so.1
#3  0x0000200006e49c24 in ?? () from /usr/tce/packages/cuda/cuda-11.7.0/lib64/libcuda.so.1
#4  0x00002000000f8cd4 in start_thread (arg=0x20002bf2eaf0) at pthread_create.c:309
#5  0x00002000086e7f14 in clone () at ../sysdeps/unix/sysv/linux/powerpc/powerpc64/clone.S:104

Thread 33 (Thread 0x20002c2cf8b0 (LWP 7729)):
#0  sched_yield () at ../sysdeps/unix/syscall-template.S:82
#1  0x00002000060ace6c in Realm::ThreadPool::worker_entry (this=<optimized out>) at /g/g92/wei8/release_exp/taco/legion/legion/runtime/realm/openmp/openmp_threadpool.cc:385
#2  0x000020000604e2e4 in Realm::KernelThread::pthread_entry (data=0x145e8a10) at /g/g92/wei8/release_exp/taco/legion/legion/runtime/realm/threads.cc:781
#3  0x00002000000f8cd4 in start_thread (arg=0x20002c2cf8b0) at pthread_create.c:309
#4  0x00002000086e7f14 in clone () at ../sysdeps/unix/sysv/linux/powerpc/powerpc64/clone.S:104

Thread 32 (Thread 0x20002c3ff8b0 (LWP 7730)):
#0  syscall () at ../sysdeps/unix/sysv/linux/powerpc/syscall.S:29
#1  0x00002000060fdbb0 in Realm::Doorbell::wait_slow (this=0x20002c400350) at /g/g92/wei8/release_exp/taco/legion/legion/runtime/realm/mutex.cc:316
#2  0x0000200005f3f8c4 in wait (this=<optimized out>) at /g/g92/wei8/release_exp/taco/legion/legion/runtime/realm/mutex.inl:81
#3  Realm::BackgroundWorkThread::main_loop (this=0x143aec10) at /g/g92/wei8/release_exp/taco/legion/legion/runtime/realm/bgwork.cc:166
#4  0x000020000604e2e4 in Realm::KernelThread::pthread_entry (data=0x143aece0) at /g/g92/wei8/release_exp/taco/legion/legion/runtime/realm/threads.cc:781
#5  0x00002000000f8cd4 in start_thread (arg=0x20002c3ff8b0) at pthread_create.c:309
#6  0x00002000086e7f14 in clone () at ../sysdeps/unix/sysv/linux/powerpc/powerpc64/clone.S:104

Thread 31 (Thread 0x20002c52f8b0 (LWP 7731)):
#0  syscall () at ../sysdeps/unix/sysv/linux/powerpc/syscall.S:29
#1  0x00002000060fdbb0 in Realm::Doorbell::wait_slow (this=0x20002c530350) at /g/g92/wei8/release_exp/taco/legion/legion/runtime/realm/mutex.cc:316
#2  0x0000200005f3f8c4 in wait (this=<optimized out>) at /g/g92/wei8/release_exp/taco/legion/legion/runtime/realm/mutex.inl:81
#3  Realm::BackgroundWorkThread::main_loop (this=0x143f27c0) at /g/g92/wei8/release_exp/taco/legion/legion/runtime/realm/bgwork.cc:166
#4  0x000020000604e2e4 in Realm::KernelThread::pthread_entry (data=0x143f2890) at /g/g92/wei8/release_exp/taco/legion/legion/runtime/realm/threads.cc:781
#5  0x00002000000f8cd4 in start_thread (arg=0x20002c52f8b0) at pthread_create.c:309
#6  0x00002000086e7f14 in clone () at ../sysdeps/unix/sysv/linux/powerpc/powerpc64/clone.S:104

Thread 30 (Thread 0x20002c65f8b0 (LWP 7732)):
#0  syscall () at ../sysdeps/unix/sysv/linux/powerpc/syscall.S:29
#1  0x00002000060fdbb0 in Realm::Doorbell::wait_slow (this=0x20002c660350) at /g/g92/wei8/release_exp/taco/legion/legion/runtime/realm/mutex.cc:316
#2  0x0000200005f3f8c4 in wait (this=<optimized out>) at /g/g92/wei8/release_exp/taco/legion/legion/runtime/realm/mutex.inl:81
#3  Realm::BackgroundWorkThread::main_loop (this=0x143f6730) at /g/g92/wei8/release_exp/taco/legion/legion/runtime/realm/bgwork.cc:166
#4  0x000020000604e2e4 in Realm::KernelThread::pthread_entry (data=0x14373e20) at /g/g92/wei8/release_exp/taco/legion/legion/runtime/realm/threads.cc:781
#5  0x00002000000f8cd4 in start_thread (arg=0x20002c65f8b0) at pthread_create.c:309
#6  0x00002000086e7f14 in clone () at ../sysdeps/unix/sysv/linux/powerpc/powerpc64/clone.S:104

Thread 29 (Thread 0x20002c78f8b0 (LWP 7733)):
#0  syscall () at ../sysdeps/unix/sysv/linux/powerpc/syscall.S:29
#1  0x00002000060fdbb0 in Realm::Doorbell::wait_slow (this=0x20002c790350) at /g/g92/wei8/release_exp/taco/legion/legion/runtime/realm/mutex.cc:316
#2  0x0000200005f3f8c4 in wait (this=<optimized out>) at /g/g92/wei8/release_exp/taco/legion/legion/runtime/realm/mutex.inl:81
#3  Realm::BackgroundWorkThread::main_loop (this=0x143fa580) at /g/g92/wei8/release_exp/taco/legion/legion/runtime/realm/bgwork.cc:166
#4  0x000020000604e2e4 in Realm::KernelThread::pthread_entry (data=0x143fa650) at /g/g92/wei8/release_exp/taco/legion/legion/runtime/realm/threads.cc:781
#5  0x00002000000f8cd4 in start_thread (arg=0x20002c78f8b0) at pthread_create.c:309
#6  0x00002000086e7f14 in clone () at ../sysdeps/unix/sysv/linux/powerpc/powerpc64/clone.S:104

Thread 28 (Thread 0x20002c8bf8b0 (LWP 7734)):
#0  syscall () at ../sysdeps/unix/sysv/linux/powerpc/syscall.S:29
#1  0x00002000060fdbb0 in Realm::Doorbell::wait_slow (this=0x20002c8c0350) at /g/g92/wei8/release_exp/taco/legion/legion/runtime/realm/mutex.cc:316
#2  0x0000200005f3f8c4 in wait (this=<optimized out>) at /g/g92/wei8/release_exp/taco/legion/legion/runtime/realm/mutex.inl:81
#3  Realm::BackgroundWorkThread::main_loop (this=0x14458cc0) at /g/g92/wei8/release_exp/taco/legion/legion/runtime/realm/bgwork.cc:166
#4  0x000020000604e2e4 in Realm::KernelThread::pthread_entry (data=0x14373d60) at /g/g92/wei8/release_exp/taco/legion/legion/runtime/realm/threads.cc:781
#5  0x00002000000f8cd4 in start_thread (arg=0x20002c8bf8b0) at pthread_create.c:309
#6  0x00002000086e7f14 in clone () at ../sysdeps/unix/sysv/linux/powerpc/powerpc64/clone.S:104

Thread 27 (Thread 0x20002c9ef8b0 (LWP 7735)):
#0  syscall () at ../sysdeps/unix/sysv/linux/powerpc/syscall.S:29
#1  0x00002000060fdbb0 in Realm::Doorbell::wait_slow (this=0x20002c9f0350) at /g/g92/wei8/release_exp/taco/legion/legion/runtime/realm/mutex.cc:316
#2  0x0000200005f3f8c4 in wait (this=<optimized out>) at /g/g92/wei8/release_exp/taco/legion/legion/runtime/realm/mutex.inl:81
#3  Realm::BackgroundWorkThread::main_loop (this=0x14419ac0) at /g/g92/wei8/release_exp/taco/legion/legion/runtime/realm/bgwork.cc:166
#4  0x000020000604e2e4 in Realm::KernelThread::pthread_entry (data=0x14419b90) at /g/g92/wei8/release_exp/taco/legion/legion/runtime/realm/threads.cc:781
#5  0x00002000000f8cd4 in start_thread (arg=0x20002c9ef8b0) at pthread_create.c:309
#6  0x00002000086e7f14 in clone () at ../sysdeps/unix/sysv/linux/powerpc/powerpc64/clone.S:104

Thread 26 (Thread 0x20002cb2f8b0 (LWP 7736)):
#0  syscall () at ../sysdeps/unix/sysv/linux/powerpc/syscall.S:29
#1  0x00002000060fdbb0 in Realm::Doorbell::wait_slow (this=0x20002cb30350) at /g/g92/wei8/release_exp/taco/legion/legion/runtime/realm/mutex.cc:316
#2  0x0000200005f3f8c4 in wait (this=<optimized out>) at /g/g92/wei8/release_exp/taco/legion/legion/runtime/realm/mutex.inl:81
#3  Realm::BackgroundWorkThread::main_loop (this=0x14415be0) at /g/g92/wei8/release_exp/taco/legion/legion/runtime/realm/bgwork.cc:166
#4  0x000020000604e2e4 in Realm::KernelThread::pthread_entry (data=0x14415c50) at /g/g92/wei8/release_exp/taco/legion/legion/runtime/realm/threads.cc:781
#5  0x00002000000f8cd4 in start_thread (arg=0x20002cb2f8b0) at pthread_create.c:309
#6  0x00002000086e7f14 in clone () at ../sysdeps/unix/sysv/linux/powerpc/powerpc64/clone.S:104

Thread 25 (Thread 0x20002cc5f8b0 (LWP 7737)):
#0  pthread_spin_unlock (lock=0x1113d1a8) at ../nptl/sysdeps/unix/sysv/linux/powerpc/pthread_spin_unlock.c:26
#1  0x0000200014bbc800 in mlx5_poll_cq_1 () from /lib64/libmlx5-rdmav2.so
#2  0x0000200006654c18 in gasnetc_poll_rcv_hca () from /g/g92/wei8/release_exp/taco/deps-install/cmake-install/lib64/librealm.so.1
Backtrace stopped: frame did not save the PC

Thread 24 (Thread 0x20002cd8f8b0 (LWP 7738)):
#0  syscall () at ../sysdeps/unix/sysv/linux/powerpc/syscall.S:29
#1  0x00002000060fdbb0 in Realm::Doorbell::wait_slow (this=0x20002cd90350) at /g/g92/wei8/release_exp/taco/legion/legion/runtime/realm/mutex.cc:316
#2  0x0000200005f3f8c4 in wait (this=<optimized out>) at /g/g92/wei8/release_exp/taco/legion/legion/runtime/realm/mutex.inl:81
#3  Realm::BackgroundWorkThread::main_loop (this=0x1444cdd0) at /g/g92/wei8/release_exp/taco/legion/legion/runtime/realm/bgwork.cc:166
#4  0x000020000604e2e4 in Realm::KernelThread::pthread_entry (data=0x144353b0) at /g/g92/wei8/release_exp/taco/legion/legion/runtime/realm/threads.cc:781
#5  0x00002000000f8cd4 in start_thread (arg=0x20002cd8f8b0) at pthread_create.c:309
#6  0x00002000086e7f14 in clone () at ../sysdeps/unix/sysv/linux/powerpc/powerpc64/clone.S:104

Thread 23 (Thread 0x20002cebf8b0 (LWP 7739)):
#0  syscall () at ../sysdeps/unix/sysv/linux/powerpc/syscall.S:29
#1  0x00002000060fdbb0 in Realm::Doorbell::wait_slow (this=0x20002cec0350) at /g/g92/wei8/release_exp/taco/legion/legion/runtime/realm/mutex.cc:316
#2  0x0000200005f3f8c4 in wait (this=<optimized out>) at /g/g92/wei8/release_exp/taco/legion/legion/runtime/realm/mutex.inl:81
#3  Realm::BackgroundWorkThread::main_loop (this=0x1444ce40) at /g/g92/wei8/release_exp/taco/legion/legion/runtime/realm/bgwork.cc:166
#4  0x000020000604e2e4 in Realm::KernelThread::pthread_entry (data=0x1444cf10) at /g/g92/wei8/release_exp/taco/legion/legion/runtime/realm/threads.cc:781
#5  0x00002000000f8cd4 in start_thread (arg=0x20002cebf8b0) at pthread_create.c:309
#6  0x00002000086e7f14 in clone () at ../sysdeps/unix/sysv/linux/powerpc/powerpc64/clone.S:104

Thread 22 (Thread 0x20002cfef8b0 (LWP 7740)):
#0  syscall () at ../sysdeps/unix/sysv/linux/powerpc/syscall.S:29
#1  0x00002000060fdbb0 in Realm::Doorbell::wait_slow (this=0x20002cff0350) at /g/g92/wei8/release_exp/taco/legion/legion/runtime/realm/mutex.cc:316
#2  0x0000200005f3f8c4 in wait (this=<optimized out>) at /g/g92/wei8/release_exp/taco/legion/legion/runtime/realm/mutex.inl:81
#3  Realm::BackgroundWorkThread::main_loop (this=0x14450d20) at /g/g92/wei8/release_exp/taco/legion/legion/runtime/realm/bgwork.cc:166
#4  0x000020000604e2e4 in Realm::KernelThread::pthread_entry (data=0x14450df0) at /g/g92/wei8/release_exp/taco/legion/legion/runtime/realm/threads.cc:781
#5  0x00002000000f8cd4 in start_thread (arg=0x20002cfef8b0) at pthread_create.c:309
#6  0x00002000086e7f14 in clone () at ../sysdeps/unix/sysv/linux/powerpc/powerpc64/clone.S:104

Thread 21 (Thread 0x20002d11f8b0 (LWP 7741)):
#0  syscall () at ../sysdeps/unix/sysv/linux/powerpc/syscall.S:29
#1  0x00002000060fdbb0 in Realm::Doorbell::wait_slow (this=0x20002d120350) at /g/g92/wei8/release_exp/taco/legion/legion/runtime/realm/mutex.cc:316
#2  0x0000200005f3f8c4 in wait (this=<optimized out>) at /g/g92/wei8/release_exp/taco/legion/legion/runtime/realm/mutex.inl:81
#3  Realm::BackgroundWorkThread::main_loop (this=0x145f49c0) at /g/g92/wei8/release_exp/taco/legion/legion/runtime/realm/bgwork.cc:166
#4  0x000020000604e2e4 in Realm::KernelThread::pthread_entry (data=0x143fe4b0) at /g/g92/wei8/release_exp/taco/legion/legion/runtime/realm/threads.cc:781
#5  0x00002000000f8cd4 in start_thread (arg=0x20002d11f8b0) at pthread_create.c:309
#6  0x00002000086e7f14 in clone () at ../sysdeps/unix/sysv/linux/powerpc/powerpc64/clone.S:104

Thread 20 (Thread 0x20002d34f8b0 (LWP 7742)):
#0  sched_yield () at ../sysdeps/unix/syscall-template.S:82
#1  0x00002000060ace6c in Realm::ThreadPool::worker_entry (this=<optimized out>) at /g/g92/wei8/release_exp/taco/legion/legion/runtime/realm/openmp/openmp_threadpool.cc:385
#2  0x000020000604e2e4 in Realm::KernelThread::pthread_entry (data=0x145c54d0) at /g/g92/wei8/release_exp/taco/legion/legion/runtime/realm/threads.cc:781
#3  0x00002000000f8cd4 in start_thread (arg=0x20002d34f8b0) at pthread_create.c:309
#4  0x00002000086e7f14 in clone () at ../sysdeps/unix/sysv/linux/powerpc/powerpc64/clone.S:104

Thread 19 (Thread 0x20002d57f8b0 (LWP 7743)):
#0  sched_yield () at ../sysdeps/unix/syscall-template.S:82
#1  0x00002000060ace6c in Realm::ThreadPool::worker_entry (this=<optimized out>) at /g/g92/wei8/release_exp/taco/legion/legion/runtime/realm/openmp/openmp_threadpool.cc:385
#2  0x000020000604e2e4 in Realm::KernelThread::pthread_entry (data=0x145b1ab0) at /g/g92/wei8/release_exp/taco/legion/legion/runtime/realm/threads.cc:781
#3  0x00002000000f8cd4 in start_thread (arg=0x20002d57f8b0) at pthread_create.c:309
#4  0x00002000086e7f14 in clone () at ../sysdeps/unix/sysv/linux/powerpc/powerpc64/clone.S:104

Thread 18 (Thread 0x20002d7af8b0 (LWP 7744)):
#0  sched_yield () at ../sysdeps/unix/syscall-template.S:82
#1  0x00002000060ace6c in Realm::ThreadPool::worker_entry (this=<optimized out>) at /g/g92/wei8/release_exp/taco/legion/legion/runtime/realm/openmp/openmp_threadpool.cc:385
#2  0x000020000604e2e4 in Realm::KernelThread::pthread_entry (data=0x145adb50) at /g/g92/wei8/release_exp/taco/legion/legion/runtime/realm/threads.cc:781
#3  0x00002000000f8cd4 in start_thread (arg=0x20002d7af8b0) at pthread_create.c:309
#4  0x00002000086e7f14 in clone () at ../sysdeps/unix/sysv/linux/powerpc/powerpc64/clone.S:104

Thread 17 (Thread 0x20002d9df8b0 (LWP 7745)):
#0  sched_yield () at ../sysdeps/unix/syscall-template.S:82
#1  0x00002000060ace6c in Realm::ThreadPool::worker_entry (this=<optimized out>) at /g/g92/wei8/release_exp/taco/legion/legion/runtime/realm/openmp/openmp_threadpool.cc:385
#2  0x000020000604e2e4 in Realm::KernelThread::pthread_entry (data=0x145e8d00) at /g/g92/wei8/release_exp/taco/legion/legion/runtime/realm/threads.cc:781
#3  0x00002000000f8cd4 in start_thread (arg=0x20002d9df8b0) at pthread_create.c:309
#4  0x00002000086e7f14 in clone () at ../sysdeps/unix/sysv/linux/powerpc/powerpc64/clone.S:104

Thread 16 (Thread 0x20002dc0f8b0 (LWP 7746)):
#0  sched_yield () at ../sysdeps/unix/syscall-template.S:82
#1  0x00002000060ace6c in Realm::ThreadPool::worker_entry (this=<optimized out>) at /g/g92/wei8/release_exp/taco/legion/legion/runtime/realm/openmp/openmp_threadpool.cc:385
#2  0x000020000604e2e4 in Realm::KernelThread::pthread_entry (data=0x145e4ce0) at /g/g92/wei8/release_exp/taco/legion/legion/runtime/realm/threads.cc:781
#3  0x00002000000f8cd4 in start_thread (arg=0x20002dc0f8b0) at pthread_create.c:309
#4  0x00002000086e7f14 in clone () at ../sysdeps/unix/sysv/linux/powerpc/powerpc64/clone.S:104

Thread 15 (Thread 0x20002de3f8b0 (LWP 7747)):
#0  sched_yield () at ../sysdeps/unix/syscall-template.S:82
#1  0x00002000060ace6c in Realm::ThreadPool::worker_entry (this=<optimized out>) at /g/g92/wei8/release_exp/taco/legion/legion/runtime/realm/openmp/openmp_threadpool.cc:385
#2  0x000020000604e2e4 in Realm::KernelThread::pthread_entry (data=0x145d12f0) at /g/g92/wei8/release_exp/taco/legion/legion/runtime/realm/threads.cc:781
#3  0x00002000000f8cd4 in start_thread (arg=0x20002de3f8b0) at pthread_create.c:309
#4  0x00002000086e7f14 in clone () at ../sysdeps/unix/sysv/linux/powerpc/powerpc64/clone.S:104

Thread 14 (Thread 0x20002e06f8b0 (LWP 7748)):
#0  sched_yield () at ../sysdeps/unix/syscall-template.S:82
#1  0x00002000060ace6c in Realm::ThreadPool::worker_entry (this=<optimized out>) at /g/g92/wei8/release_exp/taco/legion/legion/runtime/realm/openmp/openmp_threadpool.cc:385
#2  0x000020000604e2e4 in Realm::KernelThread::pthread_entry (data=0x145cd390) at /g/g92/wei8/release_exp/taco/legion/legion/runtime/realm/threads.cc:781
#3  0x00002000000f8cd4 in start_thread (arg=0x20002e06f8b0) at pthread_create.c:309
#4  0x00002000086e7f14 in clone () at ../sysdeps/unix/sysv/linux/powerpc/powerpc64/clone.S:104

Thread 13 (Thread 0x20002e29f8b0 (LWP 7749)):
#0  sched_yield () at ../sysdeps/unix/syscall-template.S:82
#1  0x00002000060ace6c in Realm::ThreadPool::worker_entry (this=<optimized out>) at /g/g92/wei8/release_exp/taco/legion/legion/runtime/realm/openmp/openmp_threadpool.cc:385
#2  0x000020000604e2e4 in Realm::KernelThread::pthread_entry (data=0x145c9430) at /g/g92/wei8/release_exp/taco/legion/legion/runtime/realm/threads.cc:781
#3  0x00002000000f8cd4 in start_thread (arg=0x20002e29f8b0) at pthread_create.c:309
#4  0x00002000086e7f14 in clone () at ../sysdeps/unix/sysv/linux/powerpc/powerpc64/clone.S:104

Thread 12 (Thread 0x20002ed8f8b0 (LWP 7754)):
#0  syscall () at ../sysdeps/unix/sysv/linux/powerpc/syscall.S:29
#1  0x00002000060fdbb0 in Realm::Doorbell::wait_slow (this=0x20002ed90350) at /g/g92/wei8/release_exp/taco/legion/legion/runtime/realm/mutex.cc:316
#2  0x0000200006043644 in wait (this=<optimized out>) at /g/g92/wei8/release_exp/taco/legion/legion/runtime/realm/mutex.inl:81
#3  Realm::ThreadedTaskScheduler::WorkCounter::wait_for_work (this=0x14617ae0, old_counter=<optimized out>) at /g/g92/wei8/release_exp/taco/legion/legion/runtime/realm/tasks.cc:664
#4  0x0000200006043758 in Realm::ThreadedTaskScheduler::wait_for_work (this=0x14617950, old_work_counter=<optimized out>) at /g/g92/wei8/release_exp/taco/legion/legion/runtime/realm/tasks.cc:1239
#5  0x000020000604ad58 in Realm::ThreadedTaskScheduler::scheduler_loop (this=0x14617950) at /g/g92/wei8/release_exp/taco/legion/legion/runtime/realm/tasks.cc:1205
#6  0x000020000604b08c in Realm::ThreadedTaskScheduler::scheduler_loop_wlock (this=0x14617950) at /g/g92/wei8/release_exp/taco/legion/legion/runtime/realm/tasks.cc:1217
#7  0x000020000604e2e4 in Realm::KernelThread::pthread_entry (data=0x1474f5b0) at /g/g92/wei8/release_exp/taco/legion/legion/runtime/realm/threads.cc:781
#8  0x00002000000f8cd4 in start_thread (arg=0x20002ed8f8b0) at pthread_create.c:309
#9  0x00002000086e7f14 in clone () at ../sysdeps/unix/sysv/linux/powerpc/powerpc64/clone.S:104

Thread 11 (Thread 0x20002efbf8b0 (LWP 7755)):
#0  syscall () at ../sysdeps/unix/sysv/linux/powerpc/syscall.S:29
#1  0x00002000060fdbb0 in Realm::Doorbell::wait_slow (this=0x20002efc0350) at /g/g92/wei8/release_exp/taco/legion/legion/runtime/realm/mutex.cc:316
#2  0x00002000060ff848 in wait (this=0x20002efc0350) at /g/g92/wei8/release_exp/taco/legion/legion/runtime/realm/mutex.inl:81
#3  Realm::FIFOCondVar::wait (this=0x20002efba3a0) at /g/g92/wei8/release_exp/taco/legion/legion/runtime/realm/mutex.cc:1096
#4  0x0000200006046f28 in Realm::KernelThreadTaskScheduler::worker_sleep (this=0x146331b0, switch_to=0x20356c0013d0) at /g/g92/wei8/release_exp/taco/legion/legion/runtime/realm/tasks.cc:1414
#5  0x000020000604861c in Realm::ThreadedTaskScheduler::thread_blocking (this=0x146331b0, thread=<optimized out>) at /g/g92/wei8/release_exp/taco/legion/legion/runtime/realm/tasks.cc:908
#6  0x0000200005f59ec8 in Realm::Thread::wait_for_condition<Realm::EventTriggeredCondition> (cond=..., poisoned=@0x20002efbacb8: false) at /g/g92/wei8/release_exp/taco/legion/legion/runtime/realm/threads.inl:218
#7  0x0000200005f48158 in Realm::Event::wait_faultaware (this=0x20002efbbdd0, poisoned=@0x20002efbacb8: false) at /g/g92/wei8/release_exp/taco/legion/legion/runtime/realm/event_impl.cc:254
#8  0x0000200005f483cc in Realm::Event::wait (this=<optimized out>) at /g/g92/wei8/release_exp/taco/legion/legion/runtime/realm/event_impl.cc:206
#9  0x000000001005f71c in Legion::Internal::LgEvent::wait() const ()
#10 0x00002000053852cc in Legion::Internal::ReplFutureMapImpl::wait_all_results (this=0x20356c00d170, silence_warnings=<optimized out>, warning_string=<optimized out>) at /g/g92/wei8/release_exp/taco/legion/legion/runtime/legion/runtime.cc:4429
#11 0x0000200005069778 in Legion::FutureMap::wait_all_results (this=<optimized out>, silence_warnings=<optimized out>, warning_string=<optimized out>) at /g/g92/wei8/release_exp/taco/legion/legion/runtime/legion/legion.cc:2609
#12 0x00000000100a1fe8 in computeLegion(Legion::Internal::TaskContext*, Legion::Runtime*, Legion::LogicalRegion, Legion::LogicalRegion, Legion::LogicalRegion, Legion::LogicalPartition, Legion::LogicalPartition, Legion::LogicalPartition, int, int) ()
#13 0x00000000100314b0 in std::_Function_handler<void (), top_level_task(Legion::Task const*, std::vector<Legion::PhysicalRegion, std::allocator<Legion::PhysicalRegion> > const&, Legion::Internal::TaskContext*, Legion::Runtime*)::{lambda()#1}>::_M_invoke(std::_Any_data const&) ()
#14 0x0000000010090538 in benchmark(Legion::Internal::TaskContext*, Legion::Runtime*, std::vector<unsigned long, std::allocator<unsigned long> >&, std::function<void ()>) ()
#15 0x0000000010043630 in top_level_task(Legion::Task const*, std::vector<Legion::PhysicalRegion, std::allocator<Legion::PhysicalRegion> > const&, Legion::Internal::TaskContext*, Legion::Runtime*) ()
#16 0x000000001006feb4 in void Legion::LegionTaskWrapper::legion_task_wrapper<&(top_level_task(Legion::Task const*, std::vector<Legion::PhysicalRegion, std::allocator<Legion::PhysicalRegion> > const&, Legion::Internal::TaskContext*, Legion::Runtime*))>(void const*, unsigned long, void const*, unsigned long, Realm::Processor) ()
#17 0x0000200005ff11d0 in Realm::LocalTaskProcessor::execute_task (this=0x14387730, func_id=<optimized out>, task_args=...) at /g/g92/wei8/release_exp/taco/legion/legion/runtime/realm/proc_impl.cc:1135
#18 0x0000200006047178 in Realm::Task::execute_on_processor (this=0x20358007a700, p=...) at /g/g92/wei8/release_exp/taco/legion/legion/runtime/realm/tasks.cc:302
#19 0x0000200006047424 in Realm::KernelThreadTaskScheduler::execute_task (this=<optimized out>, task=<optimized out>) at /g/g92/wei8/release_exp/taco/legion/legion/runtime/realm/tasks.cc:1366
#20 0x000020000604a874 in Realm::ThreadedTaskScheduler::scheduler_loop (this=0x146331b0) at /g/g92/wei8/release_exp/taco/legion/legion/runtime/realm/tasks.cc:1105
#21 0x000020000604b08c in Realm::ThreadedTaskScheduler::scheduler_loop_wlock (this=0x146331b0) at /g/g92/wei8/release_exp/taco/legion/legion/runtime/realm/tasks.cc:1217
#22 0x000020000604e2e4 in Realm::KernelThread::pthread_entry (data=0x1474fb90) at /g/g92/wei8/release_exp/taco/legion/legion/runtime/realm/threads.cc:781
#23 0x00002000000f8cd4 in start_thread (arg=0x20002efbf8b0) at pthread_create.c:309
#24 0x00002000086e7f14 in clone () at ../sysdeps/unix/sysv/linux/powerpc/powerpc64/clone.S:104

Thread 10 (Thread 0x20002f87f8b0 (LWP 7759)):
#0  syscall () at ../sysdeps/unix/sysv/linux/powerpc/syscall.S:29
#1  0x00002000060fdbb0 in Realm::Doorbell::wait_slow (this=0x20002f880350) at /g/g92/wei8/release_exp/taco/legion/legion/runtime/realm/mutex.cc:316
#2  0x0000200006043644 in wait (this=<optimized out>) at /g/g92/wei8/release_exp/taco/legion/legion/runtime/realm/mutex.inl:81
#3  Realm::ThreadedTaskScheduler::WorkCounter::wait_for_work (this=0x1439ede0, old_counter=<optimized out>) at /g/g92/wei8/release_exp/taco/legion/legion/runtime/realm/tasks.cc:664
#4  0x0000200006043758 in Realm::ThreadedTaskScheduler::wait_for_work (this=0x1439ec50, old_work_counter=<optimized out>) at /g/g92/wei8/release_exp/taco/legion/legion/runtime/realm/tasks.cc:1239
#5  0x000020000604ad58 in Realm::ThreadedTaskScheduler::scheduler_loop (this=0x1439ec50) at /g/g92/wei8/release_exp/taco/legion/legion/runtime/realm/tasks.cc:1205
#6  0x000020000604b08c in Realm::ThreadedTaskScheduler::scheduler_loop_wlock (this=0x1439ec50) at /g/g92/wei8/release_exp/taco/legion/legion/runtime/realm/tasks.cc:1217
#7  0x000020000604e2e4 in Realm::KernelThread::pthread_entry (data=0x149013a0) at /g/g92/wei8/release_exp/taco/legion/legion/runtime/realm/threads.cc:781
#8  0x00002000000f8cd4 in start_thread (arg=0x20002f87f8b0) at pthread_create.c:309
#9  0x00002000086e7f14 in clone () at ../sysdeps/unix/sysv/linux/powerpc/powerpc64/clone.S:104

Thread 9 (Thread 0x20002faaf8b0 (LWP 7762)):
#0  syscall () at ../sysdeps/unix/sysv/linux/powerpc/syscall.S:29
#1  0x00002000060fdbb0 in Realm::Doorbell::wait_slow (this=0x20002fab0350) at /g/g92/wei8/release_exp/taco/legion/legion/runtime/realm/mutex.cc:316
#2  0x0000200006043644 in wait (this=<optimized out>) at /g/g92/wei8/release_exp/taco/legion/legion/runtime/realm/mutex.inl:81
#3  Realm::ThreadedTaskScheduler::WorkCounter::wait_for_work (this=0x14633340, old_counter=<optimized out>) at /g/g92/wei8/release_exp/taco/legion/legion/runtime/realm/tasks.cc:664
#4  0x0000200006043758 in Realm::ThreadedTaskScheduler::wait_for_work (this=0x146331b0, old_work_counter=<optimized out>) at /g/g92/wei8/release_exp/taco/legion/legion/runtime/realm/tasks.cc:1239
#5  0x000020000604ad58 in Realm::ThreadedTaskScheduler::scheduler_loop (this=0x146331b0) at /g/g92/wei8/release_exp/taco/legion/legion/runtime/realm/tasks.cc:1205
#6  0x000020000604b08c in Realm::ThreadedTaskScheduler::scheduler_loop_wlock (this=0x146331b0) at /g/g92/wei8/release_exp/taco/legion/legion/runtime/realm/tasks.cc:1217
#7  0x000020000604e2e4 in Realm::KernelThread::pthread_entry (data=0x20356c0013d0) at /g/g92/wei8/release_exp/taco/legion/legion/runtime/realm/threads.cc:781
#8  0x00002000000f8cd4 in start_thread (arg=0x20002faaf8b0) at pthread_create.c:309
#9  0x00002000086e7f14 in clone () at ../sysdeps/unix/sysv/linux/powerpc/powerpc64/clone.S:104

Thread 8 (Thread 0x20257fd3f8b0 (LWP 8420)):
#0  syscall () at ../sysdeps/unix/sysv/linux/powerpc/syscall.S:29
#1  0x00002000060fdbb0 in Realm::Doorbell::wait_slow (this=0x20257fd40350) at /g/g92/wei8/release_exp/taco/legion/legion/runtime/realm/mutex.cc:316
#2  0x0000200006043644 in wait (this=<optimized out>) at /g/g92/wei8/release_exp/taco/legion/legion/runtime/realm/mutex.inl:81
#3  Realm::ThreadedTaskScheduler::WorkCounter::wait_for_work (this=0x1457a2a0, old_counter=<optimized out>) at /g/g92/wei8/release_exp/taco/legion/legion/runtime/realm/tasks.cc:664
#4  0x0000200006043758 in Realm::ThreadedTaskScheduler::wait_for_work (this=0x1457a110, old_work_counter=<optimized out>) at /g/g92/wei8/release_exp/taco/legion/legion/runtime/realm/tasks.cc:1239
#5  0x000020000604ad58 in Realm::ThreadedTaskScheduler::scheduler_loop (this=0x1457a110) at /g/g92/wei8/release_exp/taco/legion/legion/runtime/realm/tasks.cc:1205
#6  0x000020000604b08c in Realm::ThreadedTaskScheduler::scheduler_loop_wlock (this=0x1457a110) at /g/g92/wei8/release_exp/taco/legion/legion/runtime/realm/tasks.cc:1217
#7  0x000020000604e2e4 in Realm::KernelThread::pthread_entry (data=0x203572a550d0) at /g/g92/wei8/release_exp/taco/legion/legion/runtime/realm/threads.cc:781
#8  0x00002000000f8cd4 in start_thread (arg=0x20257fd3f8b0) at pthread_create.c:309
#9  0x00002000086e7f14 in clone () at ../sysdeps/unix/sysv/linux/powerpc/powerpc64/clone.S:104

Thread 7 (Thread 0x20257f8df8b0 (LWP 8980)):
#0  syscall () at ../sysdeps/unix/sysv/linux/powerpc/syscall.S:29
#1  0x00002000060fdbb0 in Realm::Doorbell::wait_slow (this=0x20257f8e0350) at /g/g92/wei8/release_exp/taco/legion/legion/runtime/realm/mutex.cc:316
#2  0x0000200006043644 in wait (this=<optimized out>) at /g/g92/wei8/release_exp/taco/legion/legion/runtime/realm/mutex.inl:81
#3  Realm::ThreadedTaskScheduler::WorkCounter::wait_for_work (this=0x144d08c0, old_counter=<optimized out>) at /g/g92/wei8/release_exp/taco/legion/legion/runtime/realm/tasks.cc:664
#4  0x0000200006043758 in Realm::ThreadedTaskScheduler::wait_for_work (this=0x144d0730, old_work_counter=<optimized out>) at /g/g92/wei8/release_exp/taco/legion/legion/runtime/realm/tasks.cc:1239
#5  0x000020000604ad58 in Realm::ThreadedTaskScheduler::scheduler_loop (this=0x144d0730) at /g/g92/wei8/release_exp/taco/legion/legion/runtime/realm/tasks.cc:1205
#6  0x000020000604b08c in Realm::ThreadedTaskScheduler::scheduler_loop_wlock (this=0x144d0730) at /g/g92/wei8/release_exp/taco/legion/legion/runtime/realm/tasks.cc:1217
#7  0x000020000604e2e4 in Realm::KernelThread::pthread_entry (data=0x203598cc0380) at /g/g92/wei8/release_exp/taco/legion/legion/runtime/realm/threads.cc:781
#8  0x00002000000f8cd4 in start_thread (arg=0x20257f8df8b0) at pthread_create.c:309
#9  0x00002000086e7f14 in clone () at ../sysdeps/unix/sysv/linux/powerpc/powerpc64/clone.S:104

Thread 6 (Thread 0x20356421f8b0 (LWP 10104)):
#0  syscall () at ../sysdeps/unix/sysv/linux/powerpc/syscall.S:29
#1  0x00002000060fdbb0 in Realm::Doorbell::wait_slow (this=0x203564220350) at /g/g92/wei8/release_exp/taco/legion/legion/runtime/realm/mutex.cc:316
#2  0x0000200006043644 in wait (this=<optimized out>) at /g/g92/wei8/release_exp/taco/legion/legion/runtime/realm/mutex.inl:81
#3  Realm::ThreadedTaskScheduler::WorkCounter::wait_for_work (this=0x1462b380, old_counter=<optimized out>) at /g/g92/wei8/release_exp/taco/legion/legion/runtime/realm/tasks.cc:664
#4  0x0000200006043758 in Realm::ThreadedTaskScheduler::wait_for_work (this=0x1462b1f0, old_work_counter=<optimized out>) at /g/g92/wei8/release_exp/taco/legion/legion/runtime/realm/tasks.cc:1239
#5  0x000020000604ad58 in Realm::ThreadedTaskScheduler::scheduler_loop (this=0x1462b1f0) at /g/g92/wei8/release_exp/taco/legion/legion/runtime/realm/tasks.cc:1205
#6  0x000020000604b08c in Realm::ThreadedTaskScheduler::scheduler_loop_wlock (this=0x1462b1f0) at /g/g92/wei8/release_exp/taco/legion/legion/runtime/realm/tasks.cc:1217
#7  0x000020000604e2e4 in Realm::KernelThread::pthread_entry (data=0x203554277910) at /g/g92/wei8/release_exp/taco/legion/legion/runtime/realm/threads.cc:781
#8  0x00002000000f8cd4 in start_thread (arg=0x20356421f8b0) at pthread_create.c:309
#9  0x00002000086e7f14 in clone () at ../sysdeps/unix/sysv/linux/powerpc/powerpc64/clone.S:104

Thread 5 (Thread 0x20356467f8b0 (LWP 10332)):
#0  syscall () at ../sysdeps/unix/sysv/linux/powerpc/syscall.S:29
#1  0x00002000060fdbb0 in Realm::Doorbell::wait_slow (this=0x203564680350) at /g/g92/wei8/release_exp/taco/legion/legion/runtime/realm/mutex.cc:316
#2  0x0000200006043644 in wait (this=<optimized out>) at /g/g92/wei8/release_exp/taco/legion/legion/runtime/realm/mutex.inl:81
#3  Realm::ThreadedTaskScheduler::WorkCounter::wait_for_work (this=0x143a6d40, old_counter=<optimized out>) at /g/g92/wei8/release_exp/taco/legion/legion/runtime/realm/tasks.cc:664
#4  0x0000200006043758 in Realm::ThreadedTaskScheduler::wait_for_work (this=0x143a6bb0, old_work_counter=<optimized out>) at /g/g92/wei8/release_exp/taco/legion/legion/runtime/realm/tasks.cc:1239
#5  0x000020000604ad58 in Realm::ThreadedTaskScheduler::scheduler_loop (this=0x143a6bb0) at /g/g92/wei8/release_exp/taco/legion/legion/runtime/realm/tasks.cc:1205
#6  0x000020000604b08c in Realm::ThreadedTaskScheduler::scheduler_loop_wlock (this=0x143a6bb0) at /g/g92/wei8/release_exp/taco/legion/legion/runtime/realm/tasks.cc:1217
#7  0x000020000604e2e4 in Realm::KernelThread::pthread_entry (data=0x2035b401d3a0) at /g/g92/wei8/release_exp/taco/legion/legion/runtime/realm/threads.cc:781
#8  0x00002000000f8cd4 in start_thread (arg=0x20356467f8b0) at pthread_create.c:309
#9  0x00002000086e7f14 in clone () at ../sysdeps/unix/sysv/linux/powerpc/powerpc64/clone.S:104

Thread 4 (Thread 0x20002ff0f8b0 (LWP 10353)):
#0  syscall () at ../sysdeps/unix/sysv/linux/powerpc/syscall.S:29
#1  0x00002000060fdbb0 in Realm::Doorbell::wait_slow (this=0x20002ff10350) at /g/g92/wei8/release_exp/taco/legion/legion/runtime/realm/mutex.cc:316
#2  0x0000200006043644 in wait (this=<optimized out>) at /g/g92/wei8/release_exp/taco/legion/legion/runtime/realm/mutex.inl:81
#3  Realm::ThreadedTaskScheduler::WorkCounter::wait_for_work (this=0x143ce660, old_counter=<optimized out>) at /g/g92/wei8/release_exp/taco/legion/legion/runtime/realm/tasks.cc:664
#4  0x0000200006043758 in Realm::ThreadedTaskScheduler::wait_for_work (this=0x143ce4d0, old_work_counter=<optimized out>) at /g/g92/wei8/release_exp/taco/legion/legion/runtime/realm/tasks.cc:1239
#5  0x000020000604ad58 in Realm::ThreadedTaskScheduler::scheduler_loop (this=0x143ce4d0) at /g/g92/wei8/release_exp/taco/legion/legion/runtime/realm/tasks.cc:1205
#6  0x000020000604b08c in Realm::ThreadedTaskScheduler::scheduler_loop_wlock (this=0x143ce4d0) at /g/g92/wei8/release_exp/taco/legion/legion/runtime/realm/tasks.cc:1217
#7  0x000020000604e2e4 in Realm::KernelThread::pthread_entry (data=0x20358c0fe810) at /g/g92/wei8/release_exp/taco/legion/legion/runtime/realm/threads.cc:781
#8  0x00002000000f8cd4 in start_thread (arg=0x20002ff0f8b0) at pthread_create.c:309
#9  0x00002000086e7f14 in clone () at ../sysdeps/unix/sysv/linux/powerpc/powerpc64/clone.S:104

Thread 3 (Thread 0x20002e6ff8b0 (LWP 10355)):
#0  syscall () at ../sysdeps/unix/sysv/linux/powerpc/syscall.S:29
#1  0x00002000060fdbb0 in Realm::Doorbell::wait_slow (this=0x20002e700350) at /g/g92/wei8/release_exp/taco/legion/legion/runtime/realm/mutex.cc:316
#2  0x0000200006043644 in wait (this=<optimized out>) at /g/g92/wei8/release_exp/taco/legion/legion/runtime/realm/mutex.inl:81
#3  Realm::ThreadedTaskScheduler::WorkCounter::wait_for_work (this=0x1438b4e0, old_counter=<optimized out>) at /g/g92/wei8/release_exp/taco/legion/legion/runtime/realm/tasks.cc:664
#4  0x0000200006043758 in Realm::ThreadedTaskScheduler::wait_for_work (this=0x1438b350, old_work_counter=<optimized out>) at /g/g92/wei8/release_exp/taco/legion/legion/runtime/realm/tasks.cc:1239
#5  0x000020000604ad58 in Realm::ThreadedTaskScheduler::scheduler_loop (this=0x1438b350) at /g/g92/wei8/release_exp/taco/legion/legion/runtime/realm/tasks.cc:1205
#6  0x000020000604b08c in Realm::ThreadedTaskScheduler::scheduler_loop_wlock (this=0x1438b350) at /g/g92/wei8/release_exp/taco/legion/legion/runtime/realm/tasks.cc:1217
#7  0x000020000604e2e4 in Realm::KernelThread::pthread_entry (data=0x2035b401eb30) at /g/g92/wei8/release_exp/taco/legion/legion/runtime/realm/threads.cc:781
#8  0x00002000000f8cd4 in start_thread (arg=0x20002e6ff8b0) at pthread_create.c:309
#9  0x00002000086e7f14 in clone () at ../sysdeps/unix/sysv/linux/powerpc/powerpc64/clone.S:104

Thread 2 (Thread 0x20002e92f8b0 (LWP 10356)):
#0  syscall () at ../sysdeps/unix/sysv/linux/powerpc/syscall.S:29
#1  0x00002000060fdbb0 in Realm::Doorbell::wait_slow (this=0x20002e930350) at /g/g92/wei8/release_exp/taco/legion/legion/runtime/realm/mutex.cc:316
#2  0x0000200006043644 in wait (this=<optimized out>) at /g/g92/wei8/release_exp/taco/legion/legion/runtime/realm/mutex.inl:81
#3  Realm::ThreadedTaskScheduler::WorkCounter::wait_for_work (this=0x143aac20, old_counter=<optimized out>) at /g/g92/wei8/release_exp/taco/legion/legion/runtime/realm/tasks.cc:664
#4  0x0000200006043758 in Realm::ThreadedTaskScheduler::wait_for_work (this=0x143aaa90, old_work_counter=<optimized out>) at /g/g92/wei8/release_exp/taco/legion/legion/runtime/realm/tasks.cc:1239
#5  0x000020000604ad58 in Realm::ThreadedTaskScheduler::scheduler_loop (this=0x143aaa90) at /g/g92/wei8/release_exp/taco/legion/legion/runtime/realm/tasks.cc:1205
#6  0x000020000604b08c in Realm::ThreadedTaskScheduler::scheduler_loop_wlock (this=0x143aaa90) at /g/g92/wei8/release_exp/taco/legion/legion/runtime/realm/tasks.cc:1217
#7  0x000020000604e2e4 in Realm::KernelThread::pthread_entry (data=0x2035545356c0) at /g/g92/wei8/release_exp/taco/legion/legion/runtime/realm/threads.cc:781
#8  0x00002000000f8cd4 in start_thread (arg=0x20002e92f8b0) at pthread_create.c:309
#9  0x00002000086e7f14 in clone () at ../sysdeps/unix/sysv/linux/powerpc/powerpc64/clone.S:104

Thread 1 (Thread 0x20000a8a0000 (LWP 7526)):
#0  syscall () at ../sysdeps/unix/sysv/linux/powerpc/syscall.S:29
#1  0x00002000060fdbb0 in Realm::Doorbell::wait_slow (this=0x20000a8a0aa0) at /g/g92/wei8/release_exp/taco/legion/legion/runtime/realm/mutex.cc:316
#2  0x00002000060ff338 in wait (this=0x20000a8a0aa0) at /g/g92/wei8/release_exp/taco/legion/legion/runtime/realm/mutex.inl:81
#3  Realm::UnfairCondVar::wait (this=0x101e8290) at /g/g92/wei8/release_exp/taco/legion/legion/runtime/realm/mutex.cc:1017
#4  0x0000200006015528 in Realm::RuntimeImpl::wait_for_shutdown (this=0x101e8160) at /g/g92/wei8/release_exp/taco/legion/legion/runtime/realm/runtime_impl.cc:2277
#5  0x00002000060190ac in Realm::Runtime::wait_for_shutdown (this=0x7fffffffa818) at /g/g92/wei8/release_exp/taco/legion/legion/runtime/realm/runtime_impl.cc:640
#6  0x00002000053eeeb0 in Legion::Internal::Runtime::start (argc=<optimized out>, argv=<optimized out>, background=<optimized out>, supply_default_mapper=<optimized out>) at /g/g92/wei8/release_exp/taco/legion/legion/runtime/legion/runtime.cc:29464
#7  0x0000200005079408 in Legion::Runtime::start (argc=<optimized out>, argv=<optimized out>, background=<optimized out>, default_mapper=<optimized out>) at /g/g92/wei8/release_exp/taco/legion/legion/runtime/legion/legion.cc:7618
#8  0x000000001002ff70 in main ()
[Inferior 1 (process 7526) detached]
