[New LWP 175497]
[New LWP 175486]
[New LWP 175481]
[New LWP 175480]
[New LWP 175419]
[New LWP 174662]
[New LWP 174384]
[New LWP 173698]
[New LWP 173092]
[New LWP 173086]
[New LWP 173085]
[New LWP 173084]
[New LWP 173079]
[New LWP 173078]
[New LWP 173077]
[New LWP 173076]
[New LWP 173075]
[New LWP 173074]
[New LWP 173073]
[New LWP 173072]
[New LWP 173071]
[New LWP 173070]
[New LWP 173069]
[New LWP 173068]
[New LWP 173067]
[New LWP 173066]
[New LWP 173065]
[New LWP 173064]
[New LWP 173063]
[New LWP 173062]
[New LWP 173061]
[New LWP 173060]
[New LWP 173059]
[New LWP 172910]
[New LWP 172909]
[New LWP 172908]
[New LWP 172907]
[New LWP 172906]
[New LWP 172870]
[New LWP 172869]
[Thread debugging using libthread_db enabled]
Using host libthread_db library "/lib64/libthread_db.so.1".
syscall () at ../sysdeps/unix/sysv/linux/powerpc/syscall.S:29
29		PSEUDO_RET

Thread 41 (Thread 0x20000ad4eaf0 (LWP 172869)):
#0  0x00002000086d6df8 in poll () at ../sysdeps/unix/syscall-template.S:81
#1  0x000020000a62a068 in poll_dispatch (base=0x10252990, tv=0x20000ad4e070) at poll.c:171
#2  0x000020000a61c180 in event_base_loop (base=0x10252990, flags=<optimized out>) at event.c:1947
#3  0x000020000a7f0fec in progress_engine () from /usr/tce/packages/spectrum-mpi/ibm/spectrum-mpi-2020.08.19/lib/libopen-pal.so.3
#4  0x00002000000f8cd4 in start_thread (arg=0x20000ad4eaf0) at pthread_create.c:309
#5  0x00002000086e7f14 in clone () at ../sysdeps/unix/sysv/linux/powerpc/powerpc64/clone.S:104

Thread 40 (Thread 0x20000b5feaf0 (LWP 172870)):
#0  0x00002000086e8aa8 in epoll_wait () at ../sysdeps/unix/syscall-template.S:81
#1  0x000020000a62b18c in epoll_dispatch (base=0x102a70e0, tv=<optimized out>) at epoll.c:462
#2  0x000020000a61c180 in event_base_loop (base=0x102a70e0, flags=<optimized out>) at event.c:1947
#3  0x000020000ae61cac in progress_engine () from /usr/tce/packages/spectrum-mpi/ibm/spectrum-mpi-2020.08.19/lib/libpmix.so.2
#4  0x00002000000f8cd4 in start_thread (arg=0x20000b5feaf0) at pthread_create.c:309
#5  0x00002000086e7f14 in clone () at ../sysdeps/unix/sysv/linux/powerpc/powerpc64/clone.S:104

Thread 39 (Thread 0x20002aa6eaf0 (LWP 172906)):
#0  0x00002000086d6df8 in poll () at ../sysdeps/unix/syscall-template.S:81
#1  0x0000200006e50ff0 in ?? () from /usr/tce/packages/cuda/cuda-11.7.0/lib64/libcuda.so.1
#2  0x0000200006f15bf4 in ?? () from /usr/tce/packages/cuda/cuda-11.7.0/lib64/libcuda.so.1
#3  0x0000200006e49c24 in ?? () from /usr/tce/packages/cuda/cuda-11.7.0/lib64/libcuda.so.1
#4  0x00002000000f8cd4 in start_thread (arg=0x20002aa6eaf0) at pthread_create.c:309
#5  0x00002000086e7f14 in clone () at ../sysdeps/unix/sysv/linux/powerpc/powerpc64/clone.S:104

Thread 38 (Thread 0x20002ae7eaf0 (LWP 172907)):
#0  0x00002000086d6df8 in poll () at ../sysdeps/unix/syscall-template.S:81
#1  0x0000200006e50ff0 in ?? () from /usr/tce/packages/cuda/cuda-11.7.0/lib64/libcuda.so.1
#2  0x0000200006f15bf4 in ?? () from /usr/tce/packages/cuda/cuda-11.7.0/lib64/libcuda.so.1
#3  0x0000200006e49c24 in ?? () from /usr/tce/packages/cuda/cuda-11.7.0/lib64/libcuda.so.1
#4  0x00002000000f8cd4 in start_thread (arg=0x20002ae7eaf0) at pthread_create.c:309
#5  0x00002000086e7f14 in clone () at ../sysdeps/unix/sysv/linux/powerpc/powerpc64/clone.S:104

Thread 37 (Thread 0x20002b40eaf0 (LWP 172908)):
#0  0x00002000086d6df8 in poll () at ../sysdeps/unix/syscall-template.S:81
#1  0x0000200006e50ff0 in ?? () from /usr/tce/packages/cuda/cuda-11.7.0/lib64/libcuda.so.1
#2  0x0000200006f15bf4 in ?? () from /usr/tce/packages/cuda/cuda-11.7.0/lib64/libcuda.so.1
#3  0x0000200006e49c24 in ?? () from /usr/tce/packages/cuda/cuda-11.7.0/lib64/libcuda.so.1
#4  0x00002000000f8cd4 in start_thread (arg=0x20002b40eaf0) at pthread_create.c:309
#5  0x00002000086e7f14 in clone () at ../sysdeps/unix/sysv/linux/powerpc/powerpc64/clone.S:104

Thread 36 (Thread 0x20002b99eaf0 (LWP 172909)):
#0  0x00002000086d6df8 in poll () at ../sysdeps/unix/syscall-template.S:81
#1  0x0000200006e50ff0 in ?? () from /usr/tce/packages/cuda/cuda-11.7.0/lib64/libcuda.so.1
#2  0x0000200006f15bf4 in ?? () from /usr/tce/packages/cuda/cuda-11.7.0/lib64/libcuda.so.1
#3  0x0000200006e49c24 in ?? () from /usr/tce/packages/cuda/cuda-11.7.0/lib64/libcuda.so.1
#4  0x00002000000f8cd4 in start_thread (arg=0x20002b99eaf0) at pthread_create.c:309
#5  0x00002000086e7f14 in clone () at ../sysdeps/unix/sysv/linux/powerpc/powerpc64/clone.S:104

Thread 35 (Thread 0x20002bf2eaf0 (LWP 172910)):
#0  0x00002000086d6df8 in poll () at ../sysdeps/unix/syscall-template.S:81
#1  0x0000200006e50ff0 in ?? () from /usr/tce/packages/cuda/cuda-11.7.0/lib64/libcuda.so.1
#2  0x0000200006f15bf4 in ?? () from /usr/tce/packages/cuda/cuda-11.7.0/lib64/libcuda.so.1
#3  0x0000200006e49c24 in ?? () from /usr/tce/packages/cuda/cuda-11.7.0/lib64/libcuda.so.1
#4  0x00002000000f8cd4 in start_thread (arg=0x20002bf2eaf0) at pthread_create.c:309
#5  0x00002000086e7f14 in clone () at ../sysdeps/unix/sysv/linux/powerpc/powerpc64/clone.S:104

Thread 34 (Thread 0x20002c2cf8b0 (LWP 173059)):
#0  sched_yield () at ../sysdeps/unix/syscall-template.S:82
#1  0x00002000060ace6c in Realm::ThreadPool::worker_entry (this=<optimized out>) at /g/g92/wei8/release_exp/taco/legion/legion/runtime/realm/openmp/openmp_threadpool.cc:385
#2  0x000020000604e2e4 in Realm::KernelThread::pthread_entry (data=0x14609090) at /g/g92/wei8/release_exp/taco/legion/legion/runtime/realm/threads.cc:781
#3  0x00002000000f8cd4 in start_thread (arg=0x20002c2cf8b0) at pthread_create.c:309
#4  0x00002000086e7f14 in clone () at ../sysdeps/unix/sysv/linux/powerpc/powerpc64/clone.S:104

Thread 33 (Thread 0x20002c3ff8b0 (LWP 173060)):
#0  syscall () at ../sysdeps/unix/sysv/linux/powerpc/syscall.S:29
#1  0x00002000060fdbb0 in Realm::Doorbell::wait_slow (this=0x20002c400350) at /g/g92/wei8/release_exp/taco/legion/legion/runtime/realm/mutex.cc:316
#2  0x0000200005f3f8c4 in wait (this=<optimized out>) at /g/g92/wei8/release_exp/taco/legion/legion/runtime/realm/mutex.inl:81
#3  Realm::BackgroundWorkThread::main_loop (this=0x143cf290) at /g/g92/wei8/release_exp/taco/legion/legion/runtime/realm/bgwork.cc:166
#4  0x000020000604e2e4 in Realm::KernelThread::pthread_entry (data=0x14412f70) at /g/g92/wei8/release_exp/taco/legion/legion/runtime/realm/threads.cc:781
#5  0x00002000000f8cd4 in start_thread (arg=0x20002c3ff8b0) at pthread_create.c:309
#6  0x00002000086e7f14 in clone () at ../sysdeps/unix/sysv/linux/powerpc/powerpc64/clone.S:104

Thread 32 (Thread 0x20002c52f8b0 (LWP 173061)):
#0  syscall () at ../sysdeps/unix/sysv/linux/powerpc/syscall.S:29
#1  0x00002000060fdbb0 in Realm::Doorbell::wait_slow (this=0x20002c530350) at /g/g92/wei8/release_exp/taco/legion/legion/runtime/realm/mutex.cc:316
#2  0x0000200005f3f8c4 in wait (this=<optimized out>) at /g/g92/wei8/release_exp/taco/legion/legion/runtime/realm/mutex.inl:81
#3  Realm::BackgroundWorkThread::main_loop (this=0x14416d20) at /g/g92/wei8/release_exp/taco/legion/legion/runtime/realm/bgwork.cc:166
#4  0x000020000604e2e4 in Realm::KernelThread::pthread_entry (data=0x14416df0) at /g/g92/wei8/release_exp/taco/legion/legion/runtime/realm/threads.cc:781
#5  0x00002000000f8cd4 in start_thread (arg=0x20002c52f8b0) at pthread_create.c:309
#6  0x00002000086e7f14 in clone () at ../sysdeps/unix/sysv/linux/powerpc/powerpc64/clone.S:104

Thread 31 (Thread 0x20002c65f8b0 (LWP 173062)):
#0  syscall () at ../sysdeps/unix/sysv/linux/powerpc/syscall.S:29
#1  0x00002000060fdbb0 in Realm::Doorbell::wait_slow (this=0x20002c660350) at /g/g92/wei8/release_exp/taco/legion/legion/runtime/realm/mutex.cc:316
#2  0x0000200005f3f8c4 in wait (this=<optimized out>) at /g/g92/wei8/release_exp/taco/legion/legion/runtime/realm/mutex.inl:81
#3  Realm::BackgroundWorkThread::main_loop (this=0x14412e40) at /g/g92/wei8/release_exp/taco/legion/legion/runtime/realm/bgwork.cc:166
#4  0x000020000604e2e4 in Realm::KernelThread::pthread_entry (data=0x14412eb0) at /g/g92/wei8/release_exp/taco/legion/legion/runtime/realm/threads.cc:781
#5  0x00002000000f8cd4 in start_thread (arg=0x20002c65f8b0) at pthread_create.c:309
#6  0x00002000086e7f14 in clone () at ../sysdeps/unix/sysv/linux/powerpc/powerpc64/clone.S:104

Thread 30 (Thread 0x20002c78f8b0 (LWP 173063)):
#0  syscall () at ../sysdeps/unix/sysv/linux/powerpc/syscall.S:29
#1  0x00002000060fdbb0 in Realm::Doorbell::wait_slow (this=0x20002c790350) at /g/g92/wei8/release_exp/taco/legion/legion/runtime/realm/mutex.cc:316
#2  0x0000200005f3f8c4 in wait (this=<optimized out>) at /g/g92/wei8/release_exp/taco/legion/legion/runtime/realm/mutex.inl:81
#3  Realm::BackgroundWorkThread::main_loop (this=0x1441abc0) at /g/g92/wei8/release_exp/taco/legion/legion/runtime/realm/bgwork.cc:166
#4  0x000020000604e2e4 in Realm::KernelThread::pthread_entry (data=0x1441ac90) at /g/g92/wei8/release_exp/taco/legion/legion/runtime/realm/threads.cc:781
#5  0x00002000000f8cd4 in start_thread (arg=0x20002c78f8b0) at pthread_create.c:309
#6  0x00002000086e7f14 in clone () at ../sysdeps/unix/sysv/linux/powerpc/powerpc64/clone.S:104

Thread 29 (Thread 0x20002c8bf8b0 (LWP 173064)):
#0  syscall () at ../sysdeps/unix/sysv/linux/powerpc/syscall.S:29
#1  0x00002000060fdbb0 in Realm::Doorbell::wait_slow (this=0x20002c8c0350) at /g/g92/wei8/release_exp/taco/legion/legion/runtime/realm/mutex.cc:316
#2  0x0000200005f3f8c4 in wait (this=<optimized out>) at /g/g92/wei8/release_exp/taco/legion/legion/runtime/realm/mutex.inl:81
#3  Realm::BackgroundWorkThread::main_loop (this=0x14436230) at /g/g92/wei8/release_exp/taco/legion/legion/runtime/realm/bgwork.cc:166
#4  0x000020000604e2e4 in Realm::KernelThread::pthread_entry (data=0x14436300) at /g/g92/wei8/release_exp/taco/legion/legion/runtime/realm/threads.cc:781
#5  0x00002000000f8cd4 in start_thread (arg=0x20002c8bf8b0) at pthread_create.c:309
#6  0x00002000086e7f14 in clone () at ../sysdeps/unix/sysv/linux/powerpc/powerpc64/clone.S:104

Thread 28 (Thread 0x20002c9ef8b0 (LWP 173065)):
#0  syscall () at ../sysdeps/unix/sysv/linux/powerpc/syscall.S:29
#1  0x00002000060fdbb0 in Realm::Doorbell::wait_slow (this=0x20002c9f0350) at /g/g92/wei8/release_exp/taco/legion/legion/runtime/realm/mutex.cc:316
#2  0x0000200005f3f8c4 in wait (this=<optimized out>) at /g/g92/wei8/release_exp/taco/legion/legion/runtime/realm/mutex.inl:81
#3  Realm::BackgroundWorkThread::main_loop (this=0x1443a120) at /g/g92/wei8/release_exp/taco/legion/legion/runtime/realm/bgwork.cc:166
#4  0x000020000604e2e4 in Realm::KernelThread::pthread_entry (data=0x1443a1f0) at /g/g92/wei8/release_exp/taco/legion/legion/runtime/realm/threads.cc:781
#5  0x00002000000f8cd4 in start_thread (arg=0x20002c9ef8b0) at pthread_create.c:309
#6  0x00002000086e7f14 in clone () at ../sysdeps/unix/sysv/linux/powerpc/powerpc64/clone.S:104

Thread 27 (Thread 0x20002cb1f8b0 (LWP 173066)):
#0  syscall () at ../sysdeps/unix/sysv/linux/powerpc/syscall.S:29
#1  0x00002000060fdbb0 in Realm::Doorbell::wait_slow (this=0x20002cb20350) at /g/g92/wei8/release_exp/taco/legion/legion/runtime/realm/mutex.cc:316
#2  0x0000200005f3f8c4 in wait (this=<optimized out>) at /g/g92/wei8/release_exp/taco/legion/legion/runtime/realm/mutex.inl:81
#3  Realm::BackgroundWorkThread::main_loop (this=0x1446d480) at /g/g92/wei8/release_exp/taco/legion/legion/runtime/realm/bgwork.cc:166
#4  0x000020000604e2e4 in Realm::KernelThread::pthread_entry (data=0x14455a60) at /g/g92/wei8/release_exp/taco/legion/legion/runtime/realm/threads.cc:781
#5  0x00002000000f8cd4 in start_thread (arg=0x20002cb1f8b0) at pthread_create.c:309
#6  0x00002000086e7f14 in clone () at ../sysdeps/unix/sysv/linux/powerpc/powerpc64/clone.S:104

Thread 26 (Thread 0x20002cc4f8b0 (LWP 173067)):
#0  __do_get_tspec () at arch/powerpc/kernel/vdso64/gettimeofday.S:217
#1  0x000020000005057c in __kernel_clock_gettime () at arch/powerpc/kernel/vdso64/gettimeofday.S:75
[Inferior 1 (process 172854) detached]
