jsmd(73865)-+-cannonMM-cuda(73959)-+-{cannonMM-cuda}(73962)
            |                      |-{cannonMM-cuda}(73963)
            |                      |-{cannonMM-cuda}(74009)
            |                      |-{cannonMM-cuda}(74014)
            |                      |-{cannonMM-cuda}(74016)
            |                      |-{cannonMM-cuda}(74017)
            |                      |-{cannonMM-cuda}(74018)
            |                      |-{cannonMM-cuda}(74154)
            |                      |-{cannonMM-cuda}(74155)
            |                      |-{cannonMM-cuda}(74156)
            |                      |-{cannonMM-cuda}(74157)
            |                      |-{cannonMM-cuda}(74158)
            |                      |-{cannonMM-cuda}(74159)
            |                      |-{cannonMM-cuda}(74160)
            |                      |-{cannonMM-cuda}(74161)
            |                      |-{cannonMM-cuda}(74162)
            |                      |-{cannonMM-cuda}(74163)
            |                      |-{cannonMM-cuda}(74164)
            |                      |-{cannonMM-cuda}(74165)
            |                      |-{cannonMM-cuda}(74166)
            |                      |-{cannonMM-cuda}(74167)
            |                      |-{cannonMM-cuda}(74168)
            |                      |-{cannonMM-cuda}(74169)
            |                      |-{cannonMM-cuda}(74170)
            |                      |-{cannonMM-cuda}(74171)
            |                      |-{cannonMM-cuda}(74172)
            |                      |-{cannonMM-cuda}(74173)
            |                      |-{cannonMM-cuda}(74174)
            |                      |-{cannonMM-cuda}(74179)
            |                      |-{cannonMM-cuda}(74180)
            |                      |-{cannonMM-cuda}(74183)
            |                      |-{cannonMM-cuda}(74187)
            |                      |-{cannonMM-cuda}(75190)
            |                      |-{cannonMM-cuda}(75192)
            |                      |-{cannonMM-cuda}(76096)
            |                      |-{cannonMM-cuda}(76568)
            |                      |-{cannonMM-cuda}(76571)
            |                      |-{cannonMM-cuda}(76573)
            |                      `-{cannonMM-cuda}(76574)
            |-{jsmd}(73867)
            |-{jsmd}(73874)
            |-{jsmd}(73875)
            |-{jsmd}(73876)
            |-{jsmd}(73877)
            |-{jsmd}(73878)
            |-{jsmd}(73879)
            |-{jsmd}(73880)
            |-{jsmd}(73881)
            |-{jsmd}(73882)
            |-{jsmd}(73883)
            |-{jsmd}(73884)
            |-{jsmd}(73885)
            |-{jsmd}(73886)
            |-{jsmd}(73887)
            |-{jsmd}(73888)
            |-{jsmd}(73889)
            |-{jsmd}(73890)
            |-{jsmd}(73891)
            `-{jsmd}(73892)

sshd(109635)---bash(109652)---pstree(109757)
