jsmd(166461)-+-cannonMM-cuda(166611)-+-{cannonMM-cuda}(166614)
             |                       |-{cannonMM-cuda}(166615)
             |                       |-{cannonMM-cuda}(166663)
             |                       |-{cannonMM-cuda}(166665)
             |                       |-{cannonMM-cuda}(166666)
             |                       |-{cannonMM-cuda}(166667)
             |                       |-{cannonMM-cuda}(166668)
             |                       |-{cannonMM-cuda}(166803)
             |                       |-{cannonMM-cuda}(166804)
             |                       |-{cannonMM-cuda}(166805)
             |                       |-{cannonMM-cuda}(166806)
             |                       |-{cannonMM-cuda}(166807)
             |                       |-{cannonMM-cuda}(166808)
             |                       |-{cannonMM-cuda}(166809)
             |                       |-{cannonMM-cuda}(166810)
             |                       |-{cannonMM-cuda}(166811)
             |                       |-{cannonMM-cuda}(166812)
             |                       |-{cannonMM-cuda}(166813)
             |                       |-{cannonMM-cuda}(166814)
             |                       |-{cannonMM-cuda}(166815)
             |                       |-{cannonMM-cuda}(166816)
             |                       |-{cannonMM-cuda}(166817)
             |                       |-{cannonMM-cuda}(166818)
             |                       |-{cannonMM-cuda}(166819)
             |                       |-{cannonMM-cuda}(166820)
             |                       |-{cannonMM-cuda}(166821)
             |                       |-{cannonMM-cuda}(166822)
             |                       |-{cannonMM-cuda}(166823)
             |                       |-{cannonMM-cuda}(166828)
             |                       |-{cannonMM-cuda}(166829)
             |                       |-{cannonMM-cuda}(166836)
             |                       |-{cannonMM-cuda}(169092)
             |                       |-{cannonMM-cuda}(169094)
             |                       |-{cannonMM-cuda}(169159)
             |                       |-{cannonMM-cuda}(169273)
             |                       |-{cannonMM-cuda}(169323)
             |                       |-{cannonMM-cuda}(169324)
             |                       |-{cannonMM-cuda}(169346)
             |                       `-{cannonMM-cuda}(169361)
             |-{jsmd}(166470)
             |-{jsmd}(166472)
             |-{jsmd}(166482)
             |-{jsmd}(166483)
             |-{jsmd}(166484)
             |-{jsmd}(166485)
             |-{jsmd}(166486)
             |-{jsmd}(166487)
             |-{jsmd}(166488)
             |-{jsmd}(166489)
             |-{jsmd}(166490)
             |-{jsmd}(166491)
             |-{jsmd}(166492)
             |-{jsmd}(166493)
             |-{jsmd}(166494)
             |-{jsmd}(166495)
             |-{jsmd}(166496)
             |-{jsmd}(166497)
             |-{jsmd}(166498)
             `-{jsmd}(166499)

sshd(23529)---bash(23535)---pstree(23611)
