jsmd(67550)-+-cannonMM-cuda(67760)-+-{cannonMM-cuda}(67771)
            |                      |-{cannonMM-cuda}(67779)
            |                      |-{cannonMM-cuda}(67809)
            |                      |-{cannonMM-cuda}(67815)
            |                      |-{cannonMM-cuda}(67818)
            |                      |-{cannonMM-cuda}(67819)
            |                      |-{cannonMM-cuda}(67820)
            |                      |-{cannonMM-cuda}(67957)
            |                      |-{cannonMM-cuda}(67958)
            |                      |-{cannonMM-cuda}(67959)
            |                      |-{cannonMM-cuda}(67960)
            |                      |-{cannonMM-cuda}(67961)
            |                      |-{cannonMM-cuda}(67962)
            |                      |-{cannonMM-cuda}(67963)
            |                      |-{cannonMM-cuda}(67964)
            |                      |-{cannonMM-cuda}(67965)
            |                      |-{cannonMM-cuda}(67966)
            |                      |-{cannonMM-cuda}(67967)
            |                      |-{cannonMM-cuda}(67968)
            |                      |-{cannonMM-cuda}(67969)
            |                      |-{cannonMM-cuda}(67970)
            |                      |-{cannonMM-cuda}(67971)
            |                      |-{cannonMM-cuda}(67972)
            |                      |-{cannonMM-cuda}(67973)
            |                      |-{cannonMM-cuda}(67974)
            |                      |-{cannonMM-cuda}(67975)
            |                      |-{cannonMM-cuda}(67976)
            |                      |-{cannonMM-cuda}(67977)
            |                      |-{cannonMM-cuda}(67982)
            |                      |-{cannonMM-cuda}(67983)
            |                      |-{cannonMM-cuda}(67990)
            |                      |-{cannonMM-cuda}(68491)
            |                      |-{cannonMM-cuda}(68908)
            |                      |-{cannonMM-cuda}(69718)
            |                      |-{cannonMM-cuda}(70184)
            |                      |-{cannonMM-cuda}(70435)
            |                      |-{cannonMM-cuda}(70454)
            |                      |-{cannonMM-cuda}(70455)
            |                      `-{cannonMM-cuda}(70457)
            |-{jsmd}(67551)
            |-{jsmd}(67567)
            |-{jsmd}(67568)
            |-{jsmd}(67569)
            |-{jsmd}(67570)
            |-{jsmd}(67572)
            |-{jsmd}(67573)
            |-{jsmd}(67574)
            |-{jsmd}(67575)
            |-{jsmd}(67576)
            |-{jsmd}(67577)
            |-{jsmd}(67578)
            |-{jsmd}(67579)
            |-{jsmd}(67580)
            |-{jsmd}(67581)
            |-{jsmd}(67582)
            |-{jsmd}(67583)
            |-{jsmd}(67584)
            |-{jsmd}(67585)
            `-{jsmd}(67586)

sshd(103520)---bash(103521)---pstree(103590)
