jsmd(112275)-+-cannonMM-cuda(112344)-+-{cannonMM-cuda}(112347)
             |                       |-{cannonMM-cuda}(112352)
             |                       |-{cannonMM-cuda}(112412)
             |                       |-{cannonMM-cuda}(112415)
             |                       |-{cannonMM-cuda}(112416)
             |                       |-{cannonMM-cuda}(112417)
             |                       |-{cannonMM-cuda}(112418)
             |                       |-{cannonMM-cuda}(112552)
             |                       |-{cannonMM-cuda}(112553)
             |                       |-{cannonMM-cuda}(112554)
             |                       |-{cannonMM-cuda}(112555)
             |                       |-{cannonMM-cuda}(112556)
             |                       |-{cannonMM-cuda}(112557)
             |                       |-{cannonMM-cuda}(112558)
             |                       |-{cannonMM-cuda}(112559)
             |                       |-{cannonMM-cuda}(112560)
             |                       |-{cannonMM-cuda}(112561)
             |                       |-{cannonMM-cuda}(112562)
             |                       |-{cannonMM-cuda}(112563)
             |                       |-{cannonMM-cuda}(112564)
             |                       |-{cannonMM-cuda}(112565)
             |                       |-{cannonMM-cuda}(112566)
             |                       |-{cannonMM-cuda}(112567)
             |                       |-{cannonMM-cuda}(112568)
             |                       |-{cannonMM-cuda}(112569)
             |                       |-{cannonMM-cuda}(112570)
             |                       |-{cannonMM-cuda}(112571)
             |                       |-{cannonMM-cuda}(112572)
             |                       |-{cannonMM-cuda}(112578)
             |                       |-{cannonMM-cuda}(112579)
             |                       |-{cannonMM-cuda}(112582)
             |                       |-{cannonMM-cuda}(112587)
             |                       |-{cannonMM-cuda}(113066)
             |                       |-{cannonMM-cuda}(113929)
             |                       |-{cannonMM-cuda}(114798)
             |                       |-{cannonMM-cuda}(115084)
             |                       |-{cannonMM-cuda}(115106)
             |                       |-{cannonMM-cuda}(115109)
             |                       `-{cannonMM-cuda}(115112)
             |-{jsmd}(112276)
             |-{jsmd}(112279)
             |-{jsmd}(112280)
             |-{jsmd}(112281)
             |-{jsmd}(112282)
             |-{jsmd}(112283)
             |-{jsmd}(112284)
             |-{jsmd}(112285)
             |-{jsmd}(112286)
             |-{jsmd}(112287)
             |-{jsmd}(112288)
             |-{jsmd}(112289)
             |-{jsmd}(112290)
             |-{jsmd}(112291)
             |-{jsmd}(112292)
             |-{jsmd}(112293)
             |-{jsmd}(112294)
             |-{jsmd}(112295)
             |-{jsmd}(112296)
             `-{jsmd}(112297)

sshd(148434)---bash(148468)---pstree(148544)
