jsmd(121440)-+-cannonMM-cuda(121537)-+-{cannonMM-cuda}(121549)
             |                       |-{cannonMM-cuda}(121550)
             |                       |-{cannonMM-cuda}(121588)
             |                       |-{cannonMM-cuda}(121589)
             |                       |-{cannonMM-cuda}(121590)
             |                       |-{cannonMM-cuda}(121591)
             |                       |-{cannonMM-cuda}(121592)
             |                       |-{cannonMM-cuda}(121727)
             |                       |-{cannonMM-cuda}(121728)
             |                       |-{cannonMM-cuda}(121729)
             |                       |-{cannonMM-cuda}(121730)
             |                       |-{cannonMM-cuda}(121731)
             |                       |-{cannonMM-cuda}(121732)
             |                       |-{cannonMM-cuda}(121733)
             |                       |-{cannonMM-cuda}(121734)
             |                       |-{cannonMM-cuda}(121735)
             |                       |-{cannonMM-cuda}(121736)
             |                       |-{cannonMM-cuda}(121737)
             |                       |-{cannonMM-cuda}(121738)
             |                       |-{cannonMM-cuda}(121739)
             |                       |-{cannonMM-cuda}(121740)
             |                       |-{cannonMM-cuda}(121741)
             |                       |-{cannonMM-cuda}(121742)
             |                       |-{cannonMM-cuda}(121743)
             |                       |-{cannonMM-cuda}(121744)
             |                       |-{cannonMM-cuda}(121745)
             |                       |-{cannonMM-cuda}(121746)
             |                       |-{cannonMM-cuda}(121747)
             |                       |-{cannonMM-cuda}(121752)
             |                       |-{cannonMM-cuda}(121753)
             |                       |-{cannonMM-cuda}(121756)
             |                       |-{cannonMM-cuda}(121760)
             |                       |-{cannonMM-cuda}(122911)
             |                       |-{cannonMM-cuda}(123398)
             |                       |-{cannonMM-cuda}(123805)
             |                       |-{cannonMM-cuda}(124231)
             |                       |-{cannonMM-cuda}(124234)
             |                       |-{cannonMM-cuda}(124235)
             |                       `-{cannonMM-cuda}(124236)
             |-{jsmd}(121442)
             |-{jsmd}(121454)
             |-{jsmd}(121461)
             |-{jsmd}(121462)
             |-{jsmd}(121463)
             |-{jsmd}(121464)
             |-{jsmd}(121465)
             |-{jsmd}(121466)
             |-{jsmd}(121467)
             |-{jsmd}(121468)
             |-{jsmd}(121469)
             |-{jsmd}(121470)
             |-{jsmd}(121471)
             |-{jsmd}(121472)
             |-{jsmd}(121473)
             |-{jsmd}(121474)
             |-{jsmd}(121475)
             |-{jsmd}(121476)
             |-{jsmd}(121477)
             `-{jsmd}(121478)

sshd(157223)---bash(157293)---pstree(157363)
