jsmd(51638)-+-cannonMM-cuda(51715)-+-{cannonMM-cuda}(51729)
            |                      |-{cannonMM-cuda}(51730)
            |                      |-{cannonMM-cuda}(51760)
            |                      |-{cannonMM-cuda}(51766)
            |                      |-{cannonMM-cuda}(51768)
            |                      |-{cannonMM-cuda}(51770)
            |                      |-{cannonMM-cuda}(51771)
            |                      |-{cannonMM-cuda}(51916)
            |                      |-{cannonMM-cuda}(51917)
            |                      |-{cannonMM-cuda}(51918)
            |                      |-{cannonMM-cuda}(51919)
            |                      |-{cannonMM-cuda}(51920)
            |                      |-{cannonMM-cuda}(51921)
            |                      |-{cannonMM-cuda}(51922)
            |                      |-{cannonMM-cuda}(51923)
            |                      |-{cannonMM-cuda}(51924)
            |                      |-{cannonMM-cuda}(51925)
            |                      |-{cannonMM-cuda}(51926)
            |                      |-{cannonMM-cuda}(51927)
            |                      |-{cannonMM-cuda}(51928)
            |                      |-{cannonMM-cuda}(51929)
            |                      |-{cannonMM-cuda}(51930)
            |                      |-{cannonMM-cuda}(51931)
            |                      |-{cannonMM-cuda}(51932)
            |                      |-{cannonMM-cuda}(51933)
            |                      |-{cannonMM-cuda}(51934)
            |                      |-{cannonMM-cuda}(51935)
            |                      |-{cannonMM-cuda}(51936)
            |                      |-{cannonMM-cuda}(51941)
            |                      |-{cannonMM-cuda}(51942)
            |                      |-{cannonMM-cuda}(51946)
            |                      |-{cannonMM-cuda}(51949)
            |                      |-{cannonMM-cuda}(53493)
            |                      |-{cannonMM-cuda}(54299)
            |                      |-{cannonMM-cuda}(54378)
            |                      |-{cannonMM-cuda}(54396)
            |                      |-{cannonMM-cuda}(54401)
            |                      |-{cannonMM-cuda}(54403)
            |                      `-{cannonMM-cuda}(54407)
            |-{jsmd}(51639)
            |-{jsmd}(51640)
            |-{jsmd}(51641)
            |-{jsmd}(51642)
            |-{jsmd}(51643)
            |-{jsmd}(51644)
            |-{jsmd}(51645)
            |-{jsmd}(51646)
            |-{jsmd}(51647)
            |-{jsmd}(51648)
            |-{jsmd}(51649)
            |-{jsmd}(51650)
            |-{jsmd}(51651)
            |-{jsmd}(51652)
            |-{jsmd}(51653)
            |-{jsmd}(51654)
            |-{jsmd}(51655)
            |-{jsmd}(51656)
            |-{jsmd}(51657)
            `-{jsmd}(51658)

sshd(87302)---bash(87303)---pstree(87306)
