jsmd(134292)-+-cannonMM-cuda(134372)-+-{cannonMM-cuda}(134385)
             |                       |-{cannonMM-cuda}(134386)
             |                       |-{cannonMM-cuda}(134424)
             |                       |-{cannonMM-cuda}(134426)
             |                       |-{cannonMM-cuda}(134427)
             |                       |-{cannonMM-cuda}(134428)
             |                       |-{cannonMM-cuda}(134429)
             |                       |-{cannonMM-cuda}(134578)
             |                       |-{cannonMM-cuda}(134579)
             |                       |-{cannonMM-cuda}(134580)
             |                       |-{cannonMM-cuda}(134581)
             |                       |-{cannonMM-cuda}(134582)
             |                       |-{cannonMM-cuda}(134583)
             |                       |-{cannonMM-cuda}(134584)
             |                       |-{cannonMM-cuda}(134585)
             |                       |-{cannonMM-cuda}(134586)
             |                       |-{cannonMM-cuda}(134587)
             |                       |-{cannonMM-cuda}(134588)
             |                       |-{cannonMM-cuda}(134589)
             |                       |-{cannonMM-cuda}(134590)
             |                       |-{cannonMM-cuda}(134591)
             |                       |-{cannonMM-cuda}(134592)
             |                       |-{cannonMM-cuda}(134593)
             |                       |-{cannonMM-cuda}(134594)
             |                       |-{cannonMM-cuda}(134595)
             |                       |-{cannonMM-cuda}(134596)
             |                       |-{cannonMM-cuda}(134597)
             |                       |-{cannonMM-cuda}(134598)
             |                       |-{cannonMM-cuda}(134603)
             |                       |-{cannonMM-cuda}(134604)
             |                       |-{cannonMM-cuda}(134605)
             |                       |-{cannonMM-cuda}(134606)
             |                       |-{cannonMM-cuda}(134608)
             |                       |-{cannonMM-cuda}(134611)
             |                       |-{cannonMM-cuda}(136633)
             |                       |-{cannonMM-cuda}(136998)
             |                       |-{cannonMM-cuda}(137023)
             |                       |-{cannonMM-cuda}(137028)
             |                       `-{cannonMM-cuda}(137029)
             |-{jsmd}(134293)
             |-{jsmd}(134307)
             |-{jsmd}(134309)
             |-{jsmd}(134310)
             |-{jsmd}(134311)
             |-{jsmd}(134312)
             |-{jsmd}(134313)
             |-{jsmd}(134314)
             |-{jsmd}(134315)
             |-{jsmd}(134316)
             |-{jsmd}(134317)
             |-{jsmd}(134318)
             |-{jsmd}(134319)
             |-{jsmd}(134320)
             |-{jsmd}(134321)
             |-{jsmd}(134322)
             |-{jsmd}(134323)
             |-{jsmd}(134324)
             |-{jsmd}(134325)
             `-{jsmd}(134326)

sshd(170482)---bash(170483)---pstree(170501)
