jsmd(83765)-+-cannonMM-cuda(83859)-+-{cannonMM-cuda}(83861)
            |                      |-{cannonMM-cuda}(83862)
            |                      |-{cannonMM-cuda}(83903)
            |                      |-{cannonMM-cuda}(83910)
            |                      |-{cannonMM-cuda}(83912)
            |                      |-{cannonMM-cuda}(83913)
            |                      |-{cannonMM-cuda}(83914)
            |                      |-{cannonMM-cuda}(84051)
            |                      |-{cannonMM-cuda}(84052)
            |                      |-{cannonMM-cuda}(84053)
            |                      |-{cannonMM-cuda}(84054)
            |                      |-{cannonMM-cuda}(84055)
            |                      |-{cannonMM-cuda}(84056)
            |                      |-{cannonMM-cuda}(84057)
            |                      |-{cannonMM-cuda}(84058)
            |                      |-{cannonMM-cuda}(84059)
            |                      |-{cannonMM-cuda}(84060)
            |                      |-{cannonMM-cuda}(84061)
            |                      |-{cannonMM-cuda}(84062)
            |                      |-{cannonMM-cuda}(84063)
            |                      |-{cannonMM-cuda}(84064)
            |                      |-{cannonMM-cuda}(84065)
            |                      |-{cannonMM-cuda}(84066)
            |                      |-{cannonMM-cuda}(84067)
            |                      |-{cannonMM-cuda}(84068)
            |                      |-{cannonMM-cuda}(84069)
            |                      |-{cannonMM-cuda}(84070)
            |                      |-{cannonMM-cuda}(84071)
            |                      |-{cannonMM-cuda}(84076)
            |                      |-{cannonMM-cuda}(84077)
            |                      |-{cannonMM-cuda}(84081)
            |                      |-{cannonMM-cuda}(84084)
            |                      |-{cannonMM-cuda}(84546)
            |                      |-{cannonMM-cuda}(84556)
            |                      |-{cannonMM-cuda}(86058)
            |                      |-{cannonMM-cuda}(86447)
            |                      |-{cannonMM-cuda}(86683)
            |                      |-{cannonMM-cuda}(86684)
            |                      |-{cannonMM-cuda}(86685)
            |                      `-{cannonMM-cuda}(86687)
            |-{jsmd}(83766)
            |-{jsmd}(83767)
            |-{jsmd}(83768)
            |-{jsmd}(83769)
            |-{jsmd}(83770)
            |-{jsmd}(83771)
            |-{jsmd}(83772)
            |-{jsmd}(83773)
            |-{jsmd}(83774)
            |-{jsmd}(83775)
            |-{jsmd}(83776)
            |-{jsmd}(83777)
            |-{jsmd}(83778)
            |-{jsmd}(83779)
            |-{jsmd}(83780)
            |-{jsmd}(83781)
            |-{jsmd}(83782)
            |-{jsmd}(83783)
            |-{jsmd}(83784)
            `-{jsmd}(83785)

sshd(119767)---bash(119771)---pstree(119801)
