jsmd(26439)-+-cannonMM-cuda(26515)-+-{cannonMM-cuda}(26518)
            |                      |-{cannonMM-cuda}(26519)
            |                      |-{cannonMM-cuda}(26567)
            |                      |-{cannonMM-cuda}(26570)
            |                      |-{cannonMM-cuda}(26571)
            |                      |-{cannonMM-cuda}(26572)
            |                      |-{cannonMM-cuda}(26573)
            |                      |-{cannonMM-cuda}(26854)
            |                      |-{cannonMM-cuda}(26855)
            |                      |-{cannonMM-cuda}(26856)
            |                      |-{cannonMM-cuda}(26857)
            |                      |-{cannonMM-cuda}(26858)
            |                      |-{cannonMM-cuda}(26859)
            |                      |-{cannonMM-cuda}(26860)
            |                      |-{cannonMM-cuda}(26861)
            |                      |-{cannonMM-cuda}(26862)
            |                      |-{cannonMM-cuda}(26863)
            |                      |-{cannonMM-cuda}(26864)
            |                      |-{cannonMM-cuda}(26865)
            |                      |-{cannonMM-cuda}(26866)
            |                      |-{cannonMM-cuda}(26867)
            |                      |-{cannonMM-cuda}(26868)
            |                      |-{cannonMM-cuda}(26869)
            |                      |-{cannonMM-cuda}(26870)
            |                      |-{cannonMM-cuda}(26871)
            |                      |-{cannonMM-cuda}(26872)
            |                      |-{cannonMM-cuda}(26873)
            |                      |-{cannonMM-cuda}(26874)
            |                      |-{cannonMM-cuda}(26880)
            |                      |-{cannonMM-cuda}(26881)
            |                      |-{cannonMM-cuda}(26882)
            |                      |-{cannonMM-cuda}(26888)
            |                      |-{cannonMM-cuda}(28192)
            |                      |-{cannonMM-cuda}(28728)
            |                      |-{cannonMM-cuda}(29152)
            |                      |-{cannonMM-cuda}(29452)
            |                      |-{cannonMM-cuda}(29471)
            |                      |-{cannonMM-cuda}(29473)
            |                      `-{cannonMM-cuda}(29474)
            |-{jsmd}(26440)
            |-{jsmd}(26441)
            |-{jsmd}(26442)
            |-{jsmd}(26443)
            |-{jsmd}(26444)
            |-{jsmd}(26445)
            |-{jsmd}(26446)
            |-{jsmd}(26447)
            |-{jsmd}(26448)
            |-{jsmd}(26449)
            |-{jsmd}(26450)
            |-{jsmd}(26451)
            |-{jsmd}(26452)
            |-{jsmd}(26453)
            |-{jsmd}(26454)
            |-{jsmd}(26455)
            |-{jsmd}(26456)
            |-{jsmd}(26457)
            |-{jsmd}(26458)
            `-{jsmd}(26459)

sshd(62873)---bash(62887)---pstree(62952)
