jsmd(138956)-+-cannonMM-cuda(139120)-+-{cannonMM-cuda}(139131)
             |                       |-{cannonMM-cuda}(139133)
             |                       |-{cannonMM-cuda}(139170)
             |                       |-{cannonMM-cuda}(139171)
             |                       |-{cannonMM-cuda}(139172)
             |                       |-{cannonMM-cuda}(139173)
             |                       |-{cannonMM-cuda}(139174)
             |                       |-{cannonMM-cuda}(139310)
             |                       |-{cannonMM-cuda}(139311)
             |                       |-{cannonMM-cuda}(139312)
             |                       |-{cannonMM-cuda}(139313)
             |                       |-{cannonMM-cuda}(139314)
             |                       |-{cannonMM-cuda}(139315)
             |                       |-{cannonMM-cuda}(139316)
             |                       |-{cannonMM-cuda}(139317)
             |                       |-{cannonMM-cuda}(139318)
             |                       |-{cannonMM-cuda}(139319)
             |                       |-{cannonMM-cuda}(139320)
             |                       |-{cannonMM-cuda}(139321)
             |                       |-{cannonMM-cuda}(139322)
             |                       |-{cannonMM-cuda}(139323)
             |                       |-{cannonMM-cuda}(139324)
             |                       |-{cannonMM-cuda}(139325)
             |                       |-{cannonMM-cuda}(139326)
             |                       |-{cannonMM-cuda}(139327)
             |                       |-{cannonMM-cuda}(139328)
             |                       |-{cannonMM-cuda}(139329)
             |                       |-{cannonMM-cuda}(139330)
             |                       |-{cannonMM-cuda}(139335)
             |                       |-{cannonMM-cuda}(139336)
             |                       |-{cannonMM-cuda}(139338)
             |                       |-{cannonMM-cuda}(139339)
             |                       |-{cannonMM-cuda}(139340)
             |                       |-{cannonMM-cuda}(139343)
             |                       |-{cannonMM-cuda}(140315)
             |                       |-{cannonMM-cuda}(141888)
             |                       |-{cannonMM-cuda}(141889)
             |                       |-{cannonMM-cuda}(141914)
             |                       `-{cannonMM-cuda}(141916)
             |-{jsmd}(138966)
             |-{jsmd}(138967)
             |-{jsmd}(138978)
             |-{jsmd}(138979)
             |-{jsmd}(138980)
             |-{jsmd}(138981)
             |-{jsmd}(138982)
             |-{jsmd}(138983)
             |-{jsmd}(138984)
             |-{jsmd}(138985)
             |-{jsmd}(138986)
             |-{jsmd}(138987)
             |-{jsmd}(138988)
             |-{jsmd}(138989)
             |-{jsmd}(138990)
             |-{jsmd}(138991)
             |-{jsmd}(138992)
             |-{jsmd}(138993)
             |-{jsmd}(138994)
             `-{jsmd}(138995)

sshd(175390)---bash(175441)---pstree(175458)
