jsmd(77323)-+-cannonMM-cuda(77405)-+-{cannonMM-cuda}(77419)
            |                      |-{cannonMM-cuda}(77424)
            |                      |-{cannonMM-cuda}(77464)
            |                      |-{cannonMM-cuda}(77466)
            |                      |-{cannonMM-cuda}(77467)
            |                      |-{cannonMM-cuda}(77468)
            |                      |-{cannonMM-cuda}(77469)
            |                      |-{cannonMM-cuda}(77604)
            |                      |-{cannonMM-cuda}(77605)
            |                      |-{cannonMM-cuda}(77606)
            |                      |-{cannonMM-cuda}(77607)
            |                      |-{cannonMM-cuda}(77608)
            |                      |-{cannonMM-cuda}(77609)
            |                      |-{cannonMM-cuda}(77610)
            |                      |-{cannonMM-cuda}(77611)
            |                      |-{cannonMM-cuda}(77612)
            |                      |-{cannonMM-cuda}(77613)
            |                      |-{cannonMM-cuda}(77614)
            |                      |-{cannonMM-cuda}(77615)
            |                      |-{cannonMM-cuda}(77616)
            |                      |-{cannonMM-cuda}(77617)
            |                      |-{cannonMM-cuda}(77618)
            |                      |-{cannonMM-cuda}(77619)
            |                      |-{cannonMM-cuda}(77620)
            |                      |-{cannonMM-cuda}(77621)
            |                      |-{cannonMM-cuda}(77622)
            |                      |-{cannonMM-cuda}(77623)
            |                      |-{cannonMM-cuda}(77624)
            |                      |-{cannonMM-cuda}(77629)
            |                      |-{cannonMM-cuda}(77630)
            |                      |-{cannonMM-cuda}(77632)
            |                      |-{cannonMM-cuda}(77637)
            |                      |-{cannonMM-cuda}(79086)
            |                      |-{cannonMM-cuda}(79627)
            |                      |-{cannonMM-cuda}(79925)
            |                      |-{cannonMM-cuda}(80172)
            |                      |-{cannonMM-cuda}(80174)
            |                      |-{cannonMM-cuda}(80176)
            |                      `-{cannonMM-cuda}(80177)
            |-{jsmd}(77324)
            |-{jsmd}(77325)
            |-{jsmd}(77326)
            |-{jsmd}(77327)
            |-{jsmd}(77328)
            |-{jsmd}(77329)
            |-{jsmd}(77330)
            |-{jsmd}(77331)
            |-{jsmd}(77332)
            |-{jsmd}(77333)
            |-{jsmd}(77334)
            |-{jsmd}(77335)
            |-{jsmd}(77336)
            |-{jsmd}(77337)
            |-{jsmd}(77338)
            |-{jsmd}(77339)
            |-{jsmd}(77340)
            |-{jsmd}(77341)
            |-{jsmd}(77342)
            `-{jsmd}(77343)

sshd(113267)---bash(113301)---pstree(113374)
