jsmd(36421)-+-cannonMM-cuda(36491)-+-{cannonMM-cuda}(36507)
            |                      |-{cannonMM-cuda}(36508)
            |                      |-{cannonMM-cuda}(36544)
            |                      |-{cannonMM-cuda}(36547)
            |                      |-{cannonMM-cuda}(36548)
            |                      |-{cannonMM-cuda}(36549)
            |                      |-{cannonMM-cuda}(36550)
            |                      |-{cannonMM-cuda}(36695)
            |                      |-{cannonMM-cuda}(36696)
            |                      |-{cannonMM-cuda}(36697)
            |                      |-{cannonMM-cuda}(36698)
            |                      |-{cannonMM-cuda}(36699)
            |                      |-{cannonMM-cuda}(36700)
            |                      |-{cannonMM-cuda}(36701)
            |                      |-{cannonMM-cuda}(36702)
            |                      |-{cannonMM-cuda}(36703)
            |                      |-{cannonMM-cuda}(36704)
            |                      |-{cannonMM-cuda}(36705)
            |                      |-{cannonMM-cuda}(36706)
            |                      |-{cannonMM-cuda}(36707)
            |                      |-{cannonMM-cuda}(36708)
            |                      |-{cannonMM-cuda}(36709)
            |                      |-{cannonMM-cuda}(36710)
            |                      |-{cannonMM-cuda}(36711)
            |                      |-{cannonMM-cuda}(36712)
            |                      |-{cannonMM-cuda}(36713)
            |                      |-{cannonMM-cuda}(36714)
            |                      |-{cannonMM-cuda}(36715)
            |                      |-{cannonMM-cuda}(36720)
            |                      |-{cannonMM-cuda}(36721)
            |                      |-{cannonMM-cuda}(36723)
            |                      |-{cannonMM-cuda}(36724)
            |                      |-{cannonMM-cuda}(36728)
            |                      |-{cannonMM-cuda}(37216)
            |                      |-{cannonMM-cuda}(38139)
            |                      |-{cannonMM-cuda}(38541)
            |                      |-{cannonMM-cuda}(39146)
            |                      |-{cannonMM-cuda}(39147)
            |                      |-{cannonMM-cuda}(39154)
            |                      `-{cannonMM-cuda}(39155)
            |-{jsmd}(36423)
            |-{jsmd}(36428)
            |-{jsmd}(36429)
            |-{jsmd}(36430)
            |-{jsmd}(36431)
            |-{jsmd}(36432)
            |-{jsmd}(36433)
            |-{jsmd}(36434)
            |-{jsmd}(36435)
            |-{jsmd}(36436)
            |-{jsmd}(36437)
            |-{jsmd}(36438)
            |-{jsmd}(36439)
            |-{jsmd}(36440)
            |-{jsmd}(36441)
            |-{jsmd}(36442)
            |-{jsmd}(36443)
            |-{jsmd}(36444)
            |-{jsmd}(36445)
            `-{jsmd}(36446)

sshd(72726)---bash(72733)---pstree(72808)
