jsmd(64236)-+-cannonMM-cuda(64659)-+-{cannonMM-cuda}(64662)
            |                      |-{cannonMM-cuda}(64663)
            |                      |-{cannonMM-cuda}(64711)
            |                      |-{cannonMM-cuda}(64713)
            |                      |-{cannonMM-cuda}(64714)
            |                      |-{cannonMM-cuda}(64715)
            |                      |-{cannonMM-cuda}(64716)
            |                      |-{cannonMM-cuda}(64863)
            |                      |-{cannonMM-cuda}(64864)
            |                      |-{cannonMM-cuda}(64865)
            |                      |-{cannonMM-cuda}(64866)
            |                      |-{cannonMM-cuda}(64867)
            |                      |-{cannonMM-cuda}(64868)
            |                      |-{cannonMM-cuda}(64869)
            |                      |-{cannonMM-cuda}(64870)
            |                      |-{cannonMM-cuda}(64871)
            |                      |-{cannonMM-cuda}(64872)
            |                      |-{cannonMM-cuda}(64873)
            |                      |-{cannonMM-cuda}(64874)
            |                      |-{cannonMM-cuda}(64875)
            |                      |-{cannonMM-cuda}(64876)
            |                      |-{cannonMM-cuda}(64877)
            |                      |-{cannonMM-cuda}(64878)
            |                      |-{cannonMM-cuda}(64879)
            |                      |-{cannonMM-cuda}(64880)
            |                      |-{cannonMM-cuda}(64881)
            |                      |-{cannonMM-cuda}(64882)
            |                      |-{cannonMM-cuda}(64883)
            |                      |-{cannonMM-cuda}(64888)
            |                      |-{cannonMM-cuda}(64889)
            |                      |-{cannonMM-cuda}(64890)
            |                      |-{cannonMM-cuda}(64892)
            |                      |-{cannonMM-cuda}(64896)
            |                      |-{cannonMM-cuda}(65594)
            |                      |-{cannonMM-cuda}(66896)
            |                      |-{cannonMM-cuda}(67459)
            |                      |-{cannonMM-cuda}(67467)
            |                      |-{cannonMM-cuda}(67509)
            |                      `-{cannonMM-cuda}(67511)
            |-{jsmd}(64243)
            |-{jsmd}(64245)
            |-{jsmd}(64257)
            |-{jsmd}(64258)
            |-{jsmd}(64259)
            |-{jsmd}(64260)
            |-{jsmd}(64261)
            |-{jsmd}(64262)
            |-{jsmd}(64263)
            |-{jsmd}(64264)
            |-{jsmd}(64265)
            |-{jsmd}(64266)
            |-{jsmd}(64267)
            |-{jsmd}(64268)
            |-{jsmd}(64269)
            |-{jsmd}(64270)
            |-{jsmd}(64271)
            |-{jsmd}(64272)
            |-{jsmd}(64273)
            `-{jsmd}(64274)

sshd(64434)---bash(64435)---1674851744.4474(64603)---jsrun(64629)-+-{jsrun}(64657)
                                                                  `-{jsrun}(64658)

sshd(100451)---bash(100452)---pstree(100455)
