jsmd(133610)-+-cannonMM-cuda(133702)-+-{cannonMM-cuda}(133708)
             |                       |-{cannonMM-cuda}(133709)
             |                       |-{cannonMM-cuda}(133753)
             |                       |-{cannonMM-cuda}(133757)
             |                       |-{cannonMM-cuda}(133759)
             |                       |-{cannonMM-cuda}(133760)
             |                       |-{cannonMM-cuda}(133761)
             |                       |-{cannonMM-cuda}(133896)
             |                       |-{cannonMM-cuda}(133897)
             |                       |-{cannonMM-cuda}(133898)
             |                       |-{cannonMM-cuda}(133899)
             |                       |-{cannonMM-cuda}(133900)
             |                       |-{cannonMM-cuda}(133901)
             |                       |-{cannonMM-cuda}(133902)
             |                       |-{cannonMM-cuda}(133903)
             |                       |-{cannonMM-cuda}(133904)
             |                       |-{cannonMM-cuda}(133905)
             |                       |-{cannonMM-cuda}(133906)
             |                       |-{cannonMM-cuda}(133907)
             |                       |-{cannonMM-cuda}(133908)
             |                       |-{cannonMM-cuda}(133909)
             |                       |-{cannonMM-cuda}(133910)
             |                       |-{cannonMM-cuda}(133911)
             |                       |-{cannonMM-cuda}(133912)
             |                       |-{cannonMM-cuda}(133913)
             |                       |-{cannonMM-cuda}(133914)
             |                       |-{cannonMM-cuda}(133915)
             |                       |-{cannonMM-cuda}(133916)
             |                       |-{cannonMM-cuda}(133921)
             |                       |-{cannonMM-cuda}(133922)
             |                       |-{cannonMM-cuda}(133929)
             |                       |-{cannonMM-cuda}(134295)
             |                       |-{cannonMM-cuda}(134343)
             |                       |-{cannonMM-cuda}(135061)
             |                       |-{cannonMM-cuda}(135222)
             |                       |-{cannonMM-cuda}(136450)
             |                       |-{cannonMM-cuda}(136451)
             |                       |-{cannonMM-cuda}(136453)
             |                       `-{cannonMM-cuda}(136454)
             |-{jsmd}(133611)
             |-{jsmd}(133629)
             |-{jsmd}(133630)
             |-{jsmd}(133631)
             |-{jsmd}(133632)
             |-{jsmd}(133633)
             |-{jsmd}(133634)
             |-{jsmd}(133635)
             |-{jsmd}(133636)
             |-{jsmd}(133637)
             |-{jsmd}(133638)
             |-{jsmd}(133639)
             |-{jsmd}(133640)
             |-{jsmd}(133641)
             |-{jsmd}(133642)
             |-{jsmd}(133643)
             |-{jsmd}(133644)
             |-{jsmd}(133645)
             |-{jsmd}(133646)
             `-{jsmd}(133647)

sshd(169442)---bash(169486)---pstree(169489)
