jsmd(7448)-+-cannonMM-cuda(7526)-+-{cannonMM-cuda}(7554)
           |                     |-{cannonMM-cuda}(7555)
           |                     |-{cannonMM-cuda}(7587)
           |                     |-{cannonMM-cuda}(7590)
           |                     |-{cannonMM-cuda}(7591)
           |                     |-{cannonMM-cuda}(7592)
           |                     |-{cannonMM-cuda}(7593)
           |                     |-{cannonMM-cuda}(7729)
           |                     |-{cannonMM-cuda}(7730)
           |                     |-{cannonMM-cuda}(7731)
           |                     |-{cannonMM-cuda}(7732)
           |                     |-{cannonMM-cuda}(7733)
           |                     |-{cannonMM-cuda}(7734)
           |                     |-{cannonMM-cuda}(7735)
           |                     |-{cannonMM-cuda}(7736)
           |                     |-{cannonMM-cuda}(7737)
           |                     |-{cannonMM-cuda}(7738)
           |                     |-{cannonMM-cuda}(7739)
           |                     |-{cannonMM-cuda}(7740)
           |                     |-{cannonMM-cuda}(7741)
           |                     |-{cannonMM-cuda}(7742)
           |                     |-{cannonMM-cuda}(7743)
           |                     |-{cannonMM-cuda}(7744)
           |                     |-{cannonMM-cuda}(7745)
           |                     |-{cannonMM-cuda}(7746)
           |                     |-{cannonMM-cuda}(7747)
           |                     |-{cannonMM-cuda}(7748)
           |                     |-{cannonMM-cuda}(7749)
           |                     |-{cannonMM-cuda}(7754)
           |                     |-{cannonMM-cuda}(7755)
           |                     |-{cannonMM-cuda}(7759)
           |                     |-{cannonMM-cuda}(7762)
           |                     |-{cannonMM-cuda}(8420)
           |                     |-{cannonMM-cuda}(8980)
           |                     |-{cannonMM-cuda}(10104)
           |                     |-{cannonMM-cuda}(10332)
           |                     |-{cannonMM-cuda}(10353)
           |                     |-{cannonMM-cuda}(10355)
           |                     `-{cannonMM-cuda}(10356)
           |-{jsmd}(7450)
           |-{jsmd}(7463)
           |-{jsmd}(7464)
           |-{jsmd}(7465)
           |-{jsmd}(7466)
           |-{jsmd}(7467)
           |-{jsmd}(7468)
           |-{jsmd}(7469)
           |-{jsmd}(7470)
           |-{jsmd}(7471)
           |-{jsmd}(7472)
           |-{jsmd}(7473)
           |-{jsmd}(7474)
           |-{jsmd}(7475)
           |-{jsmd}(7476)
           |-{jsmd}(7477)
           |-{jsmd}(7478)
           |-{jsmd}(7479)
           |-{jsmd}(7480)
           `-{jsmd}(7481)

sshd(44175)---bash(44198)---pstree(44338)
