jsmd(175609)-+-cannonMM-cuda(175821)-+-{cannonMM-cuda}(175828)
             |                       |-{cannonMM-cuda}(175829)
             |                       |-{cannonMM-cuda}(175876)
             |                       |-{cannonMM-cuda}(175878)
             |                       |-{cannonMM-cuda}(175879)
             |                       |-{cannonMM-cuda}(175880)
             |                       |-{cannonMM-cuda}(175881)
             |                       |-{cannonMM-cuda}(176030)
             |                       |-{cannonMM-cuda}(176031)
             |                       |-{cannonMM-cuda}(176032)
             |                       |-{cannonMM-cuda}(176033)
             |                       |-{cannonMM-cuda}(176034)
             |                       |-{cannonMM-cuda}(176035)
             |                       |-{cannonMM-cuda}(176036)
             |                       |-{cannonMM-cuda}(176037)
             |                       |-{cannonMM-cuda}(176038)
             |                       |-{cannonMM-cuda}(176039)
             |                       |-{cannonMM-cuda}(176040)
             |                       |-{cannonMM-cuda}(176041)
             |                       |-{cannonMM-cuda}(176042)
             |                       |-{cannonMM-cuda}(176043)
             |                       |-{cannonMM-cuda}(176044)
             |                       |-{cannonMM-cuda}(176045)
             |                       |-{cannonMM-cuda}(176046)
             |                       |-{cannonMM-cuda}(176047)
             |                       |-{cannonMM-cuda}(176048)
             |                       |-{cannonMM-cuda}(176049)
             |                       |-{cannonMM-cuda}(176050)
             |                       |-{cannonMM-cuda}(176055)
             |                       |-{cannonMM-cuda}(176056)
             |                       |-{cannonMM-cuda}(176063)
             |                       |-{cannonMM-cuda}(176524)
             |                       |-{cannonMM-cuda}(176602)
             |                       |-{cannonMM-cuda}(177037)
             |                       |-{cannonMM-cuda}(177464)
             |                       |-{cannonMM-cuda}(178506)
             |                       |-{cannonMM-cuda}(178510)
             |                       |-{cannonMM-cuda}(178515)
             |                       `-{cannonMM-cuda}(178518)
             |-{jsmd}(175617)
             |-{jsmd}(175618)
             |-{jsmd}(175631)
             |-{jsmd}(175632)
             |-{jsmd}(175633)
             |-{jsmd}(175634)
             |-{jsmd}(175635)
             |-{jsmd}(175636)
             |-{jsmd}(175637)
             |-{jsmd}(175638)
             |-{jsmd}(175639)
             |-{jsmd}(175640)
             |-{jsmd}(175641)
             |-{jsmd}(175642)
             |-{jsmd}(175643)
             |-{jsmd}(175644)
             |-{jsmd}(175645)
             |-{jsmd}(175646)
             |-{jsmd}(175647)
             `-{jsmd}(175648)

sshd(33001)---bash(33002)---pstree(33075)
