jsmd(5572)-+-cannonMM-cuda(5640)-+-{cannonMM-cuda}(5650)
           |                     |-{cannonMM-cuda}(5651)
           |                     |-{cannonMM-cuda}(5690)
           |                     |-{cannonMM-cuda}(5691)
           |                     |-{cannonMM-cuda}(5692)
           |                     |-{cannonMM-cuda}(5696)
           |                     |-{cannonMM-cuda}(5697)
           |                     |-{cannonMM-cuda}(5829)
           |                     |-{cannonMM-cuda}(5830)
           |                     |-{cannonMM-cuda}(5831)
           |                     |-{cannonMM-cuda}(5832)
           |                     |-{cannonMM-cuda}(5833)
           |                     |-{cannonMM-cuda}(5834)
           |                     |-{cannonMM-cuda}(5835)
           |                     |-{cannonMM-cuda}(5836)
           |                     |-{cannonMM-cuda}(5837)
           |                     |-{cannonMM-cuda}(5838)
           |                     |-{cannonMM-cuda}(5839)
           |                     |-{cannonMM-cuda}(5840)
           |                     |-{cannonMM-cuda}(5841)
           |                     |-{cannonMM-cuda}(5842)
           |                     |-{cannonMM-cuda}(5843)
           |                     |-{cannonMM-cuda}(5844)
           |                     |-{cannonMM-cuda}(5845)
           |                     |-{cannonMM-cuda}(5846)
           |                     |-{cannonMM-cuda}(5847)
           |                     |-{cannonMM-cuda}(5848)
           |                     |-{cannonMM-cuda}(5849)
           |                     |-{cannonMM-cuda}(5857)
           |                     |-{cannonMM-cuda}(5858)
           |                     |-{cannonMM-cuda}(5861)
           |                     |-{cannonMM-cuda}(5862)
           |                     |-{cannonMM-cuda}(5865)
           |                     |-{cannonMM-cuda}(6753)
           |                     |-{cannonMM-cuda}(7443)
           |                     |-{cannonMM-cuda}(8444)
           |                     |-{cannonMM-cuda}(8454)
           |                     |-{cannonMM-cuda}(8457)
           |                     `-{cannonMM-cuda}(8459)
           |-{jsmd}(5573)
           |-{jsmd}(5574)
           |-{jsmd}(5578)
           |-{jsmd}(5579)
           |-{jsmd}(5580)
           |-{jsmd}(5581)
           |-{jsmd}(5582)
           |-{jsmd}(5583)
           |-{jsmd}(5584)
           |-{jsmd}(5585)
           |-{jsmd}(5586)
           |-{jsmd}(5587)
           |-{jsmd}(5588)
           |-{jsmd}(5589)
           |-{jsmd}(5590)
           |-{jsmd}(5591)
           |-{jsmd}(5592)
           |-{jsmd}(5593)
           |-{jsmd}(5594)
           `-{jsmd}(5595)

sshd(42027)---bash(42085)---pstree(42123)
