jsmd(57629)-+-cannonMM-cuda(57841)-+-{cannonMM-cuda}(57847)
            |                      |-{cannonMM-cuda}(57851)
            |                      |-{cannonMM-cuda}(57887)
            |                      |-{cannonMM-cuda}(57888)
            |                      |-{cannonMM-cuda}(57890)
            |                      |-{cannonMM-cuda}(57898)
            |                      |-{cannonMM-cuda}(57899)
            |                      |-{cannonMM-cuda}(58033)
            |                      |-{cannonMM-cuda}(58034)
            |                      |-{cannonMM-cuda}(58035)
            |                      |-{cannonMM-cuda}(58036)
            |                      |-{cannonMM-cuda}(58037)
            |                      |-{cannonMM-cuda}(58038)
            |                      |-{cannonMM-cuda}(58039)
            |                      |-{cannonMM-cuda}(58040)
            |                      |-{cannonMM-cuda}(58041)
            |                      |-{cannonMM-cuda}(58042)
            |                      |-{cannonMM-cuda}(58043)
            |                      |-{cannonMM-cuda}(58044)
            |                      |-{cannonMM-cuda}(58045)
            |                      |-{cannonMM-cuda}(58046)
            |                      |-{cannonMM-cuda}(58047)
            |                      |-{cannonMM-cuda}(58048)
            |                      |-{cannonMM-cuda}(58049)
            |                      |-{cannonMM-cuda}(58050)
            |                      |-{cannonMM-cuda}(58051)
            |                      |-{cannonMM-cuda}(58052)
            |                      |-{cannonMM-cuda}(58053)
            |                      |-{cannonMM-cuda}(58059)
            |                      |-{cannonMM-cuda}(58060)
            |                      |-{cannonMM-cuda}(58064)
            |                      |-{cannonMM-cuda}(58067)
            |                      |-{cannonMM-cuda}(58542)
            |                      |-{cannonMM-cuda}(58690)
            |                      |-{cannonMM-cuda}(59911)
            |                      |-{cannonMM-cuda}(60650)
            |                      |-{cannonMM-cuda}(60652)
            |                      |-{cannonMM-cuda}(60654)
            |                      `-{cannonMM-cuda}(60655)
            |-{jsmd}(57630)
            |-{jsmd}(57643)
            |-{jsmd}(57644)
            |-{jsmd}(57646)
            |-{jsmd}(57647)
            |-{jsmd}(57648)
            |-{jsmd}(57649)
            |-{jsmd}(57650)
            |-{jsmd}(57651)
            |-{jsmd}(57652)
            |-{jsmd}(57653)
            |-{jsmd}(57654)
            |-{jsmd}(57655)
            |-{jsmd}(57656)
            |-{jsmd}(57657)
            |-{jsmd}(57658)
            |-{jsmd}(57659)
            |-{jsmd}(57660)
            |-{jsmd}(57661)
            `-{jsmd}(57662)

sshd(94119)---bash(94120)---pstree(94124)
