jsmd(176014)-+-cannonMM-cuda(176093)-+-{cannonMM-cuda}(176099)
             |                       |-{cannonMM-cuda}(176100)
             |                       |-{cannonMM-cuda}(176145)
             |                       |-{cannonMM-cuda}(176147)
             |                       |-{cannonMM-cuda}(176148)
             |                       |-{cannonMM-cuda}(176149)
             |                       |-{cannonMM-cuda}(176150)
             |                       |-{cannonMM-cuda}(176296)
             |                       |-{cannonMM-cuda}(176297)
             |                       |-{cannonMM-cuda}(176298)
             |                       |-{cannonMM-cuda}(176299)
             |                       |-{cannonMM-cuda}(176300)
             |                       |-{cannonMM-cuda}(176301)
             |                       |-{cannonMM-cuda}(176302)
             |                       |-{cannonMM-cuda}(176303)
             |                       |-{cannonMM-cuda}(176304)
             |                       |-{cannonMM-cuda}(176305)
             |                       |-{cannonMM-cuda}(176306)
             |                       |-{cannonMM-cuda}(176307)
             |                       |-{cannonMM-cuda}(176308)
             |                       |-{cannonMM-cuda}(176309)
             |                       |-{cannonMM-cuda}(176310)
             |                       |-{cannonMM-cuda}(176311)
             |                       |-{cannonMM-cuda}(176312)
             |                       |-{cannonMM-cuda}(176313)
             |                       |-{cannonMM-cuda}(176314)
             |                       |-{cannonMM-cuda}(176315)
             |                       |-{cannonMM-cuda}(176316)
             |                       |-{cannonMM-cuda}(176321)
             |                       |-{cannonMM-cuda}(176322)
             |                       |-{cannonMM-cuda}(176326)
             |                       |-{cannonMM-cuda}(176329)
             |                       |-{cannonMM-cuda}(177479)
             |                       |-{cannonMM-cuda}(177480)
             |                       |-{cannonMM-cuda}(178158)
             |                       |-{cannonMM-cuda}(178769)
             |                       |-{cannonMM-cuda}(178770)
             |                       |-{cannonMM-cuda}(178771)
             |                       `-{cannonMM-cuda}(178772)
             |-{jsmd}(176015)
             |-{jsmd}(176030)
             |-{jsmd}(176031)
             |-{jsmd}(176032)
             |-{jsmd}(176033)
             |-{jsmd}(176034)
             |-{jsmd}(176035)
             |-{jsmd}(176036)
             |-{jsmd}(176037)
             |-{jsmd}(176038)
             |-{jsmd}(176039)
             |-{jsmd}(176040)
             |-{jsmd}(176041)
             |-{jsmd}(176042)
             |-{jsmd}(176043)
             |-{jsmd}(176044)
             |-{jsmd}(176045)
             |-{jsmd}(176046)
             |-{jsmd}(176047)
             `-{jsmd}(176048)

sshd(33170)---bash(33249)---pstree(33455)
