jsmd(11712)-+-cannonMM-cuda(11785)-+-{cannonMM-cuda}(11789)
            |                      |-{cannonMM-cuda}(11790)
            |                      |-{cannonMM-cuda}(11832)
            |                      |-{cannonMM-cuda}(11839)
            |                      |-{cannonMM-cuda}(11841)
            |                      |-{cannonMM-cuda}(11842)
            |                      |-{cannonMM-cuda}(11843)
            |                      |-{cannonMM-cuda}(11979)
            |                      |-{cannonMM-cuda}(11980)
            |                      |-{cannonMM-cuda}(11981)
            |                      |-{cannonMM-cuda}(11982)
            |                      |-{cannonMM-cuda}(11983)
            |                      |-{cannonMM-cuda}(11984)
            |                      |-{cannonMM-cuda}(11985)
            |                      |-{cannonMM-cuda}(11986)
            |                      |-{cannonMM-cuda}(11987)
            |                      |-{cannonMM-cuda}(11988)
            |                      |-{cannonMM-cuda}(11989)
            |                      |-{cannonMM-cuda}(11990)
            |                      |-{cannonMM-cuda}(11991)
            |                      |-{cannonMM-cuda}(11992)
            |                      |-{cannonMM-cuda}(11993)
            |                      |-{cannonMM-cuda}(11994)
            |                      |-{cannonMM-cuda}(11995)
            |                      |-{cannonMM-cuda}(11996)
            |                      |-{cannonMM-cuda}(11997)
            |                      |-{cannonMM-cuda}(11998)
            |                      |-{cannonMM-cuda}(11999)
            |                      |-{cannonMM-cuda}(12004)
            |                      |-{cannonMM-cuda}(12005)
            |                      |-{cannonMM-cuda}(12012)
            |                      |-{cannonMM-cuda}(12480)
            |                      |-{cannonMM-cuda}(12996)
            |                      |-{cannonMM-cuda}(13222)
            |                      |-{cannonMM-cuda}(13927)
            |                      |-{cannonMM-cuda}(14031)
            |                      |-{cannonMM-cuda}(14561)
            |                      |-{cannonMM-cuda}(14563)
            |                      |-{cannonMM-cuda}(14564)
            |                      |-{cannonMM-cuda}(14565)
            |                      |-{cannonMM-cuda}(14575)
            |                      |-{cannonMM-cuda}(14576)
            |                      |-{cannonMM-cuda}(14578)
            |                      |-{cannonMM-cuda}(14579)
            |                      |-{cannonMM-cuda}(14580)
            |                      `-{cannonMM-cuda}(14582)
            |-{jsmd}(11713)
            |-{jsmd}(11722)
            |-{jsmd}(11723)
            |-{jsmd}(11724)
            |-{jsmd}(11725)
            |-{jsmd}(11726)
            |-{jsmd}(11727)
            |-{jsmd}(11728)
            |-{jsmd}(11729)
            |-{jsmd}(11730)
            |-{jsmd}(11731)
            |-{jsmd}(11732)
            |-{jsmd}(11733)
            |-{jsmd}(11734)
            |-{jsmd}(11735)
            |-{jsmd}(11736)
            |-{jsmd}(11737)
            |-{jsmd}(11738)
            |-{jsmd}(11739)
            `-{jsmd}(11740)

sshd(48445)---bash(48460)---pstree(48485)
