jsmd(41512)-+-cannonMM-cuda(41732)-+-{cannonMM-cuda}(41739)
            |                      |-{cannonMM-cuda}(41740)
            |                      |-{cannonMM-cuda}(41784)
            |                      |-{cannonMM-cuda}(41785)
            |                      |-{cannonMM-cuda}(41786)
            |                      |-{cannonMM-cuda}(41787)
            |                      |-{cannonMM-cuda}(41788)
            |                      |-{cannonMM-cuda}(41932)
            |                      |-{cannonMM-cuda}(41933)
            |                      |-{cannonMM-cuda}(41934)
            |                      |-{cannonMM-cuda}(41935)
            |                      |-{cannonMM-cuda}(41936)
            |                      |-{cannonMM-cuda}(41937)
            |                      |-{cannonMM-cuda}(41938)
            |                      |-{cannonMM-cuda}(41939)
            |                      |-{cannonMM-cuda}(41940)
            |                      |-{cannonMM-cuda}(41941)
            |                      |-{cannonMM-cuda}(41942)
            |                      |-{cannonMM-cuda}(41943)
            |                      |-{cannonMM-cuda}(41944)
            |                      |-{cannonMM-cuda}(41945)
            |                      |-{cannonMM-cuda}(41946)
            |                      |-{cannonMM-cuda}(41948)
            |                      |-{cannonMM-cuda}(41949)
            |                      |-{cannonMM-cuda}(41950)
            |                      |-{cannonMM-cuda}(41951)
            |                      |-{cannonMM-cuda}(41952)
            |                      |-{cannonMM-cuda}(41953)
            |                      |-{cannonMM-cuda}(41958)
            |                      |-{cannonMM-cuda}(41959)
            |                      |-{cannonMM-cuda}(41961)
            |                      |-{cannonMM-cuda}(41962)
            |                      |-{cannonMM-cuda}(41963)
            |                      |-{cannonMM-cuda}(41966)
            |                      |-{cannonMM-cuda}(42432)
            |                      |-{cannonMM-cuda}(43816)
            |                      |-{cannonMM-cuda}(44427)
            |                      |-{cannonMM-cuda}(44428)
            |                      |-{cannonMM-cuda}(44433)
            |                      `-{cannonMM-cuda}(44434)
            |-{jsmd}(41520)
            |-{jsmd}(41522)
            |-{jsmd}(41535)
            |-{jsmd}(41537)
            |-{jsmd}(41538)
            |-{jsmd}(41539)
            |-{jsmd}(41540)
            |-{jsmd}(41541)
            |-{jsmd}(41542)
            |-{jsmd}(41543)
            |-{jsmd}(41544)
            |-{jsmd}(41545)
            |-{jsmd}(41546)
            |-{jsmd}(41547)
            |-{jsmd}(41548)
            |-{jsmd}(41549)
            |-{jsmd}(41550)
            |-{jsmd}(41551)
            |-{jsmd}(41552)
            `-{jsmd}(41553)

sshd(77650)---bash(77687)---pstree(77690)
