jsmd(23553)-+-summaMM-cuda(23632)-+-{summaMM-cuda}(23635)
            |                     |-{summaMM-cuda}(23636)
            |                     |-{summaMM-cuda}(23658)
            |                     |-{summaMM-cuda}(23659)
            |                     |-{summaMM-cuda}(23660)
            |                     |-{summaMM-cuda}(23662)
            |                     |-{summaMM-cuda}(23663)
            |                     |-{summaMM-cuda}(23787)
            |                     |-{summaMM-cuda}(23788)
            |                     |-{summaMM-cuda}(23789)
            |                     |-{summaMM-cuda}(23790)
            |                     |-{summaMM-cuda}(23791)
            |                     |-{summaMM-cuda}(23792)
            |                     |-{summaMM-cuda}(23793)
            |                     |-{summaMM-cuda}(23794)
            |                     |-{summaMM-cuda}(23795)
            |                     |-{summaMM-cuda}(23796)
            |                     |-{summaMM-cuda}(23797)
            |                     |-{summaMM-cuda}(23798)
            |                     |-{summaMM-cuda}(23799)
            |                     |-{summaMM-cuda}(23800)
            |                     |-{summaMM-cuda}(23801)
            |                     |-{summaMM-cuda}(23802)
            |                     |-{summaMM-cuda}(23803)
            |                     |-{summaMM-cuda}(23804)
            |                     |-{summaMM-cuda}(23805)
            |                     |-{summaMM-cuda}(23806)
            |                     |-{summaMM-cuda}(23807)
            |                     |-{summaMM-cuda}(23812)
            |                     |-{summaMM-cuda}(23813)
            |                     |-{summaMM-cuda}(23820)
            |                     |-{summaMM-cuda}(23970)
            |                     |-{summaMM-cuda}(24524)
            |                     |-{summaMM-cuda}(24747)
            |                     |-{summaMM-cuda}(24889)
            |                     |-{summaMM-cuda}(34015)
            |                     |-{summaMM-cuda}(34016)
            |                     |-{summaMM-cuda}(34032)
            |                     `-{summaMM-cuda}(34034)
            |-{jsmd}(23554)
            |-{jsmd}(23555)
            |-{jsmd}(23556)
            |-{jsmd}(23557)
            |-{jsmd}(23558)
            |-{jsmd}(23559)
            |-{jsmd}(23560)
            |-{jsmd}(23561)
            |-{jsmd}(23562)
            |-{jsmd}(23563)
            |-{jsmd}(23564)
            |-{jsmd}(23565)
            |-{jsmd}(23566)
            |-{jsmd}(23567)
            |-{jsmd}(23568)
            |-{jsmd}(23569)
            |-{jsmd}(23570)
            |-{jsmd}(23571)
            |-{jsmd}(23572)
            `-{jsmd}(23573)

sshd(38781)---bash(38951)---pstree(38954)
