jsmd(11279)-+-summaMM-cuda(11376)-+-{summaMM-cuda}(11382)
            |                     |-{summaMM-cuda}(11383)
            |                     |-{summaMM-cuda}(11405)
            |                     |-{summaMM-cuda}(11407)
            |                     |-{summaMM-cuda}(11409)
            |                     |-{summaMM-cuda}(11410)
            |                     |-{summaMM-cuda}(11411)
            |                     |-{summaMM-cuda}(11544)
            |                     |-{summaMM-cuda}(11545)
            |                     |-{summaMM-cuda}(11546)
            |                     |-{summaMM-cuda}(11547)
            |                     |-{summaMM-cuda}(11548)
            |                     |-{summaMM-cuda}(11549)
            |                     |-{summaMM-cuda}(11550)
            |                     |-{summaMM-cuda}(11551)
            |                     |-{summaMM-cuda}(11552)
            |                     |-{summaMM-cuda}(11553)
            |                     |-{summaMM-cuda}(11554)
            |                     |-{summaMM-cuda}(11555)
            |                     |-{summaMM-cuda}(11556)
            |                     |-{summaMM-cuda}(11557)
            |                     |-{summaMM-cuda}(11558)
            |                     |-{summaMM-cuda}(11559)
            |                     |-{summaMM-cuda}(11560)
            |                     |-{summaMM-cuda}(11561)
            |                     |-{summaMM-cuda}(11562)
            |                     |-{summaMM-cuda}(11563)
            |                     |-{summaMM-cuda}(11564)
            |                     |-{summaMM-cuda}(11569)
            |                     |-{summaMM-cuda}(11570)
            |                     |-{summaMM-cuda}(11572)
            |                     |-{summaMM-cuda}(11574)
            |                     |-{summaMM-cuda}(11578)
            |                     |-{summaMM-cuda}(12343)
            |                     |-{summaMM-cuda}(12741)
            |                     |-{summaMM-cuda}(21722)
            |                     |-{summaMM-cuda}(21725)
            |                     |-{summaMM-cuda}(21727)
            |                     `-{summaMM-cuda}(21728)
            |-{jsmd}(11280)
            |-{jsmd}(11293)
            |-{jsmd}(11294)
            |-{jsmd}(11295)
            |-{jsmd}(11296)
            |-{jsmd}(11297)
            |-{jsmd}(11298)
            |-{jsmd}(11299)
            |-{jsmd}(11300)
            |-{jsmd}(11301)
            |-{jsmd}(11302)
            |-{jsmd}(11303)
            |-{jsmd}(11304)
            |-{jsmd}(11305)
            |-{jsmd}(11306)
            |-{jsmd}(11307)
            |-{jsmd}(11308)
            |-{jsmd}(11309)
            |-{jsmd}(11310)
            `-{jsmd}(11311)

sshd(26820)---bash(26821)---pstree(26824)
