jsmd(40913)-+-summaMM-cuda(41218)-+-{summaMM-cuda}(41231)
            |                     |-{summaMM-cuda}(41232)
            |                     |-{summaMM-cuda}(41255)
            |                     |-{summaMM-cuda}(41256)
            |                     |-{summaMM-cuda}(41257)
            |                     |-{summaMM-cuda}(41258)
            |                     |-{summaMM-cuda}(41259)
            |                     |-{summaMM-cuda}(41385)
            |                     |-{summaMM-cuda}(41386)
            |                     |-{summaMM-cuda}(41387)
            |                     |-{summaMM-cuda}(41388)
            |                     |-{summaMM-cuda}(41389)
            |                     |-{summaMM-cuda}(41390)
            |                     |-{summaMM-cuda}(41391)
            |                     |-{summaMM-cuda}(41392)
            |                     |-{summaMM-cuda}(41393)
            |                     |-{summaMM-cuda}(41394)
            |                     |-{summaMM-cuda}(41395)
            |                     |-{summaMM-cuda}(41396)
            |                     |-{summaMM-cuda}(41397)
            |                     |-{summaMM-cuda}(41398)
            |                     |-{summaMM-cuda}(41399)
            |                     |-{summaMM-cuda}(41400)
            |                     |-{summaMM-cuda}(41401)
            |                     |-{summaMM-cuda}(41402)
            |                     |-{summaMM-cuda}(41403)
            |                     |-{summaMM-cuda}(41404)
            |                     |-{summaMM-cuda}(41405)
            |                     |-{summaMM-cuda}(41410)
            |                     |-{summaMM-cuda}(41411)
            |                     |-{summaMM-cuda}(41412)
            |                     |-{summaMM-cuda}(41413)
            |                     |-{summaMM-cuda}(41414)
            |                     |-{summaMM-cuda}(41415)
            |                     |-{summaMM-cuda}(41418)
            |                     |-{summaMM-cuda}(47012)
            |                     |-{summaMM-cuda}(47014)
            |                     |-{summaMM-cuda}(47038)
            |                     |-{summaMM-cuda}(47039)
            |                     `-{summaMM-cuda}(47040)
            |-{jsmd}(40914)
            |-{jsmd}(40930)
            |-{jsmd}(40931)
            |-{jsmd}(40932)
            |-{jsmd}(40933)
            |-{jsmd}(40934)
            |-{jsmd}(40935)
            |-{jsmd}(40936)
            |-{jsmd}(40937)
            |-{jsmd}(40938)
            |-{jsmd}(40939)
            |-{jsmd}(40940)
            |-{jsmd}(40941)
            |-{jsmd}(40942)
            |-{jsmd}(40943)
            |-{jsmd}(40944)
            |-{jsmd}(40945)
            |-{jsmd}(40946)
            |-{jsmd}(40947)
            `-{jsmd}(40948)

sshd(40968)---bash(40972)---1674836502.4473(41161)---jsrun(41182)-+-{jsrun}(41216)
                                                                  `-{jsrun}(41217)

sshd(56149)---bash(56151)---pstree(56154)
