jsmd(18714)-+-summaMM-cuda(18792)-+-{summaMM-cuda}(18795)
            |                     |-{summaMM-cuda}(18796)
            |                     |-{summaMM-cuda}(18822)
            |                     |-{summaMM-cuda}(18823)
            |                     |-{summaMM-cuda}(18824)
            |                     |-{summaMM-cuda}(18825)
            |                     |-{summaMM-cuda}(18826)
            |                     |-{summaMM-cuda}(18951)
            |                     |-{summaMM-cuda}(18952)
            |                     |-{summaMM-cuda}(18953)
            |                     |-{summaMM-cuda}(18954)
            |                     |-{summaMM-cuda}(18955)
            |                     |-{summaMM-cuda}(18956)
            |                     |-{summaMM-cuda}(18957)
            |                     |-{summaMM-cuda}(18958)
            |                     |-{summaMM-cuda}(18959)
            |                     |-{summaMM-cuda}(18960)
            |                     |-{summaMM-cuda}(18961)
            |                     |-{summaMM-cuda}(18962)
            |                     |-{summaMM-cuda}(18963)
            |                     |-{summaMM-cuda}(18964)
            |                     |-{summaMM-cuda}(18965)
            |                     |-{summaMM-cuda}(18966)
            |                     |-{summaMM-cuda}(18967)
            |                     |-{summaMM-cuda}(18968)
            |                     |-{summaMM-cuda}(18969)
            |                     |-{summaMM-cuda}(18970)
            |                     |-{summaMM-cuda}(18971)
            |                     |-{summaMM-cuda}(18976)
            |                     |-{summaMM-cuda}(18977)
            |                     |-{summaMM-cuda}(18979)
            |                     |-{summaMM-cuda}(18980)
            |                     |-{summaMM-cuda}(18984)
            |                     |-{summaMM-cuda}(19623)
            |                     |-{summaMM-cuda}(28716)
            |                     |-{summaMM-cuda}(28729)
            |                     |-{summaMM-cuda}(28730)
            |                     |-{summaMM-cuda}(28733)
            |                     `-{summaMM-cuda}(28734)
            |-{jsmd}(18715)
            |-{jsmd}(18716)
            |-{jsmd}(18717)
            |-{jsmd}(18718)
            |-{jsmd}(18719)
            |-{jsmd}(18720)
            |-{jsmd}(18721)
            |-{jsmd}(18722)
            |-{jsmd}(18723)
            |-{jsmd}(18724)
            |-{jsmd}(18725)
            |-{jsmd}(18726)
            |-{jsmd}(18727)
            |-{jsmd}(18728)
            |-{jsmd}(18729)
            |-{jsmd}(18730)
            |-{jsmd}(18731)
            |-{jsmd}(18732)
            |-{jsmd}(18733)
            `-{jsmd}(18734)

sshd(33616)---bash(33639)---pstree(33642)
