jsmd(99816)-+-summaMM-cuda(99882)-+-{summaMM-cuda}(99885)
            |                     |-{summaMM-cuda}(99886)
            |                     |-{summaMM-cuda}(99909)
            |                     |-{summaMM-cuda}(99910)
            |                     |-{summaMM-cuda}(99911)
            |                     |-{summaMM-cuda}(99912)
            |                     |-{summaMM-cuda}(99913)
            |                     |-{summaMM-cuda}(100048)
            |                     |-{summaMM-cuda}(100049)
            |                     |-{summaMM-cuda}(100050)
            |                     |-{summaMM-cuda}(100051)
            |                     |-{summaMM-cuda}(100052)
            |                     |-{summaMM-cuda}(100053)
            |                     |-{summaMM-cuda}(100054)
            |                     |-{summaMM-cuda}(100055)
            |                     |-{summaMM-cuda}(100056)
            |                     |-{summaMM-cuda}(100057)
            |                     |-{summaMM-cuda}(100058)
            |                     |-{summaMM-cuda}(100059)
            |                     |-{summaMM-cuda}(100060)
            |                     |-{summaMM-cuda}(100061)
            |                     |-{summaMM-cuda}(100062)
            |                     |-{summaMM-cuda}(100063)
            |                     |-{summaMM-cuda}(100064)
            |                     |-{summaMM-cuda}(100065)
            |                     |-{summaMM-cuda}(100066)
            |                     |-{summaMM-cuda}(100067)
            |                     |-{summaMM-cuda}(100068)
            |                     |-{summaMM-cuda}(100074)
            |                     |-{summaMM-cuda}(100075)
            |                     |-{summaMM-cuda}(100076)
            |                     |-{summaMM-cuda}(100079)
            |                     |-{summaMM-cuda}(100082)
            |                     |-{summaMM-cuda}(100230)
            |                     |-{summaMM-cuda}(101057)
            |                     |-{summaMM-cuda}(101062)
            |                     |-{summaMM-cuda}(105455)
            |                     |-{summaMM-cuda}(105462)
            |                     |-{summaMM-cuda}(105463)
            |                     |-{summaMM-cuda}(105464)
            |                     |-{summaMM-cuda}(105491)
            |                     |-{summaMM-cuda}(105509)
            |                     |-{summaMM-cuda}(105510)
            |                     |-{summaMM-cuda}(105511)
            |                     `-{summaMM-cuda}(105512)
            |-{jsmd}(99817)
            |-{jsmd}(99819)
            |-{jsmd}(99820)
            |-{jsmd}(99821)
            |-{jsmd}(99822)
            |-{jsmd}(99823)
            |-{jsmd}(99824)
            |-{jsmd}(99825)
            |-{jsmd}(99826)
            |-{jsmd}(99827)
            |-{jsmd}(99828)
            |-{jsmd}(99829)
            |-{jsmd}(99830)
            |-{jsmd}(99831)
            |-{jsmd}(99832)
            |-{jsmd}(99833)
            |-{jsmd}(99834)
            |-{jsmd}(99835)
            |-{jsmd}(99836)
            `-{jsmd}(99837)

sshd(114707)---bash(114708)---pstree(114711)
