jsmd(148180)-+-summaMM-cuda(148246)-+-{summaMM-cuda}(148250)
             |                      |-{summaMM-cuda}(148251)
             |                      |-{summaMM-cuda}(148275)
             |                      |-{summaMM-cuda}(148276)
             |                      |-{summaMM-cuda}(148277)
             |                      |-{summaMM-cuda}(148280)
             |                      |-{summaMM-cuda}(148281)
             |                      |-{summaMM-cuda}(148404)
             |                      |-{summaMM-cuda}(148405)
             |                      |-{summaMM-cuda}(148406)
             |                      |-{summaMM-cuda}(148407)
             |                      |-{summaMM-cuda}(148408)
             |                      |-{summaMM-cuda}(148409)
             |                      |-{summaMM-cuda}(148410)
             |                      |-{summaMM-cuda}(148411)
             |                      |-{summaMM-cuda}(148412)
             |                      |-{summaMM-cuda}(148413)
             |                      |-{summaMM-cuda}(148414)
             |                      |-{summaMM-cuda}(148415)
             |                      |-{summaMM-cuda}(148416)
             |                      |-{summaMM-cuda}(148417)
             |                      |-{summaMM-cuda}(148418)
             |                      |-{summaMM-cuda}(148419)
             |                      |-{summaMM-cuda}(148420)
             |                      |-{summaMM-cuda}(148421)
             |                      |-{summaMM-cuda}(148422)
             |                      |-{summaMM-cuda}(148423)
             |                      |-{summaMM-cuda}(148424)
             |                      |-{summaMM-cuda}(148429)
             |                      |-{summaMM-cuda}(148430)
             |                      |-{summaMM-cuda}(148431)
             |                      |-{summaMM-cuda}(148433)
             |                      |-{summaMM-cuda}(148434)
             |                      |-{summaMM-cuda}(148437)
             |                      |-{summaMM-cuda}(149062)
             |                      |-{summaMM-cuda}(153885)
             |                      |-{summaMM-cuda}(153900)
             |                      |-{summaMM-cuda}(153908)
             |                      |-{summaMM-cuda}(153909)
             |                      `-{summaMM-cuda}(153912)
             |-{jsmd}(148182)
             |-{jsmd}(148183)
             |-{jsmd}(148184)
             |-{jsmd}(148185)
             |-{jsmd}(148186)
             |-{jsmd}(148187)
             |-{jsmd}(148188)
             |-{jsmd}(148189)
             |-{jsmd}(148190)
             |-{jsmd}(148191)
             |-{jsmd}(148192)
             |-{jsmd}(148193)
             |-{jsmd}(148194)
             |-{jsmd}(148195)
             |-{jsmd}(148196)
             |-{jsmd}(148197)
             |-{jsmd}(148198)
             |-{jsmd}(148199)
             |-{jsmd}(148200)
             `-{jsmd}(148201)

sshd(163149)---bash(163153)---pstree(163156)
