jsmd(40122)-+-summaMM-cuda(40193)-+-{summaMM-cuda}(40196)
            |                     |-{summaMM-cuda}(40197)
            |                     |-{summaMM-cuda}(40221)
            |                     |-{summaMM-cuda}(40223)
            |                     |-{summaMM-cuda}(40224)
            |                     |-{summaMM-cuda}(40225)
            |                     |-{summaMM-cuda}(40226)
            |                     |-{summaMM-cuda}(40351)
            |                     |-{summaMM-cuda}(40352)
            |                     |-{summaMM-cuda}(40353)
            |                     |-{summaMM-cuda}(40354)
            |                     |-{summaMM-cuda}(40355)
            |                     |-{summaMM-cuda}(40356)
            |                     |-{summaMM-cuda}(40357)
            |                     |-{summaMM-cuda}(40358)
            |                     |-{summaMM-cuda}(40359)
            |                     |-{summaMM-cuda}(40360)
            |                     |-{summaMM-cuda}(40361)
            |                     |-{summaMM-cuda}(40362)
            |                     |-{summaMM-cuda}(40363)
            |                     |-{summaMM-cuda}(40364)
            |                     |-{summaMM-cuda}(40365)
            |                     |-{summaMM-cuda}(40366)
            |                     |-{summaMM-cuda}(40367)
            |                     |-{summaMM-cuda}(40368)
            |                     |-{summaMM-cuda}(40369)
            |                     |-{summaMM-cuda}(40370)
            |                     |-{summaMM-cuda}(40371)
            |                     |-{summaMM-cuda}(40376)
            |                     |-{summaMM-cuda}(40377)
            |                     |-{summaMM-cuda}(40384)
            |                     |-{summaMM-cuda}(40639)
            |                     |-{summaMM-cuda}(40640)
            |                     |-{summaMM-cuda}(40829)
            |                     |-{summaMM-cuda}(41536)
            |                     |-{summaMM-cuda}(45920)
            |                     |-{summaMM-cuda}(45933)
            |                     |-{summaMM-cuda}(45935)
            |                     |-{summaMM-cuda}(45936)
            |                     `-{summaMM-cuda}(45938)
            |-{jsmd}(40123)
            |-{jsmd}(40128)
            |-{jsmd}(40129)
            |-{jsmd}(40130)
            |-{jsmd}(40131)
            |-{jsmd}(40132)
            |-{jsmd}(40133)
            |-{jsmd}(40134)
            |-{jsmd}(40135)
            |-{jsmd}(40136)
            |-{jsmd}(40137)
            |-{jsmd}(40138)
            |-{jsmd}(40139)
            |-{jsmd}(40140)
            |-{jsmd}(40141)
            |-{jsmd}(40142)
            |-{jsmd}(40143)
            |-{jsmd}(40144)
            |-{jsmd}(40145)
            `-{jsmd}(40146)

sshd(55175)---bash(55188)---pstree(55191)
