[New LWP 104663]
[New LWP 104662]
[New LWP 104661]
[New LWP 104642]
[New LWP 104461]
[New LWP 100723]
[New LWP 100722]
[New LWP 100248]
[New LWP 100066]
[New LWP 100059]
[New LWP 100058]
[New LWP 100053]
[New LWP 100052]
[New LWP 100051]
[New LWP 100050]
[New LWP 100049]
[New LWP 100048]
[New LWP 100047]
[New LWP 100046]
[New LWP 100045]
[New LWP 100044]
[New LWP 100043]
[New LWP 100042]
[New LWP 100041]
[New LWP 100040]
[New LWP 100039]
[New LWP 100038]
[New LWP 100037]
[New LWP 100036]
[New LWP 100035]
[New LWP 100034]
[New LWP 100033]
[New LWP 99896]
[New LWP 99895]
[New LWP 99893]
[New LWP 99889]
[New LWP 99884]
[New LWP 99868]
[New LWP 99867]
[Thread debugging using libthread_db enabled]
Using host libthread_db library "/lib64/libthread_db.so.1".
0x00002000000fe92c in __pthread_cond_wait (cond=0x20000a8a0b10, mutex=0x20000a8a0ac8) at pthread_cond_wait.c:153
153	      lll_futex_wait (&cond->__data.__futex, futex_val, pshared);

Thread 40 (Thread 0x20000ad4ea60 (LWP 99867)):
#0  0x00002000086d6df8 in poll () at ../sysdeps/unix/syscall-template.S:81
#1  0x000020000a62a068 in poll_dispatch (base=0x102529f0, tv=0x20000ad4dfe0) at poll.c:171
#2  0x000020000a61c180 in event_base_loop (base=0x102529f0, flags=<optimized out>) at event.c:1947
#3  0x000020000a7f0fec in progress_engine () from /usr/tce/packages/spectrum-mpi/ibm/spectrum-mpi-2020.08.19/lib/libopen-pal.so.3
#4  0x00002000000f8cd4 in start_thread (arg=0x20000ad4ea60) at pthread_create.c:309
#5  0x00002000086e7f14 in clone () at ../sysdeps/unix/sysv/linux/powerpc/powerpc64/clone.S:104

Thread 39 (Thread 0x20000b5fea60 (LWP 99868)):
#0  0x00002000086e8aa8 in epoll_wait () at ../sysdeps/unix/syscall-template.S:81
#1  0x000020000a62b18c in epoll_dispatch (base=0x102a7160, tv=<optimized out>) at epoll.c:462
#2  0x000020000a61c180 in event_base_loop (base=0x102a7160, flags=<optimized out>) at event.c:1947
#3  0x000020000ae61cac in progress_engine () from /usr/tce/packages/spectrum-mpi/ibm/spectrum-mpi-2020.08.19/lib/libpmix.so.2
#4  0x00002000000f8cd4 in start_thread (arg=0x20000b5fea60) at pthread_create.c:309
#5  0x00002000086e7f14 in clone () at ../sysdeps/unix/sysv/linux/powerpc/powerpc64/clone.S:104

Thread 38 (Thread 0x20002786ea60 (LWP 99884)):
#0  0x00002000086d6df8 in poll () at ../sysdeps/unix/syscall-template.S:81
#1  0x0000200006e50ff0 in ?? () from /usr/tce/packages/cuda/cuda-11.7.0/lib64/libcuda.so.1
#2  0x0000200006f15bf4 in ?? () from /usr/tce/packages/cuda/cuda-11.7.0/lib64/libcuda.so.1
#3  0x0000200006e49c24 in ?? () from /usr/tce/packages/cuda/cuda-11.7.0/lib64/libcuda.so.1
#4  0x00002000000f8cd4 in start_thread (arg=0x20002786ea60) at pthread_create.c:309
#5  0x00002000086e7f14 in clone () at ../sysdeps/unix/sysv/linux/powerpc/powerpc64/clone.S:104

Thread 37 (Thread 0x200027c7ea60 (LWP 99889)):
#0  0x00002000086d6df8 in poll () at ../sysdeps/unix/syscall-template.S:81
#1  0x0000200006e50ff0 in ?? () from /usr/tce/packages/cuda/cuda-11.7.0/lib64/libcuda.so.1
#2  0x0000200006f15bf4 in ?? () from /usr/tce/packages/cuda/cuda-11.7.0/lib64/libcuda.so.1
#3  0x0000200006e49c24 in ?? () from /usr/tce/packages/cuda/cuda-11.7.0/lib64/libcuda.so.1
#4  0x00002000000f8cd4 in start_thread (arg=0x200027c7ea60) at pthread_create.c:309
#5  0x00002000086e7f14 in clone () at ../sysdeps/unix/sysv/linux/powerpc/powerpc64/clone.S:104

Thread 36 (Thread 0x20002c40ea60 (LWP 99893)):
#0  0x00002000086d6df8 in poll () at ../sysdeps/unix/syscall-template.S:81
#1  0x0000200006e50ff0 in ?? () from /usr/tce/packages/cuda/cuda-11.7.0/lib64/libcuda.so.1
#2  0x0000200006f15bf4 in ?? () from /usr/tce/packages/cuda/cuda-11.7.0/lib64/libcuda.so.1
#3  0x0000200006e49c24 in ?? () from /usr/tce/packages/cuda/cuda-11.7.0/lib64/libcuda.so.1
#4  0x00002000000f8cd4 in start_thread (arg=0x20002c40ea60) at pthread_create.c:309
#5  0x00002000086e7f14 in clone () at ../sysdeps/unix/sysv/linux/powerpc/powerpc64/clone.S:104

Thread 35 (Thread 0x20002c81ea60 (LWP 99895)):
#0  0x00002000086d6df8 in poll () at ../sysdeps/unix/syscall-template.S:81
#1  0x0000200006e50ff0 in ?? () from /usr/tce/packages/cuda/cuda-11.7.0/lib64/libcuda.so.1
#2  0x0000200006f15bf4 in ?? () from /usr/tce/packages/cuda/cuda-11.7.0/lib64/libcuda.so.1
#3  0x0000200006e49c24 in ?? () from /usr/tce/packages/cuda/cuda-11.7.0/lib64/libcuda.so.1
#4  0x00002000000f8cd4 in start_thread (arg=0x20002c81ea60) at pthread_create.c:309
#5  0x00002000086e7f14 in clone () at ../sysdeps/unix/sysv/linux/powerpc/powerpc64/clone.S:104

Thread 34 (Thread 0x20002cd2ea60 (LWP 99896)):
#0  0x00002000086d6df8 in poll () at ../sysdeps/unix/syscall-template.S:81
#1  0x0000200006e50ff0 in ?? () from /usr/tce/packages/cuda/cuda-11.7.0/lib64/libcuda.so.1
#2  0x0000200006f15bf4 in ?? () from /usr/tce/packages/cuda/cuda-11.7.0/lib64/libcuda.so.1
#3  0x0000200006e49c24 in ?? () from /usr/tce/packages/cuda/cuda-11.7.0/lib64/libcuda.so.1
#4  0x00002000000f8cd4 in start_thread (arg=0x20002cd2ea60) at pthread_create.c:309
#5  0x00002000086e7f14 in clone () at ../sysdeps/unix/sysv/linux/powerpc/powerpc64/clone.S:104

Thread 33 (Thread 0x20002cfcf8b0 (LWP 100033)):
#0  0x00002000000fe92c in __pthread_cond_wait (cond=0x20002cfd03c0, mutex=0x20002cfd0378) at pthread_cond_wait.c:153
#1  0x00002000060fee70 in Realm::KernelCondVar::wait (this=<error reading variable: value has been optimized out>) at /g/g92/wei8/debug_exp/taco/legion/legion/runtime/realm/mutex.cc:1168
#2  0x00002000060ff028 in Realm::Doorbell::wait_slow (this=0x20002cfd0350) at /g/g92/wei8/debug_exp/taco/legion/legion/runtime/realm/mutex.cc:355
#3  0x0000200005f3f904 in wait (this=<optimized out>) at /g/g92/wei8/debug_exp/taco/legion/legion/runtime/realm/mutex.inl:81
#4  Realm::BackgroundWorkThread::main_loop (this=0x13e2a940) at /g/g92/wei8/debug_exp/taco/legion/legion/runtime/realm/bgwork.cc:166
#5  0x000020000604e324 in Realm::KernelThread::pthread_entry (data=0x140baa30) at /g/g92/wei8/debug_exp/taco/legion/legion/runtime/realm/threads.cc:781
#6  0x00002000000f8cd4 in start_thread (arg=0x20002cfcf8b0) at pthread_create.c:309
#7  0x00002000086e7f14 in clone () at ../sysdeps/unix/sysv/linux/powerpc/powerpc64/clone.S:104

Thread 32 (Thread 0x20002d0ff8b0 (LWP 100034)):
#0  0x00002000000fe92c in __pthread_cond_wait (cond=0x20002d1003c0, mutex=0x20002d100378) at pthread_cond_wait.c:153
#1  0x00002000060fee70 in Realm::KernelCondVar::wait (this=<error reading variable: value has been optimized out>) at /g/g92/wei8/debug_exp/taco/legion/legion/runtime/realm/mutex.cc:1168
#2  0x00002000060ff028 in Realm::Doorbell::wait_slow (this=0x20002d100350) at /g/g92/wei8/debug_exp/taco/legion/legion/runtime/realm/mutex.cc:355
#3  0x0000200005f3f904 in wait (this=<optimized out>) at /g/g92/wei8/debug_exp/taco/legion/legion/runtime/realm/mutex.inl:81
#4  Realm::BackgroundWorkThread::main_loop (this=0x13e756f0) at /g/g92/wei8/debug_exp/taco/legion/legion/runtime/realm/bgwork.cc:166
#5  0x000020000604e324 in Realm::KernelThread::pthread_entry (data=0x13e715f0) at /g/g92/wei8/debug_exp/taco/legion/legion/runtime/realm/threads.cc:781
#6  0x00002000000f8cd4 in start_thread (arg=0x20002d0ff8b0) at pthread_create.c:309
#7  0x00002000086e7f14 in clone () at ../sysdeps/unix/sysv/linux/powerpc/powerpc64/clone.S:104

Thread 31 (Thread 0x20002d22f8b0 (LWP 100035)):
#0  0x00002000000fe92c in __pthread_cond_wait (cond=0x20002d2303c0, mutex=0x20002d230378) at pthread_cond_wait.c:153
#1  0x00002000060fee70 in Realm::KernelCondVar::wait (this=<error reading variable: value has been optimized out>) at /g/g92/wei8/debug_exp/taco/legion/legion/runtime/realm/mutex.cc:1168
#2  0x00002000060ff028 in Realm::Doorbell::wait_slow (this=0x20002d230350) at /g/g92/wei8/debug_exp/taco/legion/legion/runtime/realm/mutex.cc:355
#3  0x0000200005f3f904 in wait (this=<optimized out>) at /g/g92/wei8/debug_exp/taco/legion/legion/runtime/realm/mutex.inl:81
#4  Realm::BackgroundWorkThread::main_loop (this=0x13e2e730) at /g/g92/wei8/debug_exp/taco/legion/legion/runtime/realm/bgwork.cc:166
#5  0x000020000604e324 in Realm::KernelThread::pthread_entry (data=0x13e2a590) at /g/g92/wei8/debug_exp/taco/legion/legion/runtime/realm/threads.cc:781
#6  0x00002000000f8cd4 in start_thread (arg=0x20002d22f8b0) at pthread_create.c:309
#7  0x00002000086e7f14 in clone () at ../sysdeps/unix/sysv/linux/powerpc/powerpc64/clone.S:104

Thread 30 (Thread 0x20002d45f8b0 (LWP 100036)):
#0  sched_yield () at ../sysdeps/unix/syscall-template.S:82
#1  0x00002000060aceac in Realm::ThreadPool::worker_entry (this=<optimized out>) at /g/g92/wei8/debug_exp/taco/legion/legion/runtime/realm/openmp/openmp_threadpool.cc:385
#2  0x000020000604e324 in Realm::KernelThread::pthread_entry (data=0x140d2450) at /g/g92/wei8/debug_exp/taco/legion/legion/runtime/realm/threads.cc:781
#3  0x00002000000f8cd4 in start_thread (arg=0x20002d45f8b0) at pthread_create.c:309
#4  0x00002000086e7f14 in clone () at ../sysdeps/unix/sysv/linux/powerpc/powerpc64/clone.S:104

Thread 29 (Thread 0x20002d68f8b0 (LWP 100037)):
#0  sched_yield () at ../sysdeps/unix/syscall-template.S:82
#1  0x00002000060aceac in Realm::ThreadPool::worker_entry (this=<optimized out>) at /g/g92/wei8/debug_exp/taco/legion/legion/runtime/realm/openmp/openmp_threadpool.cc:385
#2  0x000020000604e324 in Realm::KernelThread::pthread_entry (data=0x13e88fa0) at /g/g92/wei8/debug_exp/taco/legion/legion/runtime/realm/threads.cc:781
#3  0x00002000000f8cd4 in start_thread (arg=0x20002d68f8b0) at pthread_create.c:309
#4  0x00002000086e7f14 in clone () at ../sysdeps/unix/sysv/linux/powerpc/powerpc64/clone.S:104

Thread 28 (Thread 0x20002d8cf8b0 (LWP 100038)):
#0  sched_yield () at ../sysdeps/unix/syscall-template.S:82
#1  0x00002000060aceac in Realm::ThreadPool::worker_entry (this=<optimized out>) at /g/g92/wei8/debug_exp/taco/legion/legion/runtime/realm/openmp/openmp_threadpool.cc:385
#2  0x000020000604e324 in Realm::KernelThread::pthread_entry (data=0x13e65560) at /g/g92/wei8/debug_exp/taco/legion/legion/runtime/realm/threads.cc:781
#3  0x00002000000f8cd4 in start_thread (arg=0x20002d8cf8b0) at pthread_create.c:309
#4  0x00002000086e7f14 in clone () at ../sysdeps/unix/sysv/linux/powerpc/powerpc64/clone.S:104

Thread 27 (Thread 0x20002daff8b0 (LWP 100039)):
#0  sched_yield () at ../sysdeps/unix/syscall-template.S:82
#1  0x00002000060aceac in Realm::ThreadPool::worker_entry (this=<optimized out>) at /g/g92/wei8/debug_exp/taco/legion/legion/runtime/realm/openmp/openmp_threadpool.cc:385
#2  0x000020000604e324 in Realm::KernelThread::pthread_entry (data=0x13e616b0) at /g/g92/wei8/debug_exp/taco/legion/legion/runtime/realm/threads.cc:781
#3  0x00002000000f8cd4 in start_thread (arg=0x20002daff8b0) at pthread_create.c:309
#4  0x00002000086e7f14 in clone () at ../sysdeps/unix/sysv/linux/powerpc/powerpc64/clone.S:104

Thread 26 (Thread 0x20002dd2f8b0 (LWP 100040)):
#0  sched_yield () at ../sysdeps/unix/syscall-template.S:82
#1  0x00002000060aceac in Realm::ThreadPool::worker_entry (this=<optimized out>) at /g/g92/wei8/debug_exp/taco/legion/legion/runtime/realm/openmp/openmp_threadpool.cc:385
#2  0x000020000604e324 in Realm::KernelThread::pthread_entry (data=0x13e45e50) at /g/g92/wei8/debug_exp/taco/legion/legion/runtime/realm/threads.cc:781
#3  0x00002000000f8cd4 in start_thread (arg=0x20002dd2f8b0) at pthread_create.c:309
#4  0x00002000086e7f14 in clone () at ../sysdeps/unix/sysv/linux/powerpc/powerpc64/clone.S:104

Thread 25 (Thread 0x20002df5f8b0 (LWP 100041)):
#0  sched_yield () at ../sysdeps/unix/syscall-template.S:82
#1  0x00002000060aceac in Realm::ThreadPool::worker_entry (this=<optimized out>) at /g/g92/wei8/debug_exp/taco/legion/legion/runtime/realm/openmp/openmp_threadpool.cc:385
#2  0x000020000604e324 in Realm::KernelThread::pthread_entry (data=0x13e41f70) at /g/g92/wei8/debug_exp/taco/legion/legion/runtime/realm/threads.cc:781
#3  0x00002000000f8cd4 in start_thread (arg=0x20002df5f8b0) at pthread_create.c:309
#4  0x00002000086e7f14 in clone () at ../sysdeps/unix/sysv/linux/powerpc/powerpc64/clone.S:104

Thread 24 (Thread 0x20002e08f8b0 (LWP 100042)):
#0  0x00002000000fe92c in __pthread_cond_wait (cond=0x20002e0903c0, mutex=0x20002e090378) at pthread_cond_wait.c:153
#1  0x00002000060fee70 in Realm::KernelCondVar::wait (this=<error reading variable: value has been optimized out>) at /g/g92/wei8/debug_exp/taco/legion/legion/runtime/realm/mutex.cc:1168
#2  0x00002000060ff028 in Realm::Doorbell::wait_slow (this=0x20002e090350) at /g/g92/wei8/debug_exp/taco/legion/legion/runtime/realm/mutex.cc:355
#3  0x0000200005f3f904 in wait (this=<optimized out>) at /g/g92/wei8/debug_exp/taco/legion/legion/runtime/realm/mutex.inl:81
#4  Realm::BackgroundWorkThread::main_loop (this=0x13eb8d00) at /g/g92/wei8/debug_exp/taco/legion/legion/runtime/realm/bgwork.cc:166
#5  0x000020000604e324 in Realm::KernelThread::pthread_entry (data=0x13fcd6b0) at /g/g92/wei8/debug_exp/taco/legion/legion/runtime/realm/threads.cc:781
#6  0x00002000000f8cd4 in start_thread (arg=0x20002e08f8b0) at pthread_create.c:309
#7  0x00002000086e7f14 in clone () at ../sysdeps/unix/sysv/linux/powerpc/powerpc64/clone.S:104

Thread 23 (Thread 0x20002e1bf8b0 (LWP 100043)):
#0  0x00002000000fe92c in __pthread_cond_wait (cond=0x20002e1c03c0, mutex=0x20002e1c0378) at pthread_cond_wait.c:153
#1  0x00002000060fee70 in Realm::KernelCondVar::wait (this=<error reading variable: value has been optimized out>) at /g/g92/wei8/debug_exp/taco/legion/legion/runtime/realm/mutex.cc:1168
#2  0x00002000060ff028 in Realm::Doorbell::wait_slow (this=0x20002e1c0350) at /g/g92/wei8/debug_exp/taco/legion/legion/runtime/realm/mutex.cc:355
#3  0x0000200005f3f904 in wait (this=<optimized out>) at /g/g92/wei8/debug_exp/taco/legion/legion/runtime/realm/mutex.inl:81
#4  Realm::BackgroundWorkThread::main_loop (this=0x13ebcb60) at /g/g92/wei8/debug_exp/taco/legion/legion/runtime/realm/bgwork.cc:166
#5  0x000020000604e324 in Realm::KernelThread::pthread_entry (data=0x13fcd5a0) at /g/g92/wei8/debug_exp/taco/legion/legion/runtime/realm/threads.cc:781
#6  0x00002000000f8cd4 in start_thread (arg=0x20002e1bf8b0) at pthread_create.c:309
#7  0x00002000086e7f14 in clone () at ../sysdeps/unix/sysv/linux/powerpc/powerpc64/clone.S:104

Thread 22 (Thread 0x20002e2ef8b0 (LWP 100044)):
#0  0x00002000000fe92c in __pthread_cond_wait (cond=0x20002e2f03c0, mutex=0x20002e2f0378) at pthread_cond_wait.c:153
#1  0x00002000060fee70 in Realm::KernelCondVar::wait (this=<error reading variable: value has been optimized out>) at /g/g92/wei8/debug_exp/taco/legion/legion/runtime/realm/mutex.cc:1168
#2  0x00002000060ff028 in Realm::Doorbell::wait_slow (this=0x20002e2f0350) at /g/g92/wei8/debug_exp/taco/legion/legion/runtime/realm/mutex.cc:355
#3  0x0000200005f3f904 in wait (this=<optimized out>) at /g/g92/wei8/debug_exp/taco/legion/legion/runtime/realm/mutex.inl:81
#4  Realm::BackgroundWorkThread::main_loop (this=0x13ebcc30) at /g/g92/wei8/debug_exp/taco/legion/legion/runtime/realm/bgwork.cc:166
#5  0x000020000604e324 in Realm::KernelThread::pthread_entry (data=0x13e2e3f0) at /g/g92/wei8/debug_exp/taco/legion/legion/runtime/realm/threads.cc:781
#6  0x00002000000f8cd4 in start_thread (arg=0x20002e2ef8b0) at pthread_create.c:309
#7  0x00002000086e7f14 in clone () at ../sysdeps/unix/sysv/linux/powerpc/powerpc64/clone.S:104

Thread 21 (Thread 0x20002e51f8b0 (LWP 100045)):
#0  sched_yield () at ../sysdeps/unix/syscall-template.S:82
#1  0x00002000060aceac in Realm::ThreadPool::worker_entry (this=<optimized out>) at /g/g92/wei8/debug_exp/taco/legion/legion/runtime/realm/openmp/openmp_threadpool.cc:385
#2  0x000020000604e324 in Realm::KernelThread::pthread_entry (data=0x13e69420) at /g/g92/wei8/debug_exp/taco/legion/legion/runtime/realm/threads.cc:781
#3  0x00002000000f8cd4 in start_thread (arg=0x20002e51f8b0) at pthread_create.c:309
#4  0x00002000086e7f14 in clone () at ../sysdeps/unix/sysv/linux/powerpc/powerpc64/clone.S:104

Thread 20 (Thread 0x20002e74f8b0 (LWP 100046)):
#0  sched_yield () at ../sysdeps/unix/syscall-template.S:82
#1  0x00002000060aceac in Realm::ThreadPool::worker_entry (this=<optimized out>) at /g/g92/wei8/debug_exp/taco/legion/legion/runtime/realm/openmp/openmp_threadpool.cc:385
#2  0x000020000604e324 in Realm::KernelThread::pthread_entry (data=0x13e8ce80) at /g/g92/wei8/debug_exp/taco/legion/legion/runtime/realm/threads.cc:781
#3  0x00002000000f8cd4 in start_thread (arg=0x20002e74f8b0) at pthread_create.c:309
#4  0x00002000086e7f14 in clone () at ../sysdeps/unix/sysv/linux/powerpc/powerpc64/clone.S:104

Thread 19 (Thread 0x20002e97f8b0 (LWP 100047)):
#0  sched_yield () at ../sysdeps/unix/syscall-template.S:82
#1  0x00002000060aceac in Realm::ThreadPool::worker_entry (this=<optimized out>) at /g/g92/wei8/debug_exp/taco/legion/legion/runtime/realm/openmp/openmp_threadpool.cc:385
#2  0x000020000604e324 in Realm::KernelThread::pthread_entry (data=0x13ead130) at /g/g92/wei8/debug_exp/taco/legion/legion/runtime/realm/threads.cc:781
#3  0x00002000000f8cd4 in start_thread (arg=0x20002e97f8b0) at pthread_create.c:309
#4  0x00002000086e7f14 in clone () at ../sysdeps/unix/sysv/linux/powerpc/powerpc64/clone.S:104

Thread 18 (Thread 0x20002eaaf8b0 (LWP 100048)):
#0  0x00002000000fe92c in __pthread_cond_wait (cond=0x20002eab03c0, mutex=0x20002eab0378) at pthread_cond_wait.c:153
#1  0x00002000060fee70 in Realm::KernelCondVar::wait (this=<error reading variable: value has been optimized out>) at /g/g92/wei8/debug_exp/taco/legion/legion/runtime/realm/mutex.cc:1168
#2  0x00002000060ff028 in Realm::Doorbell::wait_slow (this=0x20002eab0350) at /g/g92/wei8/debug_exp/taco/legion/legion/runtime/realm/mutex.cc:355
#3  0x0000200005f3f904 in wait (this=<optimized out>) at /g/g92/wei8/debug_exp/taco/legion/legion/runtime/realm/mutex.inl:81
#4  Realm::BackgroundWorkThread::main_loop (this=0x140b6f70) at /g/g92/wei8/debug_exp/taco/legion/legion/runtime/realm/bgwork.cc:166
#5  0x000020000604e324 in Realm::KernelThread::pthread_entry (data=0x140b2d30) at /g/g92/wei8/debug_exp/taco/legion/legion/runtime/realm/threads.cc:781
#6  0x00002000000f8cd4 in start_thread (arg=0x20002eaaf8b0) at pthread_create.c:309
#7  0x00002000086e7f14 in clone () at ../sysdeps/unix/sysv/linux/powerpc/powerpc64/clone.S:104

Thread 17 (Thread 0x20002ebdf8b0 (LWP 100049)):
#0  0x00002000000fe92c in __pthread_cond_wait (cond=0x20002ebe03c0, mutex=0x20002ebe0378) at pthread_cond_wait.c:153
#1  0x00002000060fee70 in Realm::KernelCondVar::wait (this=<error reading variable: value has been optimized out>) at /g/g92/wei8/debug_exp/taco/legion/legion/runtime/realm/mutex.cc:1168
#2  0x00002000060ff028 in Realm::Doorbell::wait_slow (this=0x20002ebe0350) at /g/g92/wei8/debug_exp/taco/legion/legion/runtime/realm/mutex.cc:355
#3  0x0000200005f3f904 in wait (this=<optimized out>) at /g/g92/wei8/debug_exp/taco/legion/legion/runtime/realm/mutex.inl:81
#4  Realm::BackgroundWorkThread::main_loop (this=0x140ab3c0) at /g/g92/wei8/debug_exp/taco/legion/legion/runtime/realm/bgwork.cc:166
#5  0x000020000604e324 in Realm::KernelThread::pthread_entry (data=0x13fcd490) at /g/g92/wei8/debug_exp/taco/legion/legion/runtime/realm/threads.cc:781
#6  0x00002000000f8cd4 in start_thread (arg=0x20002ebdf8b0) at pthread_create.c:309
#7  0x00002000086e7f14 in clone () at ../sysdeps/unix/sysv/linux/powerpc/powerpc64/clone.S:104

Thread 16 (Thread 0x20002ed0f8b0 (LWP 100050)):
#0  0x00002000000fe92c in __pthread_cond_wait (cond=0x20002ed103c0, mutex=0x20002ed10378) at pthread_cond_wait.c:153
#1  0x00002000060fee70 in Realm::KernelCondVar::wait (this=<error reading variable: value has been optimized out>) at /g/g92/wei8/debug_exp/taco/legion/legion/runtime/realm/mutex.cc:1168
#2  0x00002000060ff028 in Realm::Doorbell::wait_slow (this=0x20002ed10350) at /g/g92/wei8/debug_exp/taco/legion/legion/runtime/realm/mutex.cc:355
#3  0x0000200005f3f904 in wait (this=<optimized out>) at /g/g92/wei8/debug_exp/taco/legion/legion/runtime/realm/mutex.inl:81
#4  Realm::BackgroundWorkThread::main_loop (this=0x140a75e0) at /g/g92/wei8/debug_exp/taco/legion/legion/runtime/realm/bgwork.cc:166
#5  0x000020000604e324 in Realm::KernelThread::pthread_entry (data=0x13fd14e0) at /g/g92/wei8/debug_exp/taco/legion/legion/runtime/realm/threads.cc:781
#6  0x00002000000f8cd4 in start_thread (arg=0x20002ed0f8b0) at pthread_create.c:309
#7  0x00002000086e7f14 in clone () at ../sysdeps/unix/sysv/linux/powerpc/powerpc64/clone.S:104

Thread 15 (Thread 0x20002ee3f8b0 (LWP 100051)):
#0  0x00002000000fe92c in __pthread_cond_wait (cond=0x20002ee403c0, mutex=0x20002ee40378) at pthread_cond_wait.c:153
#1  0x00002000060fee70 in Realm::KernelCondVar::wait (this=<error reading variable: value has been optimized out>) at /g/g92/wei8/debug_exp/taco/legion/legion/runtime/realm/mutex.cc:1168
#2  0x00002000060ff028 in Realm::Doorbell::wait_slow (this=0x20002ee40350) at /g/g92/wei8/debug_exp/taco/legion/legion/runtime/realm/mutex.cc:355
#3  0x0000200005f3f904 in wait (this=<optimized out>) at /g/g92/wei8/debug_exp/taco/legion/legion/runtime/realm/mutex.inl:81
#4  Realm::BackgroundWorkThread::main_loop (this=0x140ab3f0) at /g/g92/wei8/debug_exp/taco/legion/legion/runtime/realm/bgwork.cc:166
#5  0x000020000604e324 in Realm::KernelThread::pthread_entry (data=0x140a7250) at /g/g92/wei8/debug_exp/taco/legion/legion/runtime/realm/threads.cc:781
#6  0x00002000000f8cd4 in start_thread (arg=0x20002ee3f8b0) at pthread_create.c:309
#7  0x00002000086e7f14 in clone () at ../sysdeps/unix/sysv/linux/powerpc/powerpc64/clone.S:104

Thread 14 (Thread 0x20002ef6f8b0 (LWP 100052)):
#0  0x00002000000fe92c in __pthread_cond_wait (cond=0x20002ef703c0, mutex=0x20002ef70378) at pthread_cond_wait.c:153
#1  0x00002000060fee70 in Realm::KernelCondVar::wait (this=<error reading variable: value has been optimized out>) at /g/g92/wei8/debug_exp/taco/legion/legion/runtime/realm/mutex.cc:1168
#2  0x00002000060ff028 in Realm::Doorbell::wait_slow (this=0x20002ef70350) at /g/g92/wei8/debug_exp/taco/legion/legion/runtime/realm/mutex.cc:355
#3  0x0000200005f3f904 in wait (this=<optimized out>) at /g/g92/wei8/debug_exp/taco/legion/legion/runtime/realm/mutex.inl:81
#4  Realm::BackgroundWorkThread::main_loop (this=0x140b3000) at /g/g92/wei8/debug_exp/taco/legion/legion/runtime/realm/bgwork.cc:166
#5  0x000020000604e324 in Realm::KernelThread::pthread_entry (data=0x140aeed0) at /g/g92/wei8/debug_exp/taco/legion/legion/runtime/realm/threads.cc:781
#6  0x00002000000f8cd4 in start_thread (arg=0x20002ef6f8b0) at pthread_create.c:309
#7  0x00002000086e7f14 in clone () at ../sysdeps/unix/sysv/linux/powerpc/powerpc64/clone.S:104

Thread 13 (Thread 0x20002f09f8b0 (LWP 100053)):
#0  0x00002000000ff5c4 in pthread_spin_lock (lock=0x10cace08) at ../nptl/sysdeps/powerpc/pthread_spin_lock.c:26
#1  0x0000200014b6c128 in mlx5_poll_cq_1 () from /lib64/libmlx5-rdmav2.so
#2  0x00002000066549f8 in gasnetc_poll_rcv_hca () from /g/g92/wei8/debug_exp/taco/deps-install/cmake-install/lib64/librealm.so.1
Backtrace stopped: frame did not save the PC

Thread 12 (Thread 0x20002fb8f8b0 (LWP 100058)):
#0  0x00002000000fe92c in __pthread_cond_wait (cond=0x20002fb903c0, mutex=0x20002fb90378) at pthread_cond_wait.c:153
#1  0x00002000060fee70 in Realm::KernelCondVar::wait (this=<error reading variable: value has been optimized out>) at /g/g92/wei8/debug_exp/taco/legion/legion/runtime/realm/mutex.cc:1168
#2  0x00002000060ff028 in Realm::Doorbell::wait_slow (this=0x20002fb90350) at /g/g92/wei8/debug_exp/taco/legion/legion/runtime/realm/mutex.cc:355
#3  0x0000200006043684 in wait (this=<optimized out>) at /g/g92/wei8/debug_exp/taco/legion/legion/runtime/realm/mutex.inl:81
#4  Realm::ThreadedTaskScheduler::WorkCounter::wait_for_work (this=0x13ed4250, old_counter=<optimized out>) at /g/g92/wei8/debug_exp/taco/legion/legion/runtime/realm/tasks.cc:664
#5  0x0000200006043798 in Realm::ThreadedTaskScheduler::wait_for_work (this=0x13ed40c0, old_work_counter=<optimized out>) at /g/g92/wei8/debug_exp/taco/legion/legion/runtime/realm/tasks.cc:1239
#6  0x000020000604ad98 in Realm::ThreadedTaskScheduler::scheduler_loop (this=0x13ed40c0) at /g/g92/wei8/debug_exp/taco/legion/legion/runtime/realm/tasks.cc:1205
#7  0x000020000604b0cc in Realm::ThreadedTaskScheduler::scheduler_loop_wlock (this=0x13ed40c0) at /g/g92/wei8/debug_exp/taco/legion/legion/runtime/realm/tasks.cc:1217
#8  0x000020000604e324 in Realm::KernelThread::pthread_entry (data=0x14dfa9f0) at /g/g92/wei8/debug_exp/taco/legion/legion/runtime/realm/threads.cc:781
#9  0x00002000000f8cd4 in start_thread (arg=0x20002fb8f8b0) at pthread_create.c:309
#10 0x00002000086e7f14 in clone () at ../sysdeps/unix/sysv/linux/powerpc/powerpc64/clone.S:104

Thread 11 (Thread 0x20002fdbf8b0 (LWP 100059)):
#0  0x00002000000fe92c in __pthread_cond_wait (cond=0x20002fdc03c0, mutex=0x20002fdc0378) at pthread_cond_wait.c:153
#1  0x00002000060fee70 in Realm::KernelCondVar::wait (this=<error reading variable: value has been optimized out>) at /g/g92/wei8/debug_exp/taco/legion/legion/runtime/realm/mutex.cc:1168
#2  0x00002000060ff028 in Realm::Doorbell::wait_slow (this=0x20002fdc0350) at /g/g92/wei8/debug_exp/taco/legion/legion/runtime/realm/mutex.cc:355
#3  0x00002000060ff778 in wait (this=0x20002fdc0350) at /g/g92/wei8/debug_exp/taco/legion/legion/runtime/realm/mutex.inl:81
#4  Realm::FIFOCondVar::wait (this=0x20002fdba3a0) at /g/g92/wei8/debug_exp/taco/legion/legion/runtime/realm/mutex.cc:1096
#5  0x0000200006046f68 in Realm::KernelThreadTaskScheduler::worker_sleep (this=0x13eb4b80, switch_to=0x2034f40013d0) at /g/g92/wei8/debug_exp/taco/legion/legion/runtime/realm/tasks.cc:1414
#6  0x000020000604865c in Realm::ThreadedTaskScheduler::thread_blocking (this=0x13eb4b80, thread=<optimized out>) at /g/g92/wei8/debug_exp/taco/legion/legion/runtime/realm/tasks.cc:908
#7  0x0000200005f59f08 in Realm::Thread::wait_for_condition<Realm::EventTriggeredCondition> (cond=..., poisoned=@0x20002fdbacb8: false) at /g/g92/wei8/debug_exp/taco/legion/legion/runtime/realm/threads.inl:218
#8  0x0000200005f48198 in Realm::Event::wait_faultaware (this=0x20002fdbbdd0, poisoned=@0x20002fdbacb8: false) at /g/g92/wei8/debug_exp/taco/legion/legion/runtime/realm/event_impl.cc:254
#9  0x0000200005f4840c in Realm::Event::wait (this=<optimized out>) at /g/g92/wei8/debug_exp/taco/legion/legion/runtime/realm/event_impl.cc:206
#10 0x000000001005f3bc in Legion::Internal::LgEvent::wait() const ()
#11 0x00002000053852cc in Legion::Internal::ReplFutureMapImpl::wait_all_results (this=0x2034f40363d0, silence_warnings=<optimized out>, warning_string=<optimized out>) at /g/g92/wei8/debug_exp/taco/legion/legion/runtime/legion/runtime.cc:4429
#12 0x0000200005069778 in Legion::FutureMap::wait_all_results (this=<optimized out>, silence_warnings=<optimized out>, warning_string=<optimized out>) at /g/g92/wei8/debug_exp/taco/legion/legion/runtime/legion/legion.cc:2609
#13 0x00000000100a1748 in computeLegion(Legion::Internal::TaskContext*, Legion::Runtime*, Legion::LogicalRegion, Legion::LogicalRegion, Legion::LogicalRegion, Legion::LogicalPartition, Legion::LogicalPartition, Legion::LogicalPartition, int, int) ()
#14 0x00000000100311d0 in std::_Function_handler<void (), top_level_task(Legion::Task const*, std::vector<Legion::PhysicalRegion, std::allocator<Legion::PhysicalRegion> > const&, Legion::Internal::TaskContext*, Legion::Runtime*)::{lambda()#1}>::_M_invoke(std::_Any_data const&) ()
#15 0x000000001008fc98 in benchmark(Legion::Internal::TaskContext*, Legion::Runtime*, std::vector<unsigned long, std::allocator<unsigned long> >&, std::function<void ()>) ()
#16 0x0000000010043570 in top_level_task(Legion::Task const*, std::vector<Legion::PhysicalRegion, std::allocator<Legion::PhysicalRegion> > const&, Legion::Internal::TaskContext*, Legion::Runtime*) ()
#17 0x000000001006f754 in void Legion::LegionTaskWrapper::legion_task_wrapper<&(top_level_task(Legion::Task const*, std::vector<Legion::PhysicalRegion, std::allocator<Legion::PhysicalRegion> > const&, Legion::Internal::TaskContext*, Legion::Runtime*))>(void const*, unsigned long, void const*, unsigned long, Realm::Processor) ()
#18 0x0000200005ff1210 in Realm::LocalTaskProcessor::execute_task (this=0x13ed01e0, func_id=<optimized out>, task_args=...) at /g/g92/wei8/debug_exp/taco/legion/legion/runtime/realm/proc_impl.cc:1135
#19 0x00002000060471b8 in Realm::Task::execute_on_processor (this=0x203510008dd0, p=...) at /g/g92/wei8/debug_exp/taco/legion/legion/runtime/realm/tasks.cc:302
#20 0x0000200006047464 in Realm::KernelThreadTaskScheduler::execute_task (this=<optimized out>, task=<optimized out>) at /g/g92/wei8/debug_exp/taco/legion/legion/runtime/realm/tasks.cc:1366
#21 0x000020000604a8b4 in Realm::ThreadedTaskScheduler::scheduler_loop (this=0x13eb4b80) at /g/g92/wei8/debug_exp/taco/legion/legion/runtime/realm/tasks.cc:1105
#22 0x000020000604b0cc in Realm::ThreadedTaskScheduler::scheduler_loop_wlock (this=0x13eb4b80) at /g/g92/wei8/debug_exp/taco/legion/legion/runtime/realm/tasks.cc:1217
#23 0x000020000604e324 in Realm::KernelThread::pthread_entry (data=0x10fe3a00) at /g/g92/wei8/debug_exp/taco/legion/legion/runtime/realm/threads.cc:781
#24 0x00002000000f8cd4 in start_thread (arg=0x20002fdbf8b0) at pthread_create.c:309
#25 0x00002000086e7f14 in clone () at ../sysdeps/unix/sysv/linux/powerpc/powerpc64/clone.S:104

Thread 10 (Thread 0x20257f8df8b0 (LWP 100066)):
#0  0x00002000000fe92c in __pthread_cond_wait (cond=0x20257f8e03c0, mutex=0x20257f8e0378) at pthread_cond_wait.c:153
#1  0x00002000060fee70 in Realm::KernelCondVar::wait (this=<error reading variable: value has been optimized out>) at /g/g92/wei8/debug_exp/taco/legion/legion/runtime/realm/mutex.cc:1168
#2  0x00002000060ff028 in Realm::Doorbell::wait_slow (this=0x20257f8e0350) at /g/g92/wei8/debug_exp/taco/legion/legion/runtime/realm/mutex.cc:355
#3  0x0000200006043684 in wait (this=<optimized out>) at /g/g92/wei8/debug_exp/taco/legion/legion/runtime/realm/mutex.inl:81
#4  Realm::ThreadedTaskScheduler::WorkCounter::wait_for_work (this=0x13eb4d10, old_counter=<optimized out>) at /g/g92/wei8/debug_exp/taco/legion/legion/runtime/realm/tasks.cc:664
#5  0x0000200006043798 in Realm::ThreadedTaskScheduler::wait_for_work (this=0x13eb4b80, old_work_counter=<optimized out>) at /g/g92/wei8/debug_exp/taco/legion/legion/runtime/realm/tasks.cc:1239
#6  0x000020000604ad98 in Realm::ThreadedTaskScheduler::scheduler_loop (this=0x13eb4b80) at /g/g92/wei8/debug_exp/taco/legion/legion/runtime/realm/tasks.cc:1205
#7  0x000020000604b0cc in Realm::ThreadedTaskScheduler::scheduler_loop_wlock (this=0x13eb4b80) at /g/g92/wei8/debug_exp/taco/legion/legion/runtime/realm/tasks.cc:1217
#8  0x000020000604e324 in Realm::KernelThread::pthread_entry (data=0x2034f40013d0) at /g/g92/wei8/debug_exp/taco/legion/legion/runtime/realm/threads.cc:781
#9  0x00002000000f8cd4 in start_thread (arg=0x20257f8df8b0) at pthread_create.c:309
#10 0x00002000086e7f14 in clone () at ../sysdeps/unix/sysv/linux/powerpc/powerpc64/clone.S:104

Thread 9 (Thread 0x203518f3f8b0 (LWP 100248)):
#0  0x00002000000fe92c in __pthread_cond_wait (cond=0x203518f403c0, mutex=0x203518f40378) at pthread_cond_wait.c:153
#1  0x00002000060fee70 in Realm::KernelCondVar::wait (this=<error reading variable: value has been optimized out>) at /g/g92/wei8/debug_exp/taco/legion/legion/runtime/realm/mutex.cc:1168
#2  0x00002000060ff028 in Realm::Doorbell::wait_slow (this=0x203518f40350) at /g/g92/wei8/debug_exp/taco/legion/legion/runtime/realm/mutex.cc:355
#3  0x0000200006043684 in wait (this=<optimized out>) at /g/g92/wei8/debug_exp/taco/legion/legion/runtime/realm/mutex.inl:81
#4  Realm::ThreadedTaskScheduler::WorkCounter::wait_for_work (this=0x13eebad0, old_counter=<optimized out>) at /g/g92/wei8/debug_exp/taco/legion/legion/runtime/realm/tasks.cc:664
#5  0x0000200006043798 in Realm::ThreadedTaskScheduler::wait_for_work (this=0x13eeb940, old_work_counter=<optimized out>) at /g/g92/wei8/debug_exp/taco/legion/legion/runtime/realm/tasks.cc:1239
#6  0x000020000604ad98 in Realm::ThreadedTaskScheduler::scheduler_loop (this=0x13eeb940) at /g/g92/wei8/debug_exp/taco/legion/legion/runtime/realm/tasks.cc:1205
#7  0x000020000604b0cc in Realm::ThreadedTaskScheduler::scheduler_loop_wlock (this=0x13eeb940) at /g/g92/wei8/debug_exp/taco/legion/legion/runtime/realm/tasks.cc:1217
#8  0x000020000604e324 in Realm::KernelThread::pthread_entry (data=0x203506a9c970) at /g/g92/wei8/debug_exp/taco/legion/legion/runtime/realm/threads.cc:781
#9  0x00002000000f8cd4 in start_thread (arg=0x203518f3f8b0) at pthread_create.c:309
#10 0x00002000086e7f14 in clone () at ../sysdeps/unix/sysv/linux/powerpc/powerpc64/clone.S:104

Thread 8 (Thread 0x20002f95f8b0 (LWP 100722)):
#0  0x00002000000fe92c in __pthread_cond_wait (cond=0x20002f9603c0, mutex=0x20002f960378) at pthread_cond_wait.c:153
#1  0x00002000060fee70 in Realm::KernelCondVar::wait (this=<error reading variable: value has been optimized out>) at /g/g92/wei8/debug_exp/taco/legion/legion/runtime/realm/mutex.cc:1168
#2  0x00002000060ff028 in Realm::Doorbell::wait_slow (this=0x20002f960350) at /g/g92/wei8/debug_exp/taco/legion/legion/runtime/realm/mutex.cc:355
#3  0x0000200006043684 in wait (this=<optimized out>) at /g/g92/wei8/debug_exp/taco/legion/legion/runtime/realm/mutex.inl:81
#4  Realm::ThreadedTaskScheduler::WorkCounter::wait_for_work (this=0x1408bac0, old_counter=<optimized out>) at /g/g92/wei8/debug_exp/taco/legion/legion/runtime/realm/tasks.cc:664
#5  0x0000200006043798 in Realm::ThreadedTaskScheduler::wait_for_work (this=0x1408b930, old_work_counter=<optimized out>) at /g/g92/wei8/debug_exp/taco/legion/legion/runtime/realm/tasks.cc:1239
#6  0x000020000604ad98 in Realm::ThreadedTaskScheduler::scheduler_loop (this=0x1408b930) at /g/g92/wei8/debug_exp/taco/legion/legion/runtime/realm/tasks.cc:1205
#7  0x000020000604b0cc in Realm::ThreadedTaskScheduler::scheduler_loop_wlock (this=0x1408b930) at /g/g92/wei8/debug_exp/taco/legion/legion/runtime/realm/tasks.cc:1217
#8  0x000020000604e324 in Realm::KernelThread::pthread_entry (data=0x203534028e00) at /g/g92/wei8/debug_exp/taco/legion/legion/runtime/realm/threads.cc:781
#9  0x00002000000f8cd4 in start_thread (arg=0x20002f95f8b0) at pthread_create.c:309
#10 0x00002000086e7f14 in clone () at ../sysdeps/unix/sysv/linux/powerpc/powerpc64/clone.S:104

Thread 7 (Thread 0x20002f4ff8b0 (LWP 100723)):
#0  0x00002000000fe92c in __pthread_cond_wait (cond=0x20002f5003c0, mutex=0x20002f500378) at pthread_cond_wait.c:153
#1  0x00002000060fee70 in Realm::KernelCondVar::wait (this=<error reading variable: value has been optimized out>) at /g/g92/wei8/debug_exp/taco/legion/legion/runtime/realm/mutex.cc:1168
#2  0x00002000060ff028 in Realm::Doorbell::wait_slow (this=0x20002f500350) at /g/g92/wei8/debug_exp/taco/legion/legion/runtime/realm/mutex.cc:355
#3  0x0000200006043684 in wait (this=<optimized out>) at /g/g92/wei8/debug_exp/taco/legion/legion/runtime/realm/mutex.inl:81
#4  Realm::ThreadedTaskScheduler::WorkCounter::wait_for_work (this=0x1403cbc0, old_counter=<optimized out>) at /g/g92/wei8/debug_exp/taco/legion/legion/runtime/realm/tasks.cc:664
#5  0x0000200006043798 in Realm::ThreadedTaskScheduler::wait_for_work (this=0x1403ca30, old_work_counter=<optimized out>) at /g/g92/wei8/debug_exp/taco/legion/legion/runtime/realm/tasks.cc:1239
#6  0x000020000604ad98 in Realm::ThreadedTaskScheduler::scheduler_loop (this=0x1403ca30) at /g/g92/wei8/debug_exp/taco/legion/legion/runtime/realm/tasks.cc:1205
#7  0x000020000604b0cc in Realm::ThreadedTaskScheduler::scheduler_loop_wlock (this=0x1403ca30) at /g/g92/wei8/debug_exp/taco/legion/legion/runtime/realm/tasks.cc:1217
#8  0x000020000604e324 in Realm::KernelThread::pthread_entry (data=0x20350aae1640) at /g/g92/wei8/debug_exp/taco/legion/legion/runtime/realm/threads.cc:781
#9  0x00002000000f8cd4 in start_thread (arg=0x20002f4ff8b0) at pthread_create.c:309
#10 0x00002000086e7f14 in clone () at ../sysdeps/unix/sysv/linux/powerpc/powerpc64/clone.S:104

Thread 6 (Thread 0x20351844f8b0 (LWP 104461)):
#0  0x00002000000fe92c in __pthread_cond_wait (cond=0x2035184503c0, mutex=0x203518450378) at pthread_cond_wait.c:153
#1  0x00002000060fee70 in Realm::KernelCondVar::wait (this=<error reading variable: value has been optimized out>) at /g/g92/wei8/debug_exp/taco/legion/legion/runtime/realm/mutex.cc:1168
#2  0x00002000060ff028 in Realm::Doorbell::wait_slow (this=0x203518450350) at /g/g92/wei8/debug_exp/taco/legion/legion/runtime/realm/mutex.cc:355
#3  0x0000200006043684 in wait (this=<optimized out>) at /g/g92/wei8/debug_exp/taco/legion/legion/runtime/realm/mutex.inl:81
#4  Realm::ThreadedTaskScheduler::WorkCounter::wait_for_work (this=0x13f2bfa0, old_counter=<optimized out>) at /g/g92/wei8/debug_exp/taco/legion/legion/runtime/realm/tasks.cc:664
#5  0x0000200006043798 in Realm::ThreadedTaskScheduler::wait_for_work (this=0x13f2be10, old_work_counter=<optimized out>) at /g/g92/wei8/debug_exp/taco/legion/legion/runtime/realm/tasks.cc:1239
#6  0x000020000604ad98 in Realm::ThreadedTaskScheduler::scheduler_loop (this=0x13f2be10) at /g/g92/wei8/debug_exp/taco/legion/legion/runtime/realm/tasks.cc:1205
#7  0x000020000604b0cc in Realm::ThreadedTaskScheduler::scheduler_loop_wlock (this=0x13f2be10) at /g/g92/wei8/debug_exp/taco/legion/legion/runtime/realm/tasks.cc:1217
#8  0x000020000604e324 in Realm::KernelThread::pthread_entry (data=0x203524005cd0) at /g/g92/wei8/debug_exp/taco/legion/legion/runtime/realm/threads.cc:781
#9  0x00002000000f8cd4 in start_thread (arg=0x20351844f8b0) at pthread_create.c:309
#10 0x00002000086e7f14 in clone () at ../sysdeps/unix/sysv/linux/powerpc/powerpc64/clone.S:104

Thread 5 (Thread 0x20002f72f8b0 (LWP 104642)):
#0  0x00002000000fe92c in __pthread_cond_wait (cond=0x20002f7303c0, mutex=0x20002f730378) at pthread_cond_wait.c:153
#1  0x00002000060fee70 in Realm::KernelCondVar::wait (this=<error reading variable: value has been optimized out>) at /g/g92/wei8/debug_exp/taco/legion/legion/runtime/realm/mutex.cc:1168
#2  0x00002000060ff028 in Realm::Doorbell::wait_slow (this=0x20002f730350) at /g/g92/wei8/debug_exp/taco/legion/legion/runtime/realm/mutex.cc:355
#3  0x0000200006043684 in wait (this=<optimized out>) at /g/g92/wei8/debug_exp/taco/legion/legion/runtime/realm/mutex.inl:81
#4  Realm::ThreadedTaskScheduler::WorkCounter::wait_for_work (this=0x13eefab0, old_counter=<optimized out>) at /g/g92/wei8/debug_exp/taco/legion/legion/runtime/realm/tasks.cc:664
#5  0x0000200006043798 in Realm::ThreadedTaskScheduler::wait_for_work (this=0x13eef920, old_work_counter=<optimized out>) at /g/g92/wei8/debug_exp/taco/legion/legion/runtime/realm/tasks.cc:1239
#6  0x000020000604ad98 in Realm::ThreadedTaskScheduler::scheduler_loop (this=0x13eef920) at /g/g92/wei8/debug_exp/taco/legion/legion/runtime/realm/tasks.cc:1205
#7  0x000020000604b0cc in Realm::ThreadedTaskScheduler::scheduler_loop_wlock (this=0x13eef920) at /g/g92/wei8/debug_exp/taco/legion/legion/runtime/realm/tasks.cc:1217
#8  0x000020000604e324 in Realm::KernelThread::pthread_entry (data=0x2034f8168d20) at /g/g92/wei8/debug_exp/taco/legion/legion/runtime/realm/threads.cc:781
#9  0x00002000000f8cd4 in start_thread (arg=0x20002f72f8b0) at pthread_create.c:309
#10 0x00002000086e7f14 in clone () at ../sysdeps/unix/sysv/linux/powerpc/powerpc64/clone.S:104

Thread 4 (Thread 0x20351867f8b0 (LWP 104661)):
#0  0x00002000000fe92c in __pthread_cond_wait (cond=0x2035186803c0, mutex=0x203518680378) at pthread_cond_wait.c:153
#1  0x00002000060fee70 in Realm::KernelCondVar::wait (this=<error reading variable: value has been optimized out>) at /g/g92/wei8/debug_exp/taco/legion/legion/runtime/realm/mutex.cc:1168
#2  0x00002000060ff028 in Realm::Doorbell::wait_slow (this=0x203518680350) at /g/g92/wei8/debug_exp/taco/legion/legion/runtime/realm/mutex.cc:355
#3  0x0000200006043684 in wait (this=<optimized out>) at /g/g92/wei8/debug_exp/taco/legion/legion/runtime/realm/mutex.inl:81
#4  Realm::ThreadedTaskScheduler::WorkCounter::wait_for_work (this=0x13f075f0, old_counter=<optimized out>) at /g/g92/wei8/debug_exp/taco/legion/legion/runtime/realm/tasks.cc:664
#5  0x0000200006043798 in Realm::ThreadedTaskScheduler::wait_for_work (this=0x13f07460, old_work_counter=<optimized out>) at /g/g92/wei8/debug_exp/taco/legion/legion/runtime/realm/tasks.cc:1239
#6  0x000020000604ad98 in Realm::ThreadedTaskScheduler::scheduler_loop (this=0x13f07460) at /g/g92/wei8/debug_exp/taco/legion/legion/runtime/realm/tasks.cc:1205
#7  0x000020000604b0cc in Realm::ThreadedTaskScheduler::scheduler_loop_wlock (this=0x13f07460) at /g/g92/wei8/debug_exp/taco/legion/legion/runtime/realm/tasks.cc:1217
#8  0x000020000604e324 in Realm::KernelThread::pthread_entry (data=0x2034e40f94d0) at /g/g92/wei8/debug_exp/taco/legion/legion/runtime/realm/threads.cc:781
#9  0x00002000000f8cd4 in start_thread (arg=0x20351867f8b0) at pthread_create.c:309
#10 0x00002000086e7f14 in clone () at ../sysdeps/unix/sysv/linux/powerpc/powerpc64/clone.S:104

Thread 3 (Thread 0x20351916f8b0 (LWP 104662)):
#0  0x00002000000fe92c in __pthread_cond_wait (cond=0x2035191703c0, mutex=0x203519170378) at pthread_cond_wait.c:153
#1  0x00002000060fee70 in Realm::KernelCondVar::wait (this=<error reading variable: value has been optimized out>) at /g/g92/wei8/debug_exp/taco/legion/legion/runtime/realm/mutex.cc:1168
#2  0x00002000060ff028 in Realm::Doorbell::wait_slow (this=0x203519170350) at /g/g92/wei8/debug_exp/taco/legion/legion/runtime/realm/mutex.cc:355
#3  0x0000200006043684 in wait (this=<optimized out>) at /g/g92/wei8/debug_exp/taco/legion/legion/runtime/realm/mutex.inl:81
#4  Realm::ThreadedTaskScheduler::WorkCounter::wait_for_work (this=0x13f0b4d0, old_counter=<optimized out>) at /g/g92/wei8/debug_exp/taco/legion/legion/runtime/realm/tasks.cc:664
#5  0x0000200006043798 in Realm::ThreadedTaskScheduler::wait_for_work (this=0x13f0b340, old_work_counter=<optimized out>) at /g/g92/wei8/debug_exp/taco/legion/legion/runtime/realm/tasks.cc:1239
#6  0x000020000604ad98 in Realm::ThreadedTaskScheduler::scheduler_loop (this=0x13f0b340) at /g/g92/wei8/debug_exp/taco/legion/legion/runtime/realm/tasks.cc:1205
#7  0x000020000604b0cc in Realm::ThreadedTaskScheduler::scheduler_loop_wlock (this=0x13f0b340) at /g/g92/wei8/debug_exp/taco/legion/legion/runtime/realm/tasks.cc:1217
#8  0x000020000604e324 in Realm::KernelThread::pthread_entry (data=0x20352403bd00) at /g/g92/wei8/debug_exp/taco/legion/legion/runtime/realm/threads.cc:781
#9  0x00002000000f8cd4 in start_thread (arg=0x20351916f8b0) at pthread_create.c:309
#10 0x00002000086e7f14 in clone () at ../sysdeps/unix/sysv/linux/powerpc/powerpc64/clone.S:104

Thread 2 (Thread 0x20257f24f8b0 (LWP 104663)):
#0  0x00002000000fe92c in __pthread_cond_wait (cond=0x20257f2503c0, mutex=0x20257f250378) at pthread_cond_wait.c:153
#1  0x00002000060fee70 in Realm::KernelCondVar::wait (this=<error reading variable: value has been optimized out>) at /g/g92/wei8/debug_exp/taco/legion/legion/runtime/realm/mutex.cc:1168
#2  0x00002000060ff028 in Realm::Doorbell::wait_slow (this=0x20257f250350) at /g/g92/wei8/debug_exp/taco/legion/legion/runtime/realm/mutex.cc:355
#3  0x0000200006043684 in wait (this=<optimized out>) at /g/g92/wei8/debug_exp/taco/legion/legion/runtime/realm/mutex.inl:81
#4  Realm::ThreadedTaskScheduler::WorkCounter::wait_for_work (this=0x13f13290, old_counter=<optimized out>) at /g/g92/wei8/debug_exp/taco/legion/legion/runtime/realm/tasks.cc:664
#5  0x0000200006043798 in Realm::ThreadedTaskScheduler::wait_for_work (this=0x13f13100, old_work_counter=<optimized out>) at /g/g92/wei8/debug_exp/taco/legion/legion/runtime/realm/tasks.cc:1239
#6  0x000020000604ad98 in Realm::ThreadedTaskScheduler::scheduler_loop (this=0x13f13100) at /g/g92/wei8/debug_exp/taco/legion/legion/runtime/realm/tasks.cc:1205
#7  0x000020000604b0cc in Realm::ThreadedTaskScheduler::scheduler_loop_wlock (this=0x13f13100) at /g/g92/wei8/debug_exp/taco/legion/legion/runtime/realm/tasks.cc:1217
#8  0x000020000604e324 in Realm::KernelThread::pthread_entry (data=0x20352033bdf0) at /g/g92/wei8/debug_exp/taco/legion/legion/runtime/realm/threads.cc:781
#9  0x00002000000f8cd4 in start_thread (arg=0x20257f24f8b0) at pthread_create.c:309
#10 0x00002000086e7f14 in clone () at ../sysdeps/unix/sysv/linux/powerpc/powerpc64/clone.S:104

Thread 1 (Thread 0x20000a8a0000 (LWP 99863)):
#0  0x00002000000fe92c in __pthread_cond_wait (cond=0x20000a8a0b10, mutex=0x20000a8a0ac8) at pthread_cond_wait.c:153
#1  0x00002000060fee70 in Realm::KernelCondVar::wait (this=<error reading variable: value has been optimized out>) at /g/g92/wei8/debug_exp/taco/legion/legion/runtime/realm/mutex.cc:1168
#2  0x00002000060ff028 in Realm::Doorbell::wait_slow (this=0x20000a8a0aa0) at /g/g92/wei8/debug_exp/taco/legion/legion/runtime/realm/mutex.cc:355
#3  0x00002000060ff5d8 in wait (this=0x20000a8a0aa0) at /g/g92/wei8/debug_exp/taco/legion/legion/runtime/realm/mutex.inl:81
#4  Realm::UnfairCondVar::wait (this=0x101e8290) at /g/g92/wei8/debug_exp/taco/legion/legion/runtime/realm/mutex.cc:1017
#5  0x0000200006015568 in Realm::RuntimeImpl::wait_for_shutdown (this=0x101e8160) at /g/g92/wei8/debug_exp/taco/legion/legion/runtime/realm/runtime_impl.cc:2277
#6  0x00002000060190ec in Realm::Runtime::wait_for_shutdown (this=0x7fffffff9ce8) at /g/g92/wei8/debug_exp/taco/legion/legion/runtime/realm/runtime_impl.cc:640
#7  0x00002000053eeeb0 in Legion::Internal::Runtime::start (argc=<optimized out>, argv=<optimized out>, background=<optimized out>, supply_default_mapper=<optimized out>) at /g/g92/wei8/debug_exp/taco/legion/legion/runtime/legion/runtime.cc:29464
#8  0x0000200005079408 in Legion::Runtime::start (argc=<optimized out>, argv=<optimized out>, background=<optimized out>, default_mapper=<optimized out>) at /g/g92/wei8/debug_exp/taco/legion/legion/runtime/legion/legion.cc:7618
#9  0x000000001002fca0 in main ()
[Inferior 1 (process 99863) detached]
