jsmd(179874)-+-cannonMM-cuda(179952)-+-{cannonMM-cuda}(179955)
             |                       |-{cannonMM-cuda}(179956)
             |                       |-{cannonMM-cuda}(179971)
             |                       |-{cannonMM-cuda}(179977)
             |                       |-{cannonMM-cuda}(179981)
             |                       |-{cannonMM-cuda}(179983)
             |                       |-{cannonMM-cuda}(179984)
             |                       |-{cannonMM-cuda}(180130)
             |                       |-{cannonMM-cuda}(180131)
             |                       |-{cannonMM-cuda}(180132)
             |                       |-{cannonMM-cuda}(180133)
             |                       |-{cannonMM-cuda}(180134)
             |                       |-{cannonMM-cuda}(180135)
             |                       |-{cannonMM-cuda}(180136)
             |                       |-{cannonMM-cuda}(180137)
             |                       |-{cannonMM-cuda}(180138)
             |                       |-{cannonMM-cuda}(180139)
             |                       |-{cannonMM-cuda}(180140)
             |                       |-{cannonMM-cuda}(180141)
             |                       |-{cannonMM-cuda}(180142)
             |                       |-{cannonMM-cuda}(180143)
             |                       |-{cannonMM-cuda}(180144)
             |                       |-{cannonMM-cuda}(180145)
             |                       |-{cannonMM-cuda}(180146)
             |                       |-{cannonMM-cuda}(180147)
             |                       |-{cannonMM-cuda}(180148)
             |                       |-{cannonMM-cuda}(180149)
             |                       |-{cannonMM-cuda}(180150)
             |                       |-{cannonMM-cuda}(180156)
             |                       |-{cannonMM-cuda}(180157)
             |                       |-{cannonMM-cuda}(180161)
             |                       |-{cannonMM-cuda}(180164)
             |                       |-{cannonMM-cuda}(1272)
             |                       |-{cannonMM-cuda}(1274)
             |                       |-{cannonMM-cuda}(1427)
             |                       |-{cannonMM-cuda}(5654)
             |                       |-{cannonMM-cuda}(5676)
             |                       |-{cannonMM-cuda}(5677)
             |                       |-{cannonMM-cuda}(5679)
             |                       |-{cannonMM-cuda}(5680)
             |                       |-{cannonMM-cuda}(5681)
             |                       |-{cannonMM-cuda}(5682)
             |                       `-{cannonMM-cuda}(5683)
             |-{jsmd}(179875)
             |-{jsmd}(179876)
             |-{jsmd}(179880)
             |-{jsmd}(179881)
             |-{jsmd}(179882)
             |-{jsmd}(179883)
             |-{jsmd}(179884)
             |-{jsmd}(179885)
             |-{jsmd}(179886)
             |-{jsmd}(179887)
             |-{jsmd}(179888)
             |-{jsmd}(179889)
             |-{jsmd}(179890)
             |-{jsmd}(179891)
             |-{jsmd}(179892)
             |-{jsmd}(179893)
             |-{jsmd}(179894)
             |-{jsmd}(179895)
             |-{jsmd}(179896)
             `-{jsmd}(179897)

sshd(16604)---bash(16606)---pstree(16609)
