jsmd(21342)-+-cannonMM-cuda(21420)-+-{cannonMM-cuda}(21424)
            |                      |-{cannonMM-cuda}(21426)
            |                      |-{cannonMM-cuda}(21446)
            |                      |-{cannonMM-cuda}(21449)
            |                      |-{cannonMM-cuda}(21451)
            |                      |-{cannonMM-cuda}(21452)
            |                      |-{cannonMM-cuda}(21453)
            |                      |-{cannonMM-cuda}(21599)
            |                      |-{cannonMM-cuda}(21600)
            |                      |-{cannonMM-cuda}(21601)
            |                      |-{cannonMM-cuda}(21602)
            |                      |-{cannonMM-cuda}(21603)
            |                      |-{cannonMM-cuda}(21604)
            |                      |-{cannonMM-cuda}(21605)
            |                      |-{cannonMM-cuda}(21606)
            |                      |-{cannonMM-cuda}(21607)
            |                      |-{cannonMM-cuda}(21608)
            |                      |-{cannonMM-cuda}(21609)
            |                      |-{cannonMM-cuda}(21610)
            |                      |-{cannonMM-cuda}(21611)
            |                      |-{cannonMM-cuda}(21612)
            |                      |-{cannonMM-cuda}(21613)
            |                      |-{cannonMM-cuda}(21614)
            |                      |-{cannonMM-cuda}(21615)
            |                      |-{cannonMM-cuda}(21616)
            |                      |-{cannonMM-cuda}(21617)
            |                      |-{cannonMM-cuda}(21618)
            |                      |-{cannonMM-cuda}(21619)
            |                      |-{cannonMM-cuda}(21624)
            |                      |-{cannonMM-cuda}(21625)
            |                      |-{cannonMM-cuda}(21626)
            |                      |-{cannonMM-cuda}(21628)
            |                      |-{cannonMM-cuda}(21632)
            |                      |-{cannonMM-cuda}(21866)
            |                      |-{cannonMM-cuda}(25923)
            |                      |-{cannonMM-cuda}(26152)
            |                      |-{cannonMM-cuda}(26154)
            |                      |-{cannonMM-cuda}(26171)
            |                      `-{cannonMM-cuda}(26172)
            |-{jsmd}(21343)
            |-{jsmd}(21356)
            |-{jsmd}(21357)
            |-{jsmd}(21358)
            |-{jsmd}(21359)
            |-{jsmd}(21360)
            |-{jsmd}(21361)
            |-{jsmd}(21362)
            |-{jsmd}(21363)
            |-{jsmd}(21364)
            |-{jsmd}(21365)
            |-{jsmd}(21367)
            |-{jsmd}(21368)
            |-{jsmd}(21369)
            |-{jsmd}(21370)
            |-{jsmd}(21371)
            |-{jsmd}(21372)
            |-{jsmd}(21373)
            |-{jsmd}(21374)
            `-{jsmd}(21375)

sshd(37410)---bash(37433)---pstree(37436)
