jsmd(175613)-+-cannonMM-cuda(175678)-+-{cannonMM-cuda}(175681)
             |                       |-{cannonMM-cuda}(175682)
             |                       |-{cannonMM-cuda}(175705)
             |                       |-{cannonMM-cuda}(175707)
             |                       |-{cannonMM-cuda}(175709)
             |                       |-{cannonMM-cuda}(175710)
             |                       |-{cannonMM-cuda}(175711)
             |                       |-{cannonMM-cuda}(175857)
             |                       |-{cannonMM-cuda}(175858)
             |                       |-{cannonMM-cuda}(175859)
             |                       |-{cannonMM-cuda}(175860)
             |                       |-{cannonMM-cuda}(175861)
             |                       |-{cannonMM-cuda}(175862)
             |                       |-{cannonMM-cuda}(175863)
             |                       |-{cannonMM-cuda}(175864)
             |                       |-{cannonMM-cuda}(175865)
             |                       |-{cannonMM-cuda}(175866)
             |                       |-{cannonMM-cuda}(175867)
             |                       |-{cannonMM-cuda}(175868)
             |                       |-{cannonMM-cuda}(175869)
             |                       |-{cannonMM-cuda}(175870)
             |                       |-{cannonMM-cuda}(175871)
             |                       |-{cannonMM-cuda}(175872)
             |                       |-{cannonMM-cuda}(175873)
             |                       |-{cannonMM-cuda}(175874)
             |                       |-{cannonMM-cuda}(175875)
             |                       |-{cannonMM-cuda}(175876)
             |                       |-{cannonMM-cuda}(175877)
             |                       |-{cannonMM-cuda}(175882)
             |                       |-{cannonMM-cuda}(175883)
             |                       |-{cannonMM-cuda}(175884)
             |                       |-{cannonMM-cuda}(175887)
             |                       |-{cannonMM-cuda}(175890)
             |                       |-{cannonMM-cuda}(176351)
             |                       |-{cannonMM-cuda}(176449)
             |                       |-{cannonMM-cuda}(1394)
             |                       |-{cannonMM-cuda}(1395)
             |                       |-{cannonMM-cuda}(1397)
             |                       `-{cannonMM-cuda}(1398)
             |-{jsmd}(175614)
             |-{jsmd}(175615)
             |-{jsmd}(175616)
             |-{jsmd}(175617)
             |-{jsmd}(175618)
             |-{jsmd}(175619)
             |-{jsmd}(175620)
             |-{jsmd}(175621)
             |-{jsmd}(175622)
             |-{jsmd}(175623)
             |-{jsmd}(175624)
             |-{jsmd}(175625)
             |-{jsmd}(175626)
             |-{jsmd}(175627)
             |-{jsmd}(175628)
             |-{jsmd}(175629)
             |-{jsmd}(175630)
             |-{jsmd}(175631)
             |-{jsmd}(175632)
             `-{jsmd}(175633)

sshd(12634)---bash(12692)---pstree(12710)
