jsmd(88532)-+-cannonMM-cuda(88814)-+-{cannonMM-cuda}(88817)
            |                      |-{cannonMM-cuda}(88818)
            |                      |-{cannonMM-cuda}(88834)
            |                      |-{cannonMM-cuda}(88839)
            |                      |-{cannonMM-cuda}(88842)
            |                      |-{cannonMM-cuda}(88844)
            |                      |-{cannonMM-cuda}(88845)
            |                      |-{cannonMM-cuda}(89117)
            |                      |-{cannonMM-cuda}(89118)
            |                      |-{cannonMM-cuda}(89119)
            |                      |-{cannonMM-cuda}(89120)
            |                      |-{cannonMM-cuda}(89121)
            |                      |-{cannonMM-cuda}(89122)
            |                      |-{cannonMM-cuda}(89123)
            |                      |-{cannonMM-cuda}(89124)
            |                      |-{cannonMM-cuda}(89125)
            |                      |-{cannonMM-cuda}(89126)
            |                      |-{cannonMM-cuda}(89127)
            |                      |-{cannonMM-cuda}(89128)
            |                      |-{cannonMM-cuda}(89129)
            |                      |-{cannonMM-cuda}(89130)
            |                      |-{cannonMM-cuda}(89131)
            |                      |-{cannonMM-cuda}(89132)
            |                      |-{cannonMM-cuda}(89133)
            |                      |-{cannonMM-cuda}(89134)
            |                      |-{cannonMM-cuda}(89135)
            |                      |-{cannonMM-cuda}(89136)
            |                      |-{cannonMM-cuda}(89137)
            |                      |-{cannonMM-cuda}(89142)
            |                      |-{cannonMM-cuda}(89143)
            |                      |-{cannonMM-cuda}(89150)
            |                      |-{cannonMM-cuda}(89460)
            |                      |-{cannonMM-cuda}(89531)
            |                      |-{cannonMM-cuda}(93513)
            |                      |-{cannonMM-cuda}(93519)
            |                      |-{cannonMM-cuda}(93641)
            |                      |-{cannonMM-cuda}(93642)
            |                      |-{cannonMM-cuda}(93643)
            |                      |-{cannonMM-cuda}(93644)
            |                      |-{cannonMM-cuda}(93648)
            |                      |-{cannonMM-cuda}(93649)
            |                      |-{cannonMM-cuda}(93657)
            |                      |-{cannonMM-cuda}(93658)
            |                      |-{cannonMM-cuda}(93670)
            |                      `-{cannonMM-cuda}(93671)
            |-{jsmd}(88533)
            |-{jsmd}(88534)
            |-{jsmd}(88538)
            |-{jsmd}(88539)
            |-{jsmd}(88540)
            |-{jsmd}(88541)
            |-{jsmd}(88542)
            |-{jsmd}(88543)
            |-{jsmd}(88544)
            |-{jsmd}(88545)
            |-{jsmd}(88546)
            |-{jsmd}(88547)
            |-{jsmd}(88548)
            |-{jsmd}(88549)
            |-{jsmd}(88550)
            |-{jsmd}(88551)
            |-{jsmd}(88552)
            |-{jsmd}(88553)
            |-{jsmd}(88554)
            `-{jsmd}(88555)

sshd(88586)---bash(88590)---1674878607.4475(88760)---jsrun(88776)-+-{jsrun}(88805)
                                                                  `-{jsrun}(88812)

sshd(104764)---bash(104765)---pstree(104768)
