jsmd(156096)-+-cannonMM-cuda(156165)-+-{cannonMM-cuda}(156168)
             |                       |-{cannonMM-cuda}(156169)
             |                       |-{cannonMM-cuda}(156185)
             |                       |-{cannonMM-cuda}(156190)
             |                       |-{cannonMM-cuda}(156194)
             |                       |-{cannonMM-cuda}(156198)
             |                       |-{cannonMM-cuda}(156199)
             |                       |-{cannonMM-cuda}(156346)
             |                       |-{cannonMM-cuda}(156347)
             |                       |-{cannonMM-cuda}(156348)
             |                       |-{cannonMM-cuda}(156349)
             |                       |-{cannonMM-cuda}(156350)
             |                       |-{cannonMM-cuda}(156351)
             |                       |-{cannonMM-cuda}(156352)
             |                       |-{cannonMM-cuda}(156353)
             |                       |-{cannonMM-cuda}(156354)
             |                       |-{cannonMM-cuda}(156355)
             |                       |-{cannonMM-cuda}(156356)
             |                       |-{cannonMM-cuda}(156357)
             |                       |-{cannonMM-cuda}(156359)
             |                       |-{cannonMM-cuda}(156360)
             |                       |-{cannonMM-cuda}(156361)
             |                       |-{cannonMM-cuda}(156362)
             |                       |-{cannonMM-cuda}(156363)
             |                       |-{cannonMM-cuda}(156364)
             |                       |-{cannonMM-cuda}(156365)
             |                       |-{cannonMM-cuda}(156366)
             |                       |-{cannonMM-cuda}(156367)
             |                       |-{cannonMM-cuda}(156372)
             |                       |-{cannonMM-cuda}(156373)
             |                       |-{cannonMM-cuda}(156374)
             |                       |-{cannonMM-cuda}(156377)
             |                       |-{cannonMM-cuda}(156380)
             |                       |-{cannonMM-cuda}(160635)
             |                       |-{cannonMM-cuda}(160669)
             |                       |-{cannonMM-cuda}(160853)
             |                       |-{cannonMM-cuda}(160865)
             |                       |-{cannonMM-cuda}(160874)
             |                       |-{cannonMM-cuda}(160882)
             |                       `-{cannonMM-cuda}(160883)
             |-{jsmd}(156097)
             |-{jsmd}(156098)
             |-{jsmd}(156099)
             |-{jsmd}(156100)
             |-{jsmd}(156101)
             |-{jsmd}(156102)
             |-{jsmd}(156103)
             |-{jsmd}(156104)
             |-{jsmd}(156105)
             |-{jsmd}(156106)
             |-{jsmd}(156107)
             |-{jsmd}(156108)
             |-{jsmd}(156109)
             |-{jsmd}(156110)
             |-{jsmd}(156111)
             |-{jsmd}(156112)
             |-{jsmd}(156113)
             |-{jsmd}(156114)
             |-{jsmd}(156115)
             `-{jsmd}(156116)

sshd(172047)---bash(172084)---pstree(172105)
