jsmd(41940)-+-cannonMM-cuda(42006)-+-{cannonMM-cuda}(42009)
            |                      |-{cannonMM-cuda}(42010)
            |                      |-{cannonMM-cuda}(42033)
            |                      |-{cannonMM-cuda}(42036)
            |                      |-{cannonMM-cuda}(42038)
            |                      |-{cannonMM-cuda}(42039)
            |                      |-{cannonMM-cuda}(42040)
            |                      |-{cannonMM-cuda}(42189)
            |                      |-{cannonMM-cuda}(42190)
            |                      |-{cannonMM-cuda}(42191)
            |                      |-{cannonMM-cuda}(42192)
            |                      |-{cannonMM-cuda}(42193)
            |                      |-{cannonMM-cuda}(42194)
            |                      |-{cannonMM-cuda}(42195)
            |                      |-{cannonMM-cuda}(42196)
            |                      |-{cannonMM-cuda}(42197)
            |                      |-{cannonMM-cuda}(42198)
            |                      |-{cannonMM-cuda}(42199)
            |                      |-{cannonMM-cuda}(42200)
            |                      |-{cannonMM-cuda}(42201)
            |                      |-{cannonMM-cuda}(42202)
            |                      |-{cannonMM-cuda}(42203)
            |                      |-{cannonMM-cuda}(42204)
            |                      |-{cannonMM-cuda}(42205)
            |                      |-{cannonMM-cuda}(42206)
            |                      |-{cannonMM-cuda}(42207)
            |                      |-{cannonMM-cuda}(42208)
            |                      |-{cannonMM-cuda}(42209)
            |                      |-{cannonMM-cuda}(42214)
            |                      |-{cannonMM-cuda}(42215)
            |                      |-{cannonMM-cuda}(42216)
            |                      |-{cannonMM-cuda}(42222)
            |                      |-{cannonMM-cuda}(42620)
            |                      |-{cannonMM-cuda}(42883)
            |                      |-{cannonMM-cuda}(46894)
            |                      |-{cannonMM-cuda}(46938)
            |                      |-{cannonMM-cuda}(46939)
            |                      |-{cannonMM-cuda}(46942)
            |                      `-{cannonMM-cuda}(46943)
            |-{jsmd}(41942)
            |-{jsmd}(41943)
            |-{jsmd}(41944)
            |-{jsmd}(41945)
            |-{jsmd}(41946)
            |-{jsmd}(41947)
            |-{jsmd}(41948)
            |-{jsmd}(41949)
            |-{jsmd}(41950)
            |-{jsmd}(41951)
            |-{jsmd}(41952)
            |-{jsmd}(41953)
            |-{jsmd}(41954)
            |-{jsmd}(41955)
            |-{jsmd}(41956)
            |-{jsmd}(41957)
            |-{jsmd}(41958)
            |-{jsmd}(41959)
            |-{jsmd}(41960)
            `-{jsmd}(41961)

sshd(58069)---bash(58092)---pstree(58109)
