BENCHID++CTF++spmttkrp++freebase_music++1++nodes
Executing command: jsrun -b rs -c 1 -r 40 -n 40 --core=none --core_delay=0 /g/g15/yadav2/ctf/bin/spbench -tensor /p/gpfs1/yadav2/tensors/coo-txt/freebase_music.tns -dims 23344784,23344784,166 -n 20 -warmup 10 -bench spmttkrp
Read 99546551 non-zero entries from the file.
Average execution time: 301787 ms.
BENCHID++CTF++spmttkrp++freebase_music++2++nodes
Executing command: jsrun -b rs -c 1 -r 40 -n 80 --core=none --core_delay=0 /g/g15/yadav2/ctf/bin/spbench -tensor /p/gpfs1/yadav2/tensors/coo-txt/freebase_music.tns -dims 23344784,23344784,166 -n 20 -warmup 10 -bench spmttkrp
Read 99546551 non-zero entries from the file.
ERROR:  One or more process (first noticed rank 18) terminated with signal 9
BENCHID++CTF++spmttkrp++freebase_music++4++nodes
Executing command: jsrun -b rs -c 1 -r 40 -n 160 --core=none --core_delay=0 /g/g15/yadav2/ctf/bin/spbench -tensor /p/gpfs1/yadav2/tensors/coo-txt/freebase_music.tns -dims 23344784,23344784,166 -n 20 -warmup 10 -bench spmttkrp
Read 99546551 non-zero entries from the file.
Average execution time: 83264.1 ms.
BENCHID++CTF++spmttkrp++freebase_music++8++nodes
Executing command: jsrun -b rs -c 1 -r 40 -n 320 --core=none --core_delay=0 /g/g15/yadav2/ctf/bin/spbench -tensor /p/gpfs1/yadav2/tensors/coo-txt/freebase_music.tns -dims 23344784,23344784,166 -n 20 -warmup 10 -bench spmttkrp
Read 99546551 non-zero entries from the file.
Average execution time: 69420.8 ms.
BENCHID++CTF++spmttkrp++freebase_music++16++nodes
Executing command: jsrun -b rs -c 1 -r 40 -n 640 --core=none --core_delay=0 /g/g15/yadav2/ctf/bin/spbench -tensor /p/gpfs1/yadav2/tensors/coo-txt/freebase_music.tns -dims 23344784,23344784,166 -n 20 -warmup 10 -bench spmttkrp
Read 99546551 non-zero entries from the file.
Average execution time: 42306.6 ms.
BENCHID++CTF++spmttkrp++freebase_sampled++1++nodes
Executing command: jsrun -b rs -c 1 -r 40 -n 40 --core=none --core_delay=0 /g/g15/yadav2/ctf/bin/spbench -tensor /p/gpfs1/yadav2/tensors/coo-txt/freebase_sampled.tns -dims 38955429,38955429,532 -n 20 -warmup 10 -bench spmttkrp
Read 139920771 non-zero entries from the file.
spbench: contraction.cxx:2729: void CTF_int::contraction::detail_estimate_mem_and_time(const CTF_int::distribution*, const CTF_int::distribution*, const CTF_int::distribution*, CTF_int::topology*, CTF_int::topology*, CTF_int::topology*, const CTF_int::mapping*, const CTF_int::mapping*, const CTF_int::mapping*, double, double, double, int64_t&, double&): Assertion `mem_redist >= 0' failed.
[lassen288:108793] *** Process received signal ***
[lassen288:108793] Signal: Aborted (6)
[lassen288:108793] Signal code:  (-6)
<< Rank 35: Preventing CPU corefile generation (LLNL_COREDUMP_FORMAT_CPU set to 'none') at Wed Feb 16 16:18:16 PST 2022 >>
<< Rank 35: Waiting 0 secs before aborting task on lassen288 Wed Feb 16 16:18:16 PST 2022 (LLNL_COREDUMP_WAIT_FOR_OTHERS=0) >>
<< Rank 35:  Waited 0 secs -> now aborting task on lassen288 Wed Feb 16 16:18:16 PST 2022 (LLNL_COREDUMP_KILL=task) >>
[lassen288:108793] -----------------------
[lassen288:108793] -----------------------
[lassen288:108793] *** End of error message ***
ERROR:  One or more process (first noticed rank 35) terminated with signal 6
BENCHID++CTF++spmttkrp++freebase_sampled++2++nodes
Executing command: jsrun -b rs -c 1 -r 40 -n 80 --core=none --core_delay=0 /g/g15/yadav2/ctf/bin/spbench -tensor /p/gpfs1/yadav2/tensors/coo-txt/freebase_sampled.tns -dims 38955429,38955429,532 -n 20 -warmup 10 -bench spmttkrp
Read 139920771 non-zero entries from the file.
spbench: contraction.cxx:2729: void CTF_int::contraction::detail_estimate_mem_and_time(const CTF_int::distribution*, const CTF_int::distribution*, const CTF_int::distribution*, CTF_int::topology*, CTF_int::topology*, CTF_int::topology*, const CTF_int::mapping*, const CTF_int::mapping*, const CTF_int::mapping*, double, double, double, int64_t&, double&): Assertion `mem_redist >= 0' failed.
[lassen113:20457] *** Process received signal ***
[lassen113:20457] Signal: Aborted (6)
[lassen113:20457] Signal code:  (-6)
<< Rank 35: Preventing CPU corefile generation (LLNL_COREDUMP_FORMAT_CPU set to 'none') at Wed Feb 16 16:19:21 PST 2022 >>
<< Rank 35: Waiting 0 secs before aborting task on lassen113 Wed Feb 16 16:19:21 PST 2022 (LLNL_COREDUMP_WAIT_FOR_OTHERS=0) >>
<< Rank 35:  Waited 0 secs -> now aborting task on lassen113 Wed Feb 16 16:19:21 PST 2022 (LLNL_COREDUMP_KILL=task) >>
[lassen113:20457] -----------------------
[lassen113:20457] -----------------------
[lassen113:20457] *** End of error message ***
ERROR:  One or more process (first noticed rank 35) terminated with signal 6
BENCHID++CTF++spmttkrp++freebase_sampled++4++nodes
Executing command: jsrun -b rs -c 1 -r 40 -n 160 --core=none --core_delay=0 /g/g15/yadav2/ctf/bin/spbench -tensor /p/gpfs1/yadav2/tensors/coo-txt/freebase_sampled.tns -dims 38955429,38955429,532 -n 20 -warmup 10 -bench spmttkrp
Read 139920771 non-zero entries from the file.
spbench: contraction.cxx:2729: void CTF_int::contraction::detail_estimate_mem_and_time(const CTF_int::distribution*, const CTF_int::distribution*, const CTF_int::distribution*, CTF_int::topology*, CTF_int::topology*, CTF_int::topology*, const CTF_int::mapping*, const CTF_int::mapping*, const CTF_int::mapping*, double, double, double, int64_t&, double&): Assertion `mem_redist >= 0' failed.
[lassen290:14972] *** Process received signal ***
[lassen290:14972] Signal: Aborted (6)
[lassen290:14972] Signal code:  (-6)
<< Rank 39: Preventing CPU corefile generation (LLNL_COREDUMP_FORMAT_CPU set to 'none') at Wed Feb 16 16:18:29 PST 2022 >>
<< Rank 39: Waiting 0 secs before aborting task on lassen290 Wed Feb 16 16:18:29 PST 2022 (LLNL_COREDUMP_WAIT_FOR_OTHERS=0) >>
<< Rank 39:  Waited 0 secs -> now aborting task on lassen290 Wed Feb 16 16:18:29 PST 2022 (LLNL_COREDUMP_KILL=task) >>
[lassen290:14972] -----------------------
[lassen290:14972] -----------------------
[lassen290:14972] *** End of error message ***
ERROR:  One or more process (first noticed rank 39) terminated with signal 6
BENCHID++CTF++spmttkrp++freebase_sampled++8++nodes
Executing command: jsrun -b rs -c 1 -r 40 -n 320 --core=none --core_delay=0 /g/g15/yadav2/ctf/bin/spbench -tensor /p/gpfs1/yadav2/tensors/coo-txt/freebase_sampled.tns -dims 38955429,38955429,532 -n 20 -warmup 10 -bench spmttkrp
Read 139920771 non-zero entries from the file.
spbench: contraction.cxx:2729: void CTF_int::contraction::detail_estimate_mem_and_time(const CTF_int::distribution*, const CTF_int::distribution*, const CTF_int::distribution*, CTF_int::topology*, CTF_int::topology*, CTF_int::topology*, const CTF_int::mapping*, const CTF_int::mapping*, const CTF_int::mapping*, double, double, double, int64_t&, double&): Assertion `mem_redist >= 0' failed.
[lassen605:158628] *** Process received signal ***
[lassen605:158628] Signal: Aborted (6)
[lassen605:158628] Signal code:  (-6)
<< Rank 303: Preventing CPU corefile generation (LLNL_COREDUMP_FORMAT_CPU set to 'none') at Wed Feb 16 16:18:39 PST 2022 >>
<< Rank 303: Waiting 0 secs before aborting task on lassen605 Wed Feb 16 16:18:39 PST 2022 (LLNL_COREDUMP_WAIT_FOR_OTHERS=0) >>
<< Rank 303:  Waited 0 secs -> now aborting task on lassen605 Wed Feb 16 16:18:39 PST 2022 (LLNL_COREDUMP_KILL=task) >>
[lassen605:158628] -----------------------
[lassen605:158628] -----------------------
[lassen605:158628] *** End of error message ***
ERROR:  One or more process (first noticed rank 303) terminated with signal 6
BENCHID++CTF++spmttkrp++freebase_sampled++16++nodes
Executing command: jsrun -b rs -c 1 -r 40 -n 640 --core=none --core_delay=0 /g/g15/yadav2/ctf/bin/spbench -tensor /p/gpfs1/yadav2/tensors/coo-txt/freebase_sampled.tns -dims 38955429,38955429,532 -n 20 -warmup 10 -bench spmttkrp
Read 139920771 non-zero entries from the file.
ERROR:  One or more process (first noticed rank 36) terminated with signal 9
BENCHID++CTF++spmttkrp++nell-2++1++nodes
Executing command: jsrun -b rs -c 1 -r 40 -n 40 --core=none --core_delay=0 /g/g15/yadav2/ctf/bin/spbench -tensor /p/gpfs1/yadav2/tensors/coo-txt/nell-2.tns -dims 12092,9184,28818 -n 20 -warmup 10 -bench spmttkrp
Read 76879419 non-zero entries from the file.
Average execution time: 16565.7 ms.
BENCHID++CTF++spmttkrp++nell-2++2++nodes
Executing command: jsrun -b rs -c 1 -r 40 -n 80 --core=none --core_delay=0 /g/g15/yadav2/ctf/bin/spbench -tensor /p/gpfs1/yadav2/tensors/coo-txt/nell-2.tns -dims 12092,9184,28818 -n 20 -warmup 10 -bench spmttkrp
Read 76879419 non-zero entries from the file.
Average execution time: 9887 ms.
BENCHID++CTF++spmttkrp++nell-2++4++nodes
Executing command: jsrun -b rs -c 1 -r 40 -n 160 --core=none --core_delay=0 /g/g15/yadav2/ctf/bin/spbench -tensor /p/gpfs1/yadav2/tensors/coo-txt/nell-2.tns -dims 12092,9184,28818 -n 20 -warmup 10 -bench spmttkrp
Read 76879419 non-zero entries from the file.
Average execution time: 5861.1 ms.
BENCHID++CTF++spmttkrp++nell-2++8++nodes
Executing command: jsrun -b rs -c 1 -r 40 -n 320 --core=none --core_delay=0 /g/g15/yadav2/ctf/bin/spbench -tensor /p/gpfs1/yadav2/tensors/coo-txt/nell-2.tns -dims 12092,9184,28818 -n 20 -warmup 10 -bench spmttkrp
Read 76879419 non-zero entries from the file.
Average execution time: 2826.6 ms.
BENCHID++CTF++spmttkrp++nell-2++16++nodes
Executing command: jsrun -b rs -c 1 -r 40 -n 640 --core=none --core_delay=0 /g/g15/yadav2/ctf/bin/spbench -tensor /p/gpfs1/yadav2/tensors/coo-txt/nell-2.tns -dims 12092,9184,28818 -n 20 -warmup 10 -bench spmttkrp
Read 76879419 non-zero entries from the file.
Average execution time: 1432.5 ms.

BENCHID++CTF++spmttkrp++patents++1++nodes
Executing command: jsrun -b rs -c 1 -r 40 -n 40 --core=none --core_delay=0 /g/g15/yadav2/ctf/bin/spbench -tensor /p/gpfs1/yadav2/tensors/coo-txt/patents.tns -dims 46,239172,239172 -n 20 -warmup 10 -bench spmttkrp
Read 3596640708 non-zero entries from the file.
ERROR:  One or more process (first noticed rank 27) terminated with signal 9
BENCHID++CTF++spmttkrp++patents++2++nodes
Executing command: jsrun -b rs -c 1 -r 40 -n 80 --core=none --core_delay=0 /g/g15/yadav2/ctf/bin/spbench -tensor /p/gpfs1/yadav2/tensors/coo-txt/patents.tns -dims 46,239172,239172 -n 20 -warmup 10 -bench spmttkrp
Read 3596640708 non-zero entries from the file.
Average execution time: 36669.4 ms.
BENCHID++CTF++spmttkrp++patents++4++nodes
Executing command: jsrun -b rs -c 1 -r 40 -n 160 --core=none --core_delay=0 /g/g15/yadav2/ctf/bin/spbench -tensor /p/gpfs1/yadav2/tensors/coo-txt/patents.tns -dims 46,239172,239172 -n 20 -warmup 10 -bench spmttkrp
Read 3596640708 non-zero entries from the file.
Average execution time: 17830.5 ms.
BENCHID++CTF++spmttkrp++patents++8++nodes
Executing command: jsrun -b rs -c 1 -r 40 -n 320 --core=none --core_delay=0 /g/g15/yadav2/ctf/bin/spbench -tensor /p/gpfs1/yadav2/tensors/coo-txt/patents.tns -dims 46,239172,239172 -n 20 -warmup 10 -bench spmttkrp
Read 3596640708 non-zero entries from the file.
Average execution time: 8475.8 ms.
BENCHID++CTF++spmttkrp++patents++16++nodes
Executing command: jsrun -b rs -c 1 -r 40 -n 640 --core=none --core_delay=0 /g/g15/yadav2/ctf/bin/spbench -tensor /p/gpfs1/yadav2/tensors/coo-txt/patents.tns -dims 46,239172,239172 -n 20 -warmup 10 -bench spmttkrp
Read 3596640708 non-zero entries from the file.
Average execution time: 5124.45 ms.
