/g/g15/yadav2/.bashrc: line 1: module: command not found
/g/g15/yadav2/.bashrc: line 2: module: command not found
/g/g15/yadav2/.bashrc: line 3: module: command not found
/g/g15/yadav2/.bashrc: line 6: module: command not found
BENCHID++PETSc++spmm++webbase-2001++1
Executing command: jsrun -n 40 -r 40 -c 1 -b rs /g/g15/yadav2/taco/petsc/bin/benchmark -matrix /p/gpfs1/yadav2/tensors/petsc/webbase-2001.petsc -n 20 -warmup 10 -bench spmm
Average time: 2061.400488 ms.
BENCHID++PETSc++spmm++webbase-2001++2
Executing command: jsrun -n 80 -r 40 -c 1 -b rs /g/g15/yadav2/taco/petsc/bin/benchmark -matrix /p/gpfs1/yadav2/tensors/petsc/webbase-2001.petsc -n 20 -warmup 10 -bench spmm
Average time: 1115.609680 ms.
BENCHID++PETSc++spmm++webbase-2001++4
Executing command: jsrun -n 160 -r 40 -c 1 -b rs /g/g15/yadav2/taco/petsc/bin/benchmark -matrix /p/gpfs1/yadav2/tensors/petsc/webbase-2001.petsc -n 20 -warmup 10 -bench spmm
Average time: 565.470306 ms.
BENCHID++PETSc++spmm++webbase-2001++8
Executing command: jsrun -n 320 -r 40 -c 1 -b rs /g/g15/yadav2/taco/petsc/bin/benchmark -matrix /p/gpfs1/yadav2/tensors/petsc/webbase-2001.petsc -n 20 -warmup 10 -bench spmm
Average time: 324.077753 ms.
BENCHID++PETSc++spmm++webbase-2001++16
Executing command: jsrun -n 640 -r 40 -c 1 -b rs /g/g15/yadav2/taco/petsc/bin/benchmark -matrix /p/gpfs1/yadav2/tensors/petsc/webbase-2001.petsc -n 20 -warmup 10 -bench spmm
Average time: 202.333017 ms.
logout

------------------------------------------------------------
Sender: LSF System <lsfadmin@lassen710>
Subject: Job 3208439: <../scripts/spbenchmark.py PETSc spmm webbase-2001 --nodes 1 2 4 8 16> in cluster <lassen> Done

Job <../scripts/spbenchmark.py PETSc spmm webbase-2001 --nodes 1 2 4 8 16> was submitted from host <lassen708> by user <yadav2> in cluster <lassen> at Fri Jan 28 14:39:47 2022
Job was executed on host(s) <1*lassen710>, in queue <pbatch>, as user <yadav2> in cluster <lassen> at Fri Jan 28 14:39:48 2022
                            <40*lassen81>
                            <40*lassen82>
                            <40*lassen83>
                            <40*lassen85>
                            <40*lassen86>
                            <40*lassen87>
                            <40*lassen88>
                            <40*lassen410>
                            <40*lassen413>
                            <40*lassen590>
                            <40*lassen591>
                            <40*lassen593>
                            <40*lassen594>
                            <40*lassen595>
                            <40*lassen268>
                            <40*lassen92>
</g/g15/yadav2> was used as the home directory.
</g/g15/yadav2/taco/build> was used as the working directory.
Started at Fri Jan 28 14:39:48 2022
Terminated at Fri Jan 28 14:44:51 2022
Results reported at Fri Jan 28 14:44:51 2022

Your job looked like:

------------------------------------------------------------
# LSBATCH: User input
../scripts/spbenchmark.py PETSc spmm webbase-2001 --nodes 1 2 4 8 16
------------------------------------------------------------

Successfully completed.

Resource usage summary:

    CPU time :                                   11.00 sec.
    Max Memory :                                 67 MB
    Average Memory :                             62.50 MB
    Total Requested Memory :                     -
    Delta Memory :                               -
    Max Swap :                                   1426 MB
    Max Processes :                              4
    Max Threads :                                27
    Run time :                                   303 sec.
    Turnaround time :                            304 sec.

The output (if any) is above this job summary.

