/g/g15/yadav2/.bashrc: line 1: module: command not found
/g/g15/yadav2/.bashrc: line 2: module: command not found
/g/g15/yadav2/.bashrc: line 3: module: command not found
/g/g15/yadav2/.bashrc: line 6: module: command not found
BENCHID++Trilinos++spmv++nlpkkt240++1
Executing command: jsrun -n 2 -r 2 -c 20 -b rs /g/g15/yadav2/taco/trilinos/build/../trilinos_run_wrapper.sh /g/g15/yadav2/taco/trilinos/build/bin/benchmark --file=/p/gpfs1/yadav2/tensors/coo-txt/nlpkkt240.mtx --n=20 --warmup=10 --bench=spmv

 1D Distribution: 
     np     = 2
================================================================================================================

                                     TimeMonitor results over 2 processors

Timer Name               MinOverProcs         MeanOverProcs        MaxOverProcs         MeanOverCallCounts      
----------------------------------------------------------------------------------------------------------------
RMM    readNonzeros      43.24 (4.012e+04)    87.51 (4.012e+04)    131.8 (4.012e+04)    0.002181 (4.012e+04)    
RMM    selectNonzeros    231.7 (4.012e+04)    276 (4.012e+04)      320.3 (4.012e+04)    0.006879 (4.012e+04)    
SpMV                     1.274 (20)           1.274 (20)           1.274 (20)           0.06368 (20)            
================================================================================================================
Average time: 63.7 ms.
BENCHID++Trilinos++spmv++nlpkkt240++2
Executing command: jsrun -n 4 -r 2 -c 20 -b rs /g/g15/yadav2/taco/trilinos/build/../trilinos_run_wrapper.sh /g/g15/yadav2/taco/trilinos/build/bin/benchmark --file=/p/gpfs1/yadav2/tensors/coo-txt/nlpkkt240.mtx --n=20 --warmup=10 --bench=spmv

 1D Distribution: 
     np     = 4
================================================================================================================

                                     TimeMonitor results over 4 processors

Timer Name               MinOverProcs         MeanOverProcs        MaxOverProcs         MeanOverCallCounts      
----------------------------------------------------------------------------------------------------------------
RMM    readNonzeros      104.8 (4.012e+04)    156.4 (4.012e+04)    181.5 (4.012e+04)    0.003897 (4.012e+04)    
RMM    selectNonzeros    172.4 (4.012e+04)    197.7 (4.012e+04)    249.4 (4.012e+04)    0.004927 (4.012e+04)    
SpMV                     0.6702 (20)          0.6703 (20)          0.6704 (20)          0.03351 (20)            
================================================================================================================
Average time: 33.5 ms.
BENCHID++Trilinos++spmv++nlpkkt240++4
Executing command: jsrun -n 8 -r 2 -c 20 -b rs /g/g15/yadav2/taco/trilinos/build/../trilinos_run_wrapper.sh /g/g15/yadav2/taco/trilinos/build/bin/benchmark --file=/p/gpfs1/yadav2/tensors/coo-txt/nlpkkt240.mtx --n=20 --warmup=10 --bench=spmv

 1D Distribution: 
     np     = 8
================================================================================================================

                                     TimeMonitor results over 8 processors

Timer Name               MinOverProcs         MeanOverProcs        MaxOverProcs         MeanOverCallCounts      
----------------------------------------------------------------------------------------------------------------
RMM    readNonzeros      205.6 (4.012e+04)    223.6 (4.012e+04)    241.8 (4.012e+04)    0.005573 (4.012e+04)    
RMM    selectNonzeros    145.5 (4.012e+04)    163.8 (4.012e+04)    181.9 (4.012e+04)    0.004082 (4.012e+04)    
SpMV                     0.4128 (20)          0.4134 (20)          0.4139 (20)          0.02067 (20)            
================================================================================================================
Average time: 20.7 ms.
BENCHID++Trilinos++spmv++nlpkkt240++8
Executing command: jsrun -n 16 -r 2 -c 20 -b rs /g/g15/yadav2/taco/trilinos/build/../trilinos_run_wrapper.sh /g/g15/yadav2/taco/trilinos/build/bin/benchmark --file=/p/gpfs1/yadav2/tensors/coo-txt/nlpkkt240.mtx --n=20 --warmup=10 --bench=spmv

 1D Distribution: 
     np     = 16
================================================================================================================

                                     TimeMonitor results over 16 processors

Timer Name               MinOverProcs         MeanOverProcs        MaxOverProcs         MeanOverCallCounts      
----------------------------------------------------------------------------------------------------------------
RMM    readNonzeros      191.2 (4.012e+04)    199.4 (4.012e+04)    205.6 (4.012e+04)    0.00497 (4.012e+04)     
RMM    selectNonzeros    131.7 (4.012e+04)    138.1 (4.012e+04)    146.4 (4.012e+04)    0.003441 (4.012e+04)    
SpMV                     0.4376 (20)          0.4383 (20)          0.4389 (20)          0.02191 (20)            
================================================================================================================
Average time: 21.9 ms.
BENCHID++Trilinos++spmv++nlpkkt240++16
Executing command: jsrun -n 32 -r 2 -c 20 -b rs /g/g15/yadav2/taco/trilinos/build/../trilinos_run_wrapper.sh /g/g15/yadav2/taco/trilinos/build/bin/benchmark --file=/p/gpfs1/yadav2/tensors/coo-txt/nlpkkt240.mtx --n=20 --warmup=10 --bench=spmv

 1D Distribution: 
     np     = 32
================================================================================================================

                                     TimeMonitor results over 32 processors

Timer Name               MinOverProcs         MeanOverProcs        MaxOverProcs         MeanOverCallCounts      
----------------------------------------------------------------------------------------------------------------
RMM    readNonzeros      176 (4.012e+04)      180 (4.012e+04)      183.9 (4.012e+04)    0.004487 (4.012e+04)    
RMM    selectNonzeros    124.4 (4.012e+04)    128.4 (4.012e+04)    132.5 (4.012e+04)    0.0032 (4.012e+04)      
SpMV                     0.466 (20)           0.4703 (20)          0.4743 (20)          0.02351 (20)            
================================================================================================================
Average time: 23.5 ms.
logout

------------------------------------------------------------
Sender: LSF System <lsfadmin@lassen710>
Subject: Job 3207407: <../scripts/spbenchmark.py Trilinos spmv nlpkkt240 --nodes 1 2 4 8 16> in cluster <lassen> Done

Job <../scripts/spbenchmark.py Trilinos spmv nlpkkt240 --nodes 1 2 4 8 16> was submitted from host <lassen708> by user <yadav2> in cluster <lassen> at Thu Jan 27 23:00:58 2022
Job was executed on host(s) <1*lassen710>, in queue <pbatch>, as user <yadav2> in cluster <lassen> at Thu Jan 27 23:08:20 2022
                            <40*lassen86>
                            <40*lassen87>
                            <40*lassen88>
                            <40*lassen743>
                            <40*lassen414>
                            <40*lassen744>
                            <40*lassen745>
                            <40*lassen260>
                            <40*lassen746>
                            <40*lassen590>
                            <40*lassen261>
                            <40*lassen747>
                            <40*lassen262>
                            <40*lassen748>
                            <40*lassen592>
                            <40*lassen263>
</g/g15/yadav2> was used as the home directory.
</g/g15/yadav2/taco/build> was used as the working directory.
Started at Thu Jan 27 23:08:20 2022
Terminated at Thu Jan 27 23:43:27 2022
Results reported at Thu Jan 27 23:43:27 2022

Your job looked like:

------------------------------------------------------------
# LSBATCH: User input
../scripts/spbenchmark.py Trilinos spmv nlpkkt240 --nodes 1 2 4 8 16
------------------------------------------------------------

Successfully completed.

Resource usage summary:

    CPU time :                                   4.00 sec.
    Max Memory :                                 72 MB
    Average Memory :                             60.01 MB
    Total Requested Memory :                     -
    Delta Memory :                               -
    Max Swap :                                   1426 MB
    Max Processes :                              10
    Max Threads :                                27
    Run time :                                   2107 sec.
    Turnaround time :                            2549 sec.

The output (if any) is above this job summary.

