/g/g15/yadav2/.bashrc: line 1: module: command not found
/g/g15/yadav2/.bashrc: line 2: module: command not found
/g/g15/yadav2/.bashrc: line 3: module: command not found
/g/g15/yadav2/.bashrc: line 6: module: command not found
BENCHID++Trilinos++spmv++twitter7++1
Executing command: jsrun -n 2 -r 2 -c 20 -b rs /g/g15/yadav2/taco/trilinos/build/../trilinos_run_wrapper.sh /g/g15/yadav2/taco/trilinos/build/bin/benchmark --file=/p/gpfs1/yadav2/tensors/coo-txt/twitter7.mtx --n=20 --warmup=10 --bench=spmv

 1D Distribution: 
     np     = 2
==============================================================================================================

                                    TimeMonitor results over 2 processors

Timer Name               MinOverProcs         MeanOverProcs       MaxOverProcs        MeanOverCallCounts      
--------------------------------------------------------------------------------------------------------------
RMM    readNonzeros      132.8 (1.468e+05)    1280 (1.468e+05)    2427 (1.468e+05)    0.008715 (1.468e+05)    
RMM    selectNonzeros    835.4 (1.468e+05)    1982 (1.468e+05)    3129 (1.468e+05)    0.0135 (1.468e+05)      
SpMV                     19.39 (20)           19.39 (20)          19.39 (20)          0.9694 (20)             
==============================================================================================================
Average time: 969.4 ms.
BENCHID++Trilinos++spmv++twitter7++2
Executing command: jsrun -n 4 -r 2 -c 20 -b rs /g/g15/yadav2/taco/trilinos/build/../trilinos_run_wrapper.sh /g/g15/yadav2/taco/trilinos/build/bin/benchmark --file=/p/gpfs1/yadav2/tensors/coo-txt/twitter7.mtx --n=20 --warmup=10 --bench=spmv

 1D Distribution: 
     np     = 4
==============================================================================================================

                                    TimeMonitor results over 4 processors

Timer Name               MinOverProcs         MeanOverProcs       MaxOverProcs        MeanOverCallCounts      
--------------------------------------------------------------------------------------------------------------
RMM    readNonzeros      138.6 (1.468e+05)    1387 (1.468e+05)    2003 (1.468e+05)    0.009449 (1.468e+05)    
RMM    selectNonzeros    436.9 (1.468e+05)    1052 (1.468e+05)    2301 (1.468e+05)    0.007167 (1.468e+05)    
SpMV                     14.59 (20)           14.59 (20)          14.6 (20)           0.7297 (20)             
==============================================================================================================
Average time: 729.7 ms.
BENCHID++Trilinos++spmv++twitter7++4
Executing command: jsrun -n 8 -r 2 -c 20 -b rs /g/g15/yadav2/taco/trilinos/build/../trilinos_run_wrapper.sh /g/g15/yadav2/taco/trilinos/build/bin/benchmark --file=/p/gpfs1/yadav2/tensors/coo-txt/twitter7.mtx --n=20 --warmup=10 --bench=spmv

 1D Distribution: 
     np     = 8
===============================================================================================================

                                     TimeMonitor results over 8 processors

Timer Name               MinOverProcs         MeanOverProcs        MaxOverProcs        MeanOverCallCounts      
---------------------------------------------------------------------------------------------------------------
RMM    readNonzeros      143.4 (1.468e+05)    1121 (1.468e+05)     1409 (1.468e+05)    0.007631 (1.468e+05)    
RMM    selectNonzeros    346.1 (1.468e+05)    634.5 (1.468e+05)    1612 (1.468e+05)    0.004321 (1.468e+05)    
SpMV                     10.19 (20)           10.19 (20)           10.2 (20)           0.5097 (20)             
===============================================================================================================
Average time: 509.65 ms.
BENCHID++Trilinos++spmv++twitter7++8
Executing command: jsrun -n 16 -r 2 -c 20 -b rs /g/g15/yadav2/taco/trilinos/build/../trilinos_run_wrapper.sh /g/g15/yadav2/taco/trilinos/build/bin/benchmark --file=/p/gpfs1/yadav2/tensors/coo-txt/twitter7.mtx --n=20 --warmup=10 --bench=spmv

 1D Distribution: 
     np     = 16
================================================================================================================

                                     TimeMonitor results over 16 processors

Timer Name               MinOverProcs         MeanOverProcs        MaxOverProcs         MeanOverCallCounts      
----------------------------------------------------------------------------------------------------------------
RMM    readNonzeros      149.8 (1.468e+05)    685.1 (1.468e+05)    811.4 (1.468e+05)    0.004666 (1.468e+05)    
RMM    selectNonzeros    312.1 (1.468e+05)    438.4 (1.468e+05)    973.8 (1.468e+05)    0.002985 (1.468e+05)    
SpMV                     6.076 (20)           6.078 (20)           6.079 (20)           0.3039 (20)             
================================================================================================================
Average time: 303.95 ms.
BENCHID++Trilinos++spmv++twitter7++16
Executing command: jsrun -n 32 -r 2 -c 20 -b rs /g/g15/yadav2/taco/trilinos/build/../trilinos_run_wrapper.sh /g/g15/yadav2/taco/trilinos/build/bin/benchmark --file=/p/gpfs1/yadav2/tensors/coo-txt/twitter7.mtx --n=20 --warmup=10 --bench=spmv

 1D Distribution: 
     np     = 32
================================================================================================================

                                     TimeMonitor results over 32 processors

Timer Name               MinOverProcs         MeanOverProcs        MaxOverProcs         MeanOverCallCounts      
----------------------------------------------------------------------------------------------------------------
RMM    readNonzeros      142.9 (1.468e+05)    483.8 (1.468e+05)    545.5 (1.468e+05)    0.003295 (1.468e+05)    
RMM    selectNonzeros    289.6 (1.468e+05)    351.6 (1.468e+05)    692.5 (1.468e+05)    0.002394 (1.468e+05)    
SpMV                     3.938 (20)           3.941 (20)           3.943 (20)           0.1971 (20)             
================================================================================================================
Average time: 196.95 ms.
logout

------------------------------------------------------------
Sender: LSF System <lsfadmin@lassen710>
Subject: Job 3207518: <../scripts/spbenchmark.py Trilinos spmv twitter7 --nodes 1 2 4 8 16> in cluster <lassen> Done

Job <../scripts/spbenchmark.py Trilinos spmv twitter7 --nodes 1 2 4 8 16> was submitted from host <lassen708> by user <yadav2> in cluster <lassen> at Fri Jan 28 00:28:58 2022
Job was executed on host(s) <1*lassen710>, in queue <pbatch>, as user <yadav2> in cluster <lassen> at Fri Jan 28 00:29:00 2022
                            <40*lassen596>
                            <40*lassen619>
                            <40*lassen633>
                            <40*lassen634>
                            <40*lassen306>
                            <40*lassen308>
                            <40*lassen309>
                            <40*lassen158>
                            <40*lassen487>
                            <40*lassen488>
                            <40*lassen489>
                            <40*lassen311>
                            <40*lassen314>
                            <40*lassen315>
                            <40*lassen645>
                            <40*lassen316>
</g/g15/yadav2> was used as the home directory.
</g/g15/yadav2/taco/build> was used as the working directory.
Started at Fri Jan 28 00:29:00 2022
Terminated at Fri Jan 28 03:59:53 2022
Results reported at Fri Jan 28 03:59:53 2022

Your job looked like:

------------------------------------------------------------
# LSBATCH: User input
../scripts/spbenchmark.py Trilinos spmv twitter7 --nodes 1 2 4 8 16
------------------------------------------------------------

Successfully completed.

Resource usage summary:

    CPU time :                                   7.00 sec.
    Max Memory :                                 60 MB
    Average Memory :                             59.97 MB
    Total Requested Memory :                     -
    Delta Memory :                               -
    Max Swap :                                   1426 MB
    Max Processes :                              4
    Max Threads :                                27
    Run time :                                   12653 sec.
    Turnaround time :                            12655 sec.

The output (if any) is above this job summary.

