BENCHID++Trilinos++spadd3++arabic-2005++1++nodes
Executing command: jsrun -n 2 -r 2 -c 20 -b rs /g/g15/yadav2/taco/trilinos/build/../trilinos_run_wrapper.sh /g/g15/yadav2/taco/trilinos/build/bin/benchmark --file=/p/gpfs1/yadav2/tensors/coo-txt/arabic-2005.mtx --n=20 --warmup=10 --bench=spadd3 --add3TensorC=/p/gpfs1/yadav2/tensors/coo-txt/arabic-2005-rotated-0.mtx --add3TensorD=/p/gpfs1/yadav2/tensors/coo-txt/arabic-2005-rotated-1.mtx

 1D Distribution:
     np     = 2

 1D Distribution:
     np     = 2

 1D Distribution:
     np     = 2
============================================================================================================

                                   TimeMonitor results over 2 processors

Timer Name               MinOverProcs        MeanOverProcs       MaxOverProcs        MeanOverCallCounts
------------------------------------------------------------------------------------------------------------
RMM    readNonzeros      362.7 (1.92e+05)    407.6 (1.92e+05)    452.5 (1.92e+05)    0.002123 (1.92e+05)
RMM    selectNonzeros    730.3 (1.92e+05)    775.2 (1.92e+05)    820.1 (1.92e+05)    0.004037 (1.92e+05)
SpAdd3                   308.5 (20)          308.5 (20)          308.5 (20)          15.42 (20)
============================================================================================================
Average time: 15424.3 ms.
BENCHID++Trilinos++spadd3++arabic-2005++2++nodes
Executing command: jsrun -n 4 -r 2 -c 20 -b rs /g/g15/yadav2/taco/trilinos/build/../trilinos_run_wrapper.sh /g/g15/yadav2/taco/trilinos/build/bin/benchmark --file=/p/gpfs1/yadav2/tensors/coo-txt/arabic-2005.mtx --n=20 --warmup=10 --bench=spadd3 --add3TensorC=/p/gpfs1/yadav2/tensors/coo-txt/arabic-2005-rotated-0.mtx --add3TensorD=/p/gpfs1/yadav2/tensors/coo-txt/arabic-2005-rotated-1.mtx

 1D Distribution:
     np     = 4

 1D Distribution:
     np     = 4

 1D Distribution:
     np     = 4
============================================================================================================

                                   TimeMonitor results over 4 processors

Timer Name               MinOverProcs        MeanOverProcs       MaxOverProcs        MeanOverCallCounts
------------------------------------------------------------------------------------------------------------
RMM    readNonzeros      496.9 (1.92e+05)    527.2 (1.92e+05)    559 (1.92e+05)      0.002746 (1.92e+05)
RMM    selectNonzeros    589.6 (1.92e+05)    621.4 (1.92e+05)    651.6 (1.92e+05)    0.003236 (1.92e+05)
SpAdd3                   175.7 (20)          175.7 (20)          175.7 (20)          8.786 (20)
============================================================================================================
Average time: 8786.15 ms.
BENCHID++Trilinos++spadd3++arabic-2005++4++nodes
Executing command: jsrun -n 8 -r 2 -c 20 -b rs /g/g15/yadav2/taco/trilinos/build/../trilinos_run_wrapper.sh /g/g15/yadav2/taco/trilinos/build/bin/benchmark --file=/p/gpfs1/yadav2/tensors/coo-txt/arabic-2005.mtx --n=20 --warmup=10 --bench=spadd3 --add3TensorC=/p/gpfs1/yadav2/tensors/coo-txt/arabic-2005-rotated-0.mtx --add3TensorD=/p/gpfs1/yadav2/tensors/coo-txt/arabic-2005-rotated-1.mtx

 1D Distribution:
     np     = 8

 1D Distribution:
     np     = 8

 1D Distribution:
     np     = 8
============================================================================================================

                                   TimeMonitor results over 8 processors

Timer Name               MinOverProcs        MeanOverProcs       MaxOverProcs        MeanOverCallCounts
------------------------------------------------------------------------------------------------------------
RMM    readNonzeros      724.3 (1.92e+05)    747.5 (1.92e+05)    768 (1.92e+05)      0.003893 (1.92e+05)
RMM    selectNonzeros    543.7 (1.92e+05)    564.2 (1.92e+05)    587.5 (1.92e+05)    0.002939 (1.92e+05)
SpAdd3                   111.2 (20)          111.2 (20)          111.2 (20)          5.559 (20)
============================================================================================================
Average time: 5558.75 ms.
BENCHID++Trilinos++spadd3++arabic-2005++8++nodes
Executing command: jsrun -n 16 -r 2 -c 20 -b rs /g/g15/yadav2/taco/trilinos/build/../trilinos_run_wrapper.sh /g/g15/yadav2/taco/trilinos/build/bin/benchmark --file=/p/gpfs1/yadav2/tensors/coo-txt/arabic-2005.mtx --n=20 --warmup=10 --bench=spadd3 --add3TensorC=/p/gpfs1/yadav2/tensors/coo-txt/arabic-2005-rotated-0.mtx --add3TensorD=/p/gpfs1/yadav2/tensors/coo-txt/arabic-2005-rotated-1.mtx

 1D Distribution:
     np     = 16

 1D Distribution:
     np     = 16

 1D Distribution:
     np     = 16
============================================================================================================

                                   TimeMonitor results over 16 processors

Timer Name               MinOverProcs        MeanOverProcs       MaxOverProcs        MeanOverCallCounts
------------------------------------------------------------------------------------------------------------
RMM    readNonzeros      716.5 (1.92e+05)    736.5 (1.92e+05)    755.6 (1.92e+05)    0.003836 (1.92e+05)
RMM    selectNonzeros    491 (1.92e+05)      510.1 (1.92e+05)    530 (1.92e+05)      0.002657 (1.92e+05)
SpAdd3                   72.7 (20)           72.7 (20)           72.7 (20)           3.635 (20)
============================================================================================================
Average time: 3635.05 ms.
BENCHID++Trilinos++spadd3++arabic-2005++16++nodes
Executing command: jsrun -n 32 -r 2 -c 20 -b rs /g/g15/yadav2/taco/trilinos/build/../trilinos_run_wrapper.sh /g/g15/yadav2/taco/trilinos/build/bin/benchmark --file=/p/gpfs1/yadav2/tensors/coo-txt/arabic-2005.mtx --n=20 --warmup=10 --bench=spadd3 --add3TensorC=/p/gpfs1/yadav2/tensors/coo-txt/arabic-2005-rotated-0.mtx --add3TensorD=/p/gpfs1/yadav2/tensors/coo-txt/arabic-2005-rotated-1.mtx

 1D Distribution:
     np     = 32

 1D Distribution:
     np     = 32

 1D Distribution:
     np     = 32
============================================================================================================

                                   TimeMonitor results over 32 processors

Timer Name               MinOverProcs        MeanOverProcs       MaxOverProcs        MeanOverCallCounts
------------------------------------------------------------------------------------------------------------
RMM    readNonzeros      681.9 (1.92e+05)    695.4 (1.92e+05)    713.2 (1.92e+05)    0.003622 (1.92e+05)
RMM    selectNonzeros    465.6 (1.92e+05)    483.4 (1.92e+05)    496.9 (1.92e+05)    0.002518 (1.92e+05)
SpAdd3                   55.89 (20)          55.89 (20)          55.89 (20)          2.795 (20)
============================================================================================================
Average time: 2794.5 ms.

# it-2004 1 node timeout.

BENCHID++Trilinos++spadd3++it-2004++2++nodes
Executing command: jsrun -n 4 -r 2 -c 20 -b rs /g/g15/yadav2/taco/trilinos/build/../trilinos_run_wrapper.sh /g/g15/yadav2/taco/trilinos/build/bin/benchmark --file=/p/gpfs1/yadav2/tensors/coo-txt/it-2004.mtx --n=20 --warmup=10 --bench=spadd3 --add3TensorC=/p/gpfs1/yadav2/tensors/coo-txt/it-2004-rotated-0.mtx --add3TensorD=/p/gpfs1/yadav2/tensors/coo-txt/it-2004-rotated-1.mtx

 1D Distribution:
     np     = 4

 1D Distribution:
     np     = 4

 1D Distribution:
     np     = 4
================================================================================================================

                                     TimeMonitor results over 4 processors

Timer Name               MinOverProcs         MeanOverProcs        MaxOverProcs         MeanOverCallCounts
----------------------------------------------------------------------------------------------------------------
RMM    readNonzeros      781.1 (3.452e+05)    887.9 (3.452e+05)    964.7 (3.452e+05)    0.002572 (3.452e+05)
RMM    selectNonzeros    1029 (3.452e+05)     1106 (3.452e+05)     1213 (3.452e+05)     0.003204 (3.452e+05)
SpAdd3                   394.4 (20)           394.4 (20)           394.4 (20)           19.72 (20)
================================================================================================================
Average time: 19721.3 ms.

BENCHID++Trilinos++spadd3++it-2004++4++nodes
Executing command: jsrun -n 8 -r 2 -c 20 -b rs /g/g15/yadav2/taco/trilinos/build/../trilinos_run_wrapper.sh /g/g15/yadav2/taco/trilinos/build/bin/benchmark --file=/p/gpfs1/yadav2/tensors/coo-txt/it-2004.mtx --n=20 --warmup=10 --bench=spadd3 --add3TensorC=/p/gpfs1/yadav2/tensors/coo-txt/it-2004-rotated-0.mtx --add3TensorD=/p/gpfs1/yadav2/tensors/coo-txt/it-2004-rotated-1.mtx

 1D Distribution:
     np     = 8

 1D Distribution:
     np     = 8

 1D Distribution:
     np     = 8
==============================================================================================================

                                    TimeMonitor results over 8 processors

Timer Name               MinOverProcs         MeanOverProcs       MaxOverProcs        MeanOverCallCounts
--------------------------------------------------------------------------------------------------------------
RMM    readNonzeros      1229 (3.452e+05)     1270 (3.452e+05)    1314 (3.452e+05)    0.003679 (3.452e+05)
RMM    selectNonzeros    972.4 (3.452e+05)    1016 (3.452e+05)    1057 (3.452e+05)    0.002943 (3.452e+05)
SpAdd3                   211.9 (20)           211.9 (20)          211.9 (20)          10.6 (20)
==============================================================================================================
Average time: 10596 ms.

BENCHID++Trilinos++spadd3++it-2004++8++nodes
Executing command: jsrun -n 16 -r 2 -c 20 -b rs /g/g15/yadav2/taco/trilinos/build/../trilinos_run_wrapper.sh /g/g15/yadav2/taco/trilinos/build/bin/benchmark --file=/p/gpfs1/yadav2/tensors/coo-txt/it-2004.mtx --n=20 --warmup=10 --bench=spadd3 --add3TensorC=/p/gpfs1/yadav2/tensors/coo-txt/it-2004-rotated-0.mtx --add3TensorD=/p/gpfs1/yadav2/tensors/coo-txt/it-2004-rotated-1.mtx

 1D Distribution:
     np     = 16

 1D Distribution:
     np     = 16

 1D Distribution:
     np     = 16
==============================================================================================================

                                    TimeMonitor results over 16 processors

Timer Name               MinOverProcs         MeanOverProcs       MaxOverProcs        MeanOverCallCounts
--------------------------------------------------------------------------------------------------------------
RMM    readNonzeros      1408 (3.452e+05)     1502 (3.452e+05)    1545 (3.452e+05)    0.004351 (3.452e+05)
RMM    selectNonzeros    895.3 (3.452e+05)    938 (3.452e+05)     1032 (3.452e+05)    0.002717 (3.452e+05)
SpAdd3                   143.9 (20)           143.9 (20)          143.9 (20)          7.196 (20)
==============================================================================================================
Average time: 7195.6 ms.

BENCHID++Trilinos++spadd3++it-2004++16++nodes
Executing command: jsrun -n 32 -r 2 -c 20 -b rs /g/g15/yadav2/taco/trilinos/build/../trilinos_run_wrapper.sh /g/g15/yadav2/taco/trilinos/build/bin/benchmark --file=/p/gpfs1/yadav2/tensors/coo-txt/it-2004.mtx --n=20 --warmup=10 --bench=spadd3 --add3TensorC=/p/gpfs1/yadav2/tensors/coo-txt/it-2004-rotated-0.mtx --add3TensorD=/p/gpfs1/yadav2/tensors/coo-txt/it-2004-rotated-1.mtx

 1D Distribution:
     np     = 32

 1D Distribution:
     np     = 32

 1D Distribution:
     np     = 32
================================================================================================================

                                     TimeMonitor results over 32 processors

Timer Name               MinOverProcs         MeanOverProcs        MaxOverProcs         MeanOverCallCounts
----------------------------------------------------------------------------------------------------------------
RMM    readNonzeros      1270 (3.452e+05)     1381 (3.452e+05)     1415 (3.452e+05)     0.004 (3.452e+05)
RMM    selectNonzeros    848.7 (3.452e+05)    883.4 (3.452e+05)    993.5 (3.452e+05)    0.002559 (3.452e+05)
SpAdd3                   103.3 (20)           103.3 (20)           103.3 (20)           5.165 (20)
================================================================================================================
Average time: 5165.35 ms.

BENCHID++Trilinos++spadd3++kmer_A2a++1++nodes
Executing command: jsrun -n 2 -r 2 -c 20 -b rs /g/g15/yadav2/taco/trilinos/build/../trilinos_run_wrapper.sh /g/g15/yadav2/taco/trilinos/build/bin/benchmark --file=/p/gpfs1/yadav2/tensors/coo-txt/kmer_A2a.mtx --n=20 --warmup=10 --bench=spadd3 --add3TensorC=/p/gpfs1/yadav2/tensors/coo-txt/kmer_A2a-rotated-0.mtx --add3TensorD=/p/gpfs1/yadav2/tensors/coo-txt/kmer_A2a-rotated-1.mtx

 1D Distribution:
     np     = 2

 1D Distribution:
     np     = 2

 1D Distribution:
     np     = 2
================================================================================================================

                                     TimeMonitor results over 2 processors

Timer Name               MinOverProcs         MeanOverProcs        MaxOverProcs         MeanOverCallCounts
----------------------------------------------------------------------------------------------------------------
RMM    readNonzeros      177.9 (9.015e+04)    184.2 (9.015e+04)    190.5 (9.015e+04)    0.002044 (9.015e+04)
RMM    selectNonzeros    399.2 (9.015e+04)    405.6 (9.015e+04)    411.9 (9.015e+04)    0.004499 (9.015e+04)
SpAdd3                   1242 (20)            1242 (20)            1242 (20)            62.12 (20)
================================================================================================================
Average time: 62122.4 ms.

BENCHID++Trilinos++spadd3++kmer_A2a++2++nodes
Executing command: jsrun -n 4 -r 2 -c 20 -b rs /g/g15/yadav2/taco/trilinos/build/../trilinos_run_wrapper.sh /g/g15/yadav2/taco/trilinos/build/bin/benchmark --file=/p/gpfs1/yadav2/tensors/coo-txt/kmer_A2a.mtx --n=20 --warmup=10 --bench=spadd3 --add3TensorC=/p/gpfs1/yadav2/tensors/coo-txt/kmer_A2a-rotated-0.mtx --add3TensorD=/p/gpfs1/yadav2/tensors/coo-txt/kmer_A2a-rotated-1.mtx

 1D Distribution:
     np     = 4

 1D Distribution:
     np     = 4

 1D Distribution:
     np     = 4
================================================================================================================

                                     TimeMonitor results over 4 processors

Timer Name               MinOverProcs         MeanOverProcs        MaxOverProcs         MeanOverCallCounts
----------------------------------------------------------------------------------------------------------------
RMM    readNonzeros      215.1 (9.015e+04)    229 (9.015e+04)      236 (9.015e+04)      0.00254 (9.015e+04)
RMM    selectNonzeros    315.1 (9.015e+04)    321.9 (9.015e+04)    335.9 (9.015e+04)    0.003571 (9.015e+04)
SpAdd3                   1216 (20)            1216 (20)            1216 (20)            60.81 (20)
================================================================================================================
Average time: 60808.9 ms.

BENCHID++Trilinos++spadd3++kmer_A2a++4++nodes
Executing command: jsrun -n 8 -r 2 -c 20 -b rs /g/g15/yadav2/taco/trilinos/build/../trilinos_run_wrapper.sh /g/g15/yadav2/taco/trilinos/build/bin/benchmark --file=/p/gpfs1/yadav2/tensors/coo-txt/kmer_A2a.mtx --n=20 --warmup=10 --bench=spadd3 --add3TensorC=/p/gpfs1/yadav2/tensors/coo-txt/kmer_A2a-rotated-0.mtx --add3TensorD=/p/gpfs1/yadav2/tensors/coo-txt/kmer_A2a-rotated-1.mtx

 1D Distribution:
     np     = 8

 1D Distribution:
     np     = 8

 1D Distribution:
     np     = 8
================================================================================================================

                                     TimeMonitor results over 8 processors

Timer Name               MinOverProcs         MeanOverProcs        MaxOverProcs         MeanOverCallCounts
----------------------------------------------------------------------------------------------------------------
RMM    readNonzeros      326.3 (9.015e+04)    330.2 (9.015e+04)    333.5 (9.015e+04)    0.003662 (9.015e+04)
RMM    selectNonzeros    289.9 (9.015e+04)    293.2 (9.015e+04)    297 (9.015e+04)      0.003252 (9.015e+04)
SpAdd3                   925.3 (20)           925.3 (20)           925.3 (20)           46.26 (20)
================================================================================================================
Average time: 46264.9 ms.

BENCHID++Trilinos++spadd3++kmer_A2a++8++nodes
Executing command: jsrun -n 16 -r 2 -c 20 -b rs /g/g15/yadav2/taco/trilinos/build/../trilinos_run_wrapper.sh /g/g15/yadav2/taco/trilinos/build/bin/benchmark --file=/p/gpfs1/yadav2/tensors/coo-txt/kmer_A2a.mtx --n=20 --warmup=10 --bench=spadd3 --add3TensorC=/p/gpfs1/yadav2/tensors/coo-txt/kmer_A2a-rotated-0.mtx --add3TensorD=/p/gpfs1/yadav2/tensors/coo-txt/kmer_A2a-rotated-1.mtx

 1D Distribution:
     np     = 16

 1D Distribution:
     np     = 16

 1D Distribution:
     np     = 16
================================================================================================================

                                     TimeMonitor results over 16 processors

Timer Name               MinOverProcs         MeanOverProcs        MaxOverProcs         MeanOverCallCounts
----------------------------------------------------------------------------------------------------------------
RMM    readNonzeros      308.7 (9.015e+04)    312.3 (9.015e+04)    315.9 (9.015e+04)    0.003464 (9.015e+04)
RMM    selectNonzeros    262 (9.015e+04)      265.6 (9.015e+04)    269.2 (9.015e+04)    0.002946 (9.015e+04)
SpAdd3                   521.8 (20)           521.8 (20)           521.8 (20)           26.09 (20)
================================================================================================================
Average time: 26088.5 ms.

BENCHID++Trilinos++spadd3++kmer_A2a++16++nodes
Executing command: jsrun -n 32 -r 2 -c 20 -b rs /g/g15/yadav2/taco/trilinos/build/../trilinos_run_wrapper.sh /g/g15/yadav2/taco/trilinos/build/bin/benchmark --file=/p/gpfs1/yadav2/tensors/coo-txt/kmer_A2a.mtx --n=20 --warmup=10 --bench=spadd3 --add3TensorC=/p/gpfs1/yadav2/tensors/coo-txt/kmer_A2a-rotated-0.mtx --add3TensorD=/p/gpfs1/yadav2/tensors/coo-txt/kmer_A2a-rotated-1.mtx

 1D Distribution:
     np     = 32

 1D Distribution:
     np     = 32

 1D Distribution:
     np     = 32
================================================================================================================

                                     TimeMonitor results over 32 processors

Timer Name               MinOverProcs         MeanOverProcs        MaxOverProcs         MeanOverCallCounts
----------------------------------------------------------------------------------------------------------------
RMM    readNonzeros      301.6 (9.015e+04)    305.4 (9.015e+04)    307.7 (9.015e+04)    0.003388 (9.015e+04)
RMM    selectNonzeros    252.4 (9.015e+04)    254.8 (9.015e+04)    258.4 (9.015e+04)    0.002826 (9.015e+04)
SpAdd3                   274.6 (20)           274.6 (20)           274.6 (20)           13.73 (20)
================================================================================================================
Average time: 13731.8 ms.

BENCHID++Trilinos++spadd3++kmer_V1r++1++nodes
Executing command: jsrun -n 2 -r 2 -c 20 -b rs /g/g15/yadav2/taco/trilinos/build/../trilinos_run_wrapper.sh /g/g15/yadav2/taco/trilinos/build/bin/benchmark --file=/p/gpfs1/yadav2/tensors/coo-txt/kmer_V1r.mtx --n=20 --warmup=10 --bench=spadd3 --add3TensorC=/p/gpfs1/yadav2/tensors/coo-txt/kmer_V1r-rotated-0.mtx --add3TensorD=/p/gpfs1/yadav2/tensors/coo-txt/kmer_V1r-rotated-1.mtx

 1D Distribution:
     np     = 2

 1D Distribution:
     np     = 2

 1D Distribution:
     np     = 2
================================================================================================================

                                     TimeMonitor results over 2 processors

Timer Name               MinOverProcs         MeanOverProcs        MaxOverProcs         MeanOverCallCounts
----------------------------------------------------------------------------------------------------------------
RMM    readNonzeros      222.1 (1.164e+05)    236.6 (1.164e+05)    251.1 (1.164e+05)    0.002033 (1.164e+05)
RMM    selectNonzeros    506 (1.164e+05)      520.5 (1.164e+05)    535 (1.164e+05)      0.004474 (1.164e+05)
SpAdd3                   1615 (20)            1615 (20)            1615 (20)            80.75 (20)
================================================================================================================
Average time: 80748.2 ms.
BENCHID++Trilinos++spadd3++kmer_V1r++2++nodes
Executing command: jsrun -n 4 -r 2 -c 20 -b rs /g/g15/yadav2/taco/trilinos/build/../trilinos_run_wrapper.sh /g/g15/yadav2/taco/trilinos/build/bin/benchmark --file=/p/gpfs1/yadav2/tensors/coo-txt/kmer_V1r.mtx --n=20 --warmup=10 --bench=spadd3 --add3TensorC=/p/gpfs1/yadav2/tensors/coo-txt/kmer_V1r-rotated-0.mtx --add3TensorD=/p/gpfs1/yadav2/tensors/coo-txt/kmer_V1r-rotated-1.mtx

 1D Distribution:
     np     = 4

 1D Distribution:
     np     = 4

 1D Distribution:
     np     = 4
================================================================================================================

                                     TimeMonitor results over 4 processors

Timer Name               MinOverProcs         MeanOverProcs        MaxOverProcs         MeanOverCallCounts
----------------------------------------------------------------------------------------------------------------
RMM    readNonzeros      268.4 (1.164e+05)    285.5 (1.164e+05)    306.4 (1.164e+05)    0.002453 (1.164e+05)
RMM    selectNonzeros    389.7 (1.164e+05)    410.6 (1.164e+05)    427.8 (1.164e+05)    0.003529 (1.164e+05)
SpAdd3                   1789 (20)            1789 (20)            1789 (20)            89.47 (20)
================================================================================================================
Average time: 89473.4 ms.

BENCHID++Trilinos++spadd3++kmer_V1r++4++nodes
Executing command: jsrun -n 8 -r 2 -c 20 -b rs /g/g15/yadav2/taco/trilinos/build/../trilinos_run_wrapper.sh /g/g15/yadav2/taco/trilinos/build/bin/benchmark --file=/p/gpfs1/yadav2/tensors/coo-txt/kmer_V1r.mtx --n=20 --warmup=10 --bench=spadd3 --add3TensorC=/p/gpfs1/yadav2/tensors/coo-txt/kmer_V1r-rotated-0.mtx --add3TensorD=/p/gpfs1/yadav2/tensors/coo-txt/kmer_V1r-rotated-1.mtx

 1D Distribution:
     np     = 8

 1D Distribution:
     np     = 8

 1D Distribution:
     np     = 8
================================================================================================================

                                     TimeMonitor results over 8 processors

Timer Name               MinOverProcs         MeanOverProcs        MaxOverProcs         MeanOverCallCounts
----------------------------------------------------------------------------------------------------------------
RMM    readNonzeros      429.6 (1.164e+05)    434.1 (1.164e+05)    440.7 (1.164e+05)    0.003731 (1.164e+05)
RMM    selectNonzeros    375 (1.164e+05)      381.5 (1.164e+05)    386.1 (1.164e+05)    0.003279 (1.164e+05)
SpAdd3                   1134 (20)            1134 (20)            1134 (20)            56.7 (20)
================================================================================================================
Average time: 56695.8 ms.

BENCHID++Trilinos++spadd3++kmer_V1r++8++nodes
Executing command: jsrun -n 16 -r 2 -c 20 -b rs /g/g15/yadav2/taco/trilinos/build/../trilinos_run_wrapper.sh /g/g15/yadav2/taco/trilinos/build/bin/benchmark --file=/p/gpfs1/yadav2/tensors/coo-txt/kmer_V1r.mtx --n=20 --warmup=10 --bench=spadd3 --add3TensorC=/p/gpfs1/yadav2/tensors/coo-txt/kmer_V1r-rotated-0.mtx --add3TensorD=/p/gpfs1/yadav2/tensors/coo-txt/kmer_V1r-rotated-1.mtx

 1D Distribution:
     np     = 16

 1D Distribution:
     np     = 16

 1D Distribution:
     np     = 16
================================================================================================================

                                     TimeMonitor results over 16 processors

Timer Name               MinOverProcs         MeanOverProcs        MaxOverProcs         MeanOverCallCounts
----------------------------------------------------------------------------------------------------------------
RMM    readNonzeros      405.5 (1.164e+05)    410.4 (1.164e+05)    414.9 (1.164e+05)    0.003527 (1.164e+05)
RMM    selectNonzeros    340.4 (1.164e+05)    344.8 (1.164e+05)    349.5 (1.164e+05)    0.002964 (1.164e+05)
SpAdd3                   689.1 (20)           689.1 (20)           689.1 (20)           34.46 (20)
================================================================================================================
Average time: 34455.8 ms.

BENCHID++Trilinos++spadd3++kmer_V1r++16++nodes
Executing command: jsrun -n 32 -r 2 -c 20 -b rs /g/g15/yadav2/taco/trilinos/build/../trilinos_run_wrapper.sh /g/g15/yadav2/taco/trilinos/build/bin/benchmark --file=/p/gpfs1/yadav2/tensors/coo-txt/kmer_V1r.mtx --n=20 --warmup=10 --bench=spadd3 --add3TensorC=/p/gpfs1/yadav2/tensors/coo-txt/kmer_V1r-rotated-0.mtx --add3TensorD=/p/gpfs1/yadav2/tensors/coo-txt/kmer_V1r-rotated-1.mtx

 1D Distribution:
     np     = 32

 1D Distribution:
     np     = 32

 1D Distribution:
     np     = 32
================================================================================================================

                                     TimeMonitor results over 32 processors

Timer Name               MinOverProcs         MeanOverProcs        MaxOverProcs         MeanOverCallCounts
----------------------------------------------------------------------------------------------------------------
RMM    readNonzeros      394.9 (1.164e+05)    398.6 (1.164e+05)    402.8 (1.164e+05)    0.003426 (1.164e+05)
RMM    selectNonzeros    326.2 (1.164e+05)    330.3 (1.164e+05)    334.1 (1.164e+05)    0.002839 (1.164e+05)
SpAdd3                   362 (20)             362 (20)             362 (20)             18.1 (20)
================================================================================================================
Average time: 18099.9 ms.

BENCHID++Trilinos++spadd3++mycielskian19++1++nodes
Executing command: jsrun -n 2 -r 2 -c 20 -b rs /g/g15/yadav2/taco/trilinos/build/../trilinos_run_wrapper.sh /g/g15/yadav2/taco/trilinos/build/bin/benchmark --file=/p/gpfs1/yadav2/tensors/coo-txt/mycielskian19.mtx --n=20 --warmup=10 --bench=spadd3 --add3TensorC=/p/gpfs1/yadav2/tensors/coo-txt/mycielskian19-rotated-0.mtx --add3TensorD=/p/gpfs1/yadav2/tensors/coo-txt/mycielskian19-rotated-1.mtx

 1D Distribution:
     np     = 2

 1D Distribution:
     np     = 2

 1D Distribution:
     np     = 2
================================================================================================================

                                     TimeMonitor results over 2 processors

Timer Name               MinOverProcs         MeanOverProcs        MaxOverProcs         MeanOverCallCounts
----------------------------------------------------------------------------------------------------------------
RMM    readNonzeros      434.5 (2.258e+05)    621.9 (2.258e+05)    809.2 (2.258e+05)    0.002754 (2.258e+05)
RMM    selectNonzeros    1005 (2.258e+05)     1193 (2.258e+05)     1380 (2.258e+05)     0.005281 (2.258e+05)
SpAdd3                   68.92 (20)           68.92 (20)           68.92 (20)           3.446 (20)
================================================================================================================
Average time: 3446 ms.
BENCHID++Trilinos++spadd3++mycielskian19++2++nodes
Executing command: jsrun -n 4 -r 2 -c 20 -b rs /g/g15/yadav2/taco/trilinos/build/../trilinos_run_wrapper.sh /g/g15/yadav2/taco/trilinos/build/bin/benchmark --file=/p/gpfs1/yadav2/tensors/coo-txt/mycielskian19.mtx --n=20 --warmup=10 --bench=spadd3 --add3TensorC=/p/gpfs1/yadav2/tensors/coo-txt/mycielskian19-rotated-0.mtx --add3TensorD=/p/gpfs1/yadav2/tensors/coo-txt/mycielskian19-rotated-1.mtx

 1D Distribution:
     np     = 4

 1D Distribution:
     np     = 4

 1D Distribution:
     np     = 4
===============================================================================================================

                                     TimeMonitor results over 4 processors

Timer Name               MinOverProcs         MeanOverProcs        MaxOverProcs        MeanOverCallCounts
---------------------------------------------------------------------------------------------------------------
RMM    readNonzeros      730.6 (2.258e+05)    874.9 (2.258e+05)    1006 (2.258e+05)    0.003874 (2.258e+05)
RMM    selectNonzeros    726.3 (2.258e+05)    857.9 (2.258e+05)    1002 (2.258e+05)    0.003799 (2.258e+05)
SpAdd3                   200.4 (20)           200.4 (20)           200.4 (20)          10.02 (20)
===============================================================================================================
Average time: 10020.5 ms.
BENCHID++Trilinos++spadd3++mycielskian19++4++nodes
Executing command: jsrun -n 8 -r 2 -c 20 -b rs /g/g15/yadav2/taco/trilinos/build/../trilinos_run_wrapper.sh /g/g15/yadav2/taco/trilinos/build/bin/benchmark --file=/p/gpfs1/yadav2/tensors/coo-txt/mycielskian19.mtx --n=20 --warmup=10 --bench=spadd3 --add3TensorC=/p/gpfs1/yadav2/tensors/coo-txt/mycielskian19-rotated-0.mtx --add3TensorD=/p/gpfs1/yadav2/tensors/coo-txt/mycielskian19-rotated-1.mtx

 1D Distribution:
     np     = 8

 1D Distribution:
     np     = 8

 1D Distribution:
     np     = 8
================================================================================================================

                                     TimeMonitor results over 8 processors

Timer Name               MinOverProcs         MeanOverProcs        MaxOverProcs         MeanOverCallCounts
----------------------------------------------------------------------------------------------------------------
RMM    readNonzeros      849.6 (2.258e+05)    990.8 (2.258e+05)    1113 (2.258e+05)     0.004388 (2.258e+05)
RMM    selectNonzeros    559.9 (2.258e+05)    681.7 (2.258e+05)    822.9 (2.258e+05)    0.003019 (2.258e+05)
SpAdd3                   137.3 (20)           137.3 (20)           137.4 (20)           6.867 (20)
================================================================================================================
Average time: 6868.1 ms.
BENCHID++Trilinos++spadd3++mycielskian19++8++nodes
Executing command: jsrun -n 16 -r 2 -c 20 -b rs /g/g15/yadav2/taco/trilinos/build/../trilinos_run_wrapper.sh /g/g15/yadav2/taco/trilinos/build/bin/benchmark --file=/p/gpfs1/yadav2/tensors/coo-txt/mycielskian19.mtx --n=20 --warmup=10 --bench=spadd3 --add3TensorC=/p/gpfs1/yadav2/tensors/coo-txt/mycielskian19-rotated-0.mtx --add3TensorD=/p/gpfs1/yadav2/tensors/coo-txt/mycielskian19-rotated-1.mtx

 1D Distribution:
     np     = 16

 1D Distribution:
     np     = 16

 1D Distribution:
     np     = 16
================================================================================================================

                                     TimeMonitor results over 16 processors

Timer Name               MinOverProcs         MeanOverProcs        MaxOverProcs         MeanOverCallCounts
----------------------------------------------------------------------------------------------------------------
RMM    readNonzeros      946.2 (2.258e+05)    1082 (2.258e+05)     1150 (2.258e+05)     0.00479 (2.258e+05)
RMM    selectNonzeros    533.8 (2.258e+05)    602.5 (2.258e+05)    737.9 (2.258e+05)    0.002668 (2.258e+05)
SpAdd3                   94.18 (20)           94.18 (20)           94.18 (20)           4.709 (20)
================================================================================================================
Average time: 4709 ms.
BENCHID++Trilinos++spadd3++mycielskian19++16++nodes
Executing command: jsrun -n 32 -r 2 -c 20 -b rs /g/g15/yadav2/taco/trilinos/build/../trilinos_run_wrapper.sh /g/g15/yadav2/taco/trilinos/build/bin/benchmark --file=/p/gpfs1/yadav2/tensors/coo-txt/mycielskian19.mtx --n=20 --warmup=10 --bench=spadd3 --add3TensorC=/p/gpfs1/yadav2/tensors/coo-txt/mycielskian19-rotated-0.mtx --add3TensorD=/p/gpfs1/yadav2/tensors/coo-txt/mycielskian19-rotated-1.mtx

 1D Distribution:
     np     = 32

 1D Distribution:
     np     = 32

 1D Distribution:
     np     = 32
================================================================================================================

                                     TimeMonitor results over 32 processors

Timer Name               MinOverProcs         MeanOverProcs        MaxOverProcs         MeanOverCallCounts
----------------------------------------------------------------------------------------------------------------
RMM    readNonzeros      868.5 (2.258e+05)    1027 (2.258e+05)     1059 (2.258e+05)     0.004548 (2.258e+05)
RMM    selectNonzeros    523.1 (2.258e+05)    554.8 (2.258e+05)    713.2 (2.258e+05)    0.002457 (2.258e+05)
SpAdd3                   67.64 (20)           67.64 (20)           67.64 (20)           3.382 (20)
================================================================================================================
Average time: 3381.95 ms.

BENCHID++Trilinos++spadd3++nlpkkt240++1++nodes
Executing command: jsrun -n 2 -r 2 -c 20 -b rs /g/g15/yadav2/taco/trilinos/build/../trilinos_run_wrapper.sh /g/g15/yadav2/taco/trilinos/build/bin/benchmark --file=/p/gpfs1/yadav2/tensors/coo-txt/nlpkkt240.mtx --n=20 --warmup=10 --bench=spadd3 --add3TensorC=/p/gpfs1/yadav2/tensors/coo-txt/nlpkkt240-rotated-0.mtx --add3TensorD=/p/gpfs1/yadav2/tensors/coo-txt/nlpkkt240-rotated-1.mtx

 1D Distribution:
     np     = 2

 1D Distribution:
     np     = 2

 1D Distribution:
     np     = 2
============================================================================================================

                                   TimeMonitor results over 2 processors

Timer Name               MinOverProcs        MeanOverProcs       MaxOverProcs        MeanOverCallCounts
------------------------------------------------------------------------------------------------------------
RMM    readNonzeros      421.8 (1.95e+05)    481.9 (1.95e+05)    542.1 (1.95e+05)    0.002471 (1.95e+05)
RMM    selectNonzeros    986.5 (1.95e+05)    1047 (1.95e+05)     1107 (1.95e+05)     0.005367 (1.95e+05)
SpAdd3                   291.6 (20)          291.6 (20)          291.6 (20)          14.58 (20)
============================================================================================================
Average time: 14579.9 ms.
BENCHID++Trilinos++spadd3++nlpkkt240++2++nodes
Executing command: jsrun -n 4 -r 2 -c 20 -b rs /g/g15/yadav2/taco/trilinos/build/../trilinos_run_wrapper.sh /g/g15/yadav2/taco/trilinos/build/bin/benchmark --file=/p/gpfs1/yadav2/tensors/coo-txt/nlpkkt240.mtx --n=20 --warmup=10 --bench=spadd3 --add3TensorC=/p/gpfs1/yadav2/tensors/coo-txt/nlpkkt240-rotated-0.mtx --add3TensorD=/p/gpfs1/yadav2/tensors/coo-txt/nlpkkt240-rotated-1.mtx

 1D Distribution:
     np     = 4

 1D Distribution:
     np     = 4

 1D Distribution:
     np     = 4
============================================================================================================

                                   TimeMonitor results over 4 processors

Timer Name               MinOverProcs        MeanOverProcs       MaxOverProcs        MeanOverCallCounts
------------------------------------------------------------------------------------------------------------
RMM    readNonzeros      526.7 (1.95e+05)    603.9 (1.95e+05)    664 (1.95e+05)      0.003097 (1.95e+05)
RMM    selectNonzeros    719 (1.95e+05)      779.1 (1.95e+05)    856.3 (1.95e+05)    0.003995 (1.95e+05)
SpAdd3                   145.5 (20)          145.5 (20)          145.5 (20)          7.276 (20)
============================================================================================================
Average time: 7275.65 ms.

BENCHID++Trilinos++spadd3++nlpkkt240++4++nodes
Executing command: jsrun -n 8 -r 2 -c 20 -b rs /g/g15/yadav2/taco/trilinos/build/../trilinos_run_wrapper.sh /g/g15/yadav2/taco/trilinos/build/bin/benchmark --file=/p/gpfs1/yadav2/tensors/coo-txt/nlpkkt240.mtx --n=20 --warmup=10 --bench=spadd3 --add3TensorC=/p/gpfs1/yadav2/tensors/coo-txt/nlpkkt240-rotated-0.mtx --add3TensorD=/p/gpfs1/yadav2/tensors/coo-txt/nlpkkt240-rotated-1.mtx

 1D Distribution:
     np     = 8

 1D Distribution:
     np     = 8

 1D Distribution:
     np     = 8
============================================================================================================

                                   TimeMonitor results over 8 processors

Timer Name               MinOverProcs        MeanOverProcs       MaxOverProcs        MeanOverCallCounts
------------------------------------------------------------------------------------------------------------
RMM    readNonzeros      988.2 (1.95e+05)    1005 (1.95e+05)     1025 (1.95e+05)     0.005156 (1.95e+05)
RMM    selectNonzeros    703.4 (1.95e+05)    722.6 (1.95e+05)    739.8 (1.95e+05)    0.003705 (1.95e+05)
SpAdd3                   73.22 (20)          73.22 (20)          73.22 (20)          3.661 (20)
============================================================================================================
Average time: 3661.2 ms.
BENCHID++Trilinos++spadd3++nlpkkt240++8++nodes
Executing command: jsrun -n 16 -r 2 -c 20 -b rs /g/g15/yadav2/taco/trilinos/build/../trilinos_run_wrapper.sh /g/g15/yadav2/taco/trilinos/build/bin/benchmark --file=/p/gpfs1/yadav2/tensors/coo-txt/nlpkkt240.mtx --n=20 --warmup=10 --bench=spadd3 --add3TensorC=/p/gpfs1/yadav2/tensors/coo-txt/nlpkkt240-rotated-0.mtx --add3TensorD=/p/gpfs1/yadav2/tensors/coo-txt/nlpkkt240-rotated-1.mtx

 1D Distribution:
     np     = 16

 1D Distribution:
     np     = 16

 1D Distribution:
     np     = 16
==========================================================================================================

                                  TimeMonitor results over 16 processors

Timer Name               MinOverProcs      MeanOverProcs       MaxOverProcs        MeanOverCallCounts
----------------------------------------------------------------------------------------------------------
RMM    readNonzeros      955 (1.95e+05)    964 (1.95e+05)      976.9 (1.95e+05)    0.004943 (1.95e+05)
RMM    selectNonzeros    619 (1.95e+05)    631.8 (1.95e+05)    640.8 (1.95e+05)    0.003239 (1.95e+05)
SpAdd3                   39.64 (20)        39.64 (20)          39.64 (20)          1.982 (20)
==========================================================================================================
Average time: 1981.9 ms.
BENCHID++Trilinos++spadd3++nlpkkt240++16++nodes
Executing command: jsrun -n 32 -r 2 -c 20 -b rs /g/g15/yadav2/taco/trilinos/build/../trilinos_run_wrapper.sh /g/g15/yadav2/taco/trilinos/build/bin/benchmark --file=/p/gpfs1/yadav2/tensors/coo-txt/nlpkkt240.mtx --n=20 --warmup=10 --bench=spadd3 --add3TensorC=/p/gpfs1/yadav2/tensors/coo-txt/nlpkkt240-rotated-0.mtx --add3TensorD=/p/gpfs1/yadav2/tensors/coo-txt/nlpkkt240-rotated-1.mtx

 1D Distribution:
     np     = 32

 1D Distribution:
     np     = 32

 1D Distribution:
     np     = 32
============================================================================================================

                                   TimeMonitor results over 32 processors

Timer Name               MinOverProcs        MeanOverProcs       MaxOverProcs        MeanOverCallCounts
------------------------------------------------------------------------------------------------------------
RMM    readNonzeros      828.8 (1.95e+05)    837.1 (1.95e+05)    847.1 (1.95e+05)    0.004292 (1.95e+05)
RMM    selectNonzeros    585.7 (1.95e+05)    595.7 (1.95e+05)    604 (1.95e+05)      0.003055 (1.95e+05)
SpAdd3                   20.91 (20)          20.91 (20)          20.91 (20)          1.046 (20)
============================================================================================================
Average time: 1045.5 ms.

# sk-2005 timeout 1 node.
BENCHID++Trilinos++spadd3++sk-2005++2++nodes
Executing command: jsrun -n 4 -r 2 -c 20 -b rs /g/g15/yadav2/taco/trilinos/build/../trilinos_run_wrapper.sh /g/g15/yadav2/taco/trilinos/build/bin/benchmark --file=/p/gpfs1/yadav2/tensors/coo-txt/sk-2005.mtx --n=20 --warmup=10 --bench=spadd3 --add3TensorC=/p/gpfs1/yadav2/tensors/coo-txt/sk-2005-rotated-0.mtx --add3TensorD=/p/gpfs1/yadav2/tensors/coo-txt/sk-2005-rotated-1.mtx

 1D Distribution:
     np     = 4

 1D Distribution:
     np     = 4

 1D Distribution:
     np     = 4
=============================================================================================================

                                    TimeMonitor results over 4 processors

Timer Name               MinOverProcs        MeanOverProcs       MaxOverProcs        MeanOverCallCounts
-------------------------------------------------------------------------------------------------------------
RMM    readNonzeros      1601 (5.848e+05)    1643 (5.848e+05)    1720 (5.848e+05)    0.00281 (5.848e+05)
RMM    selectNonzeros    1845 (5.848e+05)    1922 (5.848e+05)    1964 (5.848e+05)    0.003286 (5.848e+05)
SpAdd3                   520.7 (20)          520.7 (20)          520.7 (20)          26.03 (20)
=============================================================================================================
Average time: 26034.9 ms.
BENCHID++Trilinos++spadd3++sk-2005++4++nodes
Executing command: jsrun -n 8 -r 2 -c 20 -b rs /g/g15/yadav2/taco/trilinos/build/../trilinos_run_wrapper.sh /g/g15/yadav2/taco/trilinos/build/bin/benchmark --file=/p/gpfs1/yadav2/tensors/coo-txt/sk-2005.mtx --n=20 --warmup=10 --bench=spadd3 --add3TensorC=/p/gpfs1/yadav2/tensors/coo-txt/sk-2005-rotated-0.mtx --add3TensorD=/p/gpfs1/yadav2/tensors/coo-txt/sk-2005-rotated-1.mtx

 1D Distribution:
     np     = 8

 1D Distribution:
     np     = 8

 1D Distribution:
     np     = 8
============================================================================================================

                                   TimeMonitor results over 8 processors

Timer Name               MinOverProcs        MeanOverProcs       MaxOverProcs        MeanOverCallCounts
------------------------------------------------------------------------------------------------------------
RMM    readNonzeros      1963 (5.848e+05)    1994 (5.848e+05)    2036 (5.848e+05)    0.00341 (5.848e+05)
RMM    selectNonzeros    1653 (5.848e+05)    1696 (5.848e+05)    1727 (5.848e+05)    0.0029 (5.848e+05)
SpAdd3                   298.6 (20)          298.6 (20)          298.6 (20)          14.93 (20)
============================================================================================================
Average time: 14929.4 ms.
BENCHID++Trilinos++spadd3++sk-2005++8++nodes
Executing command: jsrun -n 16 -r 2 -c 20 -b rs /g/g15/yadav2/taco/trilinos/build/../trilinos_run_wrapper.sh /g/g15/yadav2/taco/trilinos/build/bin/benchmark --file=/p/gpfs1/yadav2/tensors/coo-txt/sk-2005.mtx --n=20 --warmup=10 --bench=spadd3 --add3TensorC=/p/gpfs1/yadav2/tensors/coo-txt/sk-2005-rotated-0.mtx --add3TensorD=/p/gpfs1/yadav2/tensors/coo-txt/sk-2005-rotated-1.mtx

 1D Distribution:
     np     = 16

 1D Distribution:
     np     = 16

 1D Distribution:
     np     = 16
=============================================================================================================

                                   TimeMonitor results over 16 processors

Timer Name               MinOverProcs        MeanOverProcs       MaxOverProcs        MeanOverCallCounts
-------------------------------------------------------------------------------------------------------------
RMM    readNonzeros      2520 (5.848e+05)    2572 (5.848e+05)    2638 (5.848e+05)    0.004399 (5.848e+05)
RMM    selectNonzeros    1522 (5.848e+05)    1587 (5.848e+05)    1640 (5.848e+05)    0.002714 (5.848e+05)
SpAdd3                   219.6 (20)          219.6 (20)          219.6 (20)          10.98 (20)
=============================================================================================================
Average time: 10981.3 ms.
BENCHID++Trilinos++spadd3++sk-2005++16++nodes
Executing command: jsrun -n 32 -r 2 -c 20 -b rs /g/g15/yadav2/taco/trilinos/build/../trilinos_run_wrapper.sh /g/g15/yadav2/taco/trilinos/build/bin/benchmark --file=/p/gpfs1/yadav2/tensors/coo-txt/sk-2005.mtx --n=20 --warmup=10 --bench=spadd3 --add3TensorC=/p/gpfs1/yadav2/tensors/coo-txt/sk-2005-rotated-0.mtx --add3TensorD=/p/gpfs1/yadav2/tensors/coo-txt/sk-2005-rotated-1.mtx

 1D Distribution:
     np     = 32

 1D Distribution:
     np     = 32

 1D Distribution:
     np     = 32
=============================================================================================================

                                   TimeMonitor results over 32 processors

Timer Name               MinOverProcs        MeanOverProcs       MaxOverProcs        MeanOverCallCounts
-------------------------------------------------------------------------------------------------------------
RMM    readNonzeros      2493 (5.848e+05)    2564 (5.848e+05)    2623 (5.848e+05)    0.004384 (5.848e+05)
RMM    selectNonzeros    1454 (5.848e+05)    1513 (5.848e+05)    1584 (5.848e+05)    0.002588 (5.848e+05)
SpAdd3                   124.8 (20)          124.8 (20)          124.8 (20)          6.242 (20)
=============================================================================================================
Average time: 6241.65 ms.

# twitter7 timeout 1,2,4 node (reading data?).
BENCHID++Trilinos++spadd3++twitter7++8++nodes
Executing command: jsrun -n 16 -r 2 -c 20 -b rs /g/g15/yadav2/taco/trilinos/build/../trilinos_run_wrapper.sh /g/g15/yadav2/taco/trilinos/build/bin/benchmark --file=/p/gpfs1/yadav2/tensors/coo-txt/twitter7.mtx --n=20 --warmup=10 --bench=spadd3 --add3TensorC=/p/gpfs1/yadav2/tensors/coo-txt/twitter7-rotated-0.mtx --add3TensorD=/p/gpfs1/yadav2/tensors/coo-txt/twitter7-rotated-1.mtx

 1D Distribution:
     np     = 16

 1D Distribution:
     np     = 16

 1D Distribution:
     np     = 16
=============================================================================================================

                                   TimeMonitor results over 16 processors

Timer Name               MinOverProcs        MeanOverProcs       MaxOverProcs        MeanOverCallCounts
-------------------------------------------------------------------------------------------------------------
RMM    readNonzeros      1312 (4.405e+05)    2104 (4.405e+05)    2301 (4.405e+05)    0.004776 (4.405e+05)
RMM    selectNonzeros    1114 (4.405e+05)    1311 (4.405e+05)    2102 (4.405e+05)    0.002976 (4.405e+05)
SpAdd3                   667.9 (20)          667.9 (20)          667.9 (20)          33.39 (20)
=============================================================================================================
Average time: 33394.5 ms.
BENCHID++Trilinos++spadd3++twitter7++16++nodes
Executing command: jsrun -n 32 -r 2 -c 20 -b rs /g/g15/yadav2/taco/trilinos/build/../trilinos_run_wrapper.sh /g/g15/yadav2/taco/trilinos/build/bin/benchmark --file=/p/gpfs1/yadav2/tensors/coo-txt/twitter7.mtx --n=20 --warmup=10 --bench=spadd3 --add3TensorC=/p/gpfs1/yadav2/tensors/coo-txt/twitter7-rotated-0.mtx --add3TensorD=/p/gpfs1/yadav2/tensors/coo-txt/twitter7-rotated-1.mtx

 1D Distribution:
     np     = 32

 1D Distribution:
     np     = 32

 1D Distribution:
     np     = 32
=============================================================================================================

                                   TimeMonitor results over 32 processors

Timer Name               MinOverProcs        MeanOverProcs       MaxOverProcs        MeanOverCallCounts
-------------------------------------------------------------------------------------------------------------
RMM    readNonzeros      1351 (4.405e+05)    1853 (4.405e+05)    1956 (4.405e+05)    0.004207 (4.405e+05)
RMM    selectNonzeros    1072 (4.405e+05)    1175 (4.405e+05)    1676 (4.405e+05)    0.002667 (4.405e+05)
SpAdd3                   580.3 (20)          580.3 (20)          580.3 (20)          29.01 (20)
=============================================================================================================
Average time: 29013.2 ms.

BENCHID++Trilinos++spadd3++uk-2005++1++nodes
Executing command: jsrun -n 2 -r 2 -c 20 -b rs /g/g15/yadav2/taco/trilinos/build/../trilinos_run_wrapper.sh /g/g15/yadav2/taco/trilinos/build/bin/benchmark --file=/p/gpfs1/yadav2/tensors/coo-txt/uk-2005.mtx --n=20 --warmup=10 --bench=spadd3 --add3TensorC=/p/gpfs1/yadav2/tensors/coo-txt/uk-2005-rotated-0.mtx --add3TensorD=/p/gpfs1/yadav2/tensors/coo-txt/uk-2005-rotated-1.mtx

 1D Distribution:
     np     = 2

 1D Distribution:
     np     = 2

 1D Distribution:
     np     = 2
================================================================================================================

                                     TimeMonitor results over 2 processors

Timer Name               MinOverProcs         MeanOverProcs        MaxOverProcs         MeanOverCallCounts
----------------------------------------------------------------------------------------------------------------
RMM    readNonzeros      520.8 (2.809e+05)    578.7 (2.809e+05)    636.7 (2.809e+05)    0.00206 (2.809e+05)
RMM    selectNonzeros    1093 (2.809e+05)     1151 (2.809e+05)     1209 (2.809e+05)     0.004099 (2.809e+05)
SpAdd3                   580.5 (20)           580.5 (20)           580.5 (20)           29.02 (20)
================================================================================================================
Average time: 29022.7 ms.

BENCHID++Trilinos++spadd3++uk-2005++2++nodes
Executing command: jsrun -n 4 -r 2 -c 20 -b rs /g/g15/yadav2/taco/trilinos/build/../trilinos_run_wrapper.sh /g/g15/yadav2/taco/trilinos/build/bin/benchmark --file=/p/gpfs1/yadav2/tensors/coo-txt/uk-2005.mtx --n=20 --warmup=10 --bench=spadd3 --add3TensorC=/p/gpfs1/yadav2/tensors/coo-txt/uk-2005-rotated-0.mtx --add3TensorD=/p/gpfs1/yadav2/tensors/coo-txt/uk-2005-rotated-1.mtx

 1D Distribution:
     np     = 4

 1D Distribution:
     np     = 4

 1D Distribution:
     np     = 4
================================================================================================================

                                     TimeMonitor results over 4 processors

Timer Name               MinOverProcs         MeanOverProcs        MaxOverProcs         MeanOverCallCounts
----------------------------------------------------------------------------------------------------------------
RMM    readNonzeros      662.5 (2.809e+05)    711.3 (2.809e+05)    746.2 (2.809e+05)    0.002532 (2.809e+05)
RMM    selectNonzeros    867.7 (2.809e+05)    902.6 (2.809e+05)    951.4 (2.809e+05)    0.003213 (2.809e+05)
SpAdd3                   365.5 (20)           365.5 (20)           365.5 (20)           18.27 (20)
================================================================================================================
Average time: 18274.3 ms.

BENCHID++Trilinos++spadd3++uk-2005++4++nodes
Executing command: jsrun -n 8 -r 2 -c 20 -b rs /g/g15/yadav2/taco/trilinos/build/../trilinos_run_wrapper.sh /g/g15/yadav2/taco/trilinos/build/bin/benchmark --file=/p/gpfs1/yadav2/tensors/coo-txt/uk-2005.mtx --n=20 --warmup=10 --bench=spadd3 --add3TensorC=/p/gpfs1/yadav2/tensors/coo-txt/uk-2005-rotated-0.mtx --add3TensorD=/p/gpfs1/yadav2/tensors/coo-txt/uk-2005-rotated-1.mtx

 1D Distribution:
     np     = 8

 1D Distribution:
     np     = 8

 1D Distribution:
     np     = 8
===============================================================================================================

                                     TimeMonitor results over 8 processors

Timer Name               MinOverProcs         MeanOverProcs       MaxOverProcs         MeanOverCallCounts
---------------------------------------------------------------------------------------------------------------
RMM    readNonzeros      1059 (2.809e+05)     1111 (2.809e+05)    1177 (2.809e+05)     0.003955 (2.809e+05)
RMM    selectNonzeros    772.8 (2.809e+05)    839 (2.809e+05)     891.3 (2.809e+05)    0.002987 (2.809e+05)
SpAdd3                   208.4 (20)           208.4 (20)          208.4 (20)           10.42 (20)
===============================================================================================================
Average time: 10419.6 ms.

BENCHID++Trilinos++spadd3++uk-2005++8++nodes
Executing command: jsrun -n 16 -r 2 -c 20 -b rs /g/g15/yadav2/taco/trilinos/build/../trilinos_run_wrapper.sh /g/g15/yadav2/taco/trilinos/build/bin/benchmark --file=/p/gpfs1/yadav2/tensors/coo-txt/uk-2005.mtx --n=20 --warmup=10 --bench=spadd3 --add3TensorC=/p/gpfs1/yadav2/tensors/coo-txt/uk-2005-rotated-0.mtx --add3TensorD=/p/gpfs1/yadav2/tensors/coo-txt/uk-2005-rotated-1.mtx

 1D Distribution:
     np     = 16

 1D Distribution:
     np     = 16

 1D Distribution:
     np     = 16
===============================================================================================================

                                    TimeMonitor results over 16 processors

Timer Name               MinOverProcs        MeanOverProcs        MaxOverProcs         MeanOverCallCounts
---------------------------------------------------------------------------------------------------------------
RMM    readNonzeros      1087 (2.809e+05)    1158 (2.809e+05)     1191 (2.809e+05)     0.004123 (2.809e+05)
RMM    selectNonzeros    723 (2.809e+05)     756.1 (2.809e+05)    827.7 (2.809e+05)    0.002692 (2.809e+05)
SpAdd3                   140.2 (20)          140.2 (20)           140.2 (20)           7.012 (20)
===============================================================================================================
Average time: 7012.35 ms.

BENCHID++Trilinos++spadd3++uk-2005++16++nodes
Executing command: jsrun -n 32 -r 2 -c 20 -b rs /g/g15/yadav2/taco/trilinos/build/../trilinos_run_wrapper.sh /g/g15/yadav2/taco/trilinos/build/bin/benchmark --file=/p/gpfs1/yadav2/tensors/coo-txt/uk-2005.mtx --n=20 --warmup=10 --bench=spadd3 --add3TensorC=/p/gpfs1/yadav2/tensors/coo-txt/uk-2005-rotated-0.mtx --add3TensorD=/p/gpfs1/yadav2/tensors/coo-txt/uk-2005-rotated-1.mtx

 1D Distribution:
     np     = 32

 1D Distribution:
     np     = 32

 1D Distribution:
     np     = 32
================================================================================================================

                                     TimeMonitor results over 32 processors

Timer Name               MinOverProcs         MeanOverProcs        MaxOverProcs         MeanOverCallCounts
----------------------------------------------------------------------------------------------------------------
RMM    readNonzeros      1006 (2.809e+05)     1045 (2.809e+05)     1067 (2.809e+05)     0.003721 (2.809e+05)
RMM    selectNonzeros    697.7 (2.809e+05)    719.7 (2.809e+05)    758.5 (2.809e+05)    0.002562 (2.809e+05)
SpAdd3                   79.23 (20)           79.23 (20)           79.23 (20)           3.961 (20)
================================================================================================================
Average time: 3961.45 ms.

# webbase-2001 timeout 1 node.
BENCHID++Trilinos++spadd3++webbase-2001++2++nodes
Executing command: jsrun -n 4 -r 2 -c 20 -b rs /g/g15/yadav2/taco/trilinos/build/../trilinos_run_wrapper.sh /g/g15/yadav2/taco/trilinos/build/bin/benchmark --file=/p/gpfs1/yadav2/tensors/coo-txt/webbase-2001.mtx --n=20 --warmup=10 --bench=spadd3 --add3TensorC=/p/gpfs1/yadav2/tensors/coo-txt/webbase-2001-rotated-0.mtx --add3TensorD=/p/gpfs1/yadav2/tensors/coo-txt/webbase-2001-rotated-1.mtx

 1D Distribution:
     np     = 4

 1D Distribution:
     np     = 4

 1D Distribution:
     np     = 4
============================================================================================================

                                   TimeMonitor results over 4 processors

Timer Name               MinOverProcs        MeanOverProcs       MaxOverProcs        MeanOverCallCounts
------------------------------------------------------------------------------------------------------------
RMM    readNonzeros      699.3 (3.06e+05)    729.7 (3.06e+05)    757.3 (3.06e+05)    0.002385 (3.06e+05)
RMM    selectNonzeros    955 (3.06e+05)      982.7 (3.06e+05)    1013 (3.06e+05)     0.003212 (3.06e+05)
SpAdd3                   437.3 (20)          437.3 (20)          437.3 (20)          21.87 (20)
============================================================================================================
Average time: 21867.2 ms.
BENCHID++Trilinos++spadd3++webbase-2001++4++nodes
Executing command: jsrun -n 8 -r 2 -c 20 -b rs /g/g15/yadav2/taco/trilinos/build/../trilinos_run_wrapper.sh /g/g15/yadav2/taco/trilinos/build/bin/benchmark --file=/p/gpfs1/yadav2/tensors/coo-txt/webbase-2001.mtx --n=20 --warmup=10 --bench=spadd3 --add3TensorC=/p/gpfs1/yadav2/tensors/coo-txt/webbase-2001-rotated-0.mtx --add3TensorD=/p/gpfs1/yadav2/tensors/coo-txt/webbase-2001-rotated-1.mtx

 1D Distribution:
     np     = 8

 1D Distribution:
     np     = 8

 1D Distribution:
     np     = 8
============================================================================================================

                                   TimeMonitor results over 8 processors

Timer Name               MinOverProcs        MeanOverProcs       MaxOverProcs        MeanOverCallCounts
------------------------------------------------------------------------------------------------------------
RMM    readNonzeros      960.6 (3.06e+05)    975.8 (3.06e+05)    991.5 (3.06e+05)    0.003189 (3.06e+05)
RMM    selectNonzeros    884.8 (3.06e+05)    900.4 (3.06e+05)    915.6 (3.06e+05)    0.002943 (3.06e+05)
SpAdd3                   250.2 (20)          250.2 (20)          250.2 (20)          12.51 (20)
============================================================================================================
Average time: 12508.7 ms.
BENCHID++Trilinos++spadd3++webbase-2001++8++nodes
Executing command: jsrun -n 16 -r 2 -c 20 -b rs /g/g15/yadav2/taco/trilinos/build/../trilinos_run_wrapper.sh /g/g15/yadav2/taco/trilinos/build/bin/benchmark --file=/p/gpfs1/yadav2/tensors/coo-txt/webbase-2001.mtx --n=20 --warmup=10 --bench=spadd3 --add3TensorC=/p/gpfs1/yadav2/tensors/coo-txt/webbase-2001-rotated-0.mtx --add3TensorD=/p/gpfs1/yadav2/tensors/coo-txt/webbase-2001-rotated-1.mtx

 1D Distribution:
     np     = 16

 1D Distribution:
     np     = 16

 1D Distribution:
     np     = 16
============================================================================================================

                                   TimeMonitor results over 16 processors

Timer Name               MinOverProcs        MeanOverProcs       MaxOverProcs        MeanOverCallCounts
------------------------------------------------------------------------------------------------------------
RMM    readNonzeros      1205 (3.06e+05)     1238 (3.06e+05)     1265 (3.06e+05)     0.004045 (3.06e+05)
RMM    selectNonzeros    811.9 (3.06e+05)    839.5 (3.06e+05)    872.2 (3.06e+05)    0.002744 (3.06e+05)
SpAdd3                   142.3 (20)          142.3 (20)          142.3 (20)          7.115 (20)
============================================================================================================
Average time: 7115.4 ms.
BENCHID++Trilinos++spadd3++webbase-2001++16++nodes
Executing command: jsrun -n 32 -r 2 -c 20 -b rs /g/g15/yadav2/taco/trilinos/build/../trilinos_run_wrapper.sh /g/g15/yadav2/taco/trilinos/build/bin/benchmark --file=/p/gpfs1/yadav2/tensors/coo-txt/webbase-2001.mtx --n=20 --warmup=10 --bench=spadd3 --add3TensorC=/p/gpfs1/yadav2/tensors/coo-txt/webbase-2001-rotated-0.mtx --add3TensorD=/p/gpfs1/yadav2/tensors/coo-txt/webbase-2001-rotated-1.mtx

 1D Distribution:
     np     = 32

 1D Distribution:
     np     = 32

 1D Distribution:
     np     = 32
============================================================================================================

                                   TimeMonitor results over 32 processors

Timer Name               MinOverProcs        MeanOverProcs       MaxOverProcs        MeanOverCallCounts
------------------------------------------------------------------------------------------------------------
RMM    readNonzeros      1100 (3.06e+05)     1123 (3.06e+05)     1144 (3.06e+05)     0.00367 (3.06e+05)
RMM    selectNonzeros    777.3 (3.06e+05)    798.3 (3.06e+05)    821.5 (3.06e+05)    0.002609 (3.06e+05)
SpAdd3                   83.52 (20)          83.52 (20)          83.52 (20)          4.176 (20)
============================================================================================================
Average time: 4175.85 ms.

