[New LWP 42313]
[New LWP 42312]
[New LWP 42311]
[New LWP 42303]
[New LWP 25398]
[New LWP 25396]
[New LWP 25395]
[New LWP 25394]
[New LWP 18744]
[New LWP 18737]
[New LWP 18736]
[New LWP 18731]
[New LWP 18730]
[New LWP 18729]
[New LWP 18728]
[New LWP 18727]
[New LWP 18726]
[New LWP 18725]
[New LWP 18724]
[New LWP 18723]
[New LWP 18722]
[New LWP 18721]
[New LWP 18720]
[New LWP 18719]
[New LWP 18718]
[New LWP 18717]
[New LWP 18716]
[New LWP 18715]
[New LWP 18714]
[New LWP 18713]
[New LWP 18712]
[New LWP 18711]
[New LWP 18557]
[New LWP 18556]
[New LWP 18555]
[New LWP 18554]
[New LWP 18552]
[New LWP 18506]
[New LWP 18505]
[Thread debugging using libthread_db enabled]
Using host libthread_db library "/lib64/libthread_db.so.1".
syscall () at ../sysdeps/unix/sysv/linux/powerpc/syscall.S:29
29		PSEUDO_RET

Thread 40 (Thread 0x20000ad4eaf0 (LWP 18505)):
#0  0x00002000086d6df8 in poll () at ../sysdeps/unix/syscall-template.S:81
#1  0x000020000a62a068 in poll_dispatch (base=0x10252240, tv=0x20000ad4e070) at poll.c:171
#2  0x000020000a61c180 in event_base_loop (base=0x10252240, flags=<optimized out>) at event.c:1947
#3  0x000020000a7f0fec in progress_engine () from /usr/tce/packages/spectrum-mpi/ibm/spectrum-mpi-2020.08.19/lib/libopen-pal.so.3
#4  0x00002000000f8cd4 in start_thread (arg=0x20000ad4eaf0) at pthread_create.c:309
#5  0x00002000086e7f14 in clone () at ../sysdeps/unix/sysv/linux/powerpc/powerpc64/clone.S:104

Thread 39 (Thread 0x20000b5feaf0 (LWP 18506)):
#0  0x00002000086e8aa8 in epoll_wait () at ../sysdeps/unix/syscall-template.S:81
#1  0x000020000a62b18c in epoll_dispatch (base=0x102a69a0, tv=<optimized out>) at epoll.c:462
#2  0x000020000a61c180 in event_base_loop (base=0x102a69a0, flags=<optimized out>) at event.c:1947
#3  0x000020000ae61cac in progress_engine () from /usr/tce/packages/spectrum-mpi/ibm/spectrum-mpi-2020.08.19/lib/libpmix.so.2
#4  0x00002000000f8cd4 in start_thread (arg=0x20000b5feaf0) at pthread_create.c:309
#5  0x00002000086e7f14 in clone () at ../sysdeps/unix/sysv/linux/powerpc/powerpc64/clone.S:104

Thread 38 (Thread 0x20003226eaf0 (LWP 18552)):
#0  0x00002000086d6df8 in poll () at ../sysdeps/unix/syscall-template.S:81
#1  0x0000200006e50ff0 in ?? () from /usr/tce/packages/cuda/cuda-11.7.0/lib64/libcuda.so.1
#2  0x0000200006f15bf4 in ?? () from /usr/tce/packages/cuda/cuda-11.7.0/lib64/libcuda.so.1
#3  0x0000200006e49c24 in ?? () from /usr/tce/packages/cuda/cuda-11.7.0/lib64/libcuda.so.1
#4  0x00002000000f8cd4 in start_thread (arg=0x20003226eaf0) at pthread_create.c:309
#5  0x00002000086e7f14 in clone () at ../sysdeps/unix/sysv/linux/powerpc/powerpc64/clone.S:104

Thread 37 (Thread 0x20003267eaf0 (LWP 18554)):
#0  0x00002000086d6df8 in poll () at ../sysdeps/unix/syscall-template.S:81
#1  0x0000200006e50ff0 in ?? () from /usr/tce/packages/cuda/cuda-11.7.0/lib64/libcuda.so.1
#2  0x0000200006f15bf4 in ?? () from /usr/tce/packages/cuda/cuda-11.7.0/lib64/libcuda.so.1
#3  0x0000200006e49c24 in ?? () from /usr/tce/packages/cuda/cuda-11.7.0/lib64/libcuda.so.1
#4  0x00002000000f8cd4 in start_thread (arg=0x20003267eaf0) at pthread_create.c:309
#5  0x00002000086e7f14 in clone () at ../sysdeps/unix/sysv/linux/powerpc/powerpc64/clone.S:104

Thread 36 (Thread 0x200032c0eaf0 (LWP 18555)):
#0  0x00002000086d6df8 in poll () at ../sysdeps/unix/syscall-template.S:81
#1  0x0000200006e50ff0 in ?? () from /usr/tce/packages/cuda/cuda-11.7.0/lib64/libcuda.so.1
#2  0x0000200006f15bf4 in ?? () from /usr/tce/packages/cuda/cuda-11.7.0/lib64/libcuda.so.1
#3  0x0000200006e49c24 in ?? () from /usr/tce/packages/cuda/cuda-11.7.0/lib64/libcuda.so.1
#4  0x00002000000f8cd4 in start_thread (arg=0x200032c0eaf0) at pthread_create.c:309
#5  0x00002000086e7f14 in clone () at ../sysdeps/unix/sysv/linux/powerpc/powerpc64/clone.S:104

Thread 35 (Thread 0x20003319eaf0 (LWP 18556)):
#0  0x00002000086d6df8 in poll () at ../sysdeps/unix/syscall-template.S:81
#1  0x0000200006e50ff0 in ?? () from /usr/tce/packages/cuda/cuda-11.7.0/lib64/libcuda.so.1
#2  0x0000200006f15bf4 in ?? () from /usr/tce/packages/cuda/cuda-11.7.0/lib64/libcuda.so.1
#3  0x0000200006e49c24 in ?? () from /usr/tce/packages/cuda/cuda-11.7.0/lib64/libcuda.so.1
#4  0x00002000000f8cd4 in start_thread (arg=0x20003319eaf0) at pthread_create.c:309
#5  0x00002000086e7f14 in clone () at ../sysdeps/unix/sysv/linux/powerpc/powerpc64/clone.S:104

Thread 34 (Thread 0x20003372eaf0 (LWP 18557)):
#0  0x00002000086d6df8 in poll () at ../sysdeps/unix/syscall-template.S:81
#1  0x0000200006e50ff0 in ?? () from /usr/tce/packages/cuda/cuda-11.7.0/lib64/libcuda.so.1
#2  0x0000200006f15bf4 in ?? () from /usr/tce/packages/cuda/cuda-11.7.0/lib64/libcuda.so.1
#3  0x0000200006e49c24 in ?? () from /usr/tce/packages/cuda/cuda-11.7.0/lib64/libcuda.so.1
#4  0x00002000000f8cd4 in start_thread (arg=0x20003372eaf0) at pthread_create.c:309
#5  0x00002000086e7f14 in clone () at ../sysdeps/unix/sysv/linux/powerpc/powerpc64/clone.S:104

Thread 33 (Thread 0x200033acf8b0 (LWP 18711)):
#0  sched_yield () at ../sysdeps/unix/syscall-template.S:82
#1  0x00002000060ace6c in Realm::ThreadPool::worker_entry (this=<optimized out>) at /g/g92/wei8/release_exp/taco/legion/legion/runtime/realm/openmp/openmp_threadpool.cc:385
#2  0x000020000604e2e4 in Realm::KernelThread::pthread_entry (data=0x15876440) at /g/g92/wei8/release_exp/taco/legion/legion/runtime/realm/threads.cc:781
#3  0x00002000000f8cd4 in start_thread (arg=0x200033acf8b0) at pthread_create.c:309
#4  0x00002000086e7f14 in clone () at ../sysdeps/unix/sysv/linux/powerpc/powerpc64/clone.S:104

Thread 32 (Thread 0x200033cff8b0 (LWP 18712)):
#0  sched_yield () at ../sysdeps/unix/syscall-template.S:82
#1  0x00002000060ace6c in Realm::ThreadPool::worker_entry (this=<optimized out>) at /g/g92/wei8/release_exp/taco/legion/legion/runtime/realm/openmp/openmp_threadpool.cc:385
#2  0x000020000604e2e4 in Realm::KernelThread::pthread_entry (data=0x15872560) at /g/g92/wei8/release_exp/taco/legion/legion/runtime/realm/threads.cc:781
#3  0x00002000000f8cd4 in start_thread (arg=0x200033cff8b0) at pthread_create.c:309
#4  0x00002000086e7f14 in clone () at ../sysdeps/unix/sysv/linux/powerpc/powerpc64/clone.S:104

Thread 31 (Thread 0x200033f2f8b0 (LWP 18713)):
#0  sched_yield () at ../sysdeps/unix/syscall-template.S:82
#1  0x00002000060ace6c in Realm::ThreadPool::worker_entry (this=<optimized out>) at /g/g92/wei8/release_exp/taco/legion/legion/runtime/realm/openmp/openmp_threadpool.cc:385
#2  0x000020000604e2e4 in Realm::KernelThread::pthread_entry (data=0x1588a0a0) at /g/g92/wei8/release_exp/taco/legion/legion/runtime/realm/threads.cc:781
#3  0x00002000000f8cd4 in start_thread (arg=0x200033f2f8b0) at pthread_create.c:309
#4  0x00002000086e7f14 in clone () at ../sysdeps/unix/sysv/linux/powerpc/powerpc64/clone.S:104

Thread 30 (Thread 0x20005811f8b0 (LWP 18714)):
#0  syscall () at ../sysdeps/unix/sysv/linux/powerpc/syscall.S:29
#1  0x00002000060fdbb0 in Realm::Doorbell::wait_slow (this=0x200058120350) at /g/g92/wei8/release_exp/taco/legion/legion/runtime/realm/mutex.cc:316
#2  0x0000200005f3f8c4 in wait (this=<optimized out>) at /g/g92/wei8/release_exp/taco/legion/legion/runtime/realm/mutex.inl:81
#3  Realm::BackgroundWorkThread::main_loop (this=0x15949b90) at /g/g92/wei8/release_exp/taco/legion/legion/runtime/realm/bgwork.cc:166
#4  0x000020000604e2e4 in Realm::KernelThread::pthread_entry (data=0x1581d2d0) at /g/g92/wei8/release_exp/taco/legion/legion/runtime/realm/threads.cc:781
#5  0x00002000000f8cd4 in start_thread (arg=0x20005811f8b0) at pthread_create.c:309
#6  0x00002000086e7f14 in clone () at ../sysdeps/unix/sysv/linux/powerpc/powerpc64/clone.S:104

Thread 29 (Thread 0x20005824f8b0 (LWP 18715)):
#0  syscall () at ../sysdeps/unix/sysv/linux/powerpc/syscall.S:29
#1  0x00002000060fdbb0 in Realm::Doorbell::wait_slow (this=0x200058250350) at /g/g92/wei8/release_exp/taco/legion/legion/runtime/realm/mutex.cc:316
#2  0x0000200005f3f8c4 in wait (this=<optimized out>) at /g/g92/wei8/release_exp/taco/legion/legion/runtime/realm/mutex.inl:81
#3  Realm::BackgroundWorkThread::main_loop (this=0x15839880) at /g/g92/wei8/release_exp/taco/legion/legion/runtime/realm/bgwork.cc:166
#4  0x000020000604e2e4 in Realm::KernelThread::pthread_entry (data=0x15821130) at /g/g92/wei8/release_exp/taco/legion/legion/runtime/realm/threads.cc:781
#5  0x00002000000f8cd4 in start_thread (arg=0x20005824f8b0) at pthread_create.c:309
#6  0x00002000086e7f14 in clone () at ../sysdeps/unix/sysv/linux/powerpc/powerpc64/clone.S:104

Thread 28 (Thread 0x20005847f8b0 (LWP 18716)):
#0  sched_yield () at ../sysdeps/unix/syscall-template.S:82
#1  0x00002000060ace6c in Realm::ThreadPool::worker_entry (this=<optimized out>) at /g/g92/wei8/release_exp/taco/legion/legion/runtime/realm/openmp/openmp_threadpool.cc:385
#2  0x000020000604e2e4 in Realm::KernelThread::pthread_entry (data=0x15856d30) at /g/g92/wei8/release_exp/taco/legion/legion/runtime/realm/threads.cc:781
#3  0x00002000000f8cd4 in start_thread (arg=0x20005847f8b0) at pthread_create.c:309
#4  0x00002000086e7f14 in clone () at ../sysdeps/unix/sysv/linux/powerpc/powerpc64/clone.S:104

Thread 27 (Thread 0x2000586af8b0 (LWP 18717)):
#0  sched_yield () at ../sysdeps/unix/syscall-template.S:82
#1  0x00002000060ace6c in Realm::ThreadPool::worker_entry (this=<optimized out>) at /g/g92/wei8/release_exp/taco/legion/legion/runtime/realm/openmp/openmp_threadpool.cc:385
#2  0x000020000604e2e4 in Realm::KernelThread::pthread_entry (data=0x15852e50) at /g/g92/wei8/release_exp/taco/legion/legion/runtime/realm/threads.cc:781
#3  0x00002000000f8cd4 in start_thread (arg=0x2000586af8b0) at pthread_create.c:309
#4  0x00002000086e7f14 in clone () at ../sysdeps/unix/sysv/linux/powerpc/powerpc64/clone.S:104

Thread 26 (Thread 0x2000588df8b0 (LWP 18718)):
#0  sched_yield () at ../sysdeps/unix/syscall-template.S:82
#1  0x00002000060ace6c in Realm::ThreadPool::worker_entry (this=<optimized out>) at /g/g92/wei8/release_exp/taco/legion/legion/runtime/realm/openmp/openmp_threadpool.cc:385
#2  0x000020000604e2e4 in Realm::KernelThread::pthread_entry (data=0x158377f0) at /g/g92/wei8/release_exp/taco/legion/legion/runtime/realm/threads.cc:781
#3  0x00002000000f8cd4 in start_thread (arg=0x2000588df8b0) at pthread_create.c:309
#4  0x00002000086e7f14 in clone () at ../sysdeps/unix/sysv/linux/powerpc/powerpc64/clone.S:104

Thread 25 (Thread 0x200058b0f8b0 (LWP 18719)):
#0  sched_yield () at ../sysdeps/unix/syscall-template.S:82
#1  0x00002000060ace6c in Realm::ThreadPool::worker_entry (this=<optimized out>) at /g/g92/wei8/release_exp/taco/legion/legion/runtime/realm/openmp/openmp_threadpool.cc:385
#2  0x000020000604e2e4 in Realm::KernelThread::pthread_entry (data=0x15833910) at /g/g92/wei8/release_exp/taco/legion/legion/runtime/realm/threads.cc:781
#3  0x00002000000f8cd4 in start_thread (arg=0x200058b0f8b0) at pthread_create.c:309
#4  0x00002000086e7f14 in clone () at ../sysdeps/unix/sysv/linux/powerpc/powerpc64/clone.S:104

Thread 24 (Thread 0x200058c3f8b0 (LWP 18720)):
#0  __do_get_tspec () at arch/powerpc/kernel/vdso64/gettimeofday.S:217
#1  0x000020000005057c in __kernel_clock_gettime () at arch/powerpc/kernel/vdso64/gettimeofday.S:75
[Inferior 1 (process 18492) detached]
