[New LWP 151199]
[New LWP 140560]
[New LWP 140556]
[New LWP 140546]
[New LWP 139785]
[New LWP 139784]
[New LWP 139779]
[New LWP 139774]
[New LWP 132489]
[New LWP 132481]
[New LWP 132480]
[New LWP 132475]
[New LWP 132474]
[New LWP 132473]
[New LWP 132472]
[New LWP 132471]
[New LWP 132470]
[New LWP 132469]
[New LWP 132468]
[New LWP 132467]
[New LWP 132466]
[New LWP 132465]
[New LWP 132464]
[New LWP 132463]
[New LWP 132462]
[New LWP 132461]
[New LWP 132460]
[New LWP 132459]
[New LWP 132458]
[New LWP 132457]
[New LWP 132456]
[New LWP 132455]
[New LWP 132299]
[New LWP 132298]
[New LWP 132297]
[New LWP 132296]
[New LWP 132295]
[New LWP 132249]
[New LWP 132248]
[Thread debugging using libthread_db enabled]
Using host libthread_db library "/lib64/libthread_db.so.1".
syscall () at ../sysdeps/unix/sysv/linux/powerpc/syscall.S:29
29		PSEUDO_RET

Thread 40 (Thread 0x20000ad4eaf0 (LWP 132248)):
#0  0x00002000086d6df8 in poll () at ../sysdeps/unix/syscall-template.S:81
#1  0x000020000a62a068 in poll_dispatch (base=0x10252240, tv=0x20000ad4e070) at poll.c:171
#2  0x000020000a61c180 in event_base_loop (base=0x10252240, flags=<optimized out>) at event.c:1947
#3  0x000020000a7f0fec in progress_engine () from /usr/tce/packages/spectrum-mpi/ibm/spectrum-mpi-2020.08.19/lib/libopen-pal.so.3
#4  0x00002000000f8cd4 in start_thread (arg=0x20000ad4eaf0) at pthread_create.c:309
#5  0x00002000086e7f14 in clone () at ../sysdeps/unix/sysv/linux/powerpc/powerpc64/clone.S:104

Thread 39 (Thread 0x20000b5feaf0 (LWP 132249)):
#0  0x00002000086e8aa8 in epoll_wait () at ../sysdeps/unix/syscall-template.S:81
#1  0x000020000a62b18c in epoll_dispatch (base=0x102a69a0, tv=<optimized out>) at epoll.c:462
#2  0x000020000a61c180 in event_base_loop (base=0x102a69a0, flags=<optimized out>) at event.c:1947
#3  0x000020000ae61cac in progress_engine () from /usr/tce/packages/spectrum-mpi/ibm/spectrum-mpi-2020.08.19/lib/libpmix.so.2
#4  0x00002000000f8cd4 in start_thread (arg=0x20000b5feaf0) at pthread_create.c:309
#5  0x00002000086e7f14 in clone () at ../sysdeps/unix/sysv/linux/powerpc/powerpc64/clone.S:104

Thread 38 (Thread 0x20003226eaf0 (LWP 132295)):
#0  0x00002000086d6df8 in poll () at ../sysdeps/unix/syscall-template.S:81
#1  0x0000200006e50ff0 in ?? () from /usr/tce/packages/cuda/cuda-11.7.0/lib64/libcuda.so.1
#2  0x0000200006f15bf4 in ?? () from /usr/tce/packages/cuda/cuda-11.7.0/lib64/libcuda.so.1
#3  0x0000200006e49c24 in ?? () from /usr/tce/packages/cuda/cuda-11.7.0/lib64/libcuda.so.1
#4  0x00002000000f8cd4 in start_thread (arg=0x20003226eaf0) at pthread_create.c:309
#5  0x00002000086e7f14 in clone () at ../sysdeps/unix/sysv/linux/powerpc/powerpc64/clone.S:104

Thread 37 (Thread 0x20003267eaf0 (LWP 132296)):
#0  0x00002000086d6df8 in poll () at ../sysdeps/unix/syscall-template.S:81
#1  0x0000200006e50ff0 in ?? () from /usr/tce/packages/cuda/cuda-11.7.0/lib64/libcuda.so.1
#2  0x0000200006f15bf4 in ?? () from /usr/tce/packages/cuda/cuda-11.7.0/lib64/libcuda.so.1
#3  0x0000200006e49c24 in ?? () from /usr/tce/packages/cuda/cuda-11.7.0/lib64/libcuda.so.1
#4  0x00002000000f8cd4 in start_thread (arg=0x20003267eaf0) at pthread_create.c:309
#5  0x00002000086e7f14 in clone () at ../sysdeps/unix/sysv/linux/powerpc/powerpc64/clone.S:104

Thread 36 (Thread 0x200032c0eaf0 (LWP 132297)):
#0  0x00002000086d6df8 in poll () at ../sysdeps/unix/syscall-template.S:81
#1  0x0000200006e50ff0 in ?? () from /usr/tce/packages/cuda/cuda-11.7.0/lib64/libcuda.so.1
#2  0x0000200006f15bf4 in ?? () from /usr/tce/packages/cuda/cuda-11.7.0/lib64/libcuda.so.1
#3  0x0000200006e49c24 in ?? () from /usr/tce/packages/cuda/cuda-11.7.0/lib64/libcuda.so.1
#4  0x00002000000f8cd4 in start_thread (arg=0x200032c0eaf0) at pthread_create.c:309
#5  0x00002000086e7f14 in clone () at ../sysdeps/unix/sysv/linux/powerpc/powerpc64/clone.S:104

Thread 35 (Thread 0x20003319eaf0 (LWP 132298)):
#0  0x00002000086d6df8 in poll () at ../sysdeps/unix/syscall-template.S:81
#1  0x0000200006e50ff0 in ?? () from /usr/tce/packages/cuda/cuda-11.7.0/lib64/libcuda.so.1
#2  0x0000200006f15bf4 in ?? () from /usr/tce/packages/cuda/cuda-11.7.0/lib64/libcuda.so.1
#3  0x0000200006e49c24 in ?? () from /usr/tce/packages/cuda/cuda-11.7.0/lib64/libcuda.so.1
#4  0x00002000000f8cd4 in start_thread (arg=0x20003319eaf0) at pthread_create.c:309
#5  0x00002000086e7f14 in clone () at ../sysdeps/unix/sysv/linux/powerpc/powerpc64/clone.S:104

Thread 34 (Thread 0x20003372eaf0 (LWP 132299)):
#0  0x00002000086d6df8 in poll () at ../sysdeps/unix/syscall-template.S:81
#1  0x0000200006e50ff0 in ?? () from /usr/tce/packages/cuda/cuda-11.7.0/lib64/libcuda.so.1
#2  0x0000200006f15bf4 in ?? () from /usr/tce/packages/cuda/cuda-11.7.0/lib64/libcuda.so.1
#3  0x0000200006e49c24 in ?? () from /usr/tce/packages/cuda/cuda-11.7.0/lib64/libcuda.so.1
#4  0x00002000000f8cd4 in start_thread (arg=0x20003372eaf0) at pthread_create.c:309
#5  0x00002000086e7f14 in clone () at ../sysdeps/unix/sysv/linux/powerpc/powerpc64/clone.S:104

Thread 33 (Thread 0x200033acf8b0 (LWP 132455)):
#0  sched_yield () at ../sysdeps/unix/syscall-template.S:82
#1  0x00002000060ace6c in Realm::ThreadPool::worker_entry (this=<optimized out>) at /g/g92/wei8/release_exp/taco/legion/legion/runtime/realm/openmp/openmp_threadpool.cc:385
#2  0x000020000604e2e4 in Realm::KernelThread::pthread_entry (data=0x15857000) at /g/g92/wei8/release_exp/taco/legion/legion/runtime/realm/threads.cc:781
#3  0x00002000000f8cd4 in start_thread (arg=0x200033acf8b0) at pthread_create.c:309
#4  0x00002000086e7f14 in clone () at ../sysdeps/unix/sysv/linux/powerpc/powerpc64/clone.S:104

Thread 32 (Thread 0x200033cff8b0 (LWP 132456)):
#0  sched_yield () at ../sysdeps/unix/syscall-template.S:82
#1  0x00002000060ace6c in Realm::ThreadPool::worker_entry (this=<optimized out>) at /g/g92/wei8/release_exp/taco/legion/legion/runtime/realm/openmp/openmp_threadpool.cc:385
#2  0x000020000604e2e4 in Realm::KernelThread::pthread_entry (data=0x15853120) at /g/g92/wei8/release_exp/taco/legion/legion/runtime/realm/threads.cc:781
#3  0x00002000000f8cd4 in start_thread (arg=0x200033cff8b0) at pthread_create.c:309
#4  0x00002000086e7f14 in clone () at ../sysdeps/unix/sysv/linux/powerpc/powerpc64/clone.S:104

Thread 31 (Thread 0x200033f2f8b0 (LWP 132457)):
#0  sched_yield () at ../sysdeps/unix/syscall-template.S:82
#1  0x00002000060ace6c in Realm::ThreadPool::worker_entry (this=<optimized out>) at /g/g92/wei8/release_exp/taco/legion/legion/runtime/realm/openmp/openmp_threadpool.cc:385
#2  0x000020000604e2e4 in Realm::KernelThread::pthread_entry (data=0x1586ac60) at /g/g92/wei8/release_exp/taco/legion/legion/runtime/realm/threads.cc:781
#3  0x00002000000f8cd4 in start_thread (arg=0x200033f2f8b0) at pthread_create.c:309
#4  0x00002000086e7f14 in clone () at ../sysdeps/unix/sysv/linux/powerpc/powerpc64/clone.S:104

Thread 30 (Thread 0x20005811f8b0 (LWP 132458)):
#0  syscall () at ../sysdeps/unix/sysv/linux/powerpc/syscall.S:29
#1  0x00002000060fdbb0 in Realm::Doorbell::wait_slow (this=0x200058120350) at /g/g92/wei8/release_exp/taco/legion/legion/runtime/realm/mutex.cc:316
#2  0x0000200005f3f8c4 in wait (this=<optimized out>) at /g/g92/wei8/release_exp/taco/legion/legion/runtime/realm/mutex.inl:81
#3  Realm::BackgroundWorkThread::main_loop (this=0x1592a750) at /g/g92/wei8/release_exp/taco/legion/legion/runtime/realm/bgwork.cc:166
#4  0x000020000604e2e4 in Realm::KernelThread::pthread_entry (data=0x157fde90) at /g/g92/wei8/release_exp/taco/legion/legion/runtime/realm/threads.cc:781
#5  0x00002000000f8cd4 in start_thread (arg=0x20005811f8b0) at pthread_create.c:309
#6  0x00002000086e7f14 in clone () at ../sysdeps/unix/sysv/linux/powerpc/powerpc64/clone.S:104

Thread 29 (Thread 0x20005824f8b0 (LWP 132459)):
#0  syscall () at ../sysdeps/unix/sysv/linux/powerpc/syscall.S:29
#1  0x00002000060fdbb0 in Realm::Doorbell::wait_slow (this=0x200058250350) at /g/g92/wei8/release_exp/taco/legion/legion/runtime/realm/mutex.cc:316
#2  0x0000200005f3f8c4 in wait (this=<optimized out>) at /g/g92/wei8/release_exp/taco/legion/legion/runtime/realm/mutex.inl:81
#3  Realm::BackgroundWorkThread::main_loop (this=0x1581a440) at /g/g92/wei8/release_exp/taco/legion/legion/runtime/realm/bgwork.cc:166
#4  0x000020000604e2e4 in Realm::KernelThread::pthread_entry (data=0x15801cf0) at /g/g92/wei8/release_exp/taco/legion/legion/runtime/realm/threads.cc:781
#5  0x00002000000f8cd4 in start_thread (arg=0x20005824f8b0) at pthread_create.c:309
#6  0x00002000086e7f14 in clone () at ../sysdeps/unix/sysv/linux/powerpc/powerpc64/clone.S:104

Thread 28 (Thread 0x20005847f8b0 (LWP 132460)):
#0  sched_yield () at ../sysdeps/unix/syscall-template.S:82
#1  0x00002000060ace6c in Realm::ThreadPool::worker_entry (this=<optimized out>) at /g/g92/wei8/release_exp/taco/legion/legion/runtime/realm/openmp/openmp_threadpool.cc:385
#2  0x000020000604e2e4 in Realm::KernelThread::pthread_entry (data=0x158378f0) at /g/g92/wei8/release_exp/taco/legion/legion/runtime/realm/threads.cc:781
#3  0x00002000000f8cd4 in start_thread (arg=0x20005847f8b0) at pthread_create.c:309
#4  0x00002000086e7f14 in clone () at ../sysdeps/unix/sysv/linux/powerpc/powerpc64/clone.S:104

Thread 27 (Thread 0x2000586af8b0 (LWP 132461)):
#0  sched_yield () at ../sysdeps/unix/syscall-template.S:82
#1  0x00002000060ace6c in Realm::ThreadPool::worker_entry (this=<optimized out>) at /g/g92/wei8/release_exp/taco/legion/legion/runtime/realm/openmp/openmp_threadpool.cc:385
#2  0x000020000604e2e4 in Realm::KernelThread::pthread_entry (data=0x15833a10) at /g/g92/wei8/release_exp/taco/legion/legion/runtime/realm/threads.cc:781
#3  0x00002000000f8cd4 in start_thread (arg=0x2000586af8b0) at pthread_create.c:309
#4  0x00002000086e7f14 in clone () at ../sysdeps/unix/sysv/linux/powerpc/powerpc64/clone.S:104

Thread 26 (Thread 0x2000588df8b0 (LWP 132462)):
#0  sched_yield () at ../sysdeps/unix/syscall-template.S:82
#1  0x00002000060ace6c in Realm::ThreadPool::worker_entry (this=<optimized out>) at /g/g92/wei8/release_exp/taco/legion/legion/runtime/realm/openmp/openmp_threadpool.cc:385
#2  0x000020000604e2e4 in Realm::KernelThread::pthread_entry (data=0x158183b0) at /g/g92/wei8/release_exp/taco/legion/legion/runtime/realm/threads.cc:781
#3  0x00002000000f8cd4 in start_thread (arg=0x2000588df8b0) at pthread_create.c:309
#4  0x00002000086e7f14 in clone () at ../sysdeps/unix/sysv/linux/powerpc/powerpc64/clone.S:104

Thread 25 (Thread 0x200058b0f8b0 (LWP 132463)):
#0  sched_yield () at ../sysdeps/unix/syscall-template.S:82
#1  0x00002000060ace6c in Realm::ThreadPool::worker_entry (this=<optimized out>) at /g/g92/wei8/release_exp/taco/legion/legion/runtime/realm/openmp/openmp_threadpool.cc:385
#2  0x000020000604e2e4 in Realm::KernelThread::pthread_entry (data=0x158144d0) at /g/g92/wei8/release_exp/taco/legion/legion/runtime/realm/threads.cc:781
#3  0x00002000000f8cd4 in start_thread (arg=0x200058b0f8b0) at pthread_create.c:309
#4  0x00002000086e7f14 in clone () at ../sysdeps/unix/sysv/linux/powerpc/powerpc64/clone.S:104

Thread 24 (Thread 0x200058c3f8b0 (LWP 132464)):
#0  syscall () at ../sysdeps/unix/sysv/linux/powerpc/syscall.S:29
#1  0x00002000060fdbb0 in Realm::Doorbell::wait_slow (this=0x200058c40350) at /g/g92/wei8/release_exp/taco/legion/legion/runtime/realm/mutex.cc:316
#2  0x0000200005f3f8c4 in wait (this=<optimized out>) at /g/g92/wei8/release_exp/taco/legion/legion/runtime/realm/mutex.inl:81
#3  Realm::BackgroundWorkThread::main_loop (this=0x15801ef0) at /g/g92/wei8/release_exp/taco/legion/legion/runtime/realm/bgwork.cc:166
#4  0x000020000604e2e4 in Realm::KernelThread::pthread_entry (data=0x15920bf0) at /g/g92/wei8/release_exp/taco/legion/legion/runtime/realm/threads.cc:781
#5  0x00002000000f8cd4 in start_thread (arg=0x200058c3f8b0) at pthread_create.c:309
#6  0x00002000086e7f14 in clone () at ../sysdeps/unix/sysv/linux/powerpc/powerpc64/clone.S:104

Thread 23 (Thread 0x200058d6f8b0 (LWP 132465)):
#0  0x0000200008707724 in __GI___clock_gettime (clock_id=0, tp=0x200058d6e5e0) at ../sysdeps/unix/clock_gettime.c:115
#1  0x00002000061028c0 in Realm::Clock::native_time_slower () at /g/g92/wei8/release_exp/taco/legion/legion/runtime/realm/timers.cc:61
#2  0x0000200005f3eb1c in native_time () at /g/g92/wei8/release_exp/taco/legion/legion/runtime/realm/timers.inl:84
#3  current_time_in_nanoseconds (absolute=true) at /g/g92/wei8/release_exp/taco/legion/legion/runtime/realm/timers.inl:66
#4  Realm::BackgroundWorkManager::Worker::do_work (this=0x200058d6eb58, max_time_in_ns=-1, interrupt_flag=0x0) at /g/g92/wei8/release_exp/taco/legion/legion/runtime/realm/bgwork.cc:627
#5  0x0000200005f3f3f0 in Realm::BackgroundWorkThread::main_loop (this=0x159174e0) at /g/g92/wei8/release_exp/taco/legion/legion/runtime/realm/bgwork.cc:125
#6  0x000020000604e2e4 in Realm::KernelThread::pthread_entry (data=0x157fe0b0) at /g/g92/wei8/release_exp/taco/legion/legion/runtime/realm/threads.cc:781
#7  0x00002000000f8cd4 in start_thread (arg=0x200058d6f8b0) at pthread_create.c:309
#8  0x00002000086e7f14 in clone () at ../sysdeps/unix/sysv/linux/powerpc/powerpc64/clone.S:104

Thread 22 (Thread 0x200058e9f8b0 (LWP 132466)):
#0  syscall () at ../sysdeps/unix/sysv/linux/powerpc/syscall.S:29
#1  0x00002000060fdbb0 in Realm::Doorbell::wait_slow (this=0x200058ea0350) at /g/g92/wei8/release_exp/taco/legion/legion/runtime/realm/mutex.cc:316
#2  0x0000200005f3f8c4 in wait (this=<optimized out>) at /g/g92/wei8/release_exp/taco/legion/legion/runtime/realm/mutex.inl:81
#3  Realm::BackgroundWorkThread::main_loop (this=0x1591c120) at /g/g92/wei8/release_exp/taco/legion/legion/runtime/realm/bgwork.cc:166
#4  0x000020000604e2e4 in Realm::KernelThread::pthread_entry (data=0x157fdfa0) at /g/g92/wei8/release_exp/taco/legion/legion/runtime/realm/threads.cc:781
#5  0x00002000000f8cd4 in start_thread (arg=0x200058e9f8b0) at pthread_create.c:309
#6  0x00002000086e7f14 in clone () at ../sysdeps/unix/sysv/linux/powerpc/powerpc64/clone.S:104

Thread 21 (Thread 0x200058fcf8b0 (LWP 132467)):
#0  syscall () at ../sysdeps/unix/sysv/linux/powerpc/syscall.S:29
#1  0x00002000060fdbb0 in Realm::Doorbell::wait_slow (this=0x200058fd0350) at /g/g92/wei8/release_exp/taco/legion/legion/runtime/realm/mutex.cc:316
#2  0x0000200005f3f8c4 in wait (this=<optimized out>) at /g/g92/wei8/release_exp/taco/legion/legion/runtime/realm/mutex.inl:81
#3  Realm::BackgroundWorkThread::main_loop (this=0x15934d70) at /g/g92/wei8/release_exp/taco/legion/legion/runtime/realm/bgwork.cc:166
#4  0x000020000604e2e4 in Realm::KernelThread::pthread_entry (data=0x15930930) at /g/g92/wei8/release_exp/taco/legion/legion/runtime/realm/threads.cc:781
#5  0x00002000000f8cd4 in start_thread (arg=0x200058fcf8b0) at pthread_create.c:309
#6  0x00002000086e7f14 in clone () at ../sysdeps/unix/sysv/linux/powerpc/powerpc64/clone.S:104

Thread 20 (Thread 0x2000591ff8b0 (LWP 132468)):
#0  sched_yield () at ../sysdeps/unix/syscall-template.S:82
#1  0x00002000060ace6c in Realm::ThreadPool::worker_entry (this=<optimized out>) at /g/g92/wei8/release_exp/taco/legion/legion/runtime/realm/openmp/openmp_threadpool.cc:385
#2  0x000020000604e2e4 in Realm::KernelThread::pthread_entry (data=0x15872a30) at /g/g92/wei8/release_exp/taco/legion/legion/runtime/realm/threads.cc:781
#3  0x00002000000f8cd4 in start_thread (arg=0x2000591ff8b0) at pthread_create.c:309
#4  0x00002000086e7f14 in clone () at ../sysdeps/unix/sysv/linux/powerpc/powerpc64/clone.S:104

Thread 19 (Thread 0x20005942f8b0 (LWP 132469)):
#0  sched_yield () at ../sysdeps/unix/syscall-template.S:82
#1  0x00002000060ace6c in Realm::ThreadPool::worker_entry (this=<optimized out>) at /g/g92/wei8/release_exp/taco/legion/legion/runtime/realm/openmp/openmp_threadpool.cc:385
#2  0x000020000604e2e4 in Realm::KernelThread::pthread_entry (data=0x1586eb40) at /g/g92/wei8/release_exp/taco/legion/legion/runtime/realm/threads.cc:781
#3  0x00002000000f8cd4 in start_thread (arg=0x20005942f8b0) at pthread_create.c:309
#4  0x00002000086e7f14 in clone () at ../sysdeps/unix/sysv/linux/powerpc/powerpc64/clone.S:104

Thread 18 (Thread 0x20005955f8b0 (LWP 132470)):
#0  syscall () at ../sysdeps/unix/sysv/linux/powerpc/syscall.S:29
#1  0x00002000060fdbb0 in Realm::Doorbell::wait_slow (this=0x200059560350) at /g/g92/wei8/release_exp/taco/legion/legion/runtime/realm/mutex.cc:316
#2  0x0000200005f3f8c4 in wait (this=<optimized out>) at /g/g92/wei8/release_exp/taco/legion/legion/runtime/realm/mutex.inl:81
#3  Realm::BackgroundWorkThread::main_loop (this=0x15a0aa80) at /g/g92/wei8/release_exp/taco/legion/legion/runtime/realm/bgwork.cc:166
#4  0x000020000604e2e4 in Realm::KernelThread::pthread_entry (data=0x15934a10) at /g/g92/wei8/release_exp/taco/legion/legion/runtime/realm/threads.cc:781
#5  0x00002000000f8cd4 in start_thread (arg=0x20005955f8b0) at pthread_create.c:309
#6  0x00002000086e7f14 in clone () at ../sysdeps/unix/sysv/linux/powerpc/powerpc64/clone.S:104

Thread 17 (Thread 0x20005968f8b0 (LWP 132471)):
#0  syscall () at ../sysdeps/unix/sysv/linux/powerpc/syscall.S:29
#1  0x00002000060fdbb0 in Realm::Doorbell::wait_slow (this=0x200059690350) at /g/g92/wei8/release_exp/taco/legion/legion/runtime/realm/mutex.cc:316
#2  0x0000200005f3f8c4 in wait (this=<optimized out>) at /g/g92/wei8/release_exp/taco/legion/legion/runtime/realm/mutex.inl:81
#3  Realm::BackgroundWorkThread::main_loop (this=0x15a0e8e0) at /g/g92/wei8/release_exp/taco/legion/legion/runtime/realm/bgwork.cc:166
#4  0x000020000604e2e4 in Realm::KernelThread::pthread_entry (data=0x15a12710) at /g/g92/wei8/release_exp/taco/legion/legion/runtime/realm/threads.cc:781
#5  0x00002000000f8cd4 in start_thread (arg=0x20005968f8b0) at pthread_create.c:309
#6  0x00002000086e7f14 in clone () at ../sysdeps/unix/sysv/linux/powerpc/powerpc64/clone.S:104

Thread 16 (Thread 0x2000597bf8b0 (LWP 132472)):
#0  syscall () at ../sysdeps/unix/sysv/linux/powerpc/syscall.S:29
#1  0x00002000060fdbb0 in Realm::Doorbell::wait_slow (this=0x2000597c0350) at /g/g92/wei8/release_exp/taco/legion/legion/runtime/realm/mutex.cc:316
#2  0x0000200005f3f8c4 in wait (this=<optimized out>) at /g/g92/wei8/release_exp/taco/legion/legion/runtime/realm/mutex.inl:81
#3  Realm::BackgroundWorkThread::main_loop (this=0x15930cc0) at /g/g92/wei8/release_exp/taco/legion/legion/runtime/realm/bgwork.cc:166
#4  0x000020000604e2e4 in Realm::KernelThread::pthread_entry (data=0x1581fe90) at /g/g92/wei8/release_exp/taco/legion/legion/runtime/realm/threads.cc:781
#5  0x00002000000f8cd4 in start_thread (arg=0x2000597bf8b0) at pthread_create.c:309
#6  0x00002000086e7f14 in clone () at ../sysdeps/unix/sysv/linux/powerpc/powerpc64/clone.S:104

Thread 15 (Thread 0x2000598ef8b0 (LWP 132473)):
#0  syscall () at ../sysdeps/unix/sysv/linux/powerpc/syscall.S:29
#1  0x00002000060fdbb0 in Realm::Doorbell::wait_slow (this=0x2000598f0350) at /g/g92/wei8/release_exp/taco/legion/legion/runtime/realm/mutex.cc:316
#2  0x0000200005f3f8c4 in wait (this=<optimized out>) at /g/g92/wei8/release_exp/taco/legion/legion/runtime/realm/mutex.inl:81
#3  Realm::BackgroundWorkThread::main_loop (this=0x15a12530) at /g/g92/wei8/release_exp/taco/legion/legion/runtime/realm/bgwork.cc:166
#4  0x000020000604e2e4 in Realm::KernelThread::pthread_entry (data=0x15a12600) at /g/g92/wei8/release_exp/taco/legion/legion/runtime/realm/threads.cc:781
#5  0x00002000000f8cd4 in start_thread (arg=0x2000598ef8b0) at pthread_create.c:309
#6  0x00002000086e7f14 in clone () at ../sysdeps/unix/sysv/linux/powerpc/powerpc64/clone.S:104

Thread 14 (Thread 0x200059a1f8b0 (LWP 132474)):
#0  syscall () at ../sysdeps/unix/sysv/linux/powerpc/syscall.S:29
#1  0x00002000060fdbb0 in Realm::Doorbell::wait_slow (this=0x200059a20350) at /g/g92/wei8/release_exp/taco/legion/legion/runtime/realm/mutex.cc:316
#2  0x0000200005f3f8c4 in wait (this=<optimized out>) at /g/g92/wei8/release_exp/taco/legion/legion/runtime/realm/mutex.inl:81
#3  Realm::BackgroundWorkThread::main_loop (this=0x15a1a540) at /g/g92/wei8/release_exp/taco/legion/legion/runtime/realm/bgwork.cc:166
#4  0x000020000604e2e4 in Realm::KernelThread::pthread_entry (data=0x15a163e0) at /g/g92/wei8/release_exp/taco/legion/legion/runtime/realm/threads.cc:781
#5  0x00002000000f8cd4 in start_thread (arg=0x200059a1f8b0) at pthread_create.c:309
#6  0x00002000086e7f14 in clone () at ../sysdeps/unix/sysv/linux/powerpc/powerpc64/clone.S:104

Thread 13 (Thread 0x200059b4f8b0 (LWP 132475)):
#0  syscall () at ../sysdeps/unix/sysv/linux/powerpc/syscall.S:29
#1  0x00002000060fdbb0 in Realm::Doorbell::wait_slow (this=0x200059b50350) at /g/g92/wei8/release_exp/taco/legion/legion/runtime/realm/mutex.cc:316
#2  0x0000200005f3f8c4 in wait (this=<optimized out>) at /g/g92/wei8/release_exp/taco/legion/legion/runtime/realm/mutex.inl:81
#3  Realm::BackgroundWorkThread::main_loop (this=0x15917470) at /g/g92/wei8/release_exp/taco/legion/legion/runtime/realm/bgwork.cc:166
#4  0x000020000604e2e4 in Realm::KernelThread::pthread_entry (data=0x15a1a200) at /g/g92/wei8/release_exp/taco/legion/legion/runtime/realm/threads.cc:781
#5  0x00002000000f8cd4 in start_thread (arg=0x200059b4f8b0) at pthread_create.c:309
#6  0x00002000086e7f14 in clone () at ../sysdeps/unix/sysv/linux/powerpc/powerpc64/clone.S:104

Thread 12 (Thread 0x20005a63f8b0 (LWP 132480)):
#0  syscall () at ../sysdeps/unix/sysv/linux/powerpc/syscall.S:29
#1  0x00002000060fdbb0 in Realm::Doorbell::wait_slow (this=0x20005a640350) at /g/g92/wei8/release_exp/taco/legion/legion/runtime/realm/mutex.cc:316
#2  0x0000200006043644 in wait (this=<optimized out>) at /g/g92/wei8/release_exp/taco/legion/legion/runtime/realm/mutex.inl:81
#3  Realm::ThreadedTaskScheduler::WorkCounter::wait_for_work (this=0x15778bf0, old_counter=<optimized out>) at /g/g92/wei8/release_exp/taco/legion/legion/runtime/realm/tasks.cc:664
#4  0x0000200006043758 in Realm::ThreadedTaskScheduler::wait_for_work (this=0x15778a60, old_work_counter=<optimized out>) at /g/g92/wei8/release_exp/taco/legion/legion/runtime/realm/tasks.cc:1239
#5  0x000020000604ad58 in Realm::ThreadedTaskScheduler::scheduler_loop (this=0x15778a60) at /g/g92/wei8/release_exp/taco/legion/legion/runtime/realm/tasks.cc:1205
#6  0x000020000604b08c in Realm::ThreadedTaskScheduler::scheduler_loop_wlock (this=0x15778a60) at /g/g92/wei8/release_exp/taco/legion/legion/runtime/realm/tasks.cc:1217
#7  0x000020000604e2e4 in Realm::KernelThread::pthread_entry (data=0x168922d0) at /g/g92/wei8/release_exp/taco/legion/legion/runtime/realm/threads.cc:781
#8  0x00002000000f8cd4 in start_thread (arg=0x20005a63f8b0) at pthread_create.c:309
#9  0x00002000086e7f14 in clone () at ../sysdeps/unix/sysv/linux/powerpc/powerpc64/clone.S:104

Thread 11 (Thread 0x20005a86f8b0 (LWP 132481)):
#0  syscall () at ../sysdeps/unix/sysv/linux/powerpc/syscall.S:29
#1  0x00002000060fdbb0 in Realm::Doorbell::wait_slow (this=0x20005a870350) at /g/g92/wei8/release_exp/taco/legion/legion/runtime/realm/mutex.cc:316
#2  0x00002000060ff848 in wait (this=0x20005a870350) at /g/g92/wei8/release_exp/taco/legion/legion/runtime/realm/mutex.inl:81
#3  Realm::FIFOCondVar::wait (this=0x20005a86a520) at /g/g92/wei8/release_exp/taco/legion/legion/runtime/realm/mutex.cc:1096
#4  0x0000200006046f28 in Realm::KernelThreadTaskScheduler::worker_sleep (this=0x158b3440, switch_to=0x20350c0013d0) at /g/g92/wei8/release_exp/taco/legion/legion/runtime/realm/tasks.cc:1414
#5  0x000020000604861c in Realm::ThreadedTaskScheduler::thread_blocking (this=0x158b3440, thread=<optimized out>) at /g/g92/wei8/release_exp/taco/legion/legion/runtime/realm/tasks.cc:908
#6  0x0000200005f59ec8 in Realm::Thread::wait_for_condition<Realm::EventTriggeredCondition> (cond=..., poisoned=@0x20005a86ae38: false) at /g/g92/wei8/release_exp/taco/legion/legion/runtime/realm/threads.inl:218
#7  0x0000200005f48158 in Realm::Event::wait_faultaware (this=0x20005a86bf50, poisoned=@0x20005a86ae38: false) at /g/g92/wei8/release_exp/taco/legion/legion/runtime/realm/event_impl.cc:254
#8  0x0000200005f483cc in Realm::Event::wait (this=<optimized out>) at /g/g92/wei8/release_exp/taco/legion/legion/runtime/realm/event_impl.cc:206
#9  0x000000001005ef7c in Legion::Internal::LgEvent::wait() const ()
#10 0x00002000053852cc in Legion::Internal::ReplFutureMapImpl::wait_all_results (this=0x20350c024e10, silence_warnings=<optimized out>, warning_string=<optimized out>) at /g/g92/wei8/release_exp/taco/legion/legion/runtime/legion/runtime.cc:4429
#11 0x0000200005069778 in Legion::FutureMap::wait_all_results (this=<optimized out>, silence_warnings=<optimized out>, warning_string=<optimized out>) at /g/g92/wei8/release_exp/taco/legion/legion/runtime/legion/legion.cc:2609
#12 0x00000000100a0864 in placeLegionA(Legion::Internal::TaskContext*, Legion::Runtime*, Legion::LogicalRegion, Legion::LogicalPartition, int, legion_privilege_mode_t, int) ()
#13 0x0000000010032828 in std::_Function_handler<void (), top_level_task(Legion::Task const*, std::vector<Legion::PhysicalRegion, std::allocator<Legion::PhysicalRegion> > const&, Legion::Internal::TaskContext*, Legion::Runtime*)::{lambda()#1}>::_M_invoke(std::_Any_data const&) ()
#14 0x000000001008f238 in benchmark(Legion::Internal::TaskContext*, Legion::Runtime*, std::vector<unsigned long, std::allocator<unsigned long> >&, std::function<void ()>) ()
#15 0x0000000010033680 in top_level_task(Legion::Task const*, std::vector<Legion::PhysicalRegion, std::allocator<Legion::PhysicalRegion> > const&, Legion::Internal::TaskContext*, Legion::Runtime*) ()
#16 0x000000001005eff4 in void Legion::LegionTaskWrapper::legion_task_wrapper<&(top_level_task(Legion::Task const*, std::vector<Legion::PhysicalRegion, std::allocator<Legion::PhysicalRegion> > const&, Legion::Internal::TaskContext*, Legion::Runtime*))>(void const*, unsigned long, void const*, unsigned long, Realm::Processor) ()
#17 0x0000200005ff11d0 in Realm::LocalTaskProcessor::execute_task (this=0x1594c930, func_id=<optimized out>, task_args=...) at /g/g92/wei8/release_exp/taco/legion/legion/runtime/realm/proc_impl.cc:1135
#18 0x0000200006047178 in Realm::Task::execute_on_processor (this=0x203528008e70, p=...) at /g/g92/wei8/release_exp/taco/legion/legion/runtime/realm/tasks.cc:302
#19 0x0000200006047424 in Realm::KernelThreadTaskScheduler::execute_task (this=<optimized out>, task=<optimized out>) at /g/g92/wei8/release_exp/taco/legion/legion/runtime/realm/tasks.cc:1366
#20 0x000020000604a874 in Realm::ThreadedTaskScheduler::scheduler_loop (this=0x158b3440) at /g/g92/wei8/release_exp/taco/legion/legion/runtime/realm/tasks.cc:1105
#21 0x000020000604b08c in Realm::ThreadedTaskScheduler::scheduler_loop_wlock (this=0x158b3440) at /g/g92/wei8/release_exp/taco/legion/legion/runtime/realm/tasks.cc:1217
#22 0x000020000604e2e4 in Realm::KernelThread::pthread_entry (data=0x168928b0) at /g/g92/wei8/release_exp/taco/legion/legion/runtime/realm/threads.cc:781
#23 0x00002000000f8cd4 in start_thread (arg=0x20005a86f8b0) at pthread_create.c:309
#24 0x00002000086e7f14 in clone () at ../sysdeps/unix/sysv/linux/powerpc/powerpc64/clone.S:104

Thread 10 (Thread 0x20005b35f8b0 (LWP 132489)):
#0  syscall () at ../sysdeps/unix/sysv/linux/powerpc/syscall.S:29
#1  0x00002000060fdbb0 in Realm::Doorbell::wait_slow (this=0x20005b360350) at /g/g92/wei8/release_exp/taco/legion/legion/runtime/realm/mutex.cc:316
#2  0x0000200006043644 in wait (this=<optimized out>) at /g/g92/wei8/release_exp/taco/legion/legion/runtime/realm/mutex.inl:81
#3  Realm::ThreadedTaskScheduler::WorkCounter::wait_for_work (this=0x158b35d0, old_counter=<optimized out>) at /g/g92/wei8/release_exp/taco/legion/legion/runtime/realm/tasks.cc:664
#4  0x0000200006043758 in Realm::ThreadedTaskScheduler::wait_for_work (this=0x158b3440, old_work_counter=<optimized out>) at /g/g92/wei8/release_exp/taco/legion/legion/runtime/realm/tasks.cc:1239
#5  0x000020000604ad58 in Realm::ThreadedTaskScheduler::scheduler_loop (this=0x158b3440) at /g/g92/wei8/release_exp/taco/legion/legion/runtime/realm/tasks.cc:1205
#6  0x000020000604b08c in Realm::ThreadedTaskScheduler::scheduler_loop_wlock (this=0x158b3440) at /g/g92/wei8/release_exp/taco/legion/legion/runtime/realm/tasks.cc:1217
#7  0x000020000604e2e4 in Realm::KernelThread::pthread_entry (data=0x20350c0013d0) at /g/g92/wei8/release_exp/taco/legion/legion/runtime/realm/threads.cc:781
#8  0x00002000000f8cd4 in start_thread (arg=0x20005b35f8b0) at pthread_create.c:309
#9  0x00002000086e7f14 in clone () at ../sysdeps/unix/sysv/linux/powerpc/powerpc64/clone.S:104

Thread 9 (Thread 0x20257ff6f8b0 (LWP 139774)):
#0  syscall () at ../sysdeps/unix/sysv/linux/powerpc/syscall.S:29
#1  0x00002000060fdbb0 in Realm::Doorbell::wait_slow (this=0x20257ff70350) at /g/g92/wei8/release_exp/taco/legion/legion/runtime/realm/mutex.cc:316
#2  0x0000200006043644 in wait (this=<optimized out>) at /g/g92/wei8/release_exp/taco/legion/legion/runtime/realm/mutex.inl:81
#3  Realm::ThreadedTaskScheduler::WorkCounter::wait_for_work (this=0x157c4bb0, old_counter=<optimized out>) at /g/g92/wei8/release_exp/taco/legion/legion/runtime/realm/tasks.cc:664
#4  0x0000200006043758 in Realm::ThreadedTaskScheduler::wait_for_work (this=0x157c4a20, old_work_counter=<optimized out>) at /g/g92/wei8/release_exp/taco/legion/legion/runtime/realm/tasks.cc:1239
#5  0x000020000604ad58 in Realm::ThreadedTaskScheduler::scheduler_loop (this=0x157c4a20) at /g/g92/wei8/release_exp/taco/legion/legion/runtime/realm/tasks.cc:1205
#6  0x000020000604b08c in Realm::ThreadedTaskScheduler::scheduler_loop_wlock (this=0x157c4a20) at /g/g92/wei8/release_exp/taco/legion/legion/runtime/realm/tasks.cc:1217
#7  0x000020000604e2e4 in Realm::KernelThread::pthread_entry (data=0x2035e4010270) at /g/g92/wei8/release_exp/taco/legion/legion/runtime/realm/threads.cc:781
#8  0x00002000000f8cd4 in start_thread (arg=0x20257ff6f8b0) at pthread_create.c:309
#9  0x00002000086e7f14 in clone () at ../sysdeps/unix/sysv/linux/powerpc/powerpc64/clone.S:104

Thread 8 (Thread 0x20005f95f8b0 (LWP 139779)):
#0  syscall () at ../sysdeps/unix/sysv/linux/powerpc/syscall.S:29
#1  0x00002000060fdbb0 in Realm::Doorbell::wait_slow (this=0x20005f960350) at /g/g92/wei8/release_exp/taco/legion/legion/runtime/realm/mutex.cc:316
#2  0x0000200006043644 in wait (this=<optimized out>) at /g/g92/wei8/release_exp/taco/legion/legion/runtime/realm/mutex.inl:81
#3  Realm::ThreadedTaskScheduler::WorkCounter::wait_for_work (this=0x15a2da90, old_counter=<optimized out>) at /g/g92/wei8/release_exp/taco/legion/legion/runtime/realm/tasks.cc:664
#4  0x0000200006043758 in Realm::ThreadedTaskScheduler::wait_for_work (this=0x15a2d900, old_work_counter=<optimized out>) at /g/g92/wei8/release_exp/taco/legion/legion/runtime/realm/tasks.cc:1239
#5  0x000020000604ad58 in Realm::ThreadedTaskScheduler::scheduler_loop (this=0x15a2d900) at /g/g92/wei8/release_exp/taco/legion/legion/runtime/realm/tasks.cc:1205
#6  0x000020000604b08c in Realm::ThreadedTaskScheduler::scheduler_loop_wlock (this=0x15a2d900) at /g/g92/wei8/release_exp/taco/legion/legion/runtime/realm/tasks.cc:1217
#7  0x000020000604e2e4 in Realm::KernelThread::pthread_entry (data=0x20356caf4990) at /g/g92/wei8/release_exp/taco/legion/legion/runtime/realm/threads.cc:781
#8  0x00002000000f8cd4 in start_thread (arg=0x20005f95f8b0) at pthread_create.c:309
#9  0x00002000086e7f14 in clone () at ../sysdeps/unix/sysv/linux/powerpc/powerpc64/clone.S:104

Thread 7 (Thread 0x200059faf8b0 (LWP 139784)):
#0  syscall () at ../sysdeps/unix/sysv/linux/powerpc/syscall.S:29
#1  0x00002000060fdbb0 in Realm::Doorbell::wait_slow (this=0x200059fb0350) at /g/g92/wei8/release_exp/taco/legion/legion/runtime/realm/mutex.cc:316
#2  0x0000200006043644 in wait (this=<optimized out>) at /g/g92/wei8/release_exp/taco/legion/legion/runtime/realm/mutex.inl:81
#3  Realm::ThreadedTaskScheduler::WorkCounter::wait_for_work (this=0x1590a090, old_counter=<optimized out>) at /g/g92/wei8/release_exp/taco/legion/legion/runtime/realm/tasks.cc:664
#4  0x0000200006043758 in Realm::ThreadedTaskScheduler::wait_for_work (this=0x15909f00, old_work_counter=<optimized out>) at /g/g92/wei8/release_exp/taco/legion/legion/runtime/realm/tasks.cc:1239
#5  0x000020000604ad58 in Realm::ThreadedTaskScheduler::scheduler_loop (this=0x15909f00) at /g/g92/wei8/release_exp/taco/legion/legion/runtime/realm/tasks.cc:1205
#6  0x000020000604b08c in Realm::ThreadedTaskScheduler::scheduler_loop_wlock (this=0x15909f00) at /g/g92/wei8/release_exp/taco/legion/legion/runtime/realm/tasks.cc:1217
#7  0x000020000604e2e4 in Realm::KernelThread::pthread_entry (data=0x2035700eb570) at /g/g92/wei8/release_exp/taco/legion/legion/runtime/realm/threads.cc:781
#8  0x00002000000f8cd4 in start_thread (arg=0x200059faf8b0) at pthread_create.c:309
#9  0x00002000086e7f14 in clone () at ../sysdeps/unix/sysv/linux/powerpc/powerpc64/clone.S:104

Thread 6 (Thread 0x2035dc44f8b0 (LWP 139785)):
#0  syscall () at ../sysdeps/unix/sysv/linux/powerpc/syscall.S:29
#1  0x00002000060fdbb0 in Realm::Doorbell::wait_slow (this=0x2035dc450350) at /g/g92/wei8/release_exp/taco/legion/legion/runtime/realm/mutex.cc:316
#2  0x0000200006043644 in wait (this=<optimized out>) at /g/g92/wei8/release_exp/taco/legion/legion/runtime/realm/mutex.inl:81
#3  Realm::ThreadedTaskScheduler::WorkCounter::wait_for_work (this=0x158ea790, old_counter=<optimized out>) at /g/g92/wei8/release_exp/taco/legion/legion/runtime/realm/tasks.cc:664
#4  0x0000200006043758 in Realm::ThreadedTaskScheduler::wait_for_work (this=0x158ea600, old_work_counter=<optimized out>) at /g/g92/wei8/release_exp/taco/legion/legion/runtime/realm/tasks.cc:1239
#5  0x000020000604ad58 in Realm::ThreadedTaskScheduler::scheduler_loop (this=0x158ea600) at /g/g92/wei8/release_exp/taco/legion/legion/runtime/realm/tasks.cc:1205
#6  0x000020000604b08c in Realm::ThreadedTaskScheduler::scheduler_loop_wlock (this=0x158ea600) at /g/g92/wei8/release_exp/taco/legion/legion/runtime/realm/tasks.cc:1217
#7  0x000020000604e2e4 in Realm::KernelThread::pthread_entry (data=0x2035c41c5e30) at /g/g92/wei8/release_exp/taco/legion/legion/runtime/realm/threads.cc:781
#8  0x00002000000f8cd4 in start_thread (arg=0x2035dc44f8b0) at pthread_create.c:309
#9  0x00002000086e7f14 in clone () at ../sysdeps/unix/sysv/linux/powerpc/powerpc64/clone.S:104

Thread 5 (Thread 0x20005cb6f8b0 (LWP 140546)):
#0  syscall () at ../sysdeps/unix/sysv/linux/powerpc/syscall.S:29
#1  0x00002000060fdbb0 in Realm::Doorbell::wait_slow (this=0x20005cb70350) at /g/g92/wei8/release_exp/taco/legion/legion/runtime/realm/mutex.cc:316
#2  0x0000200006043644 in wait (this=<optimized out>) at /g/g92/wei8/release_exp/taco/legion/legion/runtime/realm/mutex.inl:81
#3  Realm::ThreadedTaskScheduler::WorkCounter::wait_for_work (this=0x15a1e150, old_counter=<optimized out>) at /g/g92/wei8/release_exp/taco/legion/legion/runtime/realm/tasks.cc:664
#4  0x0000200006043758 in Realm::ThreadedTaskScheduler::wait_for_work (this=0x15a1dfc0, old_work_counter=<optimized out>) at /g/g92/wei8/release_exp/taco/legion/legion/runtime/realm/tasks.cc:1239
#5  0x000020000604ad58 in Realm::ThreadedTaskScheduler::scheduler_loop (this=0x15a1dfc0) at /g/g92/wei8/release_exp/taco/legion/legion/runtime/realm/tasks.cc:1205
#6  0x000020000604b08c in Realm::ThreadedTaskScheduler::scheduler_loop_wlock (this=0x15a1dfc0) at /g/g92/wei8/release_exp/taco/legion/legion/runtime/realm/tasks.cc:1217
#7  0x000020000604e2e4 in Realm::KernelThread::pthread_entry (data=0x2035ac1ab640) at /g/g92/wei8/release_exp/taco/legion/legion/runtime/realm/threads.cc:781
#8  0x00002000000f8cd4 in start_thread (arg=0x20005cb6f8b0) at pthread_create.c:309
#9  0x00002000086e7f14 in clone () at ../sysdeps/unix/sysv/linux/powerpc/powerpc64/clone.S:104

Thread 4 (Thread 0x2035dd16f8b0 (LWP 140556)):
#0  syscall () at ../sysdeps/unix/sysv/linux/powerpc/syscall.S:29
#1  0x00002000060fdbb0 in Realm::Doorbell::wait_slow (this=0x2035dd170350) at /g/g92/wei8/release_exp/taco/legion/legion/runtime/realm/mutex.cc:316
#2  0x0000200006043644 in wait (this=<optimized out>) at /g/g92/wei8/release_exp/taco/legion/legion/runtime/realm/mutex.inl:81
#3  Realm::ThreadedTaskScheduler::WorkCounter::wait_for_work (this=0x15774f30, old_counter=<optimized out>) at /g/g92/wei8/release_exp/taco/legion/legion/runtime/realm/tasks.cc:664
#4  0x0000200006043758 in Realm::ThreadedTaskScheduler::wait_for_work (this=0x15774da0, old_work_counter=<optimized out>) at /g/g92/wei8/release_exp/taco/legion/legion/runtime/realm/tasks.cc:1239
#5  0x000020000604ad58 in Realm::ThreadedTaskScheduler::scheduler_loop (this=0x15774da0) at /g/g92/wei8/release_exp/taco/legion/legion/runtime/realm/tasks.cc:1205
#6  0x000020000604b08c in Realm::ThreadedTaskScheduler::scheduler_loop_wlock (this=0x15774da0) at /g/g92/wei8/release_exp/taco/legion/legion/runtime/realm/tasks.cc:1217
#7  0x000020000604e2e4 in Realm::KernelThread::pthread_entry (data=0x2035f42571d0) at /g/g92/wei8/release_exp/taco/legion/legion/runtime/realm/threads.cc:781
#8  0x00002000000f8cd4 in start_thread (arg=0x2035dd16f8b0) at pthread_create.c:309
#9  0x00002000086e7f14 in clone () at ../sysdeps/unix/sysv/linux/powerpc/powerpc64/clone.S:104

Thread 3 (Thread 0x20005c2af8b0 (LWP 140560)):
#0  syscall () at ../sysdeps/unix/sysv/linux/powerpc/syscall.S:29
#1  0x00002000060fdbb0 in Realm::Doorbell::wait_slow (this=0x20005c2b0350) at /g/g92/wei8/release_exp/taco/legion/legion/runtime/realm/mutex.cc:316
#2  0x0000200006043644 in wait (this=<optimized out>) at /g/g92/wei8/release_exp/taco/legion/legion/runtime/realm/mutex.inl:81
#3  Realm::ThreadedTaskScheduler::WorkCounter::wait_for_work (this=0x157d8bb0, old_counter=<optimized out>) at /g/g92/wei8/release_exp/taco/legion/legion/runtime/realm/tasks.cc:664
#4  0x0000200006043758 in Realm::ThreadedTaskScheduler::wait_for_work (this=0x157d8a20, old_work_counter=<optimized out>) at /g/g92/wei8/release_exp/taco/legion/legion/runtime/realm/tasks.cc:1239
#5  0x000020000604ad58 in Realm::ThreadedTaskScheduler::scheduler_loop (this=0x157d8a20) at /g/g92/wei8/release_exp/taco/legion/legion/runtime/realm/tasks.cc:1205
#6  0x000020000604b08c in Realm::ThreadedTaskScheduler::scheduler_loop_wlock (this=0x157d8a20) at /g/g92/wei8/release_exp/taco/legion/legion/runtime/realm/tasks.cc:1217
#7  0x000020000604e2e4 in Realm::KernelThread::pthread_entry (data=0x2035ac1db2f0) at /g/g92/wei8/release_exp/taco/legion/legion/runtime/realm/threads.cc:781
#8  0x00002000000f8cd4 in start_thread (arg=0x20005c2af8b0) at pthread_create.c:309
#9  0x00002000086e7f14 in clone () at ../sysdeps/unix/sysv/linux/powerpc/powerpc64/clone.S:104

Thread 2 (Thread 0x20005c4df8b0 (LWP 151199)):
#0  syscall () at ../sysdeps/unix/sysv/linux/powerpc/syscall.S:29
#1  0x00002000060fdbb0 in Realm::Doorbell::wait_slow (this=0x20005c4e0350) at /g/g92/wei8/release_exp/taco/legion/legion/runtime/realm/mutex.cc:316
#2  0x0000200006043644 in wait (this=<optimized out>) at /g/g92/wei8/release_exp/taco/legion/legion/runtime/realm/mutex.inl:81
#3  Realm::ThreadedTaskScheduler::WorkCounter::wait_for_work (this=0x1578dcf0, old_counter=<optimized out>) at /g/g92/wei8/release_exp/taco/legion/legion/runtime/realm/tasks.cc:664
#4  0x0000200006043758 in Realm::ThreadedTaskScheduler::wait_for_work (this=0x1578db60, old_work_counter=<optimized out>) at /g/g92/wei8/release_exp/taco/legion/legion/runtime/realm/tasks.cc:1239
#5  0x000020000604ad58 in Realm::ThreadedTaskScheduler::scheduler_loop (this=0x1578db60) at /g/g92/wei8/release_exp/taco/legion/legion/runtime/realm/tasks.cc:1205
#6  0x000020000604b08c in Realm::ThreadedTaskScheduler::scheduler_loop_wlock (this=0x1578db60) at /g/g92/wei8/release_exp/taco/legion/legion/runtime/realm/tasks.cc:1217
#7  0x000020000604e2e4 in Realm::KernelThread::pthread_entry (data=0x2035ac19ce60) at /g/g92/wei8/release_exp/taco/legion/legion/runtime/realm/threads.cc:781
#8  0x00002000000f8cd4 in start_thread (arg=0x20005c4df8b0) at pthread_create.c:309
#9  0x00002000086e7f14 in clone () at ../sysdeps/unix/sysv/linux/powerpc/powerpc64/clone.S:104

Thread 1 (Thread 0x20000a8a0000 (LWP 132233)):
#0  syscall () at ../sysdeps/unix/sysv/linux/powerpc/syscall.S:29
#1  0x00002000060fdbb0 in Realm::Doorbell::wait_slow (this=0x20000a8a0aa0) at /g/g92/wei8/release_exp/taco/legion/legion/runtime/realm/mutex.cc:316
#2  0x00002000060ff338 in wait (this=0x20000a8a0aa0) at /g/g92/wei8/release_exp/taco/legion/legion/runtime/realm/mutex.inl:81
#3  Realm::UnfairCondVar::wait (this=0x101e7b50) at /g/g92/wei8/release_exp/taco/legion/legion/runtime/realm/mutex.cc:1017
#4  0x0000200006015528 in Realm::RuntimeImpl::wait_for_shutdown (this=0x101e7a20) at /g/g92/wei8/release_exp/taco/legion/legion/runtime/realm/runtime_impl.cc:2277
#5  0x00002000060190ac in Realm::Runtime::wait_for_shutdown (this=0x7fffffffa318) at /g/g92/wei8/release_exp/taco/legion/legion/runtime/realm/runtime_impl.cc:640
#6  0x00002000053eeeb0 in Legion::Internal::Runtime::start (argc=<optimized out>, argv=<optimized out>, background=<optimized out>, supply_default_mapper=<optimized out>) at /g/g92/wei8/release_exp/taco/legion/legion/runtime/legion/runtime.cc:29464
#7  0x0000200005079408 in Legion::Runtime::start (argc=<optimized out>, argv=<optimized out>, background=<optimized out>, default_mapper=<optimized out>) at /g/g92/wei8/release_exp/taco/legion/legion/runtime/legion/legion.cc:7618
#8  0x000000001002faa0 in main ()
[Inferior 1 (process 132233) detached]
