[New LWP 174705]
[New LWP 174704]
[New LWP 174703]
[New LWP 174677]
[New LWP 157568]
[New LWP 157566]
[New LWP 157565]
[New LWP 157564]
[New LWP 150462]
[New LWP 150455]
[New LWP 150454]
[New LWP 150448]
[New LWP 150447]
[New LWP 150446]
[New LWP 150445]
[New LWP 150444]
[New LWP 150443]
[New LWP 150442]
[New LWP 150441]
[New LWP 150440]
[New LWP 150439]
[New LWP 150438]
[New LWP 150437]
[New LWP 150436]
[New LWP 150435]
[New LWP 150434]
[New LWP 150433]
[New LWP 150432]
[New LWP 150431]
[New LWP 150430]
[New LWP 150429]
[New LWP 150428]
[New LWP 150272]
[New LWP 150271]
[New LWP 150270]
[New LWP 150269]
[New LWP 150266]
[New LWP 150232]
[New LWP 150224]
[Thread debugging using libthread_db enabled]
Using host libthread_db library "/lib64/libthread_db.so.1".
syscall () at ../sysdeps/unix/sysv/linux/powerpc/syscall.S:29
29		PSEUDO_RET

Thread 40 (Thread 0x20000ad4eaf0 (LWP 150224)):
#0  0x00002000086d6df8 in poll () at ../sysdeps/unix/syscall-template.S:81
#1  0x000020000a62a068 in poll_dispatch (base=0x10252240, tv=0x20000ad4e070) at poll.c:171
#2  0x000020000a61c180 in event_base_loop (base=0x10252240, flags=<optimized out>) at event.c:1947
#3  0x000020000a7f0fec in progress_engine () from /usr/tce/packages/spectrum-mpi/ibm/spectrum-mpi-2020.08.19/lib/libopen-pal.so.3
#4  0x00002000000f8cd4 in start_thread (arg=0x20000ad4eaf0) at pthread_create.c:309
#5  0x00002000086e7f14 in clone () at ../sysdeps/unix/sysv/linux/powerpc/powerpc64/clone.S:104

Thread 39 (Thread 0x20000b5feaf0 (LWP 150232)):
#0  0x00002000086e8aa8 in epoll_wait () at ../sysdeps/unix/syscall-template.S:81
#1  0x000020000a62b18c in epoll_dispatch (base=0x102a69a0, tv=<optimized out>) at epoll.c:462
#2  0x000020000a61c180 in event_base_loop (base=0x102a69a0, flags=<optimized out>) at event.c:1947
#3  0x000020000ae61cac in progress_engine () from /usr/tce/packages/spectrum-mpi/ibm/spectrum-mpi-2020.08.19/lib/libpmix.so.2
#4  0x00002000000f8cd4 in start_thread (arg=0x20000b5feaf0) at pthread_create.c:309
#5  0x00002000086e7f14 in clone () at ../sysdeps/unix/sysv/linux/powerpc/powerpc64/clone.S:104

Thread 38 (Thread 0x20003226eaf0 (LWP 150266)):
#0  0x00002000086d6df8 in poll () at ../sysdeps/unix/syscall-template.S:81
#1  0x0000200006e50ff0 in ?? () from /usr/tce/packages/cuda/cuda-11.7.0/lib64/libcuda.so.1
#2  0x0000200006f15bf4 in ?? () from /usr/tce/packages/cuda/cuda-11.7.0/lib64/libcuda.so.1
#3  0x0000200006e49c24 in ?? () from /usr/tce/packages/cuda/cuda-11.7.0/lib64/libcuda.so.1
#4  0x00002000000f8cd4 in start_thread (arg=0x20003226eaf0) at pthread_create.c:309
#5  0x00002000086e7f14 in clone () at ../sysdeps/unix/sysv/linux/powerpc/powerpc64/clone.S:104

Thread 37 (Thread 0x20003267eaf0 (LWP 150269)):
#0  0x00002000086d6df8 in poll () at ../sysdeps/unix/syscall-template.S:81
#1  0x0000200006e50ff0 in ?? () from /usr/tce/packages/cuda/cuda-11.7.0/lib64/libcuda.so.1
#2  0x0000200006f15bf4 in ?? () from /usr/tce/packages/cuda/cuda-11.7.0/lib64/libcuda.so.1
#3  0x0000200006e49c24 in ?? () from /usr/tce/packages/cuda/cuda-11.7.0/lib64/libcuda.so.1
#4  0x00002000000f8cd4 in start_thread (arg=0x20003267eaf0) at pthread_create.c:309
#5  0x00002000086e7f14 in clone () at ../sysdeps/unix/sysv/linux/powerpc/powerpc64/clone.S:104

Thread 36 (Thread 0x200032c0eaf0 (LWP 150270)):
#0  0x00002000086d6df8 in poll () at ../sysdeps/unix/syscall-template.S:81
#1  0x0000200006e50ff0 in ?? () from /usr/tce/packages/cuda/cuda-11.7.0/lib64/libcuda.so.1
#2  0x0000200006f15bf4 in ?? () from /usr/tce/packages/cuda/cuda-11.7.0/lib64/libcuda.so.1
#3  0x0000200006e49c24 in ?? () from /usr/tce/packages/cuda/cuda-11.7.0/lib64/libcuda.so.1
#4  0x00002000000f8cd4 in start_thread (arg=0x200032c0eaf0) at pthread_create.c:309
#5  0x00002000086e7f14 in clone () at ../sysdeps/unix/sysv/linux/powerpc/powerpc64/clone.S:104

Thread 35 (Thread 0x20003319eaf0 (LWP 150271)):
#0  0x00002000086d6df8 in poll () at ../sysdeps/unix/syscall-template.S:81
#1  0x0000200006e50ff0 in ?? () from /usr/tce/packages/cuda/cuda-11.7.0/lib64/libcuda.so.1
#2  0x0000200006f15bf4 in ?? () from /usr/tce/packages/cuda/cuda-11.7.0/lib64/libcuda.so.1
#3  0x0000200006e49c24 in ?? () from /usr/tce/packages/cuda/cuda-11.7.0/lib64/libcuda.so.1
#4  0x00002000000f8cd4 in start_thread (arg=0x20003319eaf0) at pthread_create.c:309
#5  0x00002000086e7f14 in clone () at ../sysdeps/unix/sysv/linux/powerpc/powerpc64/clone.S:104

Thread 34 (Thread 0x20003372eaf0 (LWP 150272)):
#0  0x00002000086d6df8 in poll () at ../sysdeps/unix/syscall-template.S:81
#1  0x0000200006e50ff0 in ?? () from /usr/tce/packages/cuda/cuda-11.7.0/lib64/libcuda.so.1
#2  0x0000200006f15bf4 in ?? () from /usr/tce/packages/cuda/cuda-11.7.0/lib64/libcuda.so.1
#3  0x0000200006e49c24 in ?? () from /usr/tce/packages/cuda/cuda-11.7.0/lib64/libcuda.so.1
#4  0x00002000000f8cd4 in start_thread (arg=0x20003372eaf0) at pthread_create.c:309
#5  0x00002000086e7f14 in clone () at ../sysdeps/unix/sysv/linux/powerpc/powerpc64/clone.S:104

Thread 33 (Thread 0x200033acf8b0 (LWP 150428)):
#0  sched_yield () at ../sysdeps/unix/syscall-template.S:82
#1  0x00002000060ace6c in Realm::ThreadPool::worker_entry (this=<optimized out>) at /g/g92/wei8/release_exp/taco/legion/legion/runtime/realm/openmp/openmp_threadpool.cc:385
#2  0x000020000604e2e4 in Realm::KernelThread::pthread_entry (data=0x158570f0) at /g/g92/wei8/release_exp/taco/legion/legion/runtime/realm/threads.cc:781
#3  0x00002000000f8cd4 in start_thread (arg=0x200033acf8b0) at pthread_create.c:309
#4  0x00002000086e7f14 in clone () at ../sysdeps/unix/sysv/linux/powerpc/powerpc64/clone.S:104

Thread 32 (Thread 0x200033cff8b0 (LWP 150429)):
#0  sched_yield () at ../sysdeps/unix/syscall-template.S:82
#1  0x00002000060ace6c in Realm::ThreadPool::worker_entry (this=<optimized out>) at /g/g92/wei8/release_exp/taco/legion/legion/runtime/realm/openmp/openmp_threadpool.cc:385
#2  0x000020000604e2e4 in Realm::KernelThread::pthread_entry (data=0x15853210) at /g/g92/wei8/release_exp/taco/legion/legion/runtime/realm/threads.cc:781
#3  0x00002000000f8cd4 in start_thread (arg=0x200033cff8b0) at pthread_create.c:309
#4  0x00002000086e7f14 in clone () at ../sysdeps/unix/sysv/linux/powerpc/powerpc64/clone.S:104

Thread 31 (Thread 0x200033f2f8b0 (LWP 150430)):
#0  sched_yield () at ../sysdeps/unix/syscall-template.S:82
#1  0x00002000060ace6c in Realm::ThreadPool::worker_entry (this=<optimized out>) at /g/g92/wei8/release_exp/taco/legion/legion/runtime/realm/openmp/openmp_threadpool.cc:385
#2  0x000020000604e2e4 in Realm::KernelThread::pthread_entry (data=0x1586ad50) at /g/g92/wei8/release_exp/taco/legion/legion/runtime/realm/threads.cc:781
#3  0x00002000000f8cd4 in start_thread (arg=0x200033f2f8b0) at pthread_create.c:309
#4  0x00002000086e7f14 in clone () at ../sysdeps/unix/sysv/linux/powerpc/powerpc64/clone.S:104

Thread 30 (Thread 0x20005811f8b0 (LWP 150431)):
#0  syscall () at ../sysdeps/unix/sysv/linux/powerpc/syscall.S:29
#1  0x00002000060fdbb0 in Realm::Doorbell::wait_slow (this=0x200058120350) at /g/g92/wei8/release_exp/taco/legion/legion/runtime/realm/mutex.cc:316
#2  0x0000200005f3f8c4 in wait (this=<optimized out>) at /g/g92/wei8/release_exp/taco/legion/legion/runtime/realm/mutex.inl:81
#3  Realm::BackgroundWorkThread::main_loop (this=0x1592a840) at /g/g92/wei8/release_exp/taco/legion/legion/runtime/realm/bgwork.cc:166
#4  0x000020000604e2e4 in Realm::KernelThread::pthread_entry (data=0x157fdf80) at /g/g92/wei8/release_exp/taco/legion/legion/runtime/realm/threads.cc:781
#5  0x00002000000f8cd4 in start_thread (arg=0x20005811f8b0) at pthread_create.c:309
#6  0x00002000086e7f14 in clone () at ../sysdeps/unix/sysv/linux/powerpc/powerpc64/clone.S:104

Thread 29 (Thread 0x20005824f8b0 (LWP 150432)):
#0  syscall () at ../sysdeps/unix/sysv/linux/powerpc/syscall.S:29
#1  0x00002000060fdbb0 in Realm::Doorbell::wait_slow (this=0x200058250350) at /g/g92/wei8/release_exp/taco/legion/legion/runtime/realm/mutex.cc:316
#2  0x0000200005f3f8c4 in wait (this=<optimized out>) at /g/g92/wei8/release_exp/taco/legion/legion/runtime/realm/mutex.inl:81
#3  Realm::BackgroundWorkThread::main_loop (this=0x158418d0) at /g/g92/wei8/release_exp/taco/legion/legion/runtime/realm/bgwork.cc:166
#4  0x000020000604e2e4 in Realm::KernelThread::pthread_entry (data=0x15801de0) at /g/g92/wei8/release_exp/taco/legion/legion/runtime/realm/threads.cc:781
#5  0x00002000000f8cd4 in start_thread (arg=0x20005824f8b0) at pthread_create.c:309
#6  0x00002000086e7f14 in clone () at ../sysdeps/unix/sysv/linux/powerpc/powerpc64/clone.S:104

Thread 28 (Thread 0x20005847f8b0 (LWP 150433)):
#0  sched_yield () at ../sysdeps/unix/syscall-template.S:82
#1  0x00002000060ace6c in Realm::ThreadPool::worker_entry (this=<optimized out>) at /g/g92/wei8/release_exp/taco/legion/legion/runtime/realm/openmp/openmp_threadpool.cc:385
#2  0x000020000604e2e4 in Realm::KernelThread::pthread_entry (data=0x158379e0) at /g/g92/wei8/release_exp/taco/legion/legion/runtime/realm/threads.cc:781
#3  0x00002000000f8cd4 in start_thread (arg=0x20005847f8b0) at pthread_create.c:309
#4  0x00002000086e7f14 in clone () at ../sysdeps/unix/sysv/linux/powerpc/powerpc64/clone.S:104

Thread 27 (Thread 0x2000586af8b0 (LWP 150434)):
#0  sched_yield () at ../sysdeps/unix/syscall-template.S:82
#1  0x00002000060ace6c in Realm::ThreadPool::worker_entry (this=<optimized out>) at /g/g92/wei8/release_exp/taco/legion/legion/runtime/realm/openmp/openmp_threadpool.cc:385
#2  0x000020000604e2e4 in Realm::KernelThread::pthread_entry (data=0x15833b00) at /g/g92/wei8/release_exp/taco/legion/legion/runtime/realm/threads.cc:781
#3  0x00002000000f8cd4 in start_thread (arg=0x2000586af8b0) at pthread_create.c:309
#4  0x00002000086e7f14 in clone () at ../sysdeps/unix/sysv/linux/powerpc/powerpc64/clone.S:104

Thread 26 (Thread 0x2000588df8b0 (LWP 150435)):
#0  sched_yield () at ../sysdeps/unix/syscall-template.S:82
#1  0x00002000060ace6c in Realm::ThreadPool::worker_entry (this=<optimized out>) at /g/g92/wei8/release_exp/taco/legion/legion/runtime/realm/openmp/openmp_threadpool.cc:385
#2  0x000020000604e2e4 in Realm::KernelThread::pthread_entry (data=0x158184a0) at /g/g92/wei8/release_exp/taco/legion/legion/runtime/realm/threads.cc:781
#3  0x00002000000f8cd4 in start_thread (arg=0x2000588df8b0) at pthread_create.c:309
#4  0x00002000086e7f14 in clone () at ../sysdeps/unix/sysv/linux/powerpc/powerpc64/clone.S:104

Thread 25 (Thread 0x200058b0f8b0 (LWP 150436)):
#0  sched_yield () at ../sysdeps/unix/syscall-template.S:82
#1  0x00002000060ace6c in Realm::ThreadPool::worker_entry (this=<optimized out>) at /g/g92/wei8/release_exp/taco/legion/legion/runtime/realm/openmp/openmp_threadpool.cc:385
#2  0x000020000604e2e4 in Realm::KernelThread::pthread_entry (data=0x158145c0) at /g/g92/wei8/release_exp/taco/legion/legion/runtime/realm/threads.cc:781
#3  0x00002000000f8cd4 in start_thread (arg=0x200058b0f8b0) at pthread_create.c:309
#4  0x00002000086e7f14 in clone () at ../sysdeps/unix/sysv/linux/powerpc/powerpc64/clone.S:104

Thread 24 (Thread 0x200058c3f8b0 (LWP 150437)):
#0  syscall () at ../sysdeps/unix/sysv/linux/powerpc/syscall.S:29
#1  0x00002000060fdbb0 in Realm::Doorbell::wait_slow (this=0x200058c40350) at /g/g92/wei8/release_exp/taco/legion/legion/runtime/realm/mutex.cc:316
#2  0x0000200005f3f8c4 in wait (this=<optimized out>) at /g/g92/wei8/release_exp/taco/legion/legion/runtime/realm/mutex.inl:81
#3  Realm::BackgroundWorkThread::main_loop (this=0x15801fe0) at /g/g92/wei8/release_exp/taco/legion/legion/runtime/realm/bgwork.cc:166
#4  0x000020000604e2e4 in Realm::KernelThread::pthread_entry (data=0x15920ce0) at /g/g92/wei8/release_exp/taco/legion/legion/runtime/realm/threads.cc:781
#5  0x00002000000f8cd4 in start_thread (arg=0x200058c3f8b0) at pthread_create.c:309
#6  0x00002000086e7f14 in clone () at ../sysdeps/unix/sysv/linux/powerpc/powerpc64/clone.S:104

Thread 23 (Thread 0x200058d6f8b0 (LWP 150438)):
#0  syscall () at ../sysdeps/unix/sysv/linux/powerpc/syscall.S:29
#1  0x00002000060fdbb0 in Realm::Doorbell::wait_slow (this=0x200058d70350) at /g/g92/wei8/release_exp/taco/legion/legion/runtime/realm/mutex.cc:316
#2  0x0000200005f3f8c4 in wait (this=<optimized out>) at /g/g92/wei8/release_exp/taco/legion/legion/runtime/realm/mutex.inl:81
#3  Realm::BackgroundWorkThread::main_loop (this=0x159175d0) at /g/g92/wei8/release_exp/taco/legion/legion/runtime/realm/bgwork.cc:166
#4  0x000020000604e2e4 in Realm::KernelThread::pthread_entry (data=0x157fe1a0) at /g/g92/wei8/release_exp/taco/legion/legion/runtime/realm/threads.cc:781
#5  0x00002000000f8cd4 in start_thread (arg=0x200058d6f8b0) at pthread_create.c:309
#6  0x00002000086e7f14 in clone () at ../sysdeps/unix/sysv/linux/powerpc/powerpc64/clone.S:104

Thread 22 (Thread 0x200058e9f8b0 (LWP 150439)):
#0  syscall () at ../sysdeps/unix/sysv/linux/powerpc/syscall.S:29
#1  0x00002000060fdbb0 in Realm::Doorbell::wait_slow (this=0x200058ea0350) at /g/g92/wei8/release_exp/taco/legion/legion/runtime/realm/mutex.cc:316
#2  0x0000200005f3f8c4 in wait (this=<optimized out>) at /g/g92/wei8/release_exp/taco/legion/legion/runtime/realm/mutex.inl:81
#3  Realm::BackgroundWorkThread::main_loop (this=0x1591c210) at /g/g92/wei8/release_exp/taco/legion/legion/runtime/realm/bgwork.cc:166
#4  0x000020000604e2e4 in Realm::KernelThread::pthread_entry (data=0x157fe090) at /g/g92/wei8/release_exp/taco/legion/legion/runtime/realm/threads.cc:781
#5  0x00002000000f8cd4 in start_thread (arg=0x200058e9f8b0) at pthread_create.c:309
#6  0x00002000086e7f14 in clone () at ../sysdeps/unix/sysv/linux/powerpc/powerpc64/clone.S:104

Thread 21 (Thread 0x200058fcf8b0 (LWP 150440)):
#0  syscall () at ../sysdeps/unix/sysv/linux/powerpc/syscall.S:29
#1  0x00002000060fdbb0 in Realm::Doorbell::wait_slow (this=0x200058fd0350) at /g/g92/wei8/release_exp/taco/legion/legion/runtime/realm/mutex.cc:316
#2  0x0000200005f3f8c4 in wait (this=<optimized out>) at /g/g92/wei8/release_exp/taco/legion/legion/runtime/realm/mutex.inl:81
#3  Realm::BackgroundWorkThread::main_loop (this=0x15934e60) at /g/g92/wei8/release_exp/taco/legion/legion/runtime/realm/bgwork.cc:166
#4  0x000020000604e2e4 in Realm::KernelThread::pthread_entry (data=0x15930a20) at /g/g92/wei8/release_exp/taco/legion/legion/runtime/realm/threads.cc:781
#5  0x00002000000f8cd4 in start_thread (arg=0x200058fcf8b0) at pthread_create.c:309
#6  0x00002000086e7f14 in clone () at ../sysdeps/unix/sysv/linux/powerpc/powerpc64/clone.S:104

Thread 20 (Thread 0x2000591ff8b0 (LWP 150441)):
#0  sched_yield () at ../sysdeps/unix/syscall-template.S:82
#1  0x00002000060ace6c in Realm::ThreadPool::worker_entry (this=<optimized out>) at /g/g92/wei8/release_exp/taco/legion/legion/runtime/realm/openmp/openmp_threadpool.cc:385
#2  0x000020000604e2e4 in Realm::KernelThread::pthread_entry (data=0x15872b20) at /g/g92/wei8/release_exp/taco/legion/legion/runtime/realm/threads.cc:781
#3  0x00002000000f8cd4 in start_thread (arg=0x2000591ff8b0) at pthread_create.c:309
#4  0x00002000086e7f14 in clone () at ../sysdeps/unix/sysv/linux/powerpc/powerpc64/clone.S:104

Thread 19 (Thread 0x20005942f8b0 (LWP 150442)):
#0  sched_yield () at ../sysdeps/unix/syscall-template.S:82
#1  0x00002000060ace6c in Realm::ThreadPool::worker_entry (this=<optimized out>) at /g/g92/wei8/release_exp/taco/legion/legion/runtime/realm/openmp/openmp_threadpool.cc:385
#2  0x000020000604e2e4 in Realm::KernelThread::pthread_entry (data=0x1586ec30) at /g/g92/wei8/release_exp/taco/legion/legion/runtime/realm/threads.cc:781
#3  0x00002000000f8cd4 in start_thread (arg=0x20005942f8b0) at pthread_create.c:309
#4  0x00002000086e7f14 in clone () at ../sysdeps/unix/sysv/linux/powerpc/powerpc64/clone.S:104

Thread 18 (Thread 0x20005955f8b0 (LWP 150443)):
#0  syscall () at ../sysdeps/unix/sysv/linux/powerpc/syscall.S:29
#1  0x00002000060fdbb0 in Realm::Doorbell::wait_slow (this=0x200059560350) at /g/g92/wei8/release_exp/taco/legion/legion/runtime/realm/mutex.cc:316
#2  0x0000200005f3f8c4 in wait (this=<optimized out>) at /g/g92/wei8/release_exp/taco/legion/legion/runtime/realm/mutex.inl:81
#3  Realm::BackgroundWorkThread::main_loop (this=0x15a0ab70) at /g/g92/wei8/release_exp/taco/legion/legion/runtime/realm/bgwork.cc:166
#4  0x000020000604e2e4 in Realm::KernelThread::pthread_entry (data=0x15934b00) at /g/g92/wei8/release_exp/taco/legion/legion/runtime/realm/threads.cc:781
#5  0x00002000000f8cd4 in start_thread (arg=0x20005955f8b0) at pthread_create.c:309
#6  0x00002000086e7f14 in clone () at ../sysdeps/unix/sysv/linux/powerpc/powerpc64/clone.S:104

Thread 17 (Thread 0x20005968f8b0 (LWP 150444)):
#0  syscall () at ../sysdeps/unix/sysv/linux/powerpc/syscall.S:29
#1  0x00002000060fdbb0 in Realm::Doorbell::wait_slow (this=0x200059690350) at /g/g92/wei8/release_exp/taco/legion/legion/runtime/realm/mutex.cc:316
#2  0x0000200005f3f8c4 in wait (this=<optimized out>) at /g/g92/wei8/release_exp/taco/legion/legion/runtime/realm/mutex.inl:81
#3  Realm::BackgroundWorkThread::main_loop (this=0x15a0e9d0) at /g/g92/wei8/release_exp/taco/legion/legion/runtime/realm/bgwork.cc:166
#4  0x000020000604e2e4 in Realm::KernelThread::pthread_entry (data=0x15a12800) at /g/g92/wei8/release_exp/taco/legion/legion/runtime/realm/threads.cc:781
#5  0x00002000000f8cd4 in start_thread (arg=0x20005968f8b0) at pthread_create.c:309
#6  0x00002000086e7f14 in clone () at ../sysdeps/unix/sysv/linux/powerpc/powerpc64/clone.S:104

Thread 16 (Thread 0x2000597bf8b0 (LWP 150445)):
#0  syscall () at ../sysdeps/unix/sysv/linux/powerpc/syscall.S:29
#1  0x00002000060fdbb0 in Realm::Doorbell::wait_slow (this=0x2000597c0350) at /g/g92/wei8/release_exp/taco/legion/legion/runtime/realm/mutex.cc:316
#2  0x0000200005f3f8c4 in wait (this=<optimized out>) at /g/g92/wei8/release_exp/taco/legion/legion/runtime/realm/mutex.inl:81
#3  Realm::BackgroundWorkThread::main_loop (this=0x15930db0) at /g/g92/wei8/release_exp/taco/legion/legion/runtime/realm/bgwork.cc:166
#4  0x000020000604e2e4 in Realm::KernelThread::pthread_entry (data=0x1581ff80) at /g/g92/wei8/release_exp/taco/legion/legion/runtime/realm/threads.cc:781
#5  0x00002000000f8cd4 in start_thread (arg=0x2000597bf8b0) at pthread_create.c:309
#6  0x00002000086e7f14 in clone () at ../sysdeps/unix/sysv/linux/powerpc/powerpc64/clone.S:104

Thread 15 (Thread 0x2000598ef8b0 (LWP 150446)):
#0  0x00002000060cebb4 in compare_exchange_strong (__m2=std::memory_order_acquire, __m1=std::memory_order_acq_rel, __i2=0, __i1=<synthetic pointer>, this=0x101e8da8) at /usr/tce/packages/gcc/gcc-7.3.1/rh/usr/include/c++/7/bits/atomic_base.h:477
#1  compare_exchange (newval=0, expected=<synthetic pointer>, this=0x101e8da8) at /g/g92/wei8/release_exp/taco/legion/legion/runtime/realm/atomics.inl:154
#2  unlock (this=0x101e8da8) at /g/g92/wei8/release_exp/taco/legion/legion/runtime/realm/mutex.inl:194
#3  Realm::GASNetEXPoller::do_work (this=0x101e8d70, work_until=...) at /g/g92/wei8/release_exp/taco/legion/legion/runtime/realm/gasnetex/gasnetex_internal.cc:2812
#4  0x0000200005f3eafc in Realm::BackgroundWorkManager::Worker::do_work (this=0x2000598eeb58, max_time_in_ns=-1, interrupt_flag=0x0) at /g/g92/wei8/release_exp/taco/legion/legion/runtime/realm/bgwork.cc:621
#5  0x0000200005f3f3f0 in Realm::BackgroundWorkThread::main_loop (this=0x15a12620) at /g/g92/wei8/release_exp/taco/legion/legion/runtime/realm/bgwork.cc:125
#6  0x000020000604e2e4 in Realm::KernelThread::pthread_entry (data=0x15a126f0) at /g/g92/wei8/release_exp/taco/legion/legion/runtime/realm/threads.cc:781
#7  0x00002000000f8cd4 in start_thread (arg=0x2000598ef8b0) at pthread_create.c:309
#8  0x00002000086e7f14 in clone () at ../sysdeps/unix/sysv/linux/powerpc/powerpc64/clone.S:104

Thread 14 (Thread 0x200059a1f8b0 (LWP 150447)):
#0  syscall () at ../sysdeps/unix/sysv/linux/powerpc/syscall.S:29
#1  0x00002000060fdbb0 in Realm::Doorbell::wait_slow (this=0x200059a20350) at /g/g92/wei8/release_exp/taco/legion/legion/runtime/realm/mutex.cc:316
#2  0x0000200005f3f8c4 in wait (this=<optimized out>) at /g/g92/wei8/release_exp/taco/legion/legion/runtime/realm/mutex.inl:81
#3  Realm::BackgroundWorkThread::main_loop (this=0x15a1a630) at /g/g92/wei8/release_exp/taco/legion/legion/runtime/realm/bgwork.cc:166
#4  0x000020000604e2e4 in Realm::KernelThread::pthread_entry (data=0x15a164d0) at /g/g92/wei8/release_exp/taco/legion/legion/runtime/realm/threads.cc:781
#5  0x00002000000f8cd4 in start_thread (arg=0x200059a1f8b0) at pthread_create.c:309
#6  0x00002000086e7f14 in clone () at ../sysdeps/unix/sysv/linux/powerpc/powerpc64/clone.S:104

Thread 13 (Thread 0x200059b4f8b0 (LWP 150448)):
#0  syscall () at ../sysdeps/unix/sysv/linux/powerpc/syscall.S:29
#1  0x00002000060fdbb0 in Realm::Doorbell::wait_slow (this=0x200059b50350) at /g/g92/wei8/release_exp/taco/legion/legion/runtime/realm/mutex.cc:316
#2  0x0000200005f3f8c4 in wait (this=<optimized out>) at /g/g92/wei8/release_exp/taco/legion/legion/runtime/realm/mutex.inl:81
#3  Realm::BackgroundWorkThread::main_loop (this=0x15917560) at /g/g92/wei8/release_exp/taco/legion/legion/runtime/realm/bgwork.cc:166
#4  0x000020000604e2e4 in Realm::KernelThread::pthread_entry (data=0x15a1a2f0) at /g/g92/wei8/release_exp/taco/legion/legion/runtime/realm/threads.cc:781
#5  0x00002000000f8cd4 in start_thread (arg=0x200059b4f8b0) at pthread_create.c:309
#6  0x00002000086e7f14 in clone () at ../sysdeps/unix/sysv/linux/powerpc/powerpc64/clone.S:104

Thread 12 (Thread 0x20005a63f8b0 (LWP 150454)):
#0  syscall () at ../sysdeps/unix/sysv/linux/powerpc/syscall.S:29
#1  0x00002000060fdbb0 in Realm::Doorbell::wait_slow (this=0x20005a640350) at /g/g92/wei8/release_exp/taco/legion/legion/runtime/realm/mutex.cc:316
#2  0x0000200006043644 in wait (this=<optimized out>) at /g/g92/wei8/release_exp/taco/legion/legion/runtime/realm/mutex.inl:81
#3  Realm::ThreadedTaskScheduler::WorkCounter::wait_for_work (this=0x15778ce0, old_counter=<optimized out>) at /g/g92/wei8/release_exp/taco/legion/legion/runtime/realm/tasks.cc:664
#4  0x0000200006043758 in Realm::ThreadedTaskScheduler::wait_for_work (this=0x15778b50, old_work_counter=<optimized out>) at /g/g92/wei8/release_exp/taco/legion/legion/runtime/realm/tasks.cc:1239
#5  0x000020000604ad58 in Realm::ThreadedTaskScheduler::scheduler_loop (this=0x15778b50) at /g/g92/wei8/release_exp/taco/legion/legion/runtime/realm/tasks.cc:1205
#6  0x000020000604b08c in Realm::ThreadedTaskScheduler::scheduler_loop_wlock (this=0x15778b50) at /g/g92/wei8/release_exp/taco/legion/legion/runtime/realm/tasks.cc:1217
#7  0x000020000604e2e4 in Realm::KernelThread::pthread_entry (data=0x168923e0) at /g/g92/wei8/release_exp/taco/legion/legion/runtime/realm/threads.cc:781
#8  0x00002000000f8cd4 in start_thread (arg=0x20005a63f8b0) at pthread_create.c:309
#9  0x00002000086e7f14 in clone () at ../sysdeps/unix/sysv/linux/powerpc/powerpc64/clone.S:104

Thread 11 (Thread 0x20005a86f8b0 (LWP 150455)):
#0  syscall () at ../sysdeps/unix/sysv/linux/powerpc/syscall.S:29
#1  0x00002000060fdbb0 in Realm::Doorbell::wait_slow (this=0x20005a870350) at /g/g92/wei8/release_exp/taco/legion/legion/runtime/realm/mutex.cc:316
#2  0x00002000060ff848 in wait (this=0x20005a870350) at /g/g92/wei8/release_exp/taco/legion/legion/runtime/realm/mutex.inl:81
#3  Realm::FIFOCondVar::wait (this=0x20005a86a520) at /g/g92/wei8/release_exp/taco/legion/legion/runtime/realm/mutex.cc:1096
#4  0x0000200006046f28 in Realm::KernelThreadTaskScheduler::worker_sleep (this=0x158b3530, switch_to=0x2035140013d0) at /g/g92/wei8/release_exp/taco/legion/legion/runtime/realm/tasks.cc:1414
#5  0x000020000604861c in Realm::ThreadedTaskScheduler::thread_blocking (this=0x158b3530, thread=<optimized out>) at /g/g92/wei8/release_exp/taco/legion/legion/runtime/realm/tasks.cc:908
#6  0x0000200005f59ec8 in Realm::Thread::wait_for_condition<Realm::EventTriggeredCondition> (cond=..., poisoned=@0x20005a86ae38: false) at /g/g92/wei8/release_exp/taco/legion/legion/runtime/realm/threads.inl:218
#7  0x0000200005f48158 in Realm::Event::wait_faultaware (this=0x20005a86bf50, poisoned=@0x20005a86ae38: false) at /g/g92/wei8/release_exp/taco/legion/legion/runtime/realm/event_impl.cc:254
#8  0x0000200005f483cc in Realm::Event::wait (this=<optimized out>) at /g/g92/wei8/release_exp/taco/legion/legion/runtime/realm/event_impl.cc:206
#9  0x000000001005ef7c in Legion::Internal::LgEvent::wait() const ()
#10 0x00002000053852cc in Legion::Internal::ReplFutureMapImpl::wait_all_results (this=0x203514029580, silence_warnings=<optimized out>, warning_string=<optimized out>) at /g/g92/wei8/release_exp/taco/legion/legion/runtime/legion/runtime.cc:4429
#11 0x0000200005069778 in Legion::FutureMap::wait_all_results (this=<optimized out>, silence_warnings=<optimized out>, warning_string=<optimized out>) at /g/g92/wei8/release_exp/taco/legion/legion/runtime/legion/legion.cc:2609
#12 0x00000000100a0864 in placeLegionA(Legion::Internal::TaskContext*, Legion::Runtime*, Legion::LogicalRegion, Legion::LogicalPartition, int, legion_privilege_mode_t, int) ()
#13 0x0000000010032828 in std::_Function_handler<void (), top_level_task(Legion::Task const*, std::vector<Legion::PhysicalRegion, std::allocator<Legion::PhysicalRegion> > const&, Legion::Internal::TaskContext*, Legion::Runtime*)::{lambda()#1}>::_M_invoke(std::_Any_data const&) ()
#14 0x000000001008f238 in benchmark(Legion::Internal::TaskContext*, Legion::Runtime*, std::vector<unsigned long, std::allocator<unsigned long> >&, std::function<void ()>) ()
#15 0x0000000010033680 in top_level_task(Legion::Task const*, std::vector<Legion::PhysicalRegion, std::allocator<Legion::PhysicalRegion> > const&, Legion::Internal::TaskContext*, Legion::Runtime*) ()
#16 0x000000001005eff4 in void Legion::LegionTaskWrapper::legion_task_wrapper<&(top_level_task(Legion::Task const*, std::vector<Legion::PhysicalRegion, std::allocator<Legion::PhysicalRegion> > const&, Legion::Internal::TaskContext*, Legion::Runtime*))>(void const*, unsigned long, void const*, unsigned long, Realm::Processor) ()
#17 0x0000200005ff11d0 in Realm::LocalTaskProcessor::execute_task (this=0x1594ca20, func_id=<optimized out>, task_args=...) at /g/g92/wei8/release_exp/taco/legion/legion/runtime/realm/proc_impl.cc:1135
#18 0x0000200006047178 in Realm::Task::execute_on_processor (this=0x203508008dd0, p=...) at /g/g92/wei8/release_exp/taco/legion/legion/runtime/realm/tasks.cc:302
#19 0x0000200006047424 in Realm::KernelThreadTaskScheduler::execute_task (this=<optimized out>, task=<optimized out>) at /g/g92/wei8/release_exp/taco/legion/legion/runtime/realm/tasks.cc:1366
#20 0x000020000604a874 in Realm::ThreadedTaskScheduler::scheduler_loop (this=0x158b3530) at /g/g92/wei8/release_exp/taco/legion/legion/runtime/realm/tasks.cc:1105
#21 0x000020000604b08c in Realm::ThreadedTaskScheduler::scheduler_loop_wlock (this=0x158b3530) at /g/g92/wei8/release_exp/taco/legion/legion/runtime/realm/tasks.cc:1217
#22 0x000020000604e2e4 in Realm::KernelThread::pthread_entry (data=0x168929c0) at /g/g92/wei8/release_exp/taco/legion/legion/runtime/realm/threads.cc:781
#23 0x00002000000f8cd4 in start_thread (arg=0x20005a86f8b0) at pthread_create.c:309
#24 0x00002000086e7f14 in clone () at ../sysdeps/unix/sysv/linux/powerpc/powerpc64/clone.S:104

Thread 10 (Thread 0x20005a40f8b0 (LWP 150462)):
#0  syscall () at ../sysdeps/unix/sysv/linux/powerpc/syscall.S:29
#1  0x00002000060fdbb0 in Realm::Doorbell::wait_slow (this=0x20005a410350) at /g/g92/wei8/release_exp/taco/legion/legion/runtime/realm/mutex.cc:316
#2  0x0000200006043644 in wait (this=<optimized out>) at /g/g92/wei8/release_exp/taco/legion/legion/runtime/realm/mutex.inl:81
#3  Realm::ThreadedTaskScheduler::WorkCounter::wait_for_work (this=0x158b36c0, old_counter=<optimized out>) at /g/g92/wei8/release_exp/taco/legion/legion/runtime/realm/tasks.cc:664
#4  0x0000200006043758 in Realm::ThreadedTaskScheduler::wait_for_work (this=0x158b3530, old_work_counter=<optimized out>) at /g/g92/wei8/release_exp/taco/legion/legion/runtime/realm/tasks.cc:1239
#5  0x000020000604ad58 in Realm::ThreadedTaskScheduler::scheduler_loop (this=0x158b3530) at /g/g92/wei8/release_exp/taco/legion/legion/runtime/realm/tasks.cc:1205
#6  0x000020000604b08c in Realm::ThreadedTaskScheduler::scheduler_loop_wlock (this=0x158b3530) at /g/g92/wei8/release_exp/taco/legion/legion/runtime/realm/tasks.cc:1217
#7  0x000020000604e2e4 in Realm::KernelThread::pthread_entry (data=0x2035140013d0) at /g/g92/wei8/release_exp/taco/legion/legion/runtime/realm/threads.cc:781
#8  0x00002000000f8cd4 in start_thread (arg=0x20005a40f8b0) at pthread_create.c:309
#9  0x00002000086e7f14 in clone () at ../sysdeps/unix/sysv/linux/powerpc/powerpc64/clone.S:104

Thread 9 (Thread 0x200059d7f8b0 (LWP 157564)):
#0  syscall () at ../sysdeps/unix/sysv/linux/powerpc/syscall.S:29
#1  0x00002000060fdbb0 in Realm::Doorbell::wait_slow (this=0x200059d80350) at /g/g92/wei8/release_exp/taco/legion/legion/runtime/realm/mutex.cc:316
#2  0x0000200006043644 in wait (this=<optimized out>) at /g/g92/wei8/release_exp/taco/legion/legion/runtime/realm/mutex.inl:81
#3  Realm::ThreadedTaskScheduler::WorkCounter::wait_for_work (this=0x1590a180, old_counter=<optimized out>) at /g/g92/wei8/release_exp/taco/legion/legion/runtime/realm/tasks.cc:664
#4  0x0000200006043758 in Realm::ThreadedTaskScheduler::wait_for_work (this=0x15909ff0, old_work_counter=<optimized out>) at /g/g92/wei8/release_exp/taco/legion/legion/runtime/realm/tasks.cc:1239
#5  0x000020000604ad58 in Realm::ThreadedTaskScheduler::scheduler_loop (this=0x15909ff0) at /g/g92/wei8/release_exp/taco/legion/legion/runtime/realm/tasks.cc:1205
#6  0x000020000604b08c in Realm::ThreadedTaskScheduler::scheduler_loop_wlock (this=0x15909ff0) at /g/g92/wei8/release_exp/taco/legion/legion/runtime/realm/tasks.cc:1217
#7  0x000020000604e2e4 in Realm::KernelThread::pthread_entry (data=0x20352c9ee810) at /g/g92/wei8/release_exp/taco/legion/legion/runtime/realm/threads.cc:781
#8  0x00002000000f8cd4 in start_thread (arg=0x200059d7f8b0) at pthread_create.c:309
#9  0x00002000086e7f14 in clone () at ../sysdeps/unix/sysv/linux/powerpc/powerpc64/clone.S:104

Thread 8 (Thread 0x2035dc21f8b0 (LWP 157565)):
#0  syscall () at ../sysdeps/unix/sysv/linux/powerpc/syscall.S:29
#1  0x00002000060fdbb0 in Realm::Doorbell::wait_slow (this=0x2035dc220350) at /g/g92/wei8/release_exp/taco/legion/legion/runtime/realm/mutex.cc:316
#2  0x0000200006043644 in wait (this=<optimized out>) at /g/g92/wei8/release_exp/taco/legion/legion/runtime/realm/mutex.inl:81
#3  Realm::ThreadedTaskScheduler::WorkCounter::wait_for_work (this=0x157c4ca0, old_counter=<optimized out>) at /g/g92/wei8/release_exp/taco/legion/legion/runtime/realm/tasks.cc:664
#4  0x0000200006043758 in Realm::ThreadedTaskScheduler::wait_for_work (this=0x157c4b10, old_work_counter=<optimized out>) at /g/g92/wei8/release_exp/taco/legion/legion/runtime/realm/tasks.cc:1239
#5  0x000020000604ad58 in Realm::ThreadedTaskScheduler::scheduler_loop (this=0x157c4b10) at /g/g92/wei8/release_exp/taco/legion/legion/runtime/realm/tasks.cc:1205
#6  0x000020000604b08c in Realm::ThreadedTaskScheduler::scheduler_loop_wlock (this=0x157c4b10) at /g/g92/wei8/release_exp/taco/legion/legion/runtime/realm/tasks.cc:1217
#7  0x000020000604e2e4 in Realm::KernelThread::pthread_entry (data=0x2035e00a2510) at /g/g92/wei8/release_exp/taco/legion/legion/runtime/realm/threads.cc:781
#8  0x00002000000f8cd4 in start_thread (arg=0x2035dc21f8b0) at pthread_create.c:309
#9  0x00002000086e7f14 in clone () at ../sysdeps/unix/sysv/linux/powerpc/powerpc64/clone.S:104

Thread 7 (Thread 0x20005c70f8b0 (LWP 157566)):
#0  syscall () at ../sysdeps/unix/sysv/linux/powerpc/syscall.S:29
#1  0x00002000060fdbb0 in Realm::Doorbell::wait_slow (this=0x20005c710350) at /g/g92/wei8/release_exp/taco/legion/legion/runtime/realm/mutex.cc:316
#2  0x0000200006043644 in wait (this=<optimized out>) at /g/g92/wei8/release_exp/taco/legion/legion/runtime/realm/mutex.inl:81
#3  Realm::ThreadedTaskScheduler::WorkCounter::wait_for_work (this=0x158ea880, old_counter=<optimized out>) at /g/g92/wei8/release_exp/taco/legion/legion/runtime/realm/tasks.cc:664
#4  0x0000200006043758 in Realm::ThreadedTaskScheduler::wait_for_work (this=0x158ea6f0, old_work_counter=<optimized out>) at /g/g92/wei8/release_exp/taco/legion/legion/runtime/realm/tasks.cc:1239
#5  0x000020000604ad58 in Realm::ThreadedTaskScheduler::scheduler_loop (this=0x158ea6f0) at /g/g92/wei8/release_exp/taco/legion/legion/runtime/realm/tasks.cc:1205
#6  0x000020000604b08c in Realm::ThreadedTaskScheduler::scheduler_loop_wlock (this=0x158ea6f0) at /g/g92/wei8/release_exp/taco/legion/legion/runtime/realm/tasks.cc:1217
#7  0x000020000604e2e4 in Realm::KernelThread::pthread_entry (data=0x20351a564510) at /g/g92/wei8/release_exp/taco/legion/legion/runtime/realm/threads.cc:781
#8  0x00002000000f8cd4 in start_thread (arg=0x20005c70f8b0) at pthread_create.c:309
#9  0x00002000086e7f14 in clone () at ../sysdeps/unix/sysv/linux/powerpc/powerpc64/clone.S:104

Thread 6 (Thread 0x20005e7df8b0 (LWP 157568)):
#0  syscall () at ../sysdeps/unix/sysv/linux/powerpc/syscall.S:29
#1  0x00002000060fdbb0 in Realm::Doorbell::wait_slow (this=0x20005e7e0350) at /g/g92/wei8/release_exp/taco/legion/legion/runtime/realm/mutex.cc:316
#2  0x0000200006043644 in wait (this=<optimized out>) at /g/g92/wei8/release_exp/taco/legion/legion/runtime/realm/mutex.inl:81
#3  Realm::ThreadedTaskScheduler::WorkCounter::wait_for_work (this=0x15a2db80, old_counter=<optimized out>) at /g/g92/wei8/release_exp/taco/legion/legion/runtime/realm/tasks.cc:664
#4  0x0000200006043758 in Realm::ThreadedTaskScheduler::wait_for_work (this=0x15a2d9f0, old_work_counter=<optimized out>) at /g/g92/wei8/release_exp/taco/legion/legion/runtime/realm/tasks.cc:1239
#5  0x000020000604ad58 in Realm::ThreadedTaskScheduler::scheduler_loop (this=0x15a2d9f0) at /g/g92/wei8/release_exp/taco/legion/legion/runtime/realm/tasks.cc:1205
#6  0x000020000604b08c in Realm::ThreadedTaskScheduler::scheduler_loop_wlock (this=0x15a2d9f0) at /g/g92/wei8/release_exp/taco/legion/legion/runtime/realm/tasks.cc:1217
#7  0x000020000604e2e4 in Realm::KernelThread::pthread_entry (data=0x20350497bae0) at /g/g92/wei8/release_exp/taco/legion/legion/runtime/realm/threads.cc:781
#8  0x00002000000f8cd4 in start_thread (arg=0x20005e7df8b0) at pthread_create.c:309
#9  0x00002000086e7f14 in clone () at ../sysdeps/unix/sysv/linux/powerpc/powerpc64/clone.S:104

Thread 5 (Thread 0x20005accf8b0 (LWP 174677)):
#0  syscall () at ../sysdeps/unix/sysv/linux/powerpc/syscall.S:29
#1  0x00002000060fdbb0 in Realm::Doorbell::wait_slow (this=0x20005acd0350) at /g/g92/wei8/release_exp/taco/legion/legion/runtime/realm/mutex.cc:316
#2  0x0000200006043644 in wait (this=<optimized out>) at /g/g92/wei8/release_exp/taco/legion/legion/runtime/realm/mutex.inl:81
#3  Realm::ThreadedTaskScheduler::WorkCounter::wait_for_work (this=0x1578dde0, old_counter=<optimized out>) at /g/g92/wei8/release_exp/taco/legion/legion/runtime/realm/tasks.cc:664
#4  0x0000200006043758 in Realm::ThreadedTaskScheduler::wait_for_work (this=0x1578dc50, old_work_counter=<optimized out>) at /g/g92/wei8/release_exp/taco/legion/legion/runtime/realm/tasks.cc:1239
#5  0x000020000604ad58 in Realm::ThreadedTaskScheduler::scheduler_loop (this=0x1578dc50) at /g/g92/wei8/release_exp/taco/legion/legion/runtime/realm/tasks.cc:1205
#6  0x000020000604b08c in Realm::ThreadedTaskScheduler::scheduler_loop_wlock (this=0x1578dc50) at /g/g92/wei8/release_exp/taco/legion/legion/runtime/realm/tasks.cc:1217
#7  0x000020000604e2e4 in Realm::KernelThread::pthread_entry (data=0x20351a5fe840) at /g/g92/wei8/release_exp/taco/legion/legion/runtime/realm/threads.cc:781
#8  0x00002000000f8cd4 in start_thread (arg=0x20005accf8b0) at pthread_create.c:309
#9  0x00002000086e7f14 in clone () at ../sysdeps/unix/sysv/linux/powerpc/powerpc64/clone.S:104

Thread 4 (Thread 0x20005ec3f8b0 (LWP 174703)):
#0  syscall () at ../sysdeps/unix/sysv/linux/powerpc/syscall.S:29
#1  0x00002000060fdbb0 in Realm::Doorbell::wait_slow (this=0x20005ec40350) at /g/g92/wei8/release_exp/taco/legion/legion/runtime/realm/mutex.cc:316
#2  0x0000200006043644 in wait (this=<optimized out>) at /g/g92/wei8/release_exp/taco/legion/legion/runtime/realm/mutex.inl:81
#3  Realm::ThreadedTaskScheduler::WorkCounter::wait_for_work (this=0x157d8ca0, old_counter=<optimized out>) at /g/g92/wei8/release_exp/taco/legion/legion/runtime/realm/tasks.cc:664
#4  0x0000200006043758 in Realm::ThreadedTaskScheduler::wait_for_work (this=0x157d8b10, old_work_counter=<optimized out>) at /g/g92/wei8/release_exp/taco/legion/legion/runtime/realm/tasks.cc:1239
#5  0x000020000604ad58 in Realm::ThreadedTaskScheduler::scheduler_loop (this=0x157d8b10) at /g/g92/wei8/release_exp/taco/legion/legion/runtime/realm/tasks.cc:1205
#6  0x000020000604b08c in Realm::ThreadedTaskScheduler::scheduler_loop_wlock (this=0x157d8b10) at /g/g92/wei8/release_exp/taco/legion/legion/runtime/realm/tasks.cc:1217
#7  0x000020000604e2e4 in Realm::KernelThread::pthread_entry (data=0x20356c0ed030) at /g/g92/wei8/release_exp/taco/legion/legion/runtime/realm/threads.cc:781
#8  0x00002000000f8cd4 in start_thread (arg=0x20005ec3f8b0) at pthread_create.c:309
#9  0x00002000086e7f14 in clone () at ../sysdeps/unix/sysv/linux/powerpc/powerpc64/clone.S:104

Thread 3 (Thread 0x2035dc44f8b0 (LWP 174704)):
#0  syscall () at ../sysdeps/unix/sysv/linux/powerpc/syscall.S:29
#1  0x00002000060fdbb0 in Realm::Doorbell::wait_slow (this=0x2035dc450350) at /g/g92/wei8/release_exp/taco/legion/legion/runtime/realm/mutex.cc:316
#2  0x0000200006043644 in wait (this=<optimized out>) at /g/g92/wei8/release_exp/taco/legion/legion/runtime/realm/mutex.inl:81
#3  Realm::ThreadedTaskScheduler::WorkCounter::wait_for_work (this=0x15a1e240, old_counter=<optimized out>) at /g/g92/wei8/release_exp/taco/legion/legion/runtime/realm/tasks.cc:664
#4  0x0000200006043758 in Realm::ThreadedTaskScheduler::wait_for_work (this=0x15a1e0b0, old_work_counter=<optimized out>) at /g/g92/wei8/release_exp/taco/legion/legion/runtime/realm/tasks.cc:1239
#5  0x000020000604ad58 in Realm::ThreadedTaskScheduler::scheduler_loop (this=0x15a1e0b0) at /g/g92/wei8/release_exp/taco/legion/legion/runtime/realm/tasks.cc:1205
#6  0x000020000604b08c in Realm::ThreadedTaskScheduler::scheduler_loop_wlock (this=0x15a1e0b0) at /g/g92/wei8/release_exp/taco/legion/legion/runtime/realm/tasks.cc:1217
#7  0x000020000604e2e4 in Realm::KernelThread::pthread_entry (data=0x20351a5fdc10) at /g/g92/wei8/release_exp/taco/legion/legion/runtime/realm/threads.cc:781
#8  0x00002000000f8cd4 in start_thread (arg=0x2035dc44f8b0) at pthread_create.c:309
#9  0x00002000086e7f14 in clone () at ../sysdeps/unix/sysv/linux/powerpc/powerpc64/clone.S:104

Thread 2 (Thread 0x20005f95f8b0 (LWP 174705)):
#0  syscall () at ../sysdeps/unix/sysv/linux/powerpc/syscall.S:29
#1  0x00002000060fdbb0 in Realm::Doorbell::wait_slow (this=0x20005f960350) at /g/g92/wei8/release_exp/taco/legion/legion/runtime/realm/mutex.cc:316
#2  0x0000200006043644 in wait (this=<optimized out>) at /g/g92/wei8/release_exp/taco/legion/legion/runtime/realm/mutex.inl:81
#3  Realm::ThreadedTaskScheduler::WorkCounter::wait_for_work (this=0x15775020, old_counter=<optimized out>) at /g/g92/wei8/release_exp/taco/legion/legion/runtime/realm/tasks.cc:664
#4  0x0000200006043758 in Realm::ThreadedTaskScheduler::wait_for_work (this=0x15774e90, old_work_counter=<optimized out>) at /g/g92/wei8/release_exp/taco/legion/legion/runtime/realm/tasks.cc:1239
#5  0x000020000604ad58 in Realm::ThreadedTaskScheduler::scheduler_loop (this=0x15774e90) at /g/g92/wei8/release_exp/taco/legion/legion/runtime/realm/tasks.cc:1205
#6  0x000020000604b08c in Realm::ThreadedTaskScheduler::scheduler_loop_wlock (this=0x15774e90) at /g/g92/wei8/release_exp/taco/legion/legion/runtime/realm/tasks.cc:1217
#7  0x000020000604e2e4 in Realm::KernelThread::pthread_entry (data=0x20352c96fd50) at /g/g92/wei8/release_exp/taco/legion/legion/runtime/realm/threads.cc:781
#8  0x00002000000f8cd4 in start_thread (arg=0x20005f95f8b0) at pthread_create.c:309
#9  0x00002000086e7f14 in clone () at ../sysdeps/unix/sysv/linux/powerpc/powerpc64/clone.S:104

Thread 1 (Thread 0x20000a8a0000 (LWP 150206)):
#0  syscall () at ../sysdeps/unix/sysv/linux/powerpc/syscall.S:29
#1  0x00002000060fdbb0 in Realm::Doorbell::wait_slow (this=0x20000a8a0aa0) at /g/g92/wei8/release_exp/taco/legion/legion/runtime/realm/mutex.cc:316
#2  0x00002000060ff338 in wait (this=0x20000a8a0aa0) at /g/g92/wei8/release_exp/taco/legion/legion/runtime/realm/mutex.inl:81
#3  Realm::UnfairCondVar::wait (this=0x101e7b50) at /g/g92/wei8/release_exp/taco/legion/legion/runtime/realm/mutex.cc:1017
#4  0x0000200006015528 in Realm::RuntimeImpl::wait_for_shutdown (this=0x101e7a20) at /g/g92/wei8/release_exp/taco/legion/legion/runtime/realm/runtime_impl.cc:2277
#5  0x00002000060190ac in Realm::Runtime::wait_for_shutdown (this=0x7fffffffa318) at /g/g92/wei8/release_exp/taco/legion/legion/runtime/realm/runtime_impl.cc:640
#6  0x00002000053eeeb0 in Legion::Internal::Runtime::start (argc=<optimized out>, argv=<optimized out>, background=<optimized out>, supply_default_mapper=<optimized out>) at /g/g92/wei8/release_exp/taco/legion/legion/runtime/legion/runtime.cc:29464
#7  0x0000200005079408 in Legion::Runtime::start (argc=<optimized out>, argv=<optimized out>, background=<optimized out>, default_mapper=<optimized out>) at /g/g92/wei8/release_exp/taco/legion/legion/runtime/legion/legion.cc:7618
#8  0x000000001002faa0 in main ()
[Inferior 1 (process 150206) detached]
