[New LWP 118664]
[New LWP 118621]
[New LWP 118609]
[New LWP 118589]
[New LWP 118015]
[New LWP 118013]
[New LWP 118011]
[New LWP 118010]
[New LWP 111996]
[New LWP 111989]
[New LWP 111988]
[New LWP 111983]
[New LWP 111982]
[New LWP 111981]
[New LWP 111980]
[New LWP 111979]
[New LWP 111978]
[New LWP 111977]
[New LWP 111976]
[New LWP 111975]
[New LWP 111974]
[New LWP 111973]
[New LWP 111972]
[New LWP 111971]
[New LWP 111970]
[New LWP 111969]
[New LWP 111968]
[New LWP 111967]
[New LWP 111966]
[New LWP 111965]
[New LWP 111964]
[New LWP 111963]
[New LWP 111805]
[New LWP 111804]
[New LWP 111803]
[New LWP 111802]
[New LWP 111801]
[New LWP 111755]
[New LWP 111754]
[Thread debugging using libthread_db enabled]
Using host libthread_db library "/lib64/libthread_db.so.1".
syscall () at ../sysdeps/unix/sysv/linux/powerpc/syscall.S:29
29		PSEUDO_RET

Thread 40 (Thread 0x20000ad4eaf0 (LWP 111754)):
#0  0x00002000086d6df8 in poll () at ../sysdeps/unix/syscall-template.S:81
#1  0x000020000a62a068 in poll_dispatch (base=0x10252240, tv=0x20000ad4e070) at poll.c:171
#2  0x000020000a61c180 in event_base_loop (base=0x10252240, flags=<optimized out>) at event.c:1947
#3  0x000020000a7f0fec in progress_engine () from /usr/tce/packages/spectrum-mpi/ibm/spectrum-mpi-2020.08.19/lib/libopen-pal.so.3
#4  0x00002000000f8cd4 in start_thread (arg=0x20000ad4eaf0) at pthread_create.c:309
#5  0x00002000086e7f14 in clone () at ../sysdeps/unix/sysv/linux/powerpc/powerpc64/clone.S:104

Thread 39 (Thread 0x20000b5feaf0 (LWP 111755)):
#0  0x00002000086e8aa8 in epoll_wait () at ../sysdeps/unix/syscall-template.S:81
#1  0x000020000a62b18c in epoll_dispatch (base=0x102a69a0, tv=<optimized out>) at epoll.c:462
#2  0x000020000a61c180 in event_base_loop (base=0x102a69a0, flags=<optimized out>) at event.c:1947
#3  0x000020000ae61cac in progress_engine () from /usr/tce/packages/spectrum-mpi/ibm/spectrum-mpi-2020.08.19/lib/libpmix.so.2
#4  0x00002000000f8cd4 in start_thread (arg=0x20000b5feaf0) at pthread_create.c:309
#5  0x00002000086e7f14 in clone () at ../sysdeps/unix/sysv/linux/powerpc/powerpc64/clone.S:104

Thread 38 (Thread 0x20003226eaf0 (LWP 111801)):
#0  0x00002000086d6df8 in poll () at ../sysdeps/unix/syscall-template.S:81
#1  0x0000200006e50ff0 in ?? () from /usr/tce/packages/cuda/cuda-11.7.0/lib64/libcuda.so.1
#2  0x0000200006f15bf4 in ?? () from /usr/tce/packages/cuda/cuda-11.7.0/lib64/libcuda.so.1
#3  0x0000200006e49c24 in ?? () from /usr/tce/packages/cuda/cuda-11.7.0/lib64/libcuda.so.1
#4  0x00002000000f8cd4 in start_thread (arg=0x20003226eaf0) at pthread_create.c:309
#5  0x00002000086e7f14 in clone () at ../sysdeps/unix/sysv/linux/powerpc/powerpc64/clone.S:104

Thread 37 (Thread 0x20003267eaf0 (LWP 111802)):
#0  0x00002000086d6df8 in poll () at ../sysdeps/unix/syscall-template.S:81
#1  0x0000200006e50ff0 in ?? () from /usr/tce/packages/cuda/cuda-11.7.0/lib64/libcuda.so.1
#2  0x0000200006f15bf4 in ?? () from /usr/tce/packages/cuda/cuda-11.7.0/lib64/libcuda.so.1
#3  0x0000200006e49c24 in ?? () from /usr/tce/packages/cuda/cuda-11.7.0/lib64/libcuda.so.1
#4  0x00002000000f8cd4 in start_thread (arg=0x20003267eaf0) at pthread_create.c:309
#5  0x00002000086e7f14 in clone () at ../sysdeps/unix/sysv/linux/powerpc/powerpc64/clone.S:104

Thread 36 (Thread 0x200032c0eaf0 (LWP 111803)):
#0  0x00002000086d6df8 in poll () at ../sysdeps/unix/syscall-template.S:81
#1  0x0000200006e50ff0 in ?? () from /usr/tce/packages/cuda/cuda-11.7.0/lib64/libcuda.so.1
#2  0x0000200006f15bf4 in ?? () from /usr/tce/packages/cuda/cuda-11.7.0/lib64/libcuda.so.1
#3  0x0000200006e49c24 in ?? () from /usr/tce/packages/cuda/cuda-11.7.0/lib64/libcuda.so.1
#4  0x00002000000f8cd4 in start_thread (arg=0x200032c0eaf0) at pthread_create.c:309
#5  0x00002000086e7f14 in clone () at ../sysdeps/unix/sysv/linux/powerpc/powerpc64/clone.S:104

Thread 35 (Thread 0x20003319eaf0 (LWP 111804)):
#0  0x00002000086d6df8 in poll () at ../sysdeps/unix/syscall-template.S:81
#1  0x0000200006e50ff0 in ?? () from /usr/tce/packages/cuda/cuda-11.7.0/lib64/libcuda.so.1
#2  0x0000200006f15bf4 in ?? () from /usr/tce/packages/cuda/cuda-11.7.0/lib64/libcuda.so.1
#3  0x0000200006e49c24 in ?? () from /usr/tce/packages/cuda/cuda-11.7.0/lib64/libcuda.so.1
#4  0x00002000000f8cd4 in start_thread (arg=0x20003319eaf0) at pthread_create.c:309
#5  0x00002000086e7f14 in clone () at ../sysdeps/unix/sysv/linux/powerpc/powerpc64/clone.S:104

Thread 34 (Thread 0x20003372eaf0 (LWP 111805)):
#0  0x00002000086d6df8 in poll () at ../sysdeps/unix/syscall-template.S:81
#1  0x0000200006e50ff0 in ?? () from /usr/tce/packages/cuda/cuda-11.7.0/lib64/libcuda.so.1
#2  0x0000200006f15bf4 in ?? () from /usr/tce/packages/cuda/cuda-11.7.0/lib64/libcuda.so.1
#3  0x0000200006e49c24 in ?? () from /usr/tce/packages/cuda/cuda-11.7.0/lib64/libcuda.so.1
#4  0x00002000000f8cd4 in start_thread (arg=0x20003372eaf0) at pthread_create.c:309
#5  0x00002000086e7f14 in clone () at ../sysdeps/unix/sysv/linux/powerpc/powerpc64/clone.S:104

Thread 33 (Thread 0x200033acf8b0 (LWP 111963)):
#0  sched_yield () at ../sysdeps/unix/syscall-template.S:82
#1  0x00002000060ace6c in Realm::ThreadPool::worker_entry (this=<optimized out>) at /g/g92/wei8/release_exp/taco/legion/legion/runtime/realm/openmp/openmp_threadpool.cc:385
#2  0x000020000604e2e4 in Realm::KernelThread::pthread_entry (data=0x15876440) at /g/g92/wei8/release_exp/taco/legion/legion/runtime/realm/threads.cc:781
#3  0x00002000000f8cd4 in start_thread (arg=0x200033acf8b0) at pthread_create.c:309
#4  0x00002000086e7f14 in clone () at ../sysdeps/unix/sysv/linux/powerpc/powerpc64/clone.S:104

Thread 32 (Thread 0x200033cff8b0 (LWP 111964)):
#0  sched_yield () at ../sysdeps/unix/syscall-template.S:82
#1  0x00002000060ace6c in Realm::ThreadPool::worker_entry (this=<optimized out>) at /g/g92/wei8/release_exp/taco/legion/legion/runtime/realm/openmp/openmp_threadpool.cc:385
#2  0x000020000604e2e4 in Realm::KernelThread::pthread_entry (data=0x15872560) at /g/g92/wei8/release_exp/taco/legion/legion/runtime/realm/threads.cc:781
#3  0x00002000000f8cd4 in start_thread (arg=0x200033cff8b0) at pthread_create.c:309
#4  0x00002000086e7f14 in clone () at ../sysdeps/unix/sysv/linux/powerpc/powerpc64/clone.S:104

Thread 31 (Thread 0x200033f2f8b0 (LWP 111965)):
#0  sched_yield () at ../sysdeps/unix/syscall-template.S:82
#1  0x00002000060ace6c in Realm::ThreadPool::worker_entry (this=<optimized out>) at /g/g92/wei8/release_exp/taco/legion/legion/runtime/realm/openmp/openmp_threadpool.cc:385
#2  0x000020000604e2e4 in Realm::KernelThread::pthread_entry (data=0x1588a0a0) at /g/g92/wei8/release_exp/taco/legion/legion/runtime/realm/threads.cc:781
#3  0x00002000000f8cd4 in start_thread (arg=0x200033f2f8b0) at pthread_create.c:309
#4  0x00002000086e7f14 in clone () at ../sysdeps/unix/sysv/linux/powerpc/powerpc64/clone.S:104

Thread 30 (Thread 0x20005811f8b0 (LWP 111966)):
#0  syscall () at ../sysdeps/unix/sysv/linux/powerpc/syscall.S:29
#1  0x00002000060fdbb0 in Realm::Doorbell::wait_slow (this=0x200058120350) at /g/g92/wei8/release_exp/taco/legion/legion/runtime/realm/mutex.cc:316
#2  0x0000200005f3f8c4 in wait (this=<optimized out>) at /g/g92/wei8/release_exp/taco/legion/legion/runtime/realm/mutex.inl:81
#3  Realm::BackgroundWorkThread::main_loop (this=0x15949b90) at /g/g92/wei8/release_exp/taco/legion/legion/runtime/realm/bgwork.cc:166
#4  0x000020000604e2e4 in Realm::KernelThread::pthread_entry (data=0x1581d2d0) at /g/g92/wei8/release_exp/taco/legion/legion/runtime/realm/threads.cc:781
#5  0x00002000000f8cd4 in start_thread (arg=0x20005811f8b0) at pthread_create.c:309
#6  0x00002000086e7f14 in clone () at ../sysdeps/unix/sysv/linux/powerpc/powerpc64/clone.S:104

Thread 29 (Thread 0x20005824f8b0 (LWP 111967)):
#0  syscall () at ../sysdeps/unix/sysv/linux/powerpc/syscall.S:29
#1  0x00002000060fdbb0 in Realm::Doorbell::wait_slow (this=0x200058250350) at /g/g92/wei8/release_exp/taco/legion/legion/runtime/realm/mutex.cc:316
#2  0x0000200005f3f8c4 in wait (this=<optimized out>) at /g/g92/wei8/release_exp/taco/legion/legion/runtime/realm/mutex.inl:81
#3  Realm::BackgroundWorkThread::main_loop (this=0x15839880) at /g/g92/wei8/release_exp/taco/legion/legion/runtime/realm/bgwork.cc:166
#4  0x000020000604e2e4 in Realm::KernelThread::pthread_entry (data=0x15821130) at /g/g92/wei8/release_exp/taco/legion/legion/runtime/realm/threads.cc:781
#5  0x00002000000f8cd4 in start_thread (arg=0x20005824f8b0) at pthread_create.c:309
#6  0x00002000086e7f14 in clone () at ../sysdeps/unix/sysv/linux/powerpc/powerpc64/clone.S:104

Thread 28 (Thread 0x20005847f8b0 (LWP 111968)):
#0  sched_yield () at ../sysdeps/unix/syscall-template.S:82
#1  0x00002000060ace6c in Realm::ThreadPool::worker_entry (this=<optimized out>) at /g/g92/wei8/release_exp/taco/legion/legion/runtime/realm/openmp/openmp_threadpool.cc:385
#2  0x000020000604e2e4 in Realm::KernelThread::pthread_entry (data=0x15856d30) at /g/g92/wei8/release_exp/taco/legion/legion/runtime/realm/threads.cc:781
#3  0x00002000000f8cd4 in start_thread (arg=0x20005847f8b0) at pthread_create.c:309
#4  0x00002000086e7f14 in clone () at ../sysdeps/unix/sysv/linux/powerpc/powerpc64/clone.S:104

Thread 27 (Thread 0x2000586af8b0 (LWP 111969)):
#0  sched_yield () at ../sysdeps/unix/syscall-template.S:82
#1  0x00002000060ace6c in Realm::ThreadPool::worker_entry (this=<optimized out>) at /g/g92/wei8/release_exp/taco/legion/legion/runtime/realm/openmp/openmp_threadpool.cc:385
#2  0x000020000604e2e4 in Realm::KernelThread::pthread_entry (data=0x15852e50) at /g/g92/wei8/release_exp/taco/legion/legion/runtime/realm/threads.cc:781
#3  0x00002000000f8cd4 in start_thread (arg=0x2000586af8b0) at pthread_create.c:309
#4  0x00002000086e7f14 in clone () at ../sysdeps/unix/sysv/linux/powerpc/powerpc64/clone.S:104

Thread 26 (Thread 0x2000588df8b0 (LWP 111970)):
#0  sched_yield () at ../sysdeps/unix/syscall-template.S:82
#1  0x00002000060ace6c in Realm::ThreadPool::worker_entry (this=<optimized out>) at /g/g92/wei8/release_exp/taco/legion/legion/runtime/realm/openmp/openmp_threadpool.cc:385
#2  0x000020000604e2e4 in Realm::KernelThread::pthread_entry (data=0x158377f0) at /g/g92/wei8/release_exp/taco/legion/legion/runtime/realm/threads.cc:781
#3  0x00002000000f8cd4 in start_thread (arg=0x2000588df8b0) at pthread_create.c:309
#4  0x00002000086e7f14 in clone () at ../sysdeps/unix/sysv/linux/powerpc/powerpc64/clone.S:104

Thread 25 (Thread 0x200058b0f8b0 (LWP 111971)):
#0  sched_yield () at ../sysdeps/unix/syscall-template.S:82
#1  0x00002000060ace6c in Realm::ThreadPool::worker_entry (this=<optimized out>) at /g/g92/wei8/release_exp/taco/legion/legion/runtime/realm/openmp/openmp_threadpool.cc:385
#2  0x000020000604e2e4 in Realm::KernelThread::pthread_entry (data=0x15833910) at /g/g92/wei8/release_exp/taco/legion/legion/runtime/realm/threads.cc:781
#3  0x00002000000f8cd4 in start_thread (arg=0x200058b0f8b0) at pthread_create.c:309
#4  0x00002000086e7f14 in clone () at ../sysdeps/unix/sysv/linux/powerpc/powerpc64/clone.S:104

Thread 24 (Thread 0x200058c3f8b0 (LWP 111972)):
#0  syscall () at ../sysdeps/unix/sysv/linux/powerpc/syscall.S:29
#1  0x00002000060fdbb0 in Realm::Doorbell::wait_slow (this=0x200058c40350) at /g/g92/wei8/release_exp/taco/legion/legion/runtime/realm/mutex.cc:316
#2  0x0000200005f3f8c4 in wait (this=<optimized out>) at /g/g92/wei8/release_exp/taco/legion/legion/runtime/realm/mutex.inl:81
#3  Realm::BackgroundWorkThread::main_loop (this=0x15821330) at /g/g92/wei8/release_exp/taco/legion/legion/runtime/realm/bgwork.cc:166
#4  0x000020000604e2e4 in Realm::KernelThread::pthread_entry (data=0x15940030) at /g/g92/wei8/release_exp/taco/legion/legion/runtime/realm/threads.cc:781
#5  0x00002000000f8cd4 in start_thread (arg=0x200058c3f8b0) at pthread_create.c:309
#6  0x00002000086e7f14 in clone () at ../sysdeps/unix/sysv/linux/powerpc/powerpc64/clone.S:104

Thread 23 (Thread 0x200058d6f8b0 (LWP 111973)):
#0  syscall () at ../sysdeps/unix/sysv/linux/powerpc/syscall.S:29
#1  0x00002000060fdbb0 in Realm::Doorbell::wait_slow (this=0x200058d70350) at /g/g92/wei8/release_exp/taco/legion/legion/runtime/realm/mutex.cc:316
#2  0x0000200005f3f8c4 in wait (this=<optimized out>) at /g/g92/wei8/release_exp/taco/legion/legion/runtime/realm/mutex.inl:81
#3  Realm::BackgroundWorkThread::main_loop (this=0x15936920) at /g/g92/wei8/release_exp/taco/legion/legion/runtime/realm/bgwork.cc:166
#4  0x000020000604e2e4 in Realm::KernelThread::pthread_entry (data=0x1581d4f0) at /g/g92/wei8/release_exp/taco/legion/legion/runtime/realm/threads.cc:781
#5  0x00002000000f8cd4 in start_thread (arg=0x200058d6f8b0) at pthread_create.c:309
#6  0x00002000086e7f14 in clone () at ../sysdeps/unix/sysv/linux/powerpc/powerpc64/clone.S:104

Thread 22 (Thread 0x200058e9f8b0 (LWP 111974)):
#0  syscall () at ../sysdeps/unix/sysv/linux/powerpc/syscall.S:29
#1  0x00002000060fdbb0 in Realm::Doorbell::wait_slow (this=0x200058ea0350) at /g/g92/wei8/release_exp/taco/legion/legion/runtime/realm/mutex.cc:316
#2  0x0000200005f3f8c4 in wait (this=<optimized out>) at /g/g92/wei8/release_exp/taco/legion/legion/runtime/realm/mutex.inl:81
#3  Realm::BackgroundWorkThread::main_loop (this=0x1593b560) at /g/g92/wei8/release_exp/taco/legion/legion/runtime/realm/bgwork.cc:166
#4  0x000020000604e2e4 in Realm::KernelThread::pthread_entry (data=0x1581d3e0) at /g/g92/wei8/release_exp/taco/legion/legion/runtime/realm/threads.cc:781
#5  0x00002000000f8cd4 in start_thread (arg=0x200058e9f8b0) at pthread_create.c:309
#6  0x00002000086e7f14 in clone () at ../sysdeps/unix/sysv/linux/powerpc/powerpc64/clone.S:104

Thread 21 (Thread 0x200058fcf8b0 (LWP 111975)):
#0  0x00002000060ce79c in fetch_or (__m=std::memory_order_acq_rel, __i=1, this=0x101e8da8) at /usr/tce/packages/gcc/gcc-7.3.1/rh/usr/include/c++/7/bits/atomic_base.h:544
#1  fetch_or_acqrel (to_or=1, this=0x101e8da8) at /g/g92/wei8/release_exp/taco/legion/legion/runtime/realm/atomics.inl:258
#2  trylock (this=0x101e8da8) at /g/g92/wei8/release_exp/taco/legion/legion/runtime/realm/mutex.inl:183
#3  Realm::GASNetEXPoller::do_work (this=0x101e8d70, work_until=...) at /g/g92/wei8/release_exp/taco/legion/legion/runtime/realm/gasnetex/gasnetex_internal.cc:2809
#4  0x0000200005f3eafc in Realm::BackgroundWorkManager::Worker::do_work (this=0x200058fceb58, max_time_in_ns=-1, interrupt_flag=0x0) at /g/g92/wei8/release_exp/taco/legion/legion/runtime/realm/bgwork.cc:621
#5  0x0000200005f3f3f0 in Realm::BackgroundWorkThread::main_loop (this=0x159541b0) at /g/g92/wei8/release_exp/taco/legion/legion/runtime/realm/bgwork.cc:125
#6  0x000020000604e2e4 in Realm::KernelThread::pthread_entry (data=0x1594fd70) at /g/g92/wei8/release_exp/taco/legion/legion/runtime/realm/threads.cc:781
#7  0x00002000000f8cd4 in start_thread (arg=0x200058fcf8b0) at pthread_create.c:309
#8  0x00002000086e7f14 in clone () at ../sysdeps/unix/sysv/linux/powerpc/powerpc64/clone.S:104

Thread 20 (Thread 0x2000591ff8b0 (LWP 111976)):
#0  sched_yield () at ../sysdeps/unix/syscall-template.S:82
#1  0x00002000060ace6c in Realm::ThreadPool::worker_entry (this=<optimized out>) at /g/g92/wei8/release_exp/taco/legion/legion/runtime/realm/openmp/openmp_threadpool.cc:385
#2  0x000020000604e2e4 in Realm::KernelThread::pthread_entry (data=0x15891e70) at /g/g92/wei8/release_exp/taco/legion/legion/runtime/realm/threads.cc:781
#3  0x00002000000f8cd4 in start_thread (arg=0x2000591ff8b0) at pthread_create.c:309
#4  0x00002000086e7f14 in clone () at ../sysdeps/unix/sysv/linux/powerpc/powerpc64/clone.S:104

Thread 19 (Thread 0x20005942f8b0 (LWP 111977)):
#0  sched_yield () at ../sysdeps/unix/syscall-template.S:82
#1  0x00002000060ace6c in Realm::ThreadPool::worker_entry (this=<optimized out>) at /g/g92/wei8/release_exp/taco/legion/legion/runtime/realm/openmp/openmp_threadpool.cc:385
#2  0x000020000604e2e4 in Realm::KernelThread::pthread_entry (data=0x1588df80) at /g/g92/wei8/release_exp/taco/legion/legion/runtime/realm/threads.cc:781
#3  0x00002000000f8cd4 in start_thread (arg=0x20005942f8b0) at pthread_create.c:309
#4  0x00002000086e7f14 in clone () at ../sysdeps/unix/sysv/linux/powerpc/powerpc64/clone.S:104

Thread 18 (Thread 0x20005955f8b0 (LWP 111978)):
#0  syscall () at ../sysdeps/unix/sysv/linux/powerpc/syscall.S:29
#1  0x00002000060fdbb0 in Realm::Doorbell::wait_slow (this=0x200059560350) at /g/g92/wei8/release_exp/taco/legion/legion/runtime/realm/mutex.cc:316
#2  0x0000200005f3f8c4 in wait (this=<optimized out>) at /g/g92/wei8/release_exp/taco/legion/legion/runtime/realm/mutex.inl:81
#3  Realm::BackgroundWorkThread::main_loop (this=0x15a29ec0) at /g/g92/wei8/release_exp/taco/legion/legion/runtime/realm/bgwork.cc:166
#4  0x000020000604e2e4 in Realm::KernelThread::pthread_entry (data=0x15953e50) at /g/g92/wei8/release_exp/taco/legion/legion/runtime/realm/threads.cc:781
#5  0x00002000000f8cd4 in start_thread (arg=0x20005955f8b0) at pthread_create.c:309
#6  0x00002000086e7f14 in clone () at ../sysdeps/unix/sysv/linux/powerpc/powerpc64/clone.S:104

Thread 17 (Thread 0x20005968f8b0 (LWP 111979)):
#0  syscall () at ../sysdeps/unix/sysv/linux/powerpc/syscall.S:29
#1  0x00002000060fdbb0 in Realm::Doorbell::wait_slow (this=0x200059690350) at /g/g92/wei8/release_exp/taco/legion/legion/runtime/realm/mutex.cc:316
#2  0x0000200005f3f8c4 in wait (this=<optimized out>) at /g/g92/wei8/release_exp/taco/legion/legion/runtime/realm/mutex.inl:81
#3  Realm::BackgroundWorkThread::main_loop (this=0x15a2dd20) at /g/g92/wei8/release_exp/taco/legion/legion/runtime/realm/bgwork.cc:166
#4  0x000020000604e2e4 in Realm::KernelThread::pthread_entry (data=0x15a31b50) at /g/g92/wei8/release_exp/taco/legion/legion/runtime/realm/threads.cc:781
#5  0x00002000000f8cd4 in start_thread (arg=0x20005968f8b0) at pthread_create.c:309
#6  0x00002000086e7f14 in clone () at ../sysdeps/unix/sysv/linux/powerpc/powerpc64/clone.S:104

Thread 16 (Thread 0x2000597bf8b0 (LWP 111980)):
#0  syscall () at ../sysdeps/unix/sysv/linux/powerpc/syscall.S:29
#1  0x00002000060fdbb0 in Realm::Doorbell::wait_slow (this=0x2000597c0350) at /g/g92/wei8/release_exp/taco/legion/legion/runtime/realm/mutex.cc:316
#2  0x0000200005f3f8c4 in wait (this=<optimized out>) at /g/g92/wei8/release_exp/taco/legion/legion/runtime/realm/mutex.inl:81
#3  Realm::BackgroundWorkThread::main_loop (this=0x15950100) at /g/g92/wei8/release_exp/taco/legion/legion/runtime/realm/bgwork.cc:166
#4  0x000020000604e2e4 in Realm::KernelThread::pthread_entry (data=0x1583f2d0) at /g/g92/wei8/release_exp/taco/legion/legion/runtime/realm/threads.cc:781
#5  0x00002000000f8cd4 in start_thread (arg=0x2000597bf8b0) at pthread_create.c:309
#6  0x00002000086e7f14 in clone () at ../sysdeps/unix/sysv/linux/powerpc/powerpc64/clone.S:104

Thread 15 (Thread 0x2000598ef8b0 (LWP 111981)):
#0  syscall () at ../sysdeps/unix/sysv/linux/powerpc/syscall.S:29
#1  0x00002000060fdbb0 in Realm::Doorbell::wait_slow (this=0x2000598f0350) at /g/g92/wei8/release_exp/taco/legion/legion/runtime/realm/mutex.cc:316
#2  0x0000200005f3f8c4 in wait (this=<optimized out>) at /g/g92/wei8/release_exp/taco/legion/legion/runtime/realm/mutex.inl:81
#3  Realm::BackgroundWorkThread::main_loop (this=0x15a31970) at /g/g92/wei8/release_exp/taco/legion/legion/runtime/realm/bgwork.cc:166
#4  0x000020000604e2e4 in Realm::KernelThread::pthread_entry (data=0x15a31a40) at /g/g92/wei8/release_exp/taco/legion/legion/runtime/realm/threads.cc:781
#5  0x00002000000f8cd4 in start_thread (arg=0x2000598ef8b0) at pthread_create.c:309
#6  0x00002000086e7f14 in clone () at ../sysdeps/unix/sysv/linux/powerpc/powerpc64/clone.S:104

Thread 14 (Thread 0x200059a1f8b0 (LWP 111982)):
#0  syscall () at ../sysdeps/unix/sysv/linux/powerpc/syscall.S:29
#1  0x00002000060fdbb0 in Realm::Doorbell::wait_slow (this=0x200059a20350) at /g/g92/wei8/release_exp/taco/legion/legion/runtime/realm/mutex.cc:316
#2  0x0000200005f3f8c4 in wait (this=<optimized out>) at /g/g92/wei8/release_exp/taco/legion/legion/runtime/realm/mutex.inl:81
#3  Realm::BackgroundWorkThread::main_loop (this=0x15a39980) at /g/g92/wei8/release_exp/taco/legion/legion/runtime/realm/bgwork.cc:166
#4  0x000020000604e2e4 in Realm::KernelThread::pthread_entry (data=0x15a35820) at /g/g92/wei8/release_exp/taco/legion/legion/runtime/realm/threads.cc:781
#5  0x00002000000f8cd4 in start_thread (arg=0x200059a1f8b0) at pthread_create.c:309
#6  0x00002000086e7f14 in clone () at ../sysdeps/unix/sysv/linux/powerpc/powerpc64/clone.S:104

Thread 13 (Thread 0x200059b4f8b0 (LWP 111983)):
#0  syscall () at ../sysdeps/unix/sysv/linux/powerpc/syscall.S:29
#1  0x00002000060fdbb0 in Realm::Doorbell::wait_slow (this=0x200059b50350) at /g/g92/wei8/release_exp/taco/legion/legion/runtime/realm/mutex.cc:316
#2  0x0000200005f3f8c4 in wait (this=<optimized out>) at /g/g92/wei8/release_exp/taco/legion/legion/runtime/realm/mutex.inl:81
#3  Realm::BackgroundWorkThread::main_loop (this=0x159368b0) at /g/g92/wei8/release_exp/taco/legion/legion/runtime/realm/bgwork.cc:166
#4  0x000020000604e2e4 in Realm::KernelThread::pthread_entry (data=0x15a39640) at /g/g92/wei8/release_exp/taco/legion/legion/runtime/realm/threads.cc:781
#5  0x00002000000f8cd4 in start_thread (arg=0x200059b4f8b0) at pthread_create.c:309
#6  0x00002000086e7f14 in clone () at ../sysdeps/unix/sysv/linux/powerpc/powerpc64/clone.S:104

Thread 12 (Thread 0x20005a63f8b0 (LWP 111988)):
#0  syscall () at ../sysdeps/unix/sysv/linux/powerpc/syscall.S:29
#1  0x00002000060fdbb0 in Realm::Doorbell::wait_slow (this=0x20005a640350) at /g/g92/wei8/release_exp/taco/legion/legion/runtime/realm/mutex.cc:316
#2  0x0000200006043644 in wait (this=<optimized out>) at /g/g92/wei8/release_exp/taco/legion/legion/runtime/realm/mutex.inl:81
#3  Realm::ThreadedTaskScheduler::WorkCounter::wait_for_work (this=0x15798030, old_counter=<optimized out>) at /g/g92/wei8/release_exp/taco/legion/legion/runtime/realm/tasks.cc:664
#4  0x0000200006043758 in Realm::ThreadedTaskScheduler::wait_for_work (this=0x15797ea0, old_work_counter=<optimized out>) at /g/g92/wei8/release_exp/taco/legion/legion/runtime/realm/tasks.cc:1239
#5  0x000020000604ad58 in Realm::ThreadedTaskScheduler::scheduler_loop (this=0x15797ea0) at /g/g92/wei8/release_exp/taco/legion/legion/runtime/realm/tasks.cc:1205
#6  0x000020000604b08c in Realm::ThreadedTaskScheduler::scheduler_loop_wlock (this=0x15797ea0) at /g/g92/wei8/release_exp/taco/legion/legion/runtime/realm/tasks.cc:1217
#7  0x000020000604e2e4 in Realm::KernelThread::pthread_entry (data=0x168d2330) at /g/g92/wei8/release_exp/taco/legion/legion/runtime/realm/threads.cc:781
#8  0x00002000000f8cd4 in start_thread (arg=0x20005a63f8b0) at pthread_create.c:309
#9  0x00002000086e7f14 in clone () at ../sysdeps/unix/sysv/linux/powerpc/powerpc64/clone.S:104

Thread 11 (Thread 0x20005a86f8b0 (LWP 111989)):
#0  syscall () at ../sysdeps/unix/sysv/linux/powerpc/syscall.S:29
#1  0x00002000060fdbb0 in Realm::Doorbell::wait_slow (this=0x20005a870350) at /g/g92/wei8/release_exp/taco/legion/legion/runtime/realm/mutex.cc:316
#2  0x00002000060ff848 in wait (this=0x20005a870350) at /g/g92/wei8/release_exp/taco/legion/legion/runtime/realm/mutex.inl:81
#3  Realm::FIFOCondVar::wait (this=0x20005a86a520) at /g/g92/wei8/release_exp/taco/legion/legion/runtime/realm/mutex.cc:1096
#4  0x0000200006046f28 in Realm::KernelThreadTaskScheduler::worker_sleep (this=0x158d2880, switch_to=0x2035140013d0) at /g/g92/wei8/release_exp/taco/legion/legion/runtime/realm/tasks.cc:1414
#5  0x000020000604861c in Realm::ThreadedTaskScheduler::thread_blocking (this=0x158d2880, thread=<optimized out>) at /g/g92/wei8/release_exp/taco/legion/legion/runtime/realm/tasks.cc:908
#6  0x0000200005f59ec8 in Realm::Thread::wait_for_condition<Realm::EventTriggeredCondition> (cond=..., poisoned=@0x20005a86ae38: false) at /g/g92/wei8/release_exp/taco/legion/legion/runtime/realm/threads.inl:218
#7  0x0000200005f48158 in Realm::Event::wait_faultaware (this=0x20005a86bf50, poisoned=@0x20005a86ae38: false) at /g/g92/wei8/release_exp/taco/legion/legion/runtime/realm/event_impl.cc:254
#8  0x0000200005f483cc in Realm::Event::wait (this=<optimized out>) at /g/g92/wei8/release_exp/taco/legion/legion/runtime/realm/event_impl.cc:206
#9  0x000000001005ef7c in Legion::Internal::LgEvent::wait() const ()
#10 0x00002000053852cc in Legion::Internal::ReplFutureMapImpl::wait_all_results (this=0x20351405d9b0, silence_warnings=<optimized out>, warning_string=<optimized out>) at /g/g92/wei8/release_exp/taco/legion/legion/runtime/legion/runtime.cc:4429
#11 0x0000200005069778 in Legion::FutureMap::wait_all_results (this=<optimized out>, silence_warnings=<optimized out>, warning_string=<optimized out>) at /g/g92/wei8/release_exp/taco/legion/legion/runtime/legion/legion.cc:2609
#12 0x00000000100a0864 in placeLegionA(Legion::Internal::TaskContext*, Legion::Runtime*, Legion::LogicalRegion, Legion::LogicalPartition, int, legion_privilege_mode_t, int) ()
#13 0x0000000010032828 in std::_Function_handler<void (), top_level_task(Legion::Task const*, std::vector<Legion::PhysicalRegion, std::allocator<Legion::PhysicalRegion> > const&, Legion::Internal::TaskContext*, Legion::Runtime*)::{lambda()#1}>::_M_invoke(std::_Any_data const&) ()
#14 0x000000001008f238 in benchmark(Legion::Internal::TaskContext*, Legion::Runtime*, std::vector<unsigned long, std::allocator<unsigned long> >&, std::function<void ()>) ()
#15 0x0000000010033680 in top_level_task(Legion::Task const*, std::vector<Legion::PhysicalRegion, std::allocator<Legion::PhysicalRegion> > const&, Legion::Internal::TaskContext*, Legion::Runtime*) ()
#16 0x000000001005eff4 in void Legion::LegionTaskWrapper::legion_task_wrapper<&(top_level_task(Legion::Task const*, std::vector<Legion::PhysicalRegion, std::allocator<Legion::PhysicalRegion> > const&, Legion::Internal::TaskContext*, Legion::Runtime*))>(void const*, unsigned long, void const*, unsigned long, Realm::Processor) ()
#17 0x0000200005ff11d0 in Realm::LocalTaskProcessor::execute_task (this=0x1596bd70, func_id=<optimized out>, task_args=...) at /g/g92/wei8/release_exp/taco/legion/legion/runtime/realm/proc_impl.cc:1135
#18 0x0000200006047178 in Realm::Task::execute_on_processor (this=0x20353007a750, p=...) at /g/g92/wei8/release_exp/taco/legion/legion/runtime/realm/tasks.cc:302
#19 0x0000200006047424 in Realm::KernelThreadTaskScheduler::execute_task (this=<optimized out>, task=<optimized out>) at /g/g92/wei8/release_exp/taco/legion/legion/runtime/realm/tasks.cc:1366
#20 0x000020000604a874 in Realm::ThreadedTaskScheduler::scheduler_loop (this=0x158d2880) at /g/g92/wei8/release_exp/taco/legion/legion/runtime/realm/tasks.cc:1105
#21 0x000020000604b08c in Realm::ThreadedTaskScheduler::scheduler_loop_wlock (this=0x158d2880) at /g/g92/wei8/release_exp/taco/legion/legion/runtime/realm/tasks.cc:1217
#22 0x000020000604e2e4 in Realm::KernelThread::pthread_entry (data=0x168d2910) at /g/g92/wei8/release_exp/taco/legion/legion/runtime/realm/threads.cc:781
#23 0x00002000000f8cd4 in start_thread (arg=0x20005a86f8b0) at pthread_create.c:309
#24 0x00002000086e7f14 in clone () at ../sysdeps/unix/sysv/linux/powerpc/powerpc64/clone.S:104

Thread 10 (Thread 0x20005b35f8b0 (LWP 111996)):
#0  syscall () at ../sysdeps/unix/sysv/linux/powerpc/syscall.S:29
#1  0x00002000060fdbb0 in Realm::Doorbell::wait_slow (this=0x20005b360350) at /g/g92/wei8/release_exp/taco/legion/legion/runtime/realm/mutex.cc:316
#2  0x0000200006043644 in wait (this=<optimized out>) at /g/g92/wei8/release_exp/taco/legion/legion/runtime/realm/mutex.inl:81
#3  Realm::ThreadedTaskScheduler::WorkCounter::wait_for_work (this=0x158d2a10, old_counter=<optimized out>) at /g/g92/wei8/release_exp/taco/legion/legion/runtime/realm/tasks.cc:664
#4  0x0000200006043758 in Realm::ThreadedTaskScheduler::wait_for_work (this=0x158d2880, old_work_counter=<optimized out>) at /g/g92/wei8/release_exp/taco/legion/legion/runtime/realm/tasks.cc:1239
#5  0x000020000604ad58 in Realm::ThreadedTaskScheduler::scheduler_loop (this=0x158d2880) at /g/g92/wei8/release_exp/taco/legion/legion/runtime/realm/tasks.cc:1205
#6  0x000020000604b08c in Realm::ThreadedTaskScheduler::scheduler_loop_wlock (this=0x158d2880) at /g/g92/wei8/release_exp/taco/legion/legion/runtime/realm/tasks.cc:1217
#7  0x000020000604e2e4 in Realm::KernelThread::pthread_entry (data=0x2035140013d0) at /g/g92/wei8/release_exp/taco/legion/legion/runtime/realm/threads.cc:781
#8  0x00002000000f8cd4 in start_thread (arg=0x20005b35f8b0) at pthread_create.c:309
#9  0x00002000086e7f14 in clone () at ../sysdeps/unix/sysv/linux/powerpc/powerpc64/clone.S:104

Thread 9 (Thread 0x20005aeff8b0 (LWP 118010)):
#0  syscall () at ../sysdeps/unix/sysv/linux/powerpc/syscall.S:29
#1  0x00002000060fdbb0 in Realm::Doorbell::wait_slow (this=0x20005af00350) at /g/g92/wei8/release_exp/taco/legion/legion/runtime/realm/mutex.cc:316
#2  0x0000200006043644 in wait (this=<optimized out>) at /g/g92/wei8/release_exp/taco/legion/legion/runtime/realm/mutex.inl:81
#3  Realm::ThreadedTaskScheduler::WorkCounter::wait_for_work (this=0x159294d0, old_counter=<optimized out>) at /g/g92/wei8/release_exp/taco/legion/legion/runtime/realm/tasks.cc:664
#4  0x0000200006043758 in Realm::ThreadedTaskScheduler::wait_for_work (this=0x15929340, old_work_counter=<optimized out>) at /g/g92/wei8/release_exp/taco/legion/legion/runtime/realm/tasks.cc:1239
#5  0x000020000604ad58 in Realm::ThreadedTaskScheduler::scheduler_loop (this=0x15929340) at /g/g92/wei8/release_exp/taco/legion/legion/runtime/realm/tasks.cc:1205
#6  0x000020000604b08c in Realm::ThreadedTaskScheduler::scheduler_loop_wlock (this=0x15929340) at /g/g92/wei8/release_exp/taco/legion/legion/runtime/realm/tasks.cc:1217
#7  0x000020000604e2e4 in Realm::KernelThread::pthread_entry (data=0x20352663dfe0) at /g/g92/wei8/release_exp/taco/legion/legion/runtime/realm/threads.cc:781
#8  0x00002000000f8cd4 in start_thread (arg=0x20005aeff8b0) at pthread_create.c:309
#9  0x00002000086e7f14 in clone () at ../sysdeps/unix/sysv/linux/powerpc/powerpc64/clone.S:104

Thread 8 (Thread 0x20005ec3f8b0 (LWP 118011)):
#0  syscall () at ../sysdeps/unix/sysv/linux/powerpc/syscall.S:29
#1  0x00002000060fdbb0 in Realm::Doorbell::wait_slow (this=0x20005ec40350) at /g/g92/wei8/release_exp/taco/legion/legion/runtime/realm/mutex.cc:316
#2  0x0000200006043644 in wait (this=<optimized out>) at /g/g92/wei8/release_exp/taco/legion/legion/runtime/realm/mutex.inl:81
#3  Realm::ThreadedTaskScheduler::WorkCounter::wait_for_work (this=0x15a4ced0, old_counter=<optimized out>) at /g/g92/wei8/release_exp/taco/legion/legion/runtime/realm/tasks.cc:664
#4  0x0000200006043758 in Realm::ThreadedTaskScheduler::wait_for_work (this=0x15a4cd40, old_work_counter=<optimized out>) at /g/g92/wei8/release_exp/taco/legion/legion/runtime/realm/tasks.cc:1239
#5  0x000020000604ad58 in Realm::ThreadedTaskScheduler::scheduler_loop (this=0x15a4cd40) at /g/g92/wei8/release_exp/taco/legion/legion/runtime/realm/tasks.cc:1205
#6  0x000020000604b08c in Realm::ThreadedTaskScheduler::scheduler_loop_wlock (this=0x15a4cd40) at /g/g92/wei8/release_exp/taco/legion/legion/runtime/realm/tasks.cc:1217
#7  0x000020000604e2e4 in Realm::KernelThread::pthread_entry (data=0x203540334330) at /g/g92/wei8/release_exp/taco/legion/legion/runtime/realm/threads.cc:781
#8  0x00002000000f8cd4 in start_thread (arg=0x20005ec3f8b0) at pthread_create.c:309
#9  0x00002000086e7f14 in clone () at ../sysdeps/unix/sysv/linux/powerpc/powerpc64/clone.S:104

Thread 7 (Thread 0x20351c44f8b0 (LWP 118013)):
#0  syscall () at ../sysdeps/unix/sysv/linux/powerpc/syscall.S:29
#1  0x00002000060fdbb0 in Realm::Doorbell::wait_slow (this=0x20351c450350) at /g/g92/wei8/release_exp/taco/legion/legion/runtime/realm/mutex.cc:316
#2  0x0000200006043644 in wait (this=<optimized out>) at /g/g92/wei8/release_exp/taco/legion/legion/runtime/realm/mutex.inl:81
#3  Realm::ThreadedTaskScheduler::WorkCounter::wait_for_work (this=0x15909bd0, old_counter=<optimized out>) at /g/g92/wei8/release_exp/taco/legion/legion/runtime/realm/tasks.cc:664
#4  0x0000200006043758 in Realm::ThreadedTaskScheduler::wait_for_work (this=0x15909a40, old_work_counter=<optimized out>) at /g/g92/wei8/release_exp/taco/legion/legion/runtime/realm/tasks.cc:1239
#5  0x000020000604ad58 in Realm::ThreadedTaskScheduler::scheduler_loop (this=0x15909a40) at /g/g92/wei8/release_exp/taco/legion/legion/runtime/realm/tasks.cc:1205
#6  0x000020000604b08c in Realm::ThreadedTaskScheduler::scheduler_loop_wlock (this=0x15909a40) at /g/g92/wei8/release_exp/taco/legion/legion/runtime/realm/tasks.cc:1217
#7  0x000020000604e2e4 in Realm::KernelThread::pthread_entry (data=0x20351873ab50) at /g/g92/wei8/release_exp/taco/legion/legion/runtime/realm/threads.cc:781
#8  0x00002000000f8cd4 in start_thread (arg=0x20351c44f8b0) at pthread_create.c:309
#9  0x00002000086e7f14 in clone () at ../sysdeps/unix/sysv/linux/powerpc/powerpc64/clone.S:104

Thread 6 (Thread 0x20005dabf8b0 (LWP 118015)):
#0  syscall () at ../sysdeps/unix/sysv/linux/powerpc/syscall.S:29
#1  0x00002000060fdbb0 in Realm::Doorbell::wait_slow (this=0x20005dac0350) at /g/g92/wei8/release_exp/taco/legion/legion/runtime/realm/mutex.cc:316
#2  0x0000200006043644 in wait (this=<optimized out>) at /g/g92/wei8/release_exp/taco/legion/legion/runtime/realm/mutex.inl:81
#3  Realm::ThreadedTaskScheduler::WorkCounter::wait_for_work (this=0x157e3ff0, old_counter=<optimized out>) at /g/g92/wei8/release_exp/taco/legion/legion/runtime/realm/tasks.cc:664
#4  0x0000200006043758 in Realm::ThreadedTaskScheduler::wait_for_work (this=0x157e3e60, old_work_counter=<optimized out>) at /g/g92/wei8/release_exp/taco/legion/legion/runtime/realm/tasks.cc:1239
#5  0x000020000604ad58 in Realm::ThreadedTaskScheduler::scheduler_loop (this=0x157e3e60) at /g/g92/wei8/release_exp/taco/legion/legion/runtime/realm/tasks.cc:1205
#6  0x000020000604b08c in Realm::ThreadedTaskScheduler::scheduler_loop_wlock (this=0x157e3e60) at /g/g92/wei8/release_exp/taco/legion/legion/runtime/realm/tasks.cc:1217
#7  0x000020000604e2e4 in Realm::KernelThread::pthread_entry (data=0x2035b402cad0) at /g/g92/wei8/release_exp/taco/legion/legion/runtime/realm/threads.cc:781
#8  0x00002000000f8cd4 in start_thread (arg=0x20005dabf8b0) at pthread_create.c:309
#9  0x00002000086e7f14 in clone () at ../sysdeps/unix/sysv/linux/powerpc/powerpc64/clone.S:104

Thread 5 (Thread 0x20005a1df8b0 (LWP 118589)):
#0  syscall () at ../sysdeps/unix/sysv/linux/powerpc/syscall.S:29
#1  0x00002000060fdbb0 in Realm::Doorbell::wait_slow (this=0x20005a1e0350) at /g/g92/wei8/release_exp/taco/legion/legion/runtime/realm/mutex.cc:316
#2  0x0000200006043644 in wait (this=<optimized out>) at /g/g92/wei8/release_exp/taco/legion/legion/runtime/realm/mutex.inl:81
#3  Realm::ThreadedTaskScheduler::WorkCounter::wait_for_work (this=0x15a3d590, old_counter=<optimized out>) at /g/g92/wei8/release_exp/taco/legion/legion/runtime/realm/tasks.cc:664
#4  0x0000200006043758 in Realm::ThreadedTaskScheduler::wait_for_work (this=0x15a3d400, old_work_counter=<optimized out>) at /g/g92/wei8/release_exp/taco/legion/legion/runtime/realm/tasks.cc:1239
#5  0x000020000604ad58 in Realm::ThreadedTaskScheduler::scheduler_loop (this=0x15a3d400) at /g/g92/wei8/release_exp/taco/legion/legion/runtime/realm/tasks.cc:1205
#6  0x000020000604b08c in Realm::ThreadedTaskScheduler::scheduler_loop_wlock (this=0x15a3d400) at /g/g92/wei8/release_exp/taco/legion/legion/runtime/realm/tasks.cc:1217
#7  0x000020000604e2e4 in Realm::KernelThread::pthread_entry (data=0x203526601850) at /g/g92/wei8/release_exp/taco/legion/legion/runtime/realm/threads.cc:781
#8  0x00002000000f8cd4 in start_thread (arg=0x20005a1df8b0) at pthread_create.c:309
#9  0x00002000086e7f14 in clone () at ../sysdeps/unix/sysv/linux/powerpc/powerpc64/clone.S:104

Thread 4 (Thread 0x20351cadf8b0 (LWP 118609)):
#0  syscall () at ../sysdeps/unix/sysv/linux/powerpc/syscall.S:29
#1  0x00002000060fdbb0 in Realm::Doorbell::wait_slow (this=0x20351cae0350) at /g/g92/wei8/release_exp/taco/legion/legion/runtime/realm/mutex.cc:316
#2  0x0000200006043644 in wait (this=<optimized out>) at /g/g92/wei8/release_exp/taco/legion/legion/runtime/realm/mutex.inl:81
#3  Realm::ThreadedTaskScheduler::WorkCounter::wait_for_work (this=0x15794370, old_counter=<optimized out>) at /g/g92/wei8/release_exp/taco/legion/legion/runtime/realm/tasks.cc:664
#4  0x0000200006043758 in Realm::ThreadedTaskScheduler::wait_for_work (this=0x157941e0, old_work_counter=<optimized out>) at /g/g92/wei8/release_exp/taco/legion/legion/runtime/realm/tasks.cc:1239
#5  0x000020000604ad58 in Realm::ThreadedTaskScheduler::scheduler_loop (this=0x157941e0) at /g/g92/wei8/release_exp/taco/legion/legion/runtime/realm/tasks.cc:1205
#6  0x000020000604b08c in Realm::ThreadedTaskScheduler::scheduler_loop_wlock (this=0x157941e0) at /g/g92/wei8/release_exp/taco/legion/legion/runtime/realm/tasks.cc:1217
#7  0x000020000604e2e4 in Realm::KernelThread::pthread_entry (data=0x2035bc206860) at /g/g92/wei8/release_exp/taco/legion/legion/runtime/realm/threads.cc:781
#8  0x00002000000f8cd4 in start_thread (arg=0x20351cadf8b0) at pthread_create.c:309
#9  0x00002000086e7f14 in clone () at ../sysdeps/unix/sysv/linux/powerpc/powerpc64/clone.S:104

Thread 3 (Thread 0x20005cfcf8b0 (LWP 118621)):
#0  syscall () at ../sysdeps/unix/sysv/linux/powerpc/syscall.S:29
#1  0x00002000060fdbb0 in Realm::Doorbell::wait_slow (this=0x20005cfd0350) at /g/g92/wei8/release_exp/taco/legion/legion/runtime/realm/mutex.cc:316
#2  0x0000200006043644 in wait (this=<optimized out>) at /g/g92/wei8/release_exp/taco/legion/legion/runtime/realm/mutex.inl:81
#3  Realm::ThreadedTaskScheduler::WorkCounter::wait_for_work (this=0x157ad130, old_counter=<optimized out>) at /g/g92/wei8/release_exp/taco/legion/legion/runtime/realm/tasks.cc:664
#4  0x0000200006043758 in Realm::ThreadedTaskScheduler::wait_for_work (this=0x157acfa0, old_work_counter=<optimized out>) at /g/g92/wei8/release_exp/taco/legion/legion/runtime/realm/tasks.cc:1239
#5  0x000020000604ad58 in Realm::ThreadedTaskScheduler::scheduler_loop (this=0x157acfa0) at /g/g92/wei8/release_exp/taco/legion/legion/runtime/realm/tasks.cc:1205
#6  0x000020000604b08c in Realm::ThreadedTaskScheduler::scheduler_loop_wlock (this=0x157acfa0) at /g/g92/wei8/release_exp/taco/legion/legion/runtime/realm/tasks.cc:1217
#7  0x000020000604e2e4 in Realm::KernelThread::pthread_entry (data=0x203550348aa0) at /g/g92/wei8/release_exp/taco/legion/legion/runtime/realm/threads.cc:781
#8  0x00002000000f8cd4 in start_thread (arg=0x20005cfcf8b0) at pthread_create.c:309
#9  0x00002000086e7f14 in clone () at ../sysdeps/unix/sysv/linux/powerpc/powerpc64/clone.S:104

Thread 2 (Thread 0x20005ea0f8b0 (LWP 118664)):
#0  syscall () at ../sysdeps/unix/sysv/linux/powerpc/syscall.S:29
#1  0x00002000060fdbb0 in Realm::Doorbell::wait_slow (this=0x20005ea10350) at /g/g92/wei8/release_exp/taco/legion/legion/runtime/realm/mutex.cc:316
#2  0x0000200006043644 in wait (this=<optimized out>) at /g/g92/wei8/release_exp/taco/legion/legion/runtime/realm/mutex.inl:81
#3  Realm::ThreadedTaskScheduler::WorkCounter::wait_for_work (this=0x157f7ff0, old_counter=<optimized out>) at /g/g92/wei8/release_exp/taco/legion/legion/runtime/realm/tasks.cc:664
#4  0x0000200006043758 in Realm::ThreadedTaskScheduler::wait_for_work (this=0x157f7e60, old_work_counter=<optimized out>) at /g/g92/wei8/release_exp/taco/legion/legion/runtime/realm/tasks.cc:1239
#5  0x000020000604ad58 in Realm::ThreadedTaskScheduler::scheduler_loop (this=0x157f7e60) at /g/g92/wei8/release_exp/taco/legion/legion/runtime/realm/tasks.cc:1205
#6  0x000020000604b08c in Realm::ThreadedTaskScheduler::scheduler_loop_wlock (this=0x157f7e60) at /g/g92/wei8/release_exp/taco/legion/legion/runtime/realm/tasks.cc:1217
#7  0x000020000604e2e4 in Realm::KernelThread::pthread_entry (data=0x2035503fe230) at /g/g92/wei8/release_exp/taco/legion/legion/runtime/realm/threads.cc:781
#8  0x00002000000f8cd4 in start_thread (arg=0x20005ea0f8b0) at pthread_create.c:309
#9  0x00002000086e7f14 in clone () at ../sysdeps/unix/sysv/linux/powerpc/powerpc64/clone.S:104

Thread 1 (Thread 0x20000a8a0000 (LWP 111740)):
#0  syscall () at ../sysdeps/unix/sysv/linux/powerpc/syscall.S:29
#1  0x00002000060fdbb0 in Realm::Doorbell::wait_slow (this=0x20000a8a0aa0) at /g/g92/wei8/release_exp/taco/legion/legion/runtime/realm/mutex.cc:316
#2  0x00002000060ff338 in wait (this=0x20000a8a0aa0) at /g/g92/wei8/release_exp/taco/legion/legion/runtime/realm/mutex.inl:81
#3  Realm::UnfairCondVar::wait (this=0x101e7b50) at /g/g92/wei8/release_exp/taco/legion/legion/runtime/realm/mutex.cc:1017
#4  0x0000200006015528 in Realm::RuntimeImpl::wait_for_shutdown (this=0x101e7a20) at /g/g92/wei8/release_exp/taco/legion/legion/runtime/realm/runtime_impl.cc:2277
#5  0x00002000060190ac in Realm::Runtime::wait_for_shutdown (this=0x7fffffffa318) at /g/g92/wei8/release_exp/taco/legion/legion/runtime/realm/runtime_impl.cc:640
#6  0x00002000053eeeb0 in Legion::Internal::Runtime::start (argc=<optimized out>, argv=<optimized out>, background=<optimized out>, supply_default_mapper=<optimized out>) at /g/g92/wei8/release_exp/taco/legion/legion/runtime/legion/runtime.cc:29464
#7  0x0000200005079408 in Legion::Runtime::start (argc=<optimized out>, argv=<optimized out>, background=<optimized out>, default_mapper=<optimized out>) at /g/g92/wei8/release_exp/taco/legion/legion/runtime/legion/legion.cc:7618
#8  0x000000001002faa0 in main ()
[Inferior 1 (process 111740) detached]
