jsmd(4877)-+-solomonikMM-cud(4956)-+-{solomonikMM-cud}(4983)
           |                       |-{solomonikMM-cud}(4984)
           |                       |-{solomonikMM-cud}(5020)
           |                       |-{solomonikMM-cud}(5021)
           |                       |-{solomonikMM-cud}(5022)
           |                       |-{solomonikMM-cud}(5023)
           |                       |-{solomonikMM-cud}(5024)
           |                       |-{solomonikMM-cud}(5187)
           |                       |-{solomonikMM-cud}(5188)
           |                       |-{solomonikMM-cud}(5189)
           |                       |-{solomonikMM-cud}(5190)
           |                       |-{solomonikMM-cud}(5191)
           |                       |-{solomonikMM-cud}(5192)
           |                       |-{solomonikMM-cud}(5193)
           |                       |-{solomonikMM-cud}(5194)
           |                       |-{solomonikMM-cud}(5195)
           |                       |-{solomonikMM-cud}(5196)
           |                       |-{solomonikMM-cud}(5197)
           |                       |-{solomonikMM-cud}(5198)
           |                       |-{solomonikMM-cud}(5199)
           |                       |-{solomonikMM-cud}(5200)
           |                       |-{solomonikMM-cud}(5201)
           |                       |-{solomonikMM-cud}(5202)
           |                       |-{solomonikMM-cud}(5203)
           |                       |-{solomonikMM-cud}(5204)
           |                       |-{solomonikMM-cud}(5205)
           |                       |-{solomonikMM-cud}(5206)
           |                       |-{solomonikMM-cud}(5207)
           |                       |-{solomonikMM-cud}(5212)
           |                       |-{solomonikMM-cud}(5213)
           |                       |-{solomonikMM-cud}(5220)
           |                       |-{solomonikMM-cud}(12717)
           |                       |-{solomonikMM-cud}(12718)
           |                       |-{solomonikMM-cud}(12720)
           |                       |-{solomonikMM-cud}(12722)
           |                       |-{solomonikMM-cud}(13502)
           |                       |-{solomonikMM-cud}(30319)
           |                       |-{solomonikMM-cud}(30320)
           |                       `-{solomonikMM-cud}(30321)
           |-{jsmd}(4879)
           |-{jsmd}(4880)
           |-{jsmd}(4881)
           |-{jsmd}(4882)
           |-{jsmd}(4883)
           |-{jsmd}(4884)
           |-{jsmd}(4886)
           |-{jsmd}(4887)
           |-{jsmd}(4888)
           |-{jsmd}(4889)
           |-{jsmd}(4890)
           |-{jsmd}(4891)
           |-{jsmd}(4892)
           |-{jsmd}(4893)
           |-{jsmd}(4894)
           |-{jsmd}(4895)
           |-{jsmd}(4896)
           |-{jsmd}(4897)
           |-{jsmd}(4898)
           `-{jsmd}(4899)

sshd(31400)---bash(31505)---pstree(31530)
