jsmd(164530)-+-solomonikMM-cud(164612)-+-{solomonikMM-cud}(164626)
             |                         |-{solomonikMM-cud}(164627)
             |                         |-{solomonikMM-cud}(164673)
             |                         |-{solomonikMM-cud}(164674)
             |                         |-{solomonikMM-cud}(164675)
             |                         |-{solomonikMM-cud}(164676)
             |                         |-{solomonikMM-cud}(164677)
             |                         |-{solomonikMM-cud}(164831)
             |                         |-{solomonikMM-cud}(164832)
             |                         |-{solomonikMM-cud}(164833)
             |                         |-{solomonikMM-cud}(164834)
             |                         |-{solomonikMM-cud}(164835)
             |                         |-{solomonikMM-cud}(164836)
             |                         |-{solomonikMM-cud}(164837)
             |                         |-{solomonikMM-cud}(164838)
             |                         |-{solomonikMM-cud}(164839)
             |                         |-{solomonikMM-cud}(164840)
             |                         |-{solomonikMM-cud}(164841)
             |                         |-{solomonikMM-cud}(164842)
             |                         |-{solomonikMM-cud}(164843)
             |                         |-{solomonikMM-cud}(164844)
             |                         |-{solomonikMM-cud}(164845)
             |                         |-{solomonikMM-cud}(164846)
             |                         |-{solomonikMM-cud}(164847)
             |                         |-{solomonikMM-cud}(164848)
             |                         |-{solomonikMM-cud}(164849)
             |                         |-{solomonikMM-cud}(164850)
             |                         |-{solomonikMM-cud}(164851)
             |                         |-{solomonikMM-cud}(164856)
             |                         |-{solomonikMM-cud}(164857)
             |                         |-{solomonikMM-cud}(164864)
             |                         |-{solomonikMM-cud}(171578)
             |                         |-{solomonikMM-cud}(171579)
             |                         |-{solomonikMM-cud}(171580)
             |                         |-{solomonikMM-cud}(171581)
             |                         |-{solomonikMM-cud}(171880)
             |                         |-{solomonikMM-cud}(9198)
             |                         |-{solomonikMM-cud}(9211)
             |                         |-{solomonikMM-cud}(9223)
             |                         `-{solomonikMM-cud}(9224)
             |-{jsmd}(164531)
             |-{jsmd}(164536)
             |-{jsmd}(164537)
             |-{jsmd}(164538)
             |-{jsmd}(164539)
             |-{jsmd}(164540)
             |-{jsmd}(164541)
             |-{jsmd}(164542)
             |-{jsmd}(164543)
             |-{jsmd}(164544)
             |-{jsmd}(164545)
             |-{jsmd}(164546)
             |-{jsmd}(164547)
             |-{jsmd}(164548)
             |-{jsmd}(164549)
             |-{jsmd}(164550)
             |-{jsmd}(164551)
             |-{jsmd}(164552)
             |-{jsmd}(164553)
             `-{jsmd}(164554)

sshd(10300)---bash(10493)---pstree(10545)
