jsmd(42373)-+-solomonikMM-cud(42524)-+-{solomonikMM-cud}(42549)
            |                        |-{solomonikMM-cud}(42550)
            |                        |-{solomonikMM-cud}(42586)
            |                        |-{solomonikMM-cud}(42587)
            |                        |-{solomonikMM-cud}(42588)
            |                        |-{solomonikMM-cud}(42589)
            |                        |-{solomonikMM-cud}(42591)
            |                        |-{solomonikMM-cud}(42748)
            |                        |-{solomonikMM-cud}(42749)
            |                        |-{solomonikMM-cud}(42750)
            |                        |-{solomonikMM-cud}(42751)
            |                        |-{solomonikMM-cud}(42752)
            |                        |-{solomonikMM-cud}(42753)
            |                        |-{solomonikMM-cud}(42754)
            |                        |-{solomonikMM-cud}(42755)
            |                        |-{solomonikMM-cud}(42756)
            |                        |-{solomonikMM-cud}(42757)
            |                        |-{solomonikMM-cud}(42758)
            |                        |-{solomonikMM-cud}(42759)
            |                        |-{solomonikMM-cud}(42760)
            |                        |-{solomonikMM-cud}(42761)
            |                        |-{solomonikMM-cud}(42762)
            |                        |-{solomonikMM-cud}(42763)
            |                        |-{solomonikMM-cud}(42764)
            |                        |-{solomonikMM-cud}(42765)
            |                        |-{solomonikMM-cud}(42766)
            |                        |-{solomonikMM-cud}(42767)
            |                        |-{solomonikMM-cud}(42768)
            |                        |-{solomonikMM-cud}(42773)
            |                        |-{solomonikMM-cud}(42774)
            |                        |-{solomonikMM-cud}(42775)
            |                        |-{solomonikMM-cud}(42781)
            |                        |-{solomonikMM-cud}(45465)
            |                        |-{solomonikMM-cud}(48815)
            |                        |-{solomonikMM-cud}(48816)
            |                        |-{solomonikMM-cud}(65432)
            |                        |-{solomonikMM-cud}(65460)
            |                        |-{solomonikMM-cud}(65473)
            |                        `-{solomonikMM-cud}(65475)
            |-{jsmd}(42374)
            |-{jsmd}(42390)
            |-{jsmd}(42394)
            |-{jsmd}(42395)
            |-{jsmd}(42396)
            |-{jsmd}(42397)
            |-{jsmd}(42398)
            |-{jsmd}(42399)
            |-{jsmd}(42400)
            |-{jsmd}(42401)
            |-{jsmd}(42402)
            |-{jsmd}(42403)
            |-{jsmd}(42404)
            |-{jsmd}(42405)
            |-{jsmd}(42406)
            |-{jsmd}(42407)
            |-{jsmd}(42408)
            |-{jsmd}(42409)
            |-{jsmd}(42410)
            `-{jsmd}(42411)

sshd(66206)---bash(66207)---pstree(66210)
