jsmd(80318)-+-solomonikMM-cud(80456)-+-{solomonikMM-cud}(80470)
            |                        |-{solomonikMM-cud}(80471)
            |                        |-{solomonikMM-cud}(80519)
            |                        |-{solomonikMM-cud}(80522)
            |                        |-{solomonikMM-cud}(80523)
            |                        |-{solomonikMM-cud}(80524)
            |                        |-{solomonikMM-cud}(80525)
            |                        |-{solomonikMM-cud}(80678)
            |                        |-{solomonikMM-cud}(80679)
            |                        |-{solomonikMM-cud}(80680)
            |                        |-{solomonikMM-cud}(80681)
            |                        |-{solomonikMM-cud}(80682)
            |                        |-{solomonikMM-cud}(80683)
            |                        |-{solomonikMM-cud}(80684)
            |                        |-{solomonikMM-cud}(80685)
            |                        |-{solomonikMM-cud}(80686)
            |                        |-{solomonikMM-cud}(80687)
            |                        |-{solomonikMM-cud}(80688)
            |                        |-{solomonikMM-cud}(80689)
            |                        |-{solomonikMM-cud}(80690)
            |                        |-{solomonikMM-cud}(80691)
            |                        |-{solomonikMM-cud}(80692)
            |                        |-{solomonikMM-cud}(80693)
            |                        |-{solomonikMM-cud}(80694)
            |                        |-{solomonikMM-cud}(80695)
            |                        |-{solomonikMM-cud}(80696)
            |                        |-{solomonikMM-cud}(80697)
            |                        |-{solomonikMM-cud}(80698)
            |                        |-{solomonikMM-cud}(80703)
            |                        |-{solomonikMM-cud}(80704)
            |                        |-{solomonikMM-cud}(80712)
            |                        |-{solomonikMM-cud}(87274)
            |                        |-{solomonikMM-cud}(87275)
            |                        |-{solomonikMM-cud}(87276)
            |                        |-{solomonikMM-cud}(87282)
            |                        |-{solomonikMM-cud}(87983)
            |                        |-{solomonikMM-cud}(87992)
            |                        |-{solomonikMM-cud}(87994)
            |                        `-{solomonikMM-cud}(88012)
            |-{jsmd}(80326)
            |-{jsmd}(80332)
            |-{jsmd}(80333)
            |-{jsmd}(80334)
            |-{jsmd}(80335)
            |-{jsmd}(80336)
            |-{jsmd}(80337)
            |-{jsmd}(80338)
            |-{jsmd}(80339)
            |-{jsmd}(80340)
            |-{jsmd}(80341)
            |-{jsmd}(80342)
            |-{jsmd}(80343)
            |-{jsmd}(80344)
            |-{jsmd}(80345)
            |-{jsmd}(80346)
            |-{jsmd}(80347)
            |-{jsmd}(80348)
            |-{jsmd}(80349)
            `-{jsmd}(80350)

sshd(105084)---bash(105125)---pstree(105209)
