jsmd(61742)-+-solomonikMM-cud(61809)-+-{solomonikMM-cud}(61822)
            |                        |-{solomonikMM-cud}(61823)
            |                        |-{solomonikMM-cud}(61868)
            |                        |-{solomonikMM-cud}(61869)
            |                        |-{solomonikMM-cud}(61871)
            |                        |-{solomonikMM-cud}(61872)
            |                        |-{solomonikMM-cud}(61873)
            |                        |-{solomonikMM-cud}(62028)
            |                        |-{solomonikMM-cud}(62029)
            |                        |-{solomonikMM-cud}(62030)
            |                        |-{solomonikMM-cud}(62031)
            |                        |-{solomonikMM-cud}(62032)
            |                        |-{solomonikMM-cud}(62033)
            |                        |-{solomonikMM-cud}(62034)
            |                        |-{solomonikMM-cud}(62035)
            |                        |-{solomonikMM-cud}(62036)
            |                        |-{solomonikMM-cud}(62037)
            |                        |-{solomonikMM-cud}(62038)
            |                        |-{solomonikMM-cud}(62039)
            |                        |-{solomonikMM-cud}(62040)
            |                        |-{solomonikMM-cud}(62041)
            |                        |-{solomonikMM-cud}(62042)
            |                        |-{solomonikMM-cud}(62043)
            |                        |-{solomonikMM-cud}(62044)
            |                        |-{solomonikMM-cud}(62045)
            |                        |-{solomonikMM-cud}(62046)
            |                        |-{solomonikMM-cud}(62047)
            |                        |-{solomonikMM-cud}(62048)
            |                        |-{solomonikMM-cud}(62053)
            |                        |-{solomonikMM-cud}(62054)
            |                        |-{solomonikMM-cud}(62061)
            |                        |-{solomonikMM-cud}(68260)
            |                        |-{solomonikMM-cud}(68261)
            |                        |-{solomonikMM-cud}(68263)
            |                        |-{solomonikMM-cud}(68268)
            |                        |-{solomonikMM-cud}(68895)
            |                        |-{solomonikMM-cud}(84886)
            |                        |-{solomonikMM-cud}(84887)
            |                        `-{solomonikMM-cud}(84897)
            |-{jsmd}(61743)
            |-{jsmd}(61744)
            |-{jsmd}(61745)
            |-{jsmd}(61746)
            |-{jsmd}(61747)
            |-{jsmd}(61748)
            |-{jsmd}(61749)
            |-{jsmd}(61750)
            |-{jsmd}(61751)
            |-{jsmd}(61752)
            |-{jsmd}(61753)
            |-{jsmd}(61754)
            |-{jsmd}(61755)
            |-{jsmd}(61756)
            |-{jsmd}(61757)
            |-{jsmd}(61758)
            |-{jsmd}(61759)
            |-{jsmd}(61760)
            |-{jsmd}(61761)
            `-{jsmd}(61762)

sshd(85584)---bash(85587)---pstree(85769)
