jsmd(87802)-+-solomonikMM-cud(87946)-+-{solomonikMM-cud}(87959)
            |                        |-{solomonikMM-cud}(87961)
            |                        |-{solomonikMM-cud}(88005)
            |                        |-{solomonikMM-cud}(88007)
            |                        |-{solomonikMM-cud}(88008)
            |                        |-{solomonikMM-cud}(88010)
            |                        |-{solomonikMM-cud}(88011)
            |                        |-{solomonikMM-cud}(88165)
            |                        |-{solomonikMM-cud}(88166)
            |                        |-{solomonikMM-cud}(88167)
            |                        |-{solomonikMM-cud}(88168)
            |                        |-{solomonikMM-cud}(88169)
            |                        |-{solomonikMM-cud}(88170)
            |                        |-{solomonikMM-cud}(88171)
            |                        |-{solomonikMM-cud}(88172)
            |                        |-{solomonikMM-cud}(88173)
            |                        |-{solomonikMM-cud}(88174)
            |                        |-{solomonikMM-cud}(88175)
            |                        |-{solomonikMM-cud}(88176)
            |                        |-{solomonikMM-cud}(88177)
            |                        |-{solomonikMM-cud}(88178)
            |                        |-{solomonikMM-cud}(88179)
            |                        |-{solomonikMM-cud}(88180)
            |                        |-{solomonikMM-cud}(88181)
            |                        |-{solomonikMM-cud}(88182)
            |                        |-{solomonikMM-cud}(88183)
            |                        |-{solomonikMM-cud}(88184)
            |                        |-{solomonikMM-cud}(88185)
            |                        |-{solomonikMM-cud}(88190)
            |                        |-{solomonikMM-cud}(88191)
            |                        |-{solomonikMM-cud}(88199)
            |                        |-{solomonikMM-cud}(94875)
            |                        |-{solomonikMM-cud}(94876)
            |                        |-{solomonikMM-cud}(94880)
            |                        |-{solomonikMM-cud}(94881)
            |                        |-{solomonikMM-cud}(95540)
            |                        |-{solomonikMM-cud}(111524)
            |                        |-{solomonikMM-cud}(111539)
            |                        `-{solomonikMM-cud}(111548)
            |-{jsmd}(87804)
            |-{jsmd}(87805)
            |-{jsmd}(87812)
            |-{jsmd}(87813)
            |-{jsmd}(87814)
            |-{jsmd}(87815)
            |-{jsmd}(87816)
            |-{jsmd}(87817)
            |-{jsmd}(87818)
            |-{jsmd}(87819)
            |-{jsmd}(87820)
            |-{jsmd}(87821)
            |-{jsmd}(87822)
            |-{jsmd}(87823)
            |-{jsmd}(87824)
            |-{jsmd}(87825)
            |-{jsmd}(87826)
            |-{jsmd}(87827)
            |-{jsmd}(87828)
            `-{jsmd}(87829)

sshd(112729)---bash(112889)---pstree(112892)
