jsmd(114665)-+-solomonikMM-cud(114809)-+-{solomonikMM-cud}(114823)
             |                         |-{solomonikMM-cud}(114828)
             |                         |-{solomonikMM-cud}(114870)
             |                         |-{solomonikMM-cud}(114871)
             |                         |-{solomonikMM-cud}(114873)
             |                         |-{solomonikMM-cud}(114874)
             |                         |-{solomonikMM-cud}(114875)
             |                         |-{solomonikMM-cud}(115017)
             |                         |-{solomonikMM-cud}(115018)
             |                         |-{solomonikMM-cud}(115019)
             |                         |-{solomonikMM-cud}(115020)
             |                         |-{solomonikMM-cud}(115021)
             |                         |-{solomonikMM-cud}(115022)
             |                         |-{solomonikMM-cud}(115023)
             |                         |-{solomonikMM-cud}(115024)
             |                         |-{solomonikMM-cud}(115025)
             |                         |-{solomonikMM-cud}(115026)
             |                         |-{solomonikMM-cud}(115027)
             |                         |-{solomonikMM-cud}(115028)
             |                         |-{solomonikMM-cud}(115029)
             |                         |-{solomonikMM-cud}(115030)
             |                         |-{solomonikMM-cud}(115031)
             |                         |-{solomonikMM-cud}(115032)
             |                         |-{solomonikMM-cud}(115033)
             |                         |-{solomonikMM-cud}(115034)
             |                         |-{solomonikMM-cud}(115035)
             |                         |-{solomonikMM-cud}(115036)
             |                         |-{solomonikMM-cud}(115037)
             |                         |-{solomonikMM-cud}(115043)
             |                         |-{solomonikMM-cud}(115044)
             |                         |-{solomonikMM-cud}(115051)
             |                         |-{solomonikMM-cud}(121563)
             |                         |-{solomonikMM-cud}(121564)
             |                         |-{solomonikMM-cud}(121565)
             |                         |-{solomonikMM-cud}(121566)
             |                         |-{solomonikMM-cud}(122007)
             |                         |-{solomonikMM-cud}(122211)
             |                         |-{solomonikMM-cud}(139029)
             |                         |-{solomonikMM-cud}(139201)
             |                         `-{solomonikMM-cud}(139202)
             |-{jsmd}(114667)
             |-{jsmd}(114723)
             |-{jsmd}(114724)
             |-{jsmd}(114725)
             |-{jsmd}(114726)
             |-{jsmd}(114727)
             |-{jsmd}(114728)
             |-{jsmd}(114729)
             |-{jsmd}(114730)
             |-{jsmd}(114731)
             |-{jsmd}(114732)
             |-{jsmd}(114733)
             |-{jsmd}(114734)
             |-{jsmd}(114735)
             |-{jsmd}(114736)
             |-{jsmd}(114737)
             |-{jsmd}(114738)
             |-{jsmd}(114739)
             |-{jsmd}(114740)
             `-{jsmd}(114741)

sshd(139414)---bash(139436)---pstree(139508)
