jsmd(130177)-+-solomonikMM-cud(130253)-+-{solomonikMM-cud}(130266)
             |                         |-{solomonikMM-cud}(130267)
             |                         |-{solomonikMM-cud}(130325)
             |                         |-{solomonikMM-cud}(130327)
             |                         |-{solomonikMM-cud}(130328)
             |                         |-{solomonikMM-cud}(130329)
             |                         |-{solomonikMM-cud}(130330)
             |                         |-{solomonikMM-cud}(130474)
             |                         |-{solomonikMM-cud}(130475)
             |                         |-{solomonikMM-cud}(130476)
             |                         |-{solomonikMM-cud}(130477)
             |                         |-{solomonikMM-cud}(130478)
             |                         |-{solomonikMM-cud}(130479)
             |                         |-{solomonikMM-cud}(130480)
             |                         |-{solomonikMM-cud}(130481)
             |                         |-{solomonikMM-cud}(130482)
             |                         |-{solomonikMM-cud}(130483)
             |                         |-{solomonikMM-cud}(130484)
             |                         |-{solomonikMM-cud}(130485)
             |                         |-{solomonikMM-cud}(130486)
             |                         |-{solomonikMM-cud}(130487)
             |                         |-{solomonikMM-cud}(130488)
             |                         |-{solomonikMM-cud}(130489)
             |                         |-{solomonikMM-cud}(130490)
             |                         |-{solomonikMM-cud}(130491)
             |                         |-{solomonikMM-cud}(130492)
             |                         |-{solomonikMM-cud}(130493)
             |                         |-{solomonikMM-cud}(130494)
             |                         |-{solomonikMM-cud}(130499)
             |                         |-{solomonikMM-cud}(130500)
             |                         |-{solomonikMM-cud}(130508)
             |                         |-{solomonikMM-cud}(138937)
             |                         |-{solomonikMM-cud}(138943)
             |                         |-{solomonikMM-cud}(138951)
             |                         |-{solomonikMM-cud}(138954)
             |                         |-{solomonikMM-cud}(139779)
             |                         |-{solomonikMM-cud}(155809)
             |                         |-{solomonikMM-cud}(155823)
             |                         `-{solomonikMM-cud}(155824)
             |-{jsmd}(130181)
             |-{jsmd}(130182)
             |-{jsmd}(130183)
             |-{jsmd}(130184)
             |-{jsmd}(130185)
             |-{jsmd}(130186)
             |-{jsmd}(130187)
             |-{jsmd}(130188)
             |-{jsmd}(130189)
             |-{jsmd}(130190)
             |-{jsmd}(130191)
             |-{jsmd}(130192)
             |-{jsmd}(130193)
             |-{jsmd}(130194)
             |-{jsmd}(130195)
             |-{jsmd}(130196)
             |-{jsmd}(130197)
             |-{jsmd}(130198)
             |-{jsmd}(130199)
             `-{jsmd}(130200)

sshd(156512)---bash(156548)---pstree(156552)
