jsmd(148468)-+-solomonikMM-cud(148546)-+-{solomonikMM-cud}(148559)
             |                         |-{solomonikMM-cud}(148564)
             |                         |-{solomonikMM-cud}(148616)
             |                         |-{solomonikMM-cud}(148618)
             |                         |-{solomonikMM-cud}(148619)
             |                         |-{solomonikMM-cud}(148620)
             |                         |-{solomonikMM-cud}(148621)
             |                         |-{solomonikMM-cud}(148767)
             |                         |-{solomonikMM-cud}(148768)
             |                         |-{solomonikMM-cud}(148769)
             |                         |-{solomonikMM-cud}(148770)
             |                         |-{solomonikMM-cud}(148771)
             |                         |-{solomonikMM-cud}(148772)
             |                         |-{solomonikMM-cud}(148773)
             |                         |-{solomonikMM-cud}(148774)
             |                         |-{solomonikMM-cud}(148775)
             |                         |-{solomonikMM-cud}(148776)
             |                         |-{solomonikMM-cud}(148777)
             |                         |-{solomonikMM-cud}(148778)
             |                         |-{solomonikMM-cud}(148779)
             |                         |-{solomonikMM-cud}(148780)
             |                         |-{solomonikMM-cud}(148781)
             |                         |-{solomonikMM-cud}(148782)
             |                         |-{solomonikMM-cud}(148783)
             |                         |-{solomonikMM-cud}(148784)
             |                         |-{solomonikMM-cud}(148785)
             |                         |-{solomonikMM-cud}(148786)
             |                         |-{solomonikMM-cud}(148787)
             |                         |-{solomonikMM-cud}(148792)
             |                         |-{solomonikMM-cud}(148793)
             |                         |-{solomonikMM-cud}(148800)
             |                         |-{solomonikMM-cud}(155193)
             |                         |-{solomonikMM-cud}(155201)
             |                         |-{solomonikMM-cud}(155202)
             |                         |-{solomonikMM-cud}(155203)
             |                         |-{solomonikMM-cud}(155798)
             |                         |-{solomonikMM-cud}(155836)
             |                         |-{solomonikMM-cud}(171840)
             |                         `-{solomonikMM-cud}(171841)
             |-{jsmd}(148469)
             |-{jsmd}(148470)
             |-{jsmd}(148474)
             |-{jsmd}(148475)
             |-{jsmd}(148476)
             |-{jsmd}(148477)
             |-{jsmd}(148478)
             |-{jsmd}(148479)
             |-{jsmd}(148480)
             |-{jsmd}(148481)
             |-{jsmd}(148482)
             |-{jsmd}(148483)
             |-{jsmd}(148484)
             |-{jsmd}(148485)
             |-{jsmd}(148486)
             |-{jsmd}(148487)
             |-{jsmd}(148488)
             |-{jsmd}(148489)
             |-{jsmd}(148490)
             `-{jsmd}(148491)

sshd(172542)---bash(172562)---pstree(172585)
