jsmd(16309)-+-solomonikMM-cud(16441)-+-{solomonikMM-cud}(16455)
            |                        |-{solomonikMM-cud}(16456)
            |                        |-{solomonikMM-cud}(16514)
            |                        |-{solomonikMM-cud}(16516)
            |                        |-{solomonikMM-cud}(16517)
            |                        |-{solomonikMM-cud}(16518)
            |                        |-{solomonikMM-cud}(16519)
            |                        |-{solomonikMM-cud}(16662)
            |                        |-{solomonikMM-cud}(16663)
            |                        |-{solomonikMM-cud}(16664)
            |                        |-{solomonikMM-cud}(16665)
            |                        |-{solomonikMM-cud}(16666)
            |                        |-{solomonikMM-cud}(16667)
            |                        |-{solomonikMM-cud}(16668)
            |                        |-{solomonikMM-cud}(16669)
            |                        |-{solomonikMM-cud}(16670)
            |                        |-{solomonikMM-cud}(16671)
            |                        |-{solomonikMM-cud}(16672)
            |                        |-{solomonikMM-cud}(16673)
            |                        |-{solomonikMM-cud}(16674)
            |                        |-{solomonikMM-cud}(16675)
            |                        |-{solomonikMM-cud}(16676)
            |                        |-{solomonikMM-cud}(16677)
            |                        |-{solomonikMM-cud}(16678)
            |                        |-{solomonikMM-cud}(16679)
            |                        |-{solomonikMM-cud}(16680)
            |                        |-{solomonikMM-cud}(16681)
            |                        |-{solomonikMM-cud}(16682)
            |                        |-{solomonikMM-cud}(16687)
            |                        |-{solomonikMM-cud}(16688)
            |                        |-{solomonikMM-cud}(16695)
            |                        |-{solomonikMM-cud}(23516)
            |                        |-{solomonikMM-cud}(23517)
            |                        |-{solomonikMM-cud}(23518)
            |                        |-{solomonikMM-cud}(23524)
            |                        |-{solomonikMM-cud}(24166)
            |                        |-{solomonikMM-cud}(24183)
            |                        |-{solomonikMM-cud}(24184)
            |                        `-{solomonikMM-cud}(24185)
            |-{jsmd}(16311)
            |-{jsmd}(16321)
            |-{jsmd}(16322)
            |-{jsmd}(16323)
            |-{jsmd}(16324)
            |-{jsmd}(16325)
            |-{jsmd}(16326)
            |-{jsmd}(16327)
            |-{jsmd}(16328)
            |-{jsmd}(16329)
            |-{jsmd}(16330)
            |-{jsmd}(16331)
            |-{jsmd}(16332)
            |-{jsmd}(16333)
            |-{jsmd}(16334)
            |-{jsmd}(16335)
            |-{jsmd}(16336)
            |-{jsmd}(16337)
            |-{jsmd}(16338)
            `-{jsmd}(16339)

sshd(41755)---bash(41797)---pstree(41800)
