jsmd(167246)-+-solomonikMM-cud(167382)-+-{solomonikMM-cud}(167395)
             |                         |-{solomonikMM-cud}(167396)
             |                         |-{solomonikMM-cud}(167577)
             |                         |-{solomonikMM-cud}(167578)
             |                         |-{solomonikMM-cud}(167580)
             |                         |-{solomonikMM-cud}(167581)
             |                         |-{solomonikMM-cud}(167582)
             |                         |-{solomonikMM-cud}(167730)
             |                         |-{solomonikMM-cud}(167731)
             |                         |-{solomonikMM-cud}(167732)
             |                         |-{solomonikMM-cud}(167733)
             |                         |-{solomonikMM-cud}(167734)
             |                         |-{solomonikMM-cud}(167735)
             |                         |-{solomonikMM-cud}(167736)
             |                         |-{solomonikMM-cud}(167737)
             |                         |-{solomonikMM-cud}(167738)
             |                         |-{solomonikMM-cud}(167739)
             |                         |-{solomonikMM-cud}(167740)
             |                         |-{solomonikMM-cud}(167741)
             |                         |-{solomonikMM-cud}(167742)
             |                         |-{solomonikMM-cud}(167743)
             |                         |-{solomonikMM-cud}(167744)
             |                         |-{solomonikMM-cud}(167745)
             |                         |-{solomonikMM-cud}(167746)
             |                         |-{solomonikMM-cud}(167747)
             |                         |-{solomonikMM-cud}(167748)
             |                         |-{solomonikMM-cud}(167749)
             |                         |-{solomonikMM-cud}(167750)
             |                         |-{solomonikMM-cud}(167755)
             |                         |-{solomonikMM-cud}(167756)
             |                         |-{solomonikMM-cud}(167759)
             |                         |-{solomonikMM-cud}(167763)
             |                         |-{solomonikMM-cud}(169590)
             |                         |-{solomonikMM-cud}(173573)
             |                         |-{solomonikMM-cud}(173576)
             |                         |-{solomonikMM-cud}(174175)
             |                         |-{solomonikMM-cud}(5875)
             |                         |-{solomonikMM-cud}(11258)
             |                         `-{solomonikMM-cud}(11272)
             |-{jsmd}(167248)
             |-{jsmd}(167308)
             |-{jsmd}(167309)
             |-{jsmd}(167310)
             |-{jsmd}(167311)
             |-{jsmd}(167312)
             |-{jsmd}(167313)
             |-{jsmd}(167314)
             |-{jsmd}(167315)
             |-{jsmd}(167316)
             |-{jsmd}(167317)
             |-{jsmd}(167318)
             |-{jsmd}(167319)
             |-{jsmd}(167320)
             |-{jsmd}(167321)
             |-{jsmd}(167322)
             |-{jsmd}(167323)
             |-{jsmd}(167324)
             |-{jsmd}(167325)
             `-{jsmd}(167326)

sshd(11965)---bash(12038)---pstree(12041)
