jsmd(11605)-+-solomonikMM-cud(11672)-+-{solomonikMM-cud}(11686)
            |                        |-{solomonikMM-cud}(11696)
            |                        |-{solomonikMM-cud}(11741)
            |                        |-{solomonikMM-cud}(11744)
            |                        |-{solomonikMM-cud}(11745)
            |                        |-{solomonikMM-cud}(11746)
            |                        |-{solomonikMM-cud}(11748)
            |                        |-{solomonikMM-cud}(11898)
            |                        |-{solomonikMM-cud}(11899)
            |                        |-{solomonikMM-cud}(11900)
            |                        |-{solomonikMM-cud}(11901)
            |                        |-{solomonikMM-cud}(11902)
            |                        |-{solomonikMM-cud}(11903)
            |                        |-{solomonikMM-cud}(11904)
            |                        |-{solomonikMM-cud}(11905)
            |                        |-{solomonikMM-cud}(11906)
            |                        |-{solomonikMM-cud}(11907)
            |                        |-{solomonikMM-cud}(11908)
            |                        |-{solomonikMM-cud}(11909)
            |                        |-{solomonikMM-cud}(11910)
            |                        |-{solomonikMM-cud}(11911)
            |                        |-{solomonikMM-cud}(11912)
            |                        |-{solomonikMM-cud}(11913)
            |                        |-{solomonikMM-cud}(11914)
            |                        |-{solomonikMM-cud}(11915)
            |                        |-{solomonikMM-cud}(11916)
            |                        |-{solomonikMM-cud}(11917)
            |                        |-{solomonikMM-cud}(11918)
            |                        |-{solomonikMM-cud}(11924)
            |                        |-{solomonikMM-cud}(11925)
            |                        |-{solomonikMM-cud}(11933)
            |                        |-{solomonikMM-cud}(20820)
            |                        |-{solomonikMM-cud}(20821)
            |                        |-{solomonikMM-cud}(20824)
            |                        |-{solomonikMM-cud}(20830)
            |                        |-{solomonikMM-cud}(21790)
            |                        |-{solomonikMM-cud}(21794)
            |                        |-{solomonikMM-cud}(21811)
            |                        `-{solomonikMM-cud}(38420)
            |-{jsmd}(11606)
            |-{jsmd}(11607)
            |-{jsmd}(11608)
            |-{jsmd}(11609)
            |-{jsmd}(11610)
            |-{jsmd}(11611)
            |-{jsmd}(11612)
            |-{jsmd}(11613)
            |-{jsmd}(11614)
            |-{jsmd}(11615)
            |-{jsmd}(11616)
            |-{jsmd}(11617)
            |-{jsmd}(11618)
            |-{jsmd}(11619)
            |-{jsmd}(11620)
            |-{jsmd}(11621)
            |-{jsmd}(11622)
            |-{jsmd}(11623)
            |-{jsmd}(11625)
            `-{jsmd}(11626)

sshd(39486)---bash(39543)---pstree(39595)
