jsmd(112518)-+-solomonikMM-cud(112596)-+-{solomonikMM-cud}(112614)
             |                         |-{solomonikMM-cud}(112619)
             |                         |-{solomonikMM-cud}(112657)
             |                         |-{solomonikMM-cud}(112658)
             |                         |-{solomonikMM-cud}(112659)
             |                         |-{solomonikMM-cud}(112660)
             |                         |-{solomonikMM-cud}(112661)
             |                         |-{solomonikMM-cud}(112935)
             |                         |-{solomonikMM-cud}(112936)
             |                         |-{solomonikMM-cud}(112937)
             |                         |-{solomonikMM-cud}(112938)
             |                         |-{solomonikMM-cud}(112939)
             |                         |-{solomonikMM-cud}(112940)
             |                         |-{solomonikMM-cud}(112941)
             |                         |-{solomonikMM-cud}(112942)
             |                         |-{solomonikMM-cud}(112944)
             |                         |-{solomonikMM-cud}(112945)
             |                         |-{solomonikMM-cud}(112946)
             |                         |-{solomonikMM-cud}(112947)
             |                         |-{solomonikMM-cud}(112948)
             |                         |-{solomonikMM-cud}(112949)
             |                         |-{solomonikMM-cud}(112950)
             |                         |-{solomonikMM-cud}(112951)
             |                         |-{solomonikMM-cud}(112952)
             |                         |-{solomonikMM-cud}(112953)
             |                         |-{solomonikMM-cud}(112954)
             |                         |-{solomonikMM-cud}(112955)
             |                         |-{solomonikMM-cud}(112956)
             |                         |-{solomonikMM-cud}(112961)
             |                         |-{solomonikMM-cud}(112962)
             |                         |-{solomonikMM-cud}(112970)
             |                         |-{solomonikMM-cud}(121095)
             |                         |-{solomonikMM-cud}(121098)
             |                         |-{solomonikMM-cud}(121100)
             |                         |-{solomonikMM-cud}(121104)
             |                         |-{solomonikMM-cud}(138797)
             |                         |-{solomonikMM-cud}(138799)
             |                         |-{solomonikMM-cud}(138947)
             |                         `-{solomonikMM-cud}(138953)
             |-{jsmd}(112519)
             |-{jsmd}(112520)
             |-{jsmd}(112521)
             |-{jsmd}(112522)
             |-{jsmd}(112523)
             |-{jsmd}(112524)
             |-{jsmd}(112525)
             |-{jsmd}(112526)
             |-{jsmd}(112527)
             |-{jsmd}(112528)
             |-{jsmd}(112529)
             |-{jsmd}(112530)
             |-{jsmd}(112531)
             |-{jsmd}(112532)
             |-{jsmd}(112533)
             |-{jsmd}(112534)
             |-{jsmd}(112535)
             |-{jsmd}(112536)
             |-{jsmd}(112537)
             `-{jsmd}(112538)

sshd(139175)---bash(139195)---pstree(139198)
