jsmd(91096)-+-solomonikMM-cud(91175)-+-{solomonikMM-cud}(91195)
            |                        |-{solomonikMM-cud}(91202)
            |                        |-{solomonikMM-cud}(91237)
            |                        |-{solomonikMM-cud}(91238)
            |                        |-{solomonikMM-cud}(91239)
            |                        |-{solomonikMM-cud}(91241)
            |                        |-{solomonikMM-cud}(91245)
            |                        |-{solomonikMM-cud}(91385)
            |                        |-{solomonikMM-cud}(91386)
            |                        |-{solomonikMM-cud}(91387)
            |                        |-{solomonikMM-cud}(91388)
            |                        |-{solomonikMM-cud}(91389)
            |                        |-{solomonikMM-cud}(91390)
            |                        |-{solomonikMM-cud}(91391)
            |                        |-{solomonikMM-cud}(91392)
            |                        |-{solomonikMM-cud}(91393)
            |                        |-{solomonikMM-cud}(91394)
            |                        |-{solomonikMM-cud}(91395)
            |                        |-{solomonikMM-cud}(91396)
            |                        |-{solomonikMM-cud}(91397)
            |                        |-{solomonikMM-cud}(91398)
            |                        |-{solomonikMM-cud}(91399)
            |                        |-{solomonikMM-cud}(91400)
            |                        |-{solomonikMM-cud}(91401)
            |                        |-{solomonikMM-cud}(91402)
            |                        |-{solomonikMM-cud}(91403)
            |                        |-{solomonikMM-cud}(91404)
            |                        |-{solomonikMM-cud}(91405)
            |                        |-{solomonikMM-cud}(91410)
            |                        |-{solomonikMM-cud}(91411)
            |                        |-{solomonikMM-cud}(91413)
            |                        |-{solomonikMM-cud}(91415)
            |                        |-{solomonikMM-cud}(91419)
            |                        |-{solomonikMM-cud}(98499)
            |                        |-{solomonikMM-cud}(98509)
            |                        |-{solomonikMM-cud}(99143)
            |                        |-{solomonikMM-cud}(99231)
            |                        |-{solomonikMM-cud}(99496)
            |                        `-{solomonikMM-cud}(99512)
            |-{jsmd}(91097)
            |-{jsmd}(91098)
            |-{jsmd}(91099)
            |-{jsmd}(91100)
            |-{jsmd}(91101)
            |-{jsmd}(91102)
            |-{jsmd}(91103)
            |-{jsmd}(91104)
            |-{jsmd}(91105)
            |-{jsmd}(91106)
            |-{jsmd}(91107)
            |-{jsmd}(91108)
            |-{jsmd}(91109)
            |-{jsmd}(91110)
            |-{jsmd}(91111)
            |-{jsmd}(91112)
            |-{jsmd}(91113)
            |-{jsmd}(91114)
            |-{jsmd}(91115)
            `-{jsmd}(91116)

sshd(116479)---bash(116569)---pstree(116587)
