jsmd(69852)-+-solomonikMM-cud(69917)-+-{solomonikMM-cud}(69924)
            |                        |-{solomonikMM-cud}(69931)
            |                        |-{solomonikMM-cud}(69978)
            |                        |-{solomonikMM-cud}(69979)
            |                        |-{solomonikMM-cud}(69981)
            |                        |-{solomonikMM-cud}(69982)
            |                        |-{solomonikMM-cud}(69983)
            |                        |-{solomonikMM-cud}(70127)
            |                        |-{solomonikMM-cud}(70128)
            |                        |-{solomonikMM-cud}(70129)
            |                        |-{solomonikMM-cud}(70130)
            |                        |-{solomonikMM-cud}(70131)
            |                        |-{solomonikMM-cud}(70132)
            |                        |-{solomonikMM-cud}(70133)
            |                        |-{solomonikMM-cud}(70134)
            |                        |-{solomonikMM-cud}(70135)
            |                        |-{solomonikMM-cud}(70136)
            |                        |-{solomonikMM-cud}(70137)
            |                        |-{solomonikMM-cud}(70138)
            |                        |-{solomonikMM-cud}(70139)
            |                        |-{solomonikMM-cud}(70140)
            |                        |-{solomonikMM-cud}(70141)
            |                        |-{solomonikMM-cud}(70142)
            |                        |-{solomonikMM-cud}(70143)
            |                        |-{solomonikMM-cud}(70144)
            |                        |-{solomonikMM-cud}(70145)
            |                        |-{solomonikMM-cud}(70146)
            |                        |-{solomonikMM-cud}(70147)
            |                        |-{solomonikMM-cud}(70153)
            |                        |-{solomonikMM-cud}(70154)
            |                        |-{solomonikMM-cud}(70158)
            |                        |-{solomonikMM-cud}(70161)
            |                        |-{solomonikMM-cud}(71144)
            |                        |-{solomonikMM-cud}(76337)
            |                        |-{solomonikMM-cud}(76340)
            |                        |-{solomonikMM-cud}(76892)
            |                        |-{solomonikMM-cud}(76939)
            |                        |-{solomonikMM-cud}(76952)
            |                        `-{solomonikMM-cud}(76979)
            |-{jsmd}(69853)
            |-{jsmd}(69854)
            |-{jsmd}(69855)
            |-{jsmd}(69856)
            |-{jsmd}(69857)
            |-{jsmd}(69858)
            |-{jsmd}(69859)
            |-{jsmd}(69860)
            |-{jsmd}(69861)
            |-{jsmd}(69862)
            |-{jsmd}(69863)
            |-{jsmd}(69864)
            |-{jsmd}(69865)
            |-{jsmd}(69866)
            |-{jsmd}(69867)
            |-{jsmd}(69868)
            |-{jsmd}(69869)
            |-{jsmd}(69870)
            |-{jsmd}(69871)
            `-{jsmd}(69872)

sshd(93776)---bash(93778)---pstree(93824)
