jsmd(96126)-+-solomonikMM-cud(96252)-+-{solomonikMM-cud}(96276)
            |                        |-{solomonikMM-cud}(96277)
            |                        |-{solomonikMM-cud}(96312)
            |                        |-{solomonikMM-cud}(96313)
            |                        |-{solomonikMM-cud}(96314)
            |                        |-{solomonikMM-cud}(96315)
            |                        |-{solomonikMM-cud}(96317)
            |                        |-{solomonikMM-cud}(96472)
            |                        |-{solomonikMM-cud}(96473)
            |                        |-{solomonikMM-cud}(96474)
            |                        |-{solomonikMM-cud}(96475)
            |                        |-{solomonikMM-cud}(96476)
            |                        |-{solomonikMM-cud}(96477)
            |                        |-{solomonikMM-cud}(96478)
            |                        |-{solomonikMM-cud}(96479)
            |                        |-{solomonikMM-cud}(96480)
            |                        |-{solomonikMM-cud}(96481)
            |                        |-{solomonikMM-cud}(96482)
            |                        |-{solomonikMM-cud}(96483)
            |                        |-{solomonikMM-cud}(96484)
            |                        |-{solomonikMM-cud}(96485)
            |                        |-{solomonikMM-cud}(96486)
            |                        |-{solomonikMM-cud}(96487)
            |                        |-{solomonikMM-cud}(96488)
            |                        |-{solomonikMM-cud}(96489)
            |                        |-{solomonikMM-cud}(96490)
            |                        |-{solomonikMM-cud}(96491)
            |                        |-{solomonikMM-cud}(96492)
            |                        |-{solomonikMM-cud}(96497)
            |                        |-{solomonikMM-cud}(96498)
            |                        |-{solomonikMM-cud}(96505)
            |                        |-{solomonikMM-cud}(103654)
            |                        |-{solomonikMM-cud}(103655)
            |                        |-{solomonikMM-cud}(103656)
            |                        |-{solomonikMM-cud}(103661)
            |                        |-{solomonikMM-cud}(103881)
            |                        |-{solomonikMM-cud}(104332)
            |                        |-{solomonikMM-cud}(120345)
            |                        |-{solomonikMM-cud}(120359)
            |                        `-{solomonikMM-cud}(121152)
            |-{jsmd}(96127)
            |-{jsmd}(96143)
            |-{jsmd}(96144)
            |-{jsmd}(96145)
            |-{jsmd}(96146)
            |-{jsmd}(96147)
            |-{jsmd}(96148)
            |-{jsmd}(96149)
            |-{jsmd}(96150)
            |-{jsmd}(96151)
            |-{jsmd}(96152)
            |-{jsmd}(96153)
            |-{jsmd}(96154)
            |-{jsmd}(96155)
            |-{jsmd}(96156)
            |-{jsmd}(96157)
            |-{jsmd}(96158)
            |-{jsmd}(96159)
            |-{jsmd}(96160)
            `-{jsmd}(96161)

sshd(121169)---bash(121170)---pstree(121185)
