jsmd(165151)-+-solomonikMM-cud(165285)-+-{solomonikMM-cud}(165302)
             |                         |-{solomonikMM-cud}(165310)
             |                         |-{solomonikMM-cud}(165344)
             |                         |-{solomonikMM-cud}(165347)
             |                         |-{solomonikMM-cud}(165348)
             |                         |-{solomonikMM-cud}(165349)
             |                         |-{solomonikMM-cud}(165350)
             |                         |-{solomonikMM-cud}(165508)
             |                         |-{solomonikMM-cud}(165509)
             |                         |-{solomonikMM-cud}(165510)
             |                         |-{solomonikMM-cud}(165511)
             |                         |-{solomonikMM-cud}(165512)
             |                         |-{solomonikMM-cud}(165513)
             |                         |-{solomonikMM-cud}(165514)
             |                         |-{solomonikMM-cud}(165515)
             |                         |-{solomonikMM-cud}(165516)
             |                         |-{solomonikMM-cud}(165517)
             |                         |-{solomonikMM-cud}(165518)
             |                         |-{solomonikMM-cud}(165519)
             |                         |-{solomonikMM-cud}(165520)
             |                         |-{solomonikMM-cud}(165521)
             |                         |-{solomonikMM-cud}(165522)
             |                         |-{solomonikMM-cud}(165523)
             |                         |-{solomonikMM-cud}(165524)
             |                         |-{solomonikMM-cud}(165525)
             |                         |-{solomonikMM-cud}(165526)
             |                         |-{solomonikMM-cud}(165527)
             |                         |-{solomonikMM-cud}(165528)
             |                         |-{solomonikMM-cud}(165533)
             |                         |-{solomonikMM-cud}(165534)
             |                         |-{solomonikMM-cud}(165541)
             |                         |-{solomonikMM-cud}(171588)
             |                         |-{solomonikMM-cud}(171589)
             |                         |-{solomonikMM-cud}(171590)
             |                         |-{solomonikMM-cud}(171595)
             |                         |-{solomonikMM-cud}(172201)
             |                         |-{solomonikMM-cud}(172206)
             |                         |-{solomonikMM-cud}(172207)
             |                         `-{solomonikMM-cud}(172216)
             |-{jsmd}(165153)
             |-{jsmd}(165154)
             |-{jsmd}(165155)
             |-{jsmd}(165156)
             |-{jsmd}(165157)
             |-{jsmd}(165158)
             |-{jsmd}(165159)
             |-{jsmd}(165160)
             |-{jsmd}(165161)
             |-{jsmd}(165162)
             |-{jsmd}(165163)
             |-{jsmd}(165164)
             |-{jsmd}(165165)
             |-{jsmd}(165166)
             |-{jsmd}(165167)
             |-{jsmd}(165168)
             |-{jsmd}(165169)
             |-{jsmd}(165170)
             |-{jsmd}(165171)
             `-{jsmd}(165172)

sshd(10203)---bash(10204)---pstree(10240)
