jsmd(132150)-+-solomonikMM-cud(132233)-+-{solomonikMM-cud}(132248)
             |                         |-{solomonikMM-cud}(132249)
             |                         |-{solomonikMM-cud}(132295)
             |                         |-{solomonikMM-cud}(132296)
             |                         |-{solomonikMM-cud}(132297)
             |                         |-{solomonikMM-cud}(132298)
             |                         |-{solomonikMM-cud}(132299)
             |                         |-{solomonikMM-cud}(132455)
             |                         |-{solomonikMM-cud}(132456)
             |                         |-{solomonikMM-cud}(132457)
             |                         |-{solomonikMM-cud}(132458)
             |                         |-{solomonikMM-cud}(132459)
             |                         |-{solomonikMM-cud}(132460)
             |                         |-{solomonikMM-cud}(132461)
             |                         |-{solomonikMM-cud}(132462)
             |                         |-{solomonikMM-cud}(132463)
             |                         |-{solomonikMM-cud}(132464)
             |                         |-{solomonikMM-cud}(132465)
             |                         |-{solomonikMM-cud}(132466)
             |                         |-{solomonikMM-cud}(132467)
             |                         |-{solomonikMM-cud}(132468)
             |                         |-{solomonikMM-cud}(132469)
             |                         |-{solomonikMM-cud}(132470)
             |                         |-{solomonikMM-cud}(132471)
             |                         |-{solomonikMM-cud}(132472)
             |                         |-{solomonikMM-cud}(132473)
             |                         |-{solomonikMM-cud}(132474)
             |                         |-{solomonikMM-cud}(132475)
             |                         |-{solomonikMM-cud}(132480)
             |                         |-{solomonikMM-cud}(132481)
             |                         |-{solomonikMM-cud}(132489)
             |                         |-{solomonikMM-cud}(139774)
             |                         |-{solomonikMM-cud}(139779)
             |                         |-{solomonikMM-cud}(139784)
             |                         |-{solomonikMM-cud}(139785)
             |                         |-{solomonikMM-cud}(140546)
             |                         |-{solomonikMM-cud}(140556)
             |                         |-{solomonikMM-cud}(140560)
             |                         `-{solomonikMM-cud}(151199)
             |-{jsmd}(132152)
             |-{jsmd}(132153)
             |-{jsmd}(132154)
             |-{jsmd}(132155)
             |-{jsmd}(132156)
             |-{jsmd}(132157)
             |-{jsmd}(132158)
             |-{jsmd}(132159)
             |-{jsmd}(132160)
             |-{jsmd}(132161)
             |-{jsmd}(132162)
             |-{jsmd}(132163)
             |-{jsmd}(132164)
             |-{jsmd}(132165)
             |-{jsmd}(132166)
             |-{jsmd}(132167)
             |-{jsmd}(132168)
             |-{jsmd}(132169)
             |-{jsmd}(132170)
             `-{jsmd}(132171)

sshd(157257)---bash(157347)---pstree(157350)
