jsmd(173835)-+-solomonikMM-cud(173915)-+-{solomonikMM-cud}(173927)
             |                         |-{solomonikMM-cud}(173929)
             |                         |-{solomonikMM-cud}(173975)
             |                         |-{solomonikMM-cud}(173978)
             |                         |-{solomonikMM-cud}(173979)
             |                         |-{solomonikMM-cud}(173980)
             |                         |-{solomonikMM-cud}(173981)
             |                         |-{solomonikMM-cud}(174124)
             |                         |-{solomonikMM-cud}(174125)
             |                         |-{solomonikMM-cud}(174126)
             |                         |-{solomonikMM-cud}(174127)
             |                         |-{solomonikMM-cud}(174128)
             |                         |-{solomonikMM-cud}(174129)
             |                         |-{solomonikMM-cud}(174130)
             |                         |-{solomonikMM-cud}(174131)
             |                         |-{solomonikMM-cud}(174132)
             |                         |-{solomonikMM-cud}(174133)
             |                         |-{solomonikMM-cud}(174134)
             |                         |-{solomonikMM-cud}(174135)
             |                         |-{solomonikMM-cud}(174136)
             |                         |-{solomonikMM-cud}(174137)
             |                         |-{solomonikMM-cud}(174138)
             |                         |-{solomonikMM-cud}(174139)
             |                         |-{solomonikMM-cud}(174140)
             |                         |-{solomonikMM-cud}(174141)
             |                         |-{solomonikMM-cud}(174142)
             |                         |-{solomonikMM-cud}(174143)
             |                         |-{solomonikMM-cud}(174144)
             |                         |-{solomonikMM-cud}(174149)
             |                         |-{solomonikMM-cud}(174150)
             |                         |-{solomonikMM-cud}(174158)
             |                         |-{solomonikMM-cud}(1758)
             |                         |-{solomonikMM-cud}(1759)
             |                         |-{solomonikMM-cud}(1760)
             |                         |-{solomonikMM-cud}(1765)
             |                         |-{solomonikMM-cud}(2666)
             |                         |-{solomonikMM-cud}(2675)
             |                         |-{solomonikMM-cud}(18842)
             |                         `-{solomonikMM-cud}(18843)
             |-{jsmd}(173837)
             |-{jsmd}(173838)
             |-{jsmd}(173839)
             |-{jsmd}(173840)
             |-{jsmd}(173841)
             |-{jsmd}(173842)
             |-{jsmd}(173843)
             |-{jsmd}(173844)
             |-{jsmd}(173845)
             |-{jsmd}(173846)
             |-{jsmd}(173847)
             |-{jsmd}(173848)
             |-{jsmd}(173849)
             |-{jsmd}(173850)
             |-{jsmd}(173851)
             |-{jsmd}(173852)
             |-{jsmd}(173853)
             |-{jsmd}(173854)
             |-{jsmd}(173855)
             `-{jsmd}(173856)

sshd(19531)---bash(19727)---pstree(19821)
