jsmd(177009)-+-solomonikMM-cud(177089)-+-{solomonikMM-cud}(177102)
             |                         |-{solomonikMM-cud}(177103)
             |                         |-{solomonikMM-cud}(177149)
             |                         |-{solomonikMM-cud}(177150)
             |                         |-{solomonikMM-cud}(177151)
             |                         |-{solomonikMM-cud}(177152)
             |                         |-{solomonikMM-cud}(177154)
             |                         |-{solomonikMM-cud}(177494)
             |                         |-{solomonikMM-cud}(177495)
             |                         |-{solomonikMM-cud}(177496)
             |                         |-{solomonikMM-cud}(177497)
             |                         |-{solomonikMM-cud}(177498)
             |                         |-{solomonikMM-cud}(177499)
             |                         |-{solomonikMM-cud}(177500)
             |                         |-{solomonikMM-cud}(177501)
             |                         |-{solomonikMM-cud}(177502)
             |                         |-{solomonikMM-cud}(177503)
             |                         |-{solomonikMM-cud}(177504)
             |                         |-{solomonikMM-cud}(177505)
             |                         |-{solomonikMM-cud}(177506)
             |                         |-{solomonikMM-cud}(177507)
             |                         |-{solomonikMM-cud}(177508)
             |                         |-{solomonikMM-cud}(177509)
             |                         |-{solomonikMM-cud}(177514)
             |                         |-{solomonikMM-cud}(177515)
             |                         |-{solomonikMM-cud}(177516)
             |                         |-{solomonikMM-cud}(177517)
             |                         |-{solomonikMM-cud}(177518)
             |                         |-{solomonikMM-cud}(177526)
             |                         |-{solomonikMM-cud}(177527)
             |                         |-{solomonikMM-cud}(177534)
             |                         |-{solomonikMM-cud}(5589)
             |                         |-{solomonikMM-cud}(5590)
             |                         |-{solomonikMM-cud}(5591)
             |                         |-{solomonikMM-cud}(5596)
             |                         |-{solomonikMM-cud}(5806)
             |                         |-{solomonikMM-cud}(5810)
             |                         |-{solomonikMM-cud}(5828)
             |                         |-{solomonikMM-cud}(6020)
             |                         |-{solomonikMM-cud}(6023)
             |                         |-{solomonikMM-cud}(6113)
             |                         `-{solomonikMM-cud}(6114)
             |-{jsmd}(177010)
             |-{jsmd}(177013)
             |-{jsmd}(177017)
             |-{jsmd}(177018)
             |-{jsmd}(177019)
             |-{jsmd}(177020)
             |-{jsmd}(177021)
             |-{jsmd}(177022)
             |-{jsmd}(177023)
             |-{jsmd}(177024)
             |-{jsmd}(177025)
             |-{jsmd}(177026)
             |-{jsmd}(177027)
             |-{jsmd}(177028)
             |-{jsmd}(177029)
             |-{jsmd}(177030)
             |-{jsmd}(177031)
             |-{jsmd}(177032)
             |-{jsmd}(177033)
             `-{jsmd}(177034)

sshd(23634)---bash(23702)---pstree(23705)
