jsmd(59491)-+-solomonikMM-cud(59634)-+-{solomonikMM-cud}(59648)
            |                        |-{solomonikMM-cud}(59652)
            |                        |-{solomonikMM-cud}(59694)
            |                        |-{solomonikMM-cud}(59696)
            |                        |-{solomonikMM-cud}(59697)
            |                        |-{solomonikMM-cud}(59699)
            |                        |-{solomonikMM-cud}(59700)
            |                        |-{solomonikMM-cud}(59853)
            |                        |-{solomonikMM-cud}(59854)
            |                        |-{solomonikMM-cud}(59855)
            |                        |-{solomonikMM-cud}(59856)
            |                        |-{solomonikMM-cud}(59857)
            |                        |-{solomonikMM-cud}(59858)
            |                        |-{solomonikMM-cud}(59859)
            |                        |-{solomonikMM-cud}(59860)
            |                        |-{solomonikMM-cud}(59861)
            |                        |-{solomonikMM-cud}(59862)
            |                        |-{solomonikMM-cud}(59863)
            |                        |-{solomonikMM-cud}(59864)
            |                        |-{solomonikMM-cud}(59865)
            |                        |-{solomonikMM-cud}(59866)
            |                        |-{solomonikMM-cud}(59867)
            |                        |-{solomonikMM-cud}(59868)
            |                        |-{solomonikMM-cud}(59869)
            |                        |-{solomonikMM-cud}(59870)
            |                        |-{solomonikMM-cud}(59871)
            |                        |-{solomonikMM-cud}(59872)
            |                        |-{solomonikMM-cud}(59873)
            |                        |-{solomonikMM-cud}(59878)
            |                        |-{solomonikMM-cud}(59879)
            |                        |-{solomonikMM-cud}(59886)
            |                        |-{solomonikMM-cud}(69166)
            |                        |-{solomonikMM-cud}(69168)
            |                        |-{solomonikMM-cud}(69170)
            |                        |-{solomonikMM-cud}(69171)
            |                        |-{solomonikMM-cud}(70253)
            |                        |-{solomonikMM-cud}(86302)
            |                        |-{solomonikMM-cud}(86316)
            |                        `-{solomonikMM-cud}(86317)
            |-{jsmd}(59492)
            |-{jsmd}(59493)
            |-{jsmd}(59494)
            |-{jsmd}(59495)
            |-{jsmd}(59496)
            |-{jsmd}(59497)
            |-{jsmd}(59498)
            |-{jsmd}(59499)
            |-{jsmd}(59500)
            |-{jsmd}(59501)
            |-{jsmd}(59502)
            |-{jsmd}(59503)
            |-{jsmd}(59504)
            |-{jsmd}(59505)
            |-{jsmd}(59506)
            |-{jsmd}(59507)
            |-{jsmd}(59508)
            |-{jsmd}(59509)
            |-{jsmd}(59510)
            `-{jsmd}(59511)

sshd(87515)---bash(87516)---pstree(87519)
