jsmd(53488)-+-solomonikMM-cud(53627)-+-{solomonikMM-cud}(53641)
            |                        |-{solomonikMM-cud}(53645)
            |                        |-{solomonikMM-cud}(53686)
            |                        |-{solomonikMM-cud}(53689)
            |                        |-{solomonikMM-cud}(53690)
            |                        |-{solomonikMM-cud}(53691)
            |                        |-{solomonikMM-cud}(53692)
            |                        |-{solomonikMM-cud}(53849)
            |                        |-{solomonikMM-cud}(53850)
            |                        |-{solomonikMM-cud}(53851)
            |                        |-{solomonikMM-cud}(53852)
            |                        |-{solomonikMM-cud}(53853)
            |                        |-{solomonikMM-cud}(53854)
            |                        |-{solomonikMM-cud}(53855)
            |                        |-{solomonikMM-cud}(53856)
            |                        |-{solomonikMM-cud}(53857)
            |                        |-{solomonikMM-cud}(53858)
            |                        |-{solomonikMM-cud}(53859)
            |                        |-{solomonikMM-cud}(53860)
            |                        |-{solomonikMM-cud}(53861)
            |                        |-{solomonikMM-cud}(53862)
            |                        |-{solomonikMM-cud}(53863)
            |                        |-{solomonikMM-cud}(53864)
            |                        |-{solomonikMM-cud}(53865)
            |                        |-{solomonikMM-cud}(53866)
            |                        |-{solomonikMM-cud}(53867)
            |                        |-{solomonikMM-cud}(53868)
            |                        |-{solomonikMM-cud}(53869)
            |                        |-{solomonikMM-cud}(53874)
            |                        |-{solomonikMM-cud}(53875)
            |                        |-{solomonikMM-cud}(53876)
            |                        |-{solomonikMM-cud}(53878)
            |                        |-{solomonikMM-cud}(53882)
            |                        |-{solomonikMM-cud}(59583)
            |                        |-{solomonikMM-cud}(59584)
            |                        |-{solomonikMM-cud}(60921)
            |                        |-{solomonikMM-cud}(60964)
            |                        |-{solomonikMM-cud}(60991)
            |                        `-{solomonikMM-cud}(77178)
            |-{jsmd}(53490)
            |-{jsmd}(53553)
            |-{jsmd}(53554)
            |-{jsmd}(53555)
            |-{jsmd}(53556)
            |-{jsmd}(53557)
            |-{jsmd}(53558)
            |-{jsmd}(53559)
            |-{jsmd}(53560)
            |-{jsmd}(53561)
            |-{jsmd}(53562)
            |-{jsmd}(53563)
            |-{jsmd}(53564)
            |-{jsmd}(53565)
            |-{jsmd}(53566)
            |-{jsmd}(53567)
            |-{jsmd}(53568)
            |-{jsmd}(53569)
            |-{jsmd}(53570)
            `-{jsmd}(53571)

sshd(77009)---bash(77192)---pstree(77281)
