jsmd(97556)-+-solomonikMM-cud(97647)-+-{solomonikMM-cud}(97661)
            |                        |-{solomonikMM-cud}(97665)
            |                        |-{solomonikMM-cud}(97708)
            |                        |-{solomonikMM-cud}(97709)
            |                        |-{solomonikMM-cud}(97710)
            |                        |-{solomonikMM-cud}(97711)
            |                        |-{solomonikMM-cud}(97712)
            |                        |-{solomonikMM-cud}(97859)
            |                        |-{solomonikMM-cud}(97860)
            |                        |-{solomonikMM-cud}(97861)
            |                        |-{solomonikMM-cud}(97862)
            |                        |-{solomonikMM-cud}(97863)
            |                        |-{solomonikMM-cud}(97864)
            |                        |-{solomonikMM-cud}(97865)
            |                        |-{solomonikMM-cud}(97866)
            |                        |-{solomonikMM-cud}(97867)
            |                        |-{solomonikMM-cud}(97868)
            |                        |-{solomonikMM-cud}(97869)
            |                        |-{solomonikMM-cud}(97870)
            |                        |-{solomonikMM-cud}(97871)
            |                        |-{solomonikMM-cud}(97872)
            |                        |-{solomonikMM-cud}(97873)
            |                        |-{solomonikMM-cud}(97874)
            |                        |-{solomonikMM-cud}(97875)
            |                        |-{solomonikMM-cud}(97876)
            |                        |-{solomonikMM-cud}(97877)
            |                        |-{solomonikMM-cud}(97878)
            |                        |-{solomonikMM-cud}(97879)
            |                        |-{solomonikMM-cud}(97885)
            |                        |-{solomonikMM-cud}(97886)
            |                        |-{solomonikMM-cud}(97893)
            |                        |-{solomonikMM-cud}(104544)
            |                        |-{solomonikMM-cud}(104545)
            |                        |-{solomonikMM-cud}(104546)
            |                        |-{solomonikMM-cud}(104553)
            |                        |-{solomonikMM-cud}(104707)
            |                        |-{solomonikMM-cud}(105123)
            |                        |-{solomonikMM-cud}(122091)
            |                        |-{solomonikMM-cud}(122103)
            |                        `-{solomonikMM-cud}(122104)
            |-{jsmd}(97558)
            |-{jsmd}(97563)
            |-{jsmd}(97567)
            |-{jsmd}(97568)
            |-{jsmd}(97569)
            |-{jsmd}(97570)
            |-{jsmd}(97571)
            |-{jsmd}(97572)
            |-{jsmd}(97573)
            |-{jsmd}(97574)
            |-{jsmd}(97575)
            |-{jsmd}(97576)
            |-{jsmd}(97577)
            |-{jsmd}(97578)
            |-{jsmd}(97579)
            |-{jsmd}(97580)
            |-{jsmd}(97581)
            |-{jsmd}(97582)
            |-{jsmd}(97583)
            `-{jsmd}(97584)

sshd(122306)---bash(122398)---pstree(122401)
