jsmd(120286)-+-solomonikMM-cud(120364)-+-{solomonikMM-cud}(120377)
             |                         |-{solomonikMM-cud}(120378)
             |                         |-{solomonikMM-cud}(120424)
             |                         |-{solomonikMM-cud}(120425)
             |                         |-{solomonikMM-cud}(120427)
             |                         |-{solomonikMM-cud}(120428)
             |                         |-{solomonikMM-cud}(120429)
             |                         |-{solomonikMM-cud}(120583)
             |                         |-{solomonikMM-cud}(120584)
             |                         |-{solomonikMM-cud}(120585)
             |                         |-{solomonikMM-cud}(120586)
             |                         |-{solomonikMM-cud}(120587)
             |                         |-{solomonikMM-cud}(120588)
             |                         |-{solomonikMM-cud}(120589)
             |                         |-{solomonikMM-cud}(120590)
             |                         |-{solomonikMM-cud}(120591)
             |                         |-{solomonikMM-cud}(120592)
             |                         |-{solomonikMM-cud}(120593)
             |                         |-{solomonikMM-cud}(120594)
             |                         |-{solomonikMM-cud}(120595)
             |                         |-{solomonikMM-cud}(120596)
             |                         |-{solomonikMM-cud}(120597)
             |                         |-{solomonikMM-cud}(120598)
             |                         |-{solomonikMM-cud}(120599)
             |                         |-{solomonikMM-cud}(120600)
             |                         |-{solomonikMM-cud}(120601)
             |                         |-{solomonikMM-cud}(120602)
             |                         |-{solomonikMM-cud}(120603)
             |                         |-{solomonikMM-cud}(120608)
             |                         |-{solomonikMM-cud}(120609)
             |                         |-{solomonikMM-cud}(120616)
             |                         |-{solomonikMM-cud}(127098)
             |                         |-{solomonikMM-cud}(127099)
             |                         |-{solomonikMM-cud}(127100)
             |                         |-{solomonikMM-cud}(127101)
             |                         |-{solomonikMM-cud}(127819)
             |                         |-{solomonikMM-cud}(127821)
             |                         |-{solomonikMM-cud}(127825)
             |                         `-{solomonikMM-cud}(127830)
             |-{jsmd}(120287)
             |-{jsmd}(120288)
             |-{jsmd}(120292)
             |-{jsmd}(120293)
             |-{jsmd}(120294)
             |-{jsmd}(120295)
             |-{jsmd}(120296)
             |-{jsmd}(120297)
             |-{jsmd}(120298)
             |-{jsmd}(120299)
             |-{jsmd}(120300)
             |-{jsmd}(120301)
             |-{jsmd}(120302)
             |-{jsmd}(120303)
             |-{jsmd}(120304)
             |-{jsmd}(120305)
             |-{jsmd}(120306)
             |-{jsmd}(120307)
             |-{jsmd}(120308)
             `-{jsmd}(120309)

sshd(145123)---bash(145283)---pstree(145286)
