jsmd(91152)-+-solomonikMM-cud(91294)-+-{solomonikMM-cud}(91310)
            |                        |-{solomonikMM-cud}(91314)
            |                        |-{solomonikMM-cud}(91358)
            |                        |-{solomonikMM-cud}(91360)
            |                        |-{solomonikMM-cud}(91361)
            |                        |-{solomonikMM-cud}(91363)
            |                        |-{solomonikMM-cud}(91364)
            |                        |-{solomonikMM-cud}(91517)
            |                        |-{solomonikMM-cud}(91518)
            |                        |-{solomonikMM-cud}(91519)
            |                        |-{solomonikMM-cud}(91520)
            |                        |-{solomonikMM-cud}(91521)
            |                        |-{solomonikMM-cud}(91522)
            |                        |-{solomonikMM-cud}(91523)
            |                        |-{solomonikMM-cud}(91524)
            |                        |-{solomonikMM-cud}(91525)
            |                        |-{solomonikMM-cud}(91526)
            |                        |-{solomonikMM-cud}(91527)
            |                        |-{solomonikMM-cud}(91528)
            |                        |-{solomonikMM-cud}(91529)
            |                        |-{solomonikMM-cud}(91530)
            |                        |-{solomonikMM-cud}(91531)
            |                        |-{solomonikMM-cud}(91532)
            |                        |-{solomonikMM-cud}(91533)
            |                        |-{solomonikMM-cud}(91534)
            |                        |-{solomonikMM-cud}(91535)
            |                        |-{solomonikMM-cud}(91536)
            |                        |-{solomonikMM-cud}(91537)
            |                        |-{solomonikMM-cud}(91542)
            |                        |-{solomonikMM-cud}(91543)
            |                        |-{solomonikMM-cud}(91550)
            |                        |-{solomonikMM-cud}(98205)
            |                        |-{solomonikMM-cud}(98206)
            |                        |-{solomonikMM-cud}(98207)
            |                        |-{solomonikMM-cud}(98208)
            |                        |-{solomonikMM-cud}(98546)
            |                        |-{solomonikMM-cud}(98556)
            |                        |-{solomonikMM-cud}(98565)
            |                        |-{solomonikMM-cud}(98591)
            |                        |-{solomonikMM-cud}(98786)
            |                        |-{solomonikMM-cud}(98799)
            |                        |-{solomonikMM-cud}(114745)
            |                        `-{solomonikMM-cud}(114759)
            |-{jsmd}(91154)
            |-{jsmd}(91220)
            |-{jsmd}(91221)
            |-{jsmd}(91222)
            |-{jsmd}(91223)
            |-{jsmd}(91224)
            |-{jsmd}(91225)
            |-{jsmd}(91226)
            |-{jsmd}(91227)
            |-{jsmd}(91228)
            |-{jsmd}(91229)
            |-{jsmd}(91230)
            |-{jsmd}(91231)
            |-{jsmd}(91232)
            |-{jsmd}(91233)
            |-{jsmd}(91234)
            |-{jsmd}(91235)
            |-{jsmd}(91236)
            |-{jsmd}(91237)
            `-{jsmd}(91238)

sshd(115601)---bash(115780)---pstree(115783)
