jsmd(121901)-+-solomonikMM-cud(122032)-+-{solomonikMM-cud}(122071)
             |                         |-{solomonikMM-cud}(122073)
             |                         |-{solomonikMM-cud}(122108)
             |                         |-{solomonikMM-cud}(122109)
             |                         |-{solomonikMM-cud}(122110)
             |                         |-{solomonikMM-cud}(122111)
             |                         |-{solomonikMM-cud}(122112)
             |                         |-{solomonikMM-cud}(122256)
             |                         |-{solomonikMM-cud}(122257)
             |                         |-{solomonikMM-cud}(122258)
             |                         |-{solomonikMM-cud}(122259)
             |                         |-{solomonikMM-cud}(122260)
             |                         |-{solomonikMM-cud}(122261)
             |                         |-{solomonikMM-cud}(122262)
             |                         |-{solomonikMM-cud}(122263)
             |                         |-{solomonikMM-cud}(122264)
             |                         |-{solomonikMM-cud}(122265)
             |                         |-{solomonikMM-cud}(122266)
             |                         |-{solomonikMM-cud}(122267)
             |                         |-{solomonikMM-cud}(122268)
             |                         |-{solomonikMM-cud}(122269)
             |                         |-{solomonikMM-cud}(122270)
             |                         |-{solomonikMM-cud}(122271)
             |                         |-{solomonikMM-cud}(122272)
             |                         |-{solomonikMM-cud}(122273)
             |                         |-{solomonikMM-cud}(122274)
             |                         |-{solomonikMM-cud}(122275)
             |                         |-{solomonikMM-cud}(122276)
             |                         |-{solomonikMM-cud}(122282)
             |                         |-{solomonikMM-cud}(122283)
             |                         |-{solomonikMM-cud}(122290)
             |                         |-{solomonikMM-cud}(128790)
             |                         |-{solomonikMM-cud}(128791)
             |                         |-{solomonikMM-cud}(128792)
             |                         |-{solomonikMM-cud}(128793)
             |                         |-{solomonikMM-cud}(129207)
             |                         |-{solomonikMM-cud}(129532)
             |                         |-{solomonikMM-cud}(129547)
             |                         |-{solomonikMM-cud}(129554)
             |                         `-{solomonikMM-cud}(129555)
             |-{jsmd}(121902)
             |-{jsmd}(121915)
             |-{jsmd}(121916)
             |-{jsmd}(121917)
             |-{jsmd}(121918)
             |-{jsmd}(121919)
             |-{jsmd}(121920)
             |-{jsmd}(121921)
             |-{jsmd}(121922)
             |-{jsmd}(121923)
             |-{jsmd}(121924)
             |-{jsmd}(121925)
             |-{jsmd}(121926)
             |-{jsmd}(121927)
             |-{jsmd}(121928)
             |-{jsmd}(121929)
             |-{jsmd}(121930)
             |-{jsmd}(121931)
             |-{jsmd}(121932)
             `-{jsmd}(121933)

sshd(146572)---bash(146757)---pstree(146760)
