jsmd(68287)-+-solomonikMM-cud(68422)-+-{solomonikMM-cud}(68437)
            |                        |-{solomonikMM-cud}(68447)
            |                        |-{solomonikMM-cud}(68484)
            |                        |-{solomonikMM-cud}(68486)
            |                        |-{solomonikMM-cud}(68487)
            |                        |-{solomonikMM-cud}(68488)
            |                        |-{solomonikMM-cud}(68489)
            |                        |-{solomonikMM-cud}(68642)
            |                        |-{solomonikMM-cud}(68643)
            |                        |-{solomonikMM-cud}(68644)
            |                        |-{solomonikMM-cud}(68645)
            |                        |-{solomonikMM-cud}(68646)
            |                        |-{solomonikMM-cud}(68647)
            |                        |-{solomonikMM-cud}(68648)
            |                        |-{solomonikMM-cud}(68649)
            |                        |-{solomonikMM-cud}(68650)
            |                        |-{solomonikMM-cud}(68651)
            |                        |-{solomonikMM-cud}(68652)
            |                        |-{solomonikMM-cud}(68653)
            |                        |-{solomonikMM-cud}(68654)
            |                        |-{solomonikMM-cud}(68655)
            |                        |-{solomonikMM-cud}(68656)
            |                        |-{solomonikMM-cud}(68657)
            |                        |-{solomonikMM-cud}(68658)
            |                        |-{solomonikMM-cud}(68659)
            |                        |-{solomonikMM-cud}(68660)
            |                        |-{solomonikMM-cud}(68661)
            |                        |-{solomonikMM-cud}(68662)
            |                        |-{solomonikMM-cud}(68667)
            |                        |-{solomonikMM-cud}(68668)
            |                        |-{solomonikMM-cud}(68676)
            |                        |-{solomonikMM-cud}(72757)
            |                        |-{solomonikMM-cud}(74714)
            |                        |-{solomonikMM-cud}(74721)
            |                        |-{solomonikMM-cud}(74722)
            |                        |-{solomonikMM-cud}(91416)
            |                        |-{solomonikMM-cud}(91421)
            |                        |-{solomonikMM-cud}(91425)
            |                        `-{solomonikMM-cud}(91426)
            |-{jsmd}(68288)
            |-{jsmd}(68346)
            |-{jsmd}(68347)
            |-{jsmd}(68348)
            |-{jsmd}(68349)
            |-{jsmd}(68350)
            |-{jsmd}(68351)
            |-{jsmd}(68352)
            |-{jsmd}(68353)
            |-{jsmd}(68354)
            |-{jsmd}(68355)
            |-{jsmd}(68356)
            |-{jsmd}(68357)
            |-{jsmd}(68358)
            |-{jsmd}(68359)
            |-{jsmd}(68360)
            |-{jsmd}(68361)
            |-{jsmd}(68362)
            |-{jsmd}(68363)
            `-{jsmd}(68364)

sshd(92235)---bash(92236)---pstree(92239)
