jsmd(103274)-+-solomonikMM-cud(103415)-+-{solomonikMM-cud}(103445)
             |                         |-{solomonikMM-cud}(103447)
             |                         |-{solomonikMM-cud}(103482)
             |                         |-{solomonikMM-cud}(103484)
             |                         |-{solomonikMM-cud}(103485)
             |                         |-{solomonikMM-cud}(103486)
             |                         |-{solomonikMM-cud}(103487)
             |                         |-{solomonikMM-cud}(103632)
             |                         |-{solomonikMM-cud}(103633)
             |                         |-{solomonikMM-cud}(103634)
             |                         |-{solomonikMM-cud}(103635)
             |                         |-{solomonikMM-cud}(103636)
             |                         |-{solomonikMM-cud}(103637)
             |                         |-{solomonikMM-cud}(103638)
             |                         |-{solomonikMM-cud}(103639)
             |                         |-{solomonikMM-cud}(103640)
             |                         |-{solomonikMM-cud}(103641)
             |                         |-{solomonikMM-cud}(103642)
             |                         |-{solomonikMM-cud}(103643)
             |                         |-{solomonikMM-cud}(103644)
             |                         |-{solomonikMM-cud}(103645)
             |                         |-{solomonikMM-cud}(103646)
             |                         |-{solomonikMM-cud}(103647)
             |                         |-{solomonikMM-cud}(103648)
             |                         |-{solomonikMM-cud}(103649)
             |                         |-{solomonikMM-cud}(103650)
             |                         |-{solomonikMM-cud}(103651)
             |                         |-{solomonikMM-cud}(103652)
             |                         |-{solomonikMM-cud}(103657)
             |                         |-{solomonikMM-cud}(103658)
             |                         |-{solomonikMM-cud}(103666)
             |                         |-{solomonikMM-cud}(111449)
             |                         |-{solomonikMM-cud}(111450)
             |                         |-{solomonikMM-cud}(111458)
             |                         |-{solomonikMM-cud}(111459)
             |                         |-{solomonikMM-cud}(112308)
             |                         |-{solomonikMM-cud}(112313)
             |                         |-{solomonikMM-cud}(128349)
             |                         `-{solomonikMM-cud}(128350)
             |-{jsmd}(103275)
             |-{jsmd}(103276)
             |-{jsmd}(103277)
             |-{jsmd}(103278)
             |-{jsmd}(103279)
             |-{jsmd}(103280)
             |-{jsmd}(103281)
             |-{jsmd}(103282)
             |-{jsmd}(103283)
             |-{jsmd}(103284)
             |-{jsmd}(103285)
             |-{jsmd}(103286)
             |-{jsmd}(103287)
             |-{jsmd}(103288)
             |-{jsmd}(103289)
             |-{jsmd}(103290)
             |-{jsmd}(103291)
             |-{jsmd}(103292)
             |-{jsmd}(103293)
             `-{jsmd}(103294)

sshd(129175)---bash(129298)---pstree(129301)
