jsmd(166281)-+-solomonikMM-cud(166415)-+-{solomonikMM-cud}(166428)
             |                         |-{solomonikMM-cud}(166429)
             |                         |-{solomonikMM-cud}(166475)
             |                         |-{solomonikMM-cud}(166476)
             |                         |-{solomonikMM-cud}(166477)
             |                         |-{solomonikMM-cud}(166478)
             |                         |-{solomonikMM-cud}(166479)
             |                         |-{solomonikMM-cud}(166626)
             |                         |-{solomonikMM-cud}(166627)
             |                         |-{solomonikMM-cud}(166628)
             |                         |-{solomonikMM-cud}(166629)
             |                         |-{solomonikMM-cud}(166630)
             |                         |-{solomonikMM-cud}(166631)
             |                         |-{solomonikMM-cud}(166632)
             |                         |-{solomonikMM-cud}(166633)
             |                         |-{solomonikMM-cud}(166634)
             |                         |-{solomonikMM-cud}(166635)
             |                         |-{solomonikMM-cud}(166636)
             |                         |-{solomonikMM-cud}(166637)
             |                         |-{solomonikMM-cud}(166638)
             |                         |-{solomonikMM-cud}(166639)
             |                         |-{solomonikMM-cud}(166640)
             |                         |-{solomonikMM-cud}(166641)
             |                         |-{solomonikMM-cud}(166642)
             |                         |-{solomonikMM-cud}(166643)
             |                         |-{solomonikMM-cud}(166644)
             |                         |-{solomonikMM-cud}(166645)
             |                         |-{solomonikMM-cud}(166646)
             |                         |-{solomonikMM-cud}(166651)
             |                         |-{solomonikMM-cud}(166652)
             |                         |-{solomonikMM-cud}(166659)
             |                         |-{solomonikMM-cud}(173888)
             |                         |-{solomonikMM-cud}(173889)
             |                         |-{solomonikMM-cud}(173890)
             |                         |-{solomonikMM-cud}(173895)
             |                         |-{solomonikMM-cud}(6346)
             |                         |-{solomonikMM-cud}(6348)
             |                         |-{solomonikMM-cud}(11669)
             |                         `-{solomonikMM-cud}(11679)
             |-{jsmd}(166282)
             |-{jsmd}(166283)
             |-{jsmd}(166284)
             |-{jsmd}(166285)
             |-{jsmd}(166286)
             |-{jsmd}(166287)
             |-{jsmd}(166288)
             |-{jsmd}(166289)
             |-{jsmd}(166290)
             |-{jsmd}(166291)
             |-{jsmd}(166292)
             |-{jsmd}(166293)
             |-{jsmd}(166294)
             |-{jsmd}(166295)
             |-{jsmd}(166296)
             |-{jsmd}(166297)
             |-{jsmd}(166298)
             |-{jsmd}(166299)
             |-{jsmd}(166300)
             `-{jsmd}(166301)

sshd(12841)---bash(12968)---pstree(12971)
