jsmd(83405)-+-solomonikMM-cud(83528)-+-{solomonikMM-cud}(83543)
            |                        |-{solomonikMM-cud}(83554)
            |                        |-{solomonikMM-cud}(83599)
            |                        |-{solomonikMM-cud}(83600)
            |                        |-{solomonikMM-cud}(83601)
            |                        |-{solomonikMM-cud}(83603)
            |                        |-{solomonikMM-cud}(83604)
            |                        |-{solomonikMM-cud}(83746)
            |                        |-{solomonikMM-cud}(83747)
            |                        |-{solomonikMM-cud}(83748)
            |                        |-{solomonikMM-cud}(83749)
            |                        |-{solomonikMM-cud}(83750)
            |                        |-{solomonikMM-cud}(83751)
            |                        |-{solomonikMM-cud}(83752)
            |                        |-{solomonikMM-cud}(83753)
            |                        |-{solomonikMM-cud}(83754)
            |                        |-{solomonikMM-cud}(83755)
            |                        |-{solomonikMM-cud}(83756)
            |                        |-{solomonikMM-cud}(83757)
            |                        |-{solomonikMM-cud}(83758)
            |                        |-{solomonikMM-cud}(83759)
            |                        |-{solomonikMM-cud}(83760)
            |                        |-{solomonikMM-cud}(83761)
            |                        |-{solomonikMM-cud}(83762)
            |                        |-{solomonikMM-cud}(83763)
            |                        |-{solomonikMM-cud}(83764)
            |                        |-{solomonikMM-cud}(83765)
            |                        |-{solomonikMM-cud}(83766)
            |                        |-{solomonikMM-cud}(83772)
            |                        |-{solomonikMM-cud}(83773)
            |                        |-{solomonikMM-cud}(83780)
            |                        |-{solomonikMM-cud}(90105)
            |                        |-{solomonikMM-cud}(90106)
            |                        |-{solomonikMM-cud}(90107)
            |                        |-{solomonikMM-cud}(90121)
            |                        |-{solomonikMM-cud}(90688)
            |                        |-{solomonikMM-cud}(106692)
            |                        |-{solomonikMM-cud}(106705)
            |                        `-{solomonikMM-cud}(106706)
            |-{jsmd}(83406)
            |-{jsmd}(83407)
            |-{jsmd}(83408)
            |-{jsmd}(83409)
            |-{jsmd}(83410)
            |-{jsmd}(83411)
            |-{jsmd}(83412)
            |-{jsmd}(83413)
            |-{jsmd}(83414)
            |-{jsmd}(83415)
            |-{jsmd}(83416)
            |-{jsmd}(83417)
            |-{jsmd}(83418)
            |-{jsmd}(83419)
            |-{jsmd}(83420)
            |-{jsmd}(83421)
            |-{jsmd}(83422)
            |-{jsmd}(83423)
            |-{jsmd}(83424)
            `-{jsmd}(83425)

sshd(107536)---bash(107537)---pstree(107541)
