jsmd(141212)-+-solomonikMM-cud(141342)-+-{solomonikMM-cud}(141365)
             |                         |-{solomonikMM-cud}(141367)
             |                         |-{solomonikMM-cud}(141411)
             |                         |-{solomonikMM-cud}(141413)
             |                         |-{solomonikMM-cud}(141414)
             |                         |-{solomonikMM-cud}(141415)
             |                         |-{solomonikMM-cud}(141416)
             |                         |-{solomonikMM-cud}(141559)
             |                         |-{solomonikMM-cud}(141560)
             |                         |-{solomonikMM-cud}(141561)
             |                         |-{solomonikMM-cud}(141562)
             |                         |-{solomonikMM-cud}(141563)
             |                         |-{solomonikMM-cud}(141564)
             |                         |-{solomonikMM-cud}(141565)
             |                         |-{solomonikMM-cud}(141566)
             |                         |-{solomonikMM-cud}(141567)
             |                         |-{solomonikMM-cud}(141568)
             |                         |-{solomonikMM-cud}(141569)
             |                         |-{solomonikMM-cud}(141570)
             |                         |-{solomonikMM-cud}(141571)
             |                         |-{solomonikMM-cud}(141572)
             |                         |-{solomonikMM-cud}(141573)
             |                         |-{solomonikMM-cud}(141574)
             |                         |-{solomonikMM-cud}(141575)
             |                         |-{solomonikMM-cud}(141576)
             |                         |-{solomonikMM-cud}(141577)
             |                         |-{solomonikMM-cud}(141578)
             |                         |-{solomonikMM-cud}(141579)
             |                         |-{solomonikMM-cud}(141585)
             |                         |-{solomonikMM-cud}(141586)
             |                         |-{solomonikMM-cud}(141593)
             |                         |-{solomonikMM-cud}(150139)
             |                         |-{solomonikMM-cud}(150143)
             |                         |-{solomonikMM-cud}(150146)
             |                         |-{solomonikMM-cud}(150151)
             |                         |-{solomonikMM-cud}(151316)
             |                         |-{solomonikMM-cud}(151339)
             |                         |-{solomonikMM-cud}(167421)
             |                         `-{solomonikMM-cud}(167422)
             |-{jsmd}(141214)
             |-{jsmd}(141215)
             |-{jsmd}(141222)
             |-{jsmd}(141223)
             |-{jsmd}(141224)
             |-{jsmd}(141225)
             |-{jsmd}(141226)
             |-{jsmd}(141227)
             |-{jsmd}(141228)
             |-{jsmd}(141229)
             |-{jsmd}(141230)
             |-{jsmd}(141231)
             |-{jsmd}(141232)
             |-{jsmd}(141233)
             |-{jsmd}(141234)
             |-{jsmd}(141235)
             |-{jsmd}(141236)
             |-{jsmd}(141237)
             |-{jsmd}(141238)
             `-{jsmd}(141239)

sshd(168581)---bash(168582)---pstree(168585)
