jsmd(7637)-+-solomonikMM-cud(7778)-+-{solomonikMM-cud}(7794)
           |                       |-{solomonikMM-cud}(7798)
           |                       |-{solomonikMM-cud}(7840)
           |                       |-{solomonikMM-cud}(7841)
           |                       |-{solomonikMM-cud}(7842)
           |                       |-{solomonikMM-cud}(7843)
           |                       |-{solomonikMM-cud}(7844)
           |                       |-{solomonikMM-cud}(7988)
           |                       |-{solomonikMM-cud}(7989)
           |                       |-{solomonikMM-cud}(7990)
           |                       |-{solomonikMM-cud}(7991)
           |                       |-{solomonikMM-cud}(7992)
           |                       |-{solomonikMM-cud}(7993)
           |                       |-{solomonikMM-cud}(7994)
           |                       |-{solomonikMM-cud}(7995)
           |                       |-{solomonikMM-cud}(7996)
           |                       |-{solomonikMM-cud}(7997)
           |                       |-{solomonikMM-cud}(7998)
           |                       |-{solomonikMM-cud}(7999)
           |                       |-{solomonikMM-cud}(8000)
           |                       |-{solomonikMM-cud}(8001)
           |                       |-{solomonikMM-cud}(8002)
           |                       |-{solomonikMM-cud}(8003)
           |                       |-{solomonikMM-cud}(8004)
           |                       |-{solomonikMM-cud}(8005)
           |                       |-{solomonikMM-cud}(8006)
           |                       |-{solomonikMM-cud}(8007)
           |                       |-{solomonikMM-cud}(8008)
           |                       |-{solomonikMM-cud}(8013)
           |                       |-{solomonikMM-cud}(8014)
           |                       |-{solomonikMM-cud}(8021)
           |                       |-{solomonikMM-cud}(15270)
           |                       |-{solomonikMM-cud}(15273)
           |                       |-{solomonikMM-cud}(15274)
           |                       |-{solomonikMM-cud}(15275)
           |                       |-{solomonikMM-cud}(16026)
           |                       |-{solomonikMM-cud}(16028)
           |                       |-{solomonikMM-cud}(32531)
           |                       `-{solomonikMM-cud}(32532)
           |-{jsmd}(7638)
           |-{jsmd}(7639)
           |-{jsmd}(7646)
           |-{jsmd}(7647)
           |-{jsmd}(7648)
           |-{jsmd}(7649)
           |-{jsmd}(7650)
           |-{jsmd}(7651)
           |-{jsmd}(7652)
           |-{jsmd}(7653)
           |-{jsmd}(7654)
           |-{jsmd}(7655)
           |-{jsmd}(7656)
           |-{jsmd}(7657)
           |-{jsmd}(7658)
           |-{jsmd}(7659)
           |-{jsmd}(7660)
           |-{jsmd}(7661)
           |-{jsmd}(7662)
           `-{jsmd}(7663)

sshd(33354)---bash(33376)---pstree(33379)
