jsmd(145485)-+-solomonikMM-cud(145626)-+-{solomonikMM-cud}(145652)
             |                         |-{solomonikMM-cud}(145653)
             |                         |-{solomonikMM-cud}(145688)
             |                         |-{solomonikMM-cud}(145690)
             |                         |-{solomonikMM-cud}(145691)
             |                         |-{solomonikMM-cud}(145693)
             |                         |-{solomonikMM-cud}(145694)
             |                         |-{solomonikMM-cud}(145852)
             |                         |-{solomonikMM-cud}(145853)
             |                         |-{solomonikMM-cud}(145854)
             |                         |-{solomonikMM-cud}(145855)
             |                         |-{solomonikMM-cud}(145856)
             |                         |-{solomonikMM-cud}(145857)
             |                         |-{solomonikMM-cud}(145858)
             |                         |-{solomonikMM-cud}(145859)
             |                         |-{solomonikMM-cud}(145860)
             |                         |-{solomonikMM-cud}(145861)
             |                         |-{solomonikMM-cud}(145862)
             |                         |-{solomonikMM-cud}(145863)
             |                         |-{solomonikMM-cud}(145864)
             |                         |-{solomonikMM-cud}(145865)
             |                         |-{solomonikMM-cud}(145866)
             |                         |-{solomonikMM-cud}(145867)
             |                         |-{solomonikMM-cud}(145868)
             |                         |-{solomonikMM-cud}(145869)
             |                         |-{solomonikMM-cud}(145870)
             |                         |-{solomonikMM-cud}(145871)
             |                         |-{solomonikMM-cud}(145872)
             |                         |-{solomonikMM-cud}(145877)
             |                         |-{solomonikMM-cud}(145878)
             |                         |-{solomonikMM-cud}(145879)
             |                         |-{solomonikMM-cud}(145885)
             |                         |-{solomonikMM-cud}(151460)
             |                         |-{solomonikMM-cud}(151466)
             |                         |-{solomonikMM-cud}(151468)
             |                         |-{solomonikMM-cud}(168464)
             |                         |-{solomonikMM-cud}(168482)
             |                         |-{solomonikMM-cud}(168499)
             |                         `-{solomonikMM-cud}(168503)
             |-{jsmd}(145486)
             |-{jsmd}(145501)
             |-{jsmd}(145508)
             |-{jsmd}(145509)
             |-{jsmd}(145510)
             |-{jsmd}(145511)
             |-{jsmd}(145512)
             |-{jsmd}(145513)
             |-{jsmd}(145514)
             |-{jsmd}(145515)
             |-{jsmd}(145516)
             |-{jsmd}(145517)
             |-{jsmd}(145518)
             |-{jsmd}(145519)
             |-{jsmd}(145520)
             |-{jsmd}(145521)
             |-{jsmd}(145522)
             |-{jsmd}(145523)
             |-{jsmd}(145524)
             `-{jsmd}(145525)

sshd(169656)---bash(169657)---pstree(169784)
