jsmd(152669)-+-solomonikMM-cud(152810)-+-{solomonikMM-cud}(152824)
             |                         |-{solomonikMM-cud}(152826)
             |                         |-{solomonikMM-cud}(152871)
             |                         |-{solomonikMM-cud}(152875)
             |                         |-{solomonikMM-cud}(152876)
             |                         |-{solomonikMM-cud}(152877)
             |                         |-{solomonikMM-cud}(152878)
             |                         |-{solomonikMM-cud}(153021)
             |                         |-{solomonikMM-cud}(153022)
             |                         |-{solomonikMM-cud}(153023)
             |                         |-{solomonikMM-cud}(153024)
             |                         |-{solomonikMM-cud}(153025)
             |                         |-{solomonikMM-cud}(153026)
             |                         |-{solomonikMM-cud}(153027)
             |                         |-{solomonikMM-cud}(153028)
             |                         |-{solomonikMM-cud}(153029)
             |                         |-{solomonikMM-cud}(153030)
             |                         |-{solomonikMM-cud}(153031)
             |                         |-{solomonikMM-cud}(153032)
             |                         |-{solomonikMM-cud}(153033)
             |                         |-{solomonikMM-cud}(153034)
             |                         |-{solomonikMM-cud}(153035)
             |                         |-{solomonikMM-cud}(153036)
             |                         |-{solomonikMM-cud}(153037)
             |                         |-{solomonikMM-cud}(153038)
             |                         |-{solomonikMM-cud}(153039)
             |                         |-{solomonikMM-cud}(153040)
             |                         |-{solomonikMM-cud}(153041)
             |                         |-{solomonikMM-cud}(153046)
             |                         |-{solomonikMM-cud}(153047)
             |                         |-{solomonikMM-cud}(153054)
             |                         |-{solomonikMM-cud}(160707)
             |                         |-{solomonikMM-cud}(160708)
             |                         |-{solomonikMM-cud}(160709)
             |                         |-{solomonikMM-cud}(160713)
             |                         |-{solomonikMM-cud}(161563)
             |                         |-{solomonikMM-cud}(161568)
             |                         |-{solomonikMM-cud}(178032)
             |                         `-{solomonikMM-cud}(178033)
             |-{jsmd}(152670)
             |-{jsmd}(152671)
             |-{jsmd}(152678)
             |-{jsmd}(152679)
             |-{jsmd}(152680)
             |-{jsmd}(152681)
             |-{jsmd}(152682)
             |-{jsmd}(152683)
             |-{jsmd}(152684)
             |-{jsmd}(152685)
             |-{jsmd}(152686)
             |-{jsmd}(152687)
             |-{jsmd}(152688)
             |-{jsmd}(152689)
             |-{jsmd}(152690)
             |-{jsmd}(152691)
             |-{jsmd}(152692)
             |-{jsmd}(152693)
             |-{jsmd}(152694)
             `-{jsmd}(152695)

sshd(178861)---bash(178862)---pstree(178865)
