jsmd(150072)-+-solomonikMM-cud(150206)-+-{solomonikMM-cud}(150224)
             |                         |-{solomonikMM-cud}(150232)
             |                         |-{solomonikMM-cud}(150266)
             |                         |-{solomonikMM-cud}(150269)
             |                         |-{solomonikMM-cud}(150270)
             |                         |-{solomonikMM-cud}(150271)
             |                         |-{solomonikMM-cud}(150272)
             |                         |-{solomonikMM-cud}(150428)
             |                         |-{solomonikMM-cud}(150429)
             |                         |-{solomonikMM-cud}(150430)
             |                         |-{solomonikMM-cud}(150431)
             |                         |-{solomonikMM-cud}(150432)
             |                         |-{solomonikMM-cud}(150433)
             |                         |-{solomonikMM-cud}(150434)
             |                         |-{solomonikMM-cud}(150435)
             |                         |-{solomonikMM-cud}(150436)
             |                         |-{solomonikMM-cud}(150437)
             |                         |-{solomonikMM-cud}(150438)
             |                         |-{solomonikMM-cud}(150439)
             |                         |-{solomonikMM-cud}(150440)
             |                         |-{solomonikMM-cud}(150441)
             |                         |-{solomonikMM-cud}(150442)
             |                         |-{solomonikMM-cud}(150443)
             |                         |-{solomonikMM-cud}(150444)
             |                         |-{solomonikMM-cud}(150445)
             |                         |-{solomonikMM-cud}(150446)
             |                         |-{solomonikMM-cud}(150447)
             |                         |-{solomonikMM-cud}(150448)
             |                         |-{solomonikMM-cud}(150454)
             |                         |-{solomonikMM-cud}(150455)
             |                         |-{solomonikMM-cud}(150462)
             |                         |-{solomonikMM-cud}(157564)
             |                         |-{solomonikMM-cud}(157565)
             |                         |-{solomonikMM-cud}(157566)
             |                         |-{solomonikMM-cud}(157568)
             |                         |-{solomonikMM-cud}(174677)
             |                         |-{solomonikMM-cud}(174703)
             |                         |-{solomonikMM-cud}(174704)
             |                         `-{solomonikMM-cud}(174705)
             |-{jsmd}(150074)
             |-{jsmd}(150086)
             |-{jsmd}(150087)
             |-{jsmd}(150088)
             |-{jsmd}(150089)
             |-{jsmd}(150090)
             |-{jsmd}(150091)
             |-{jsmd}(150092)
             |-{jsmd}(150093)
             |-{jsmd}(150094)
             |-{jsmd}(150095)
             |-{jsmd}(150096)
             |-{jsmd}(150097)
             |-{jsmd}(150098)
             |-{jsmd}(150099)
             |-{jsmd}(150100)
             |-{jsmd}(150101)
             |-{jsmd}(150102)
             |-{jsmd}(150103)
             `-{jsmd}(150104)

sshd(175904)---bash(175920)---pstree(175924)
