jsmd(99457)-+-solomonikMM-cud(99533)-+-{solomonikMM-cud}(99548)
            |                        |-{solomonikMM-cud}(99550)
            |                        |-{solomonikMM-cud}(99595)
            |                        |-{solomonikMM-cud}(99598)
            |                        |-{solomonikMM-cud}(99599)
            |                        |-{solomonikMM-cud}(99600)
            |                        |-{solomonikMM-cud}(99601)
            |                        |-{solomonikMM-cud}(99757)
            |                        |-{solomonikMM-cud}(99758)
            |                        |-{solomonikMM-cud}(99759)
            |                        |-{solomonikMM-cud}(99760)
            |                        |-{solomonikMM-cud}(99761)
            |                        |-{solomonikMM-cud}(99762)
            |                        |-{solomonikMM-cud}(99763)
            |                        |-{solomonikMM-cud}(99764)
            |                        |-{solomonikMM-cud}(99765)
            |                        |-{solomonikMM-cud}(99766)
            |                        |-{solomonikMM-cud}(99767)
            |                        |-{solomonikMM-cud}(99768)
            |                        |-{solomonikMM-cud}(99769)
            |                        |-{solomonikMM-cud}(99770)
            |                        |-{solomonikMM-cud}(99771)
            |                        |-{solomonikMM-cud}(99772)
            |                        |-{solomonikMM-cud}(99773)
            |                        |-{solomonikMM-cud}(99774)
            |                        |-{solomonikMM-cud}(99775)
            |                        |-{solomonikMM-cud}(99776)
            |                        |-{solomonikMM-cud}(99777)
            |                        |-{solomonikMM-cud}(99783)
            |                        |-{solomonikMM-cud}(99784)
            |                        |-{solomonikMM-cud}(99791)
            |                        |-{solomonikMM-cud}(107427)
            |                        |-{solomonikMM-cud}(107428)
            |                        |-{solomonikMM-cud}(107429)
            |                        |-{solomonikMM-cud}(107430)
            |                        |-{solomonikMM-cud}(108478)
            |                        |-{solomonikMM-cud}(108732)
            |                        |-{solomonikMM-cud}(124604)
            |                        `-{solomonikMM-cud}(124620)
            |-{jsmd}(99459)
            |-{jsmd}(99460)
            |-{jsmd}(99461)
            |-{jsmd}(99462)
            |-{jsmd}(99463)
            |-{jsmd}(99464)
            |-{jsmd}(99465)
            |-{jsmd}(99466)
            |-{jsmd}(99467)
            |-{jsmd}(99468)
            |-{jsmd}(99469)
            |-{jsmd}(99470)
            |-{jsmd}(99471)
            |-{jsmd}(99472)
            |-{jsmd}(99473)
            |-{jsmd}(99474)
            |-{jsmd}(99475)
            |-{jsmd}(99476)
            |-{jsmd}(99477)
            `-{jsmd}(99478)

sshd(125647)---bash(125841)---pstree(125844)
