jsmd(93724)-+-solomonikMM-cud(93803)-+-{solomonikMM-cud}(93818)
            |                        |-{solomonikMM-cud}(93820)
            |                        |-{solomonikMM-cud}(93867)
            |                        |-{solomonikMM-cud}(93870)
            |                        |-{solomonikMM-cud}(93871)
            |                        |-{solomonikMM-cud}(93872)
            |                        |-{solomonikMM-cud}(93873)
            |                        |-{solomonikMM-cud}(94030)
            |                        |-{solomonikMM-cud}(94031)
            |                        |-{solomonikMM-cud}(94032)
            |                        |-{solomonikMM-cud}(94033)
            |                        |-{solomonikMM-cud}(94034)
            |                        |-{solomonikMM-cud}(94035)
            |                        |-{solomonikMM-cud}(94036)
            |                        |-{solomonikMM-cud}(94037)
            |                        |-{solomonikMM-cud}(94038)
            |                        |-{solomonikMM-cud}(94039)
            |                        |-{solomonikMM-cud}(94040)
            |                        |-{solomonikMM-cud}(94041)
            |                        |-{solomonikMM-cud}(94042)
            |                        |-{solomonikMM-cud}(94043)
            |                        |-{solomonikMM-cud}(94044)
            |                        |-{solomonikMM-cud}(94045)
            |                        |-{solomonikMM-cud}(94046)
            |                        |-{solomonikMM-cud}(94047)
            |                        |-{solomonikMM-cud}(94048)
            |                        |-{solomonikMM-cud}(94049)
            |                        |-{solomonikMM-cud}(94050)
            |                        |-{solomonikMM-cud}(94055)
            |                        |-{solomonikMM-cud}(94056)
            |                        |-{solomonikMM-cud}(94063)
            |                        |-{solomonikMM-cud}(100193)
            |                        |-{solomonikMM-cud}(100196)
            |                        |-{solomonikMM-cud}(100199)
            |                        |-{solomonikMM-cud}(100203)
            |                        |-{solomonikMM-cud}(116944)
            |                        |-{solomonikMM-cud}(116954)
            |                        |-{solomonikMM-cud}(117609)
            |                        `-{solomonikMM-cud}(117611)
            |-{jsmd}(93726)
            |-{jsmd}(93739)
            |-{jsmd}(93740)
            |-{jsmd}(93741)
            |-{jsmd}(93742)
            |-{jsmd}(93743)
            |-{jsmd}(93744)
            |-{jsmd}(93745)
            |-{jsmd}(93746)
            |-{jsmd}(93747)
            |-{jsmd}(93748)
            |-{jsmd}(93749)
            |-{jsmd}(93750)
            |-{jsmd}(93751)
            |-{jsmd}(93752)
            |-{jsmd}(93753)
            |-{jsmd}(93754)
            |-{jsmd}(93755)
            |-{jsmd}(93756)
            `-{jsmd}(93757)

sshd(117630)---bash(117719)---pstree(117805)
