jsmd(122106)-+-solomonikMM-cud(122170)-+-{solomonikMM-cud}(122179)
             |                         |-{solomonikMM-cud}(122187)
             |                         |-{solomonikMM-cud}(122235)
             |                         |-{solomonikMM-cud}(122240)
             |                         |-{solomonikMM-cud}(122243)
             |                         |-{solomonikMM-cud}(122244)
             |                         |-{solomonikMM-cud}(122246)
             |                         |-{solomonikMM-cud}(122396)
             |                         |-{solomonikMM-cud}(122397)
             |                         |-{solomonikMM-cud}(122398)
             |                         |-{solomonikMM-cud}(122399)
             |                         |-{solomonikMM-cud}(122400)
             |                         |-{solomonikMM-cud}(122401)
             |                         |-{solomonikMM-cud}(122402)
             |                         |-{solomonikMM-cud}(122403)
             |                         |-{solomonikMM-cud}(122404)
             |                         |-{solomonikMM-cud}(122405)
             |                         |-{solomonikMM-cud}(122406)
             |                         |-{solomonikMM-cud}(122407)
             |                         |-{solomonikMM-cud}(122408)
             |                         |-{solomonikMM-cud}(122409)
             |                         |-{solomonikMM-cud}(122410)
             |                         |-{solomonikMM-cud}(122411)
             |                         |-{solomonikMM-cud}(122412)
             |                         |-{solomonikMM-cud}(122413)
             |                         |-{solomonikMM-cud}(122414)
             |                         |-{solomonikMM-cud}(122415)
             |                         |-{solomonikMM-cud}(122416)
             |                         |-{solomonikMM-cud}(122422)
             |                         |-{solomonikMM-cud}(122423)
             |                         |-{solomonikMM-cud}(122425)
             |                         |-{solomonikMM-cud}(122427)
             |                         |-{solomonikMM-cud}(122430)
             |                         |-{solomonikMM-cud}(129723)
             |                         |-{solomonikMM-cud}(129729)
             |                         |-{solomonikMM-cud}(146786)
             |                         |-{solomonikMM-cud}(146799)
             |                         |-{solomonikMM-cud}(146801)
             |                         `-{solomonikMM-cud}(146813)
             |-{jsmd}(122107)
             |-{jsmd}(122108)
             |-{jsmd}(122109)
             |-{jsmd}(122110)
             |-{jsmd}(122111)
             |-{jsmd}(122112)
             |-{jsmd}(122113)
             |-{jsmd}(122114)
             |-{jsmd}(122115)
             |-{jsmd}(122116)
             |-{jsmd}(122117)
             |-{jsmd}(122118)
             |-{jsmd}(122119)
             |-{jsmd}(122120)
             |-{jsmd}(122121)
             |-{jsmd}(122122)
             |-{jsmd}(122123)
             |-{jsmd}(122124)
             |-{jsmd}(122125)
             `-{jsmd}(122126)

sshd(147462)---bash(147509)---pstree(147512)
