jsmd(88698)-+-solomonikMM-cud(88807)-+-{solomonikMM-cud}(88822)
            |                        |-{solomonikMM-cud}(88823)
            |                        |-{solomonikMM-cud}(88871)
            |                        |-{solomonikMM-cud}(88872)
            |                        |-{solomonikMM-cud}(88873)
            |                        |-{solomonikMM-cud}(88875)
            |                        |-{solomonikMM-cud}(88876)
            |                        |-{solomonikMM-cud}(89031)
            |                        |-{solomonikMM-cud}(89032)
            |                        |-{solomonikMM-cud}(89033)
            |                        |-{solomonikMM-cud}(89034)
            |                        |-{solomonikMM-cud}(89035)
            |                        |-{solomonikMM-cud}(89036)
            |                        |-{solomonikMM-cud}(89037)
            |                        |-{solomonikMM-cud}(89038)
            |                        |-{solomonikMM-cud}(89039)
            |                        |-{solomonikMM-cud}(89040)
            |                        |-{solomonikMM-cud}(89041)
            |                        |-{solomonikMM-cud}(89042)
            |                        |-{solomonikMM-cud}(89043)
            |                        |-{solomonikMM-cud}(89044)
            |                        |-{solomonikMM-cud}(89045)
            |                        |-{solomonikMM-cud}(89046)
            |                        |-{solomonikMM-cud}(89047)
            |                        |-{solomonikMM-cud}(89048)
            |                        |-{solomonikMM-cud}(89049)
            |                        |-{solomonikMM-cud}(89050)
            |                        |-{solomonikMM-cud}(89051)
            |                        |-{solomonikMM-cud}(89056)
            |                        |-{solomonikMM-cud}(89057)
            |                        |-{solomonikMM-cud}(89064)
            |                        |-{solomonikMM-cud}(96213)
            |                        |-{solomonikMM-cud}(96220)
            |                        |-{solomonikMM-cud}(96223)
            |                        |-{solomonikMM-cud}(96224)
            |                        |-{solomonikMM-cud}(96884)
            |                        |-{solomonikMM-cud}(96897)
            |                        |-{solomonikMM-cud}(96968)
            |                        `-{solomonikMM-cud}(96980)
            |-{jsmd}(88699)
            |-{jsmd}(88700)
            |-{jsmd}(88701)
            |-{jsmd}(88702)
            |-{jsmd}(88703)
            |-{jsmd}(88704)
            |-{jsmd}(88705)
            |-{jsmd}(88706)
            |-{jsmd}(88707)
            |-{jsmd}(88708)
            |-{jsmd}(88709)
            |-{jsmd}(88710)
            |-{jsmd}(88711)
            |-{jsmd}(88712)
            |-{jsmd}(88713)
            |-{jsmd}(88714)
            |-{jsmd}(88715)
            |-{jsmd}(88716)
            |-{jsmd}(88717)
            `-{jsmd}(88718)

sshd(114027)---bash(114028)---pstree(114031)
