jsmd(97615)-+-solomonikMM-cud(97751)-+-{solomonikMM-cud}(97765)
            |                        |-{solomonikMM-cud}(97766)
            |                        |-{solomonikMM-cud}(97812)
            |                        |-{solomonikMM-cud}(97814)
            |                        |-{solomonikMM-cud}(97815)
            |                        |-{solomonikMM-cud}(97817)
            |                        |-{solomonikMM-cud}(97821)
            |                        |-{solomonikMM-cud}(97961)
            |                        |-{solomonikMM-cud}(97962)
            |                        |-{solomonikMM-cud}(97963)
            |                        |-{solomonikMM-cud}(97964)
            |                        |-{solomonikMM-cud}(97965)
            |                        |-{solomonikMM-cud}(97966)
            |                        |-{solomonikMM-cud}(97967)
            |                        |-{solomonikMM-cud}(97968)
            |                        |-{solomonikMM-cud}(97969)
            |                        |-{solomonikMM-cud}(97970)
            |                        |-{solomonikMM-cud}(97971)
            |                        |-{solomonikMM-cud}(97972)
            |                        |-{solomonikMM-cud}(97973)
            |                        |-{solomonikMM-cud}(97974)
            |                        |-{solomonikMM-cud}(97975)
            |                        |-{solomonikMM-cud}(97976)
            |                        |-{solomonikMM-cud}(97977)
            |                        |-{solomonikMM-cud}(97978)
            |                        |-{solomonikMM-cud}(97979)
            |                        |-{solomonikMM-cud}(97980)
            |                        |-{solomonikMM-cud}(97981)
            |                        |-{solomonikMM-cud}(97986)
            |                        |-{solomonikMM-cud}(97987)
            |                        |-{solomonikMM-cud}(97994)
            |                        |-{solomonikMM-cud}(106001)
            |                        |-{solomonikMM-cud}(106003)
            |                        |-{solomonikMM-cud}(106009)
            |                        |-{solomonikMM-cud}(106010)
            |                        |-{solomonikMM-cud}(106659)
            |                        |-{solomonikMM-cud}(106846)
            |                        |-{solomonikMM-cud}(106885)
            |                        |-{solomonikMM-cud}(122970)
            |                        `-{solomonikMM-cud}(122971)
            |-{jsmd}(97616)
            |-{jsmd}(97617)
            |-{jsmd}(97618)
            |-{jsmd}(97619)
            |-{jsmd}(97620)
            |-{jsmd}(97621)
            |-{jsmd}(97622)
            |-{jsmd}(97623)
            |-{jsmd}(97624)
            |-{jsmd}(97625)
            |-{jsmd}(97626)
            |-{jsmd}(97627)
            |-{jsmd}(97628)
            |-{jsmd}(97629)
            |-{jsmd}(97630)
            |-{jsmd}(97631)
            |-{jsmd}(97632)
            |-{jsmd}(97633)
            |-{jsmd}(97634)
            `-{jsmd}(97635)

sshd(123729)---bash(123730)---pstree(123859)
