jsmd(54806)-+-solomonikMM-cud(54950)-+-{solomonikMM-cud}(54963)
            |                        |-{solomonikMM-cud}(54964)
            |                        |-{solomonikMM-cud}(55011)
            |                        |-{solomonikMM-cud}(55012)
            |                        |-{solomonikMM-cud}(55013)
            |                        |-{solomonikMM-cud}(55014)
            |                        |-{solomonikMM-cud}(55015)
            |                        |-{solomonikMM-cud}(55171)
            |                        |-{solomonikMM-cud}(55172)
            |                        |-{solomonikMM-cud}(55173)
            |                        |-{solomonikMM-cud}(55174)
            |                        |-{solomonikMM-cud}(55175)
            |                        |-{solomonikMM-cud}(55176)
            |                        |-{solomonikMM-cud}(55177)
            |                        |-{solomonikMM-cud}(55178)
            |                        |-{solomonikMM-cud}(55179)
            |                        |-{solomonikMM-cud}(55180)
            |                        |-{solomonikMM-cud}(55181)
            |                        |-{solomonikMM-cud}(55182)
            |                        |-{solomonikMM-cud}(55183)
            |                        |-{solomonikMM-cud}(55184)
            |                        |-{solomonikMM-cud}(55185)
            |                        |-{solomonikMM-cud}(55186)
            |                        |-{solomonikMM-cud}(55187)
            |                        |-{solomonikMM-cud}(55188)
            |                        |-{solomonikMM-cud}(55189)
            |                        |-{solomonikMM-cud}(55190)
            |                        |-{solomonikMM-cud}(55191)
            |                        |-{solomonikMM-cud}(55197)
            |                        |-{solomonikMM-cud}(55198)
            |                        |-{solomonikMM-cud}(55199)
            |                        |-{solomonikMM-cud}(55206)
            |                        |-{solomonikMM-cud}(58565)
            |                        |-{solomonikMM-cud}(60293)
            |                        |-{solomonikMM-cud}(60294)
            |                        |-{solomonikMM-cud}(60777)
            |                        |-{solomonikMM-cud}(76779)
            |                        |-{solomonikMM-cud}(76788)
            |                        `-{solomonikMM-cud}(76799)
            |-{jsmd}(54808)
            |-{jsmd}(54819)
            |-{jsmd}(54821)
            |-{jsmd}(54822)
            |-{jsmd}(54823)
            |-{jsmd}(54824)
            |-{jsmd}(54825)
            |-{jsmd}(54826)
            |-{jsmd}(54827)
            |-{jsmd}(54828)
            |-{jsmd}(54829)
            |-{jsmd}(54830)
            |-{jsmd}(54831)
            |-{jsmd}(54832)
            |-{jsmd}(54833)
            |-{jsmd}(54834)
            |-{jsmd}(54835)
            |-{jsmd}(54836)
            |-{jsmd}(54837)
            `-{jsmd}(54838)

sshd(77478)---bash(77580)---pstree(77766)
