jsmd(61576)-+-solomonikMM-cud(61704)-+-{solomonikMM-cud}(61706)
            |                        |-{solomonikMM-cud}(61711)
            |                        |-{solomonikMM-cud}(61764)
            |                        |-{solomonikMM-cud}(61766)
            |                        |-{solomonikMM-cud}(61767)
            |                        |-{solomonikMM-cud}(61768)
            |                        |-{solomonikMM-cud}(61769)
            |                        |-{solomonikMM-cud}(61923)
            |                        |-{solomonikMM-cud}(61924)
            |                        |-{solomonikMM-cud}(61925)
            |                        |-{solomonikMM-cud}(61926)
            |                        |-{solomonikMM-cud}(61927)
            |                        |-{solomonikMM-cud}(61928)
            |                        |-{solomonikMM-cud}(61929)
            |                        |-{solomonikMM-cud}(61930)
            |                        |-{solomonikMM-cud}(61931)
            |                        |-{solomonikMM-cud}(61932)
            |                        |-{solomonikMM-cud}(61933)
            |                        |-{solomonikMM-cud}(61934)
            |                        |-{solomonikMM-cud}(61935)
            |                        |-{solomonikMM-cud}(61936)
            |                        |-{solomonikMM-cud}(61937)
            |                        |-{solomonikMM-cud}(61938)
            |                        |-{solomonikMM-cud}(61939)
            |                        |-{solomonikMM-cud}(61940)
            |                        |-{solomonikMM-cud}(61941)
            |                        |-{solomonikMM-cud}(61942)
            |                        |-{solomonikMM-cud}(61943)
            |                        |-{solomonikMM-cud}(61948)
            |                        |-{solomonikMM-cud}(61949)
            |                        |-{solomonikMM-cud}(61956)
            |                        |-{solomonikMM-cud}(69459)
            |                        |-{solomonikMM-cud}(69460)
            |                        |-{solomonikMM-cud}(69461)
            |                        |-{solomonikMM-cud}(69462)
            |                        |-{solomonikMM-cud}(70404)
            |                        |-{solomonikMM-cud}(70421)
            |                        |-{solomonikMM-cud}(86468)
            |                        `-{solomonikMM-cud}(86480)
            |-{jsmd}(61577)
            |-{jsmd}(61578)
            |-{jsmd}(61579)
            |-{jsmd}(61580)
            |-{jsmd}(61581)
            |-{jsmd}(61582)
            |-{jsmd}(61583)
            |-{jsmd}(61584)
            |-{jsmd}(61585)
            |-{jsmd}(61586)
            |-{jsmd}(61587)
            |-{jsmd}(61588)
            |-{jsmd}(61589)
            |-{jsmd}(61590)
            |-{jsmd}(61591)
            |-{jsmd}(61592)
            |-{jsmd}(61593)
            |-{jsmd}(61594)
            |-{jsmd}(61595)
            `-{jsmd}(61596)

sshd(87146)---bash(87150)---pstree(87206)
