jsmd(172103)-+-solomonikMM-cud(172254)-+-{solomonikMM-cud}(172267)
             |                         |-{solomonikMM-cud}(172268)
             |                         |-{solomonikMM-cud}(172314)
             |                         |-{solomonikMM-cud}(172315)
             |                         |-{solomonikMM-cud}(172316)
             |                         |-{solomonikMM-cud}(172317)
             |                         |-{solomonikMM-cud}(172318)
             |                         |-{solomonikMM-cud}(172599)
             |                         |-{solomonikMM-cud}(172600)
             |                         |-{solomonikMM-cud}(172601)
             |                         |-{solomonikMM-cud}(172602)
             |                         |-{solomonikMM-cud}(172603)
             |                         |-{solomonikMM-cud}(172604)
             |                         |-{solomonikMM-cud}(172605)
             |                         |-{solomonikMM-cud}(172606)
             |                         |-{solomonikMM-cud}(172607)
             |                         |-{solomonikMM-cud}(172608)
             |                         |-{solomonikMM-cud}(172609)
             |                         |-{solomonikMM-cud}(172610)
             |                         |-{solomonikMM-cud}(172611)
             |                         |-{solomonikMM-cud}(172612)
             |                         |-{solomonikMM-cud}(172613)
             |                         |-{solomonikMM-cud}(172614)
             |                         |-{solomonikMM-cud}(172615)
             |                         |-{solomonikMM-cud}(172616)
             |                         |-{solomonikMM-cud}(172617)
             |                         |-{solomonikMM-cud}(172618)
             |                         |-{solomonikMM-cud}(172619)
             |                         |-{solomonikMM-cud}(172624)
             |                         |-{solomonikMM-cud}(172625)
             |                         |-{solomonikMM-cud}(172626)
             |                         |-{solomonikMM-cud}(172632)
             |                         |-{solomonikMM-cud}(176966)
             |                         |-{solomonikMM-cud}(178084)
             |                         |-{solomonikMM-cud}(178085)
             |                         |-{solomonikMM-cud}(10543)
             |                         |-{solomonikMM-cud}(10560)
             |                         |-{solomonikMM-cud}(16803)
             |                         `-{solomonikMM-cud}(16804)
             |-{jsmd}(172104)
             |-{jsmd}(172132)
             |-{jsmd}(172134)
             |-{jsmd}(172135)
             |-{jsmd}(172136)
             |-{jsmd}(172137)
             |-{jsmd}(172138)
             |-{jsmd}(172139)
             |-{jsmd}(172140)
             |-{jsmd}(172141)
             |-{jsmd}(172142)
             |-{jsmd}(172143)
             |-{jsmd}(172144)
             |-{jsmd}(172145)
             |-{jsmd}(172146)
             |-{jsmd}(172147)
             |-{jsmd}(172148)
             |-{jsmd}(172149)
             |-{jsmd}(172150)
             `-{jsmd}(172151)

sshd(17015)---bash(17109)---pstree(17233)
