jsmd(18410)-+-solomonikMM-cud(18492)-+-{solomonikMM-cud}(18505)
            |                        |-{solomonikMM-cud}(18506)
            |                        |-{solomonikMM-cud}(18552)
            |                        |-{solomonikMM-cud}(18554)
            |                        |-{solomonikMM-cud}(18555)
            |                        |-{solomonikMM-cud}(18556)
            |                        |-{solomonikMM-cud}(18557)
            |                        |-{solomonikMM-cud}(18711)
            |                        |-{solomonikMM-cud}(18712)
            |                        |-{solomonikMM-cud}(18713)
            |                        |-{solomonikMM-cud}(18714)
            |                        |-{solomonikMM-cud}(18715)
            |                        |-{solomonikMM-cud}(18716)
            |                        |-{solomonikMM-cud}(18717)
            |                        |-{solomonikMM-cud}(18718)
            |                        |-{solomonikMM-cud}(18719)
            |                        |-{solomonikMM-cud}(18720)
            |                        |-{solomonikMM-cud}(18721)
            |                        |-{solomonikMM-cud}(18722)
            |                        |-{solomonikMM-cud}(18723)
            |                        |-{solomonikMM-cud}(18724)
            |                        |-{solomonikMM-cud}(18725)
            |                        |-{solomonikMM-cud}(18726)
            |                        |-{solomonikMM-cud}(18727)
            |                        |-{solomonikMM-cud}(18728)
            |                        |-{solomonikMM-cud}(18729)
            |                        |-{solomonikMM-cud}(18730)
            |                        |-{solomonikMM-cud}(18731)
            |                        |-{solomonikMM-cud}(18736)
            |                        |-{solomonikMM-cud}(18737)
            |                        |-{solomonikMM-cud}(18744)
            |                        |-{solomonikMM-cud}(25394)
            |                        |-{solomonikMM-cud}(25395)
            |                        |-{solomonikMM-cud}(25396)
            |                        |-{solomonikMM-cud}(25398)
            |                        |-{solomonikMM-cud}(42303)
            |                        |-{solomonikMM-cud}(42311)
            |                        |-{solomonikMM-cud}(42312)
            |                        `-{solomonikMM-cud}(42313)
            |-{jsmd}(18412)
            |-{jsmd}(18415)
            |-{jsmd}(18419)
            |-{jsmd}(18420)
            |-{jsmd}(18421)
            |-{jsmd}(18422)
            |-{jsmd}(18423)
            |-{jsmd}(18424)
            |-{jsmd}(18425)
            |-{jsmd}(18426)
            |-{jsmd}(18427)
            |-{jsmd}(18428)
            |-{jsmd}(18429)
            |-{jsmd}(18430)
            |-{jsmd}(18431)
            |-{jsmd}(18432)
            |-{jsmd}(18433)
            |-{jsmd}(18434)
            |-{jsmd}(18435)
            `-{jsmd}(18436)

sshd(43356)---bash(43370)---pstree(43373)
