jsmd(157632)-+-solomonikMM-cud(157765)-+-{solomonikMM-cud}(157791)
             |                         |-{solomonikMM-cud}(157792)
             |                         |-{solomonikMM-cud}(157826)
             |                         |-{solomonikMM-cud}(157827)
             |                         |-{solomonikMM-cud}(157829)
             |                         |-{solomonikMM-cud}(157830)
             |                         |-{solomonikMM-cud}(157831)
             |                         |-{solomonikMM-cud}(157986)
             |                         |-{solomonikMM-cud}(157987)
             |                         |-{solomonikMM-cud}(157988)
             |                         |-{solomonikMM-cud}(157989)
             |                         |-{solomonikMM-cud}(157990)
             |                         |-{solomonikMM-cud}(157991)
             |                         |-{solomonikMM-cud}(157992)
             |                         |-{solomonikMM-cud}(157993)
             |                         |-{solomonikMM-cud}(157994)
             |                         |-{solomonikMM-cud}(157995)
             |                         |-{solomonikMM-cud}(157996)
             |                         |-{solomonikMM-cud}(157997)
             |                         |-{solomonikMM-cud}(157998)
             |                         |-{solomonikMM-cud}(157999)
             |                         |-{solomonikMM-cud}(158000)
             |                         |-{solomonikMM-cud}(158001)
             |                         |-{solomonikMM-cud}(158002)
             |                         |-{solomonikMM-cud}(158003)
             |                         |-{solomonikMM-cud}(158004)
             |                         |-{solomonikMM-cud}(158005)
             |                         |-{solomonikMM-cud}(158006)
             |                         |-{solomonikMM-cud}(158012)
             |                         |-{solomonikMM-cud}(158013)
             |                         |-{solomonikMM-cud}(158020)
             |                         |-{solomonikMM-cud}(164542)
             |                         |-{solomonikMM-cud}(164543)
             |                         |-{solomonikMM-cud}(164544)
             |                         |-{solomonikMM-cud}(164545)
             |                         |-{solomonikMM-cud}(165172)
             |                         |-{solomonikMM-cud}(165177)
             |                         |-{solomonikMM-cud}(165191)
             |                         `-{solomonikMM-cud}(165193)
             |-{jsmd}(157636)
             |-{jsmd}(157647)
             |-{jsmd}(157648)
             |-{jsmd}(157649)
             |-{jsmd}(157650)
             |-{jsmd}(157651)
             |-{jsmd}(157652)
             |-{jsmd}(157653)
             |-{jsmd}(157654)
             |-{jsmd}(157655)
             |-{jsmd}(157656)
             |-{jsmd}(157657)
             |-{jsmd}(157658)
             |-{jsmd}(157659)
             |-{jsmd}(157660)
             |-{jsmd}(157661)
             |-{jsmd}(157662)
             |-{jsmd}(157663)
             |-{jsmd}(157664)
             `-{jsmd}(157665)

sshd(3195)---bash(3246)---pstree(3348)
