jsmd(63030)-+-solomonikMM-cud(63158)-+-{solomonikMM-cud}(63173)
            |                        |-{solomonikMM-cud}(63175)
            |                        |-{solomonikMM-cud}(63232)
            |                        |-{solomonikMM-cud}(63233)
            |                        |-{solomonikMM-cud}(63235)
            |                        |-{solomonikMM-cud}(63236)
            |                        |-{solomonikMM-cud}(63237)
            |                        |-{solomonikMM-cud}(63380)
            |                        |-{solomonikMM-cud}(63381)
            |                        |-{solomonikMM-cud}(63382)
            |                        |-{solomonikMM-cud}(63383)
            |                        |-{solomonikMM-cud}(63384)
            |                        |-{solomonikMM-cud}(63385)
            |                        |-{solomonikMM-cud}(63386)
            |                        |-{solomonikMM-cud}(63387)
            |                        |-{solomonikMM-cud}(63388)
            |                        |-{solomonikMM-cud}(63389)
            |                        |-{solomonikMM-cud}(63390)
            |                        |-{solomonikMM-cud}(63391)
            |                        |-{solomonikMM-cud}(63392)
            |                        |-{solomonikMM-cud}(63393)
            |                        |-{solomonikMM-cud}(63394)
            |                        |-{solomonikMM-cud}(63395)
            |                        |-{solomonikMM-cud}(63396)
            |                        |-{solomonikMM-cud}(63397)
            |                        |-{solomonikMM-cud}(63398)
            |                        |-{solomonikMM-cud}(63399)
            |                        |-{solomonikMM-cud}(63400)
            |                        |-{solomonikMM-cud}(63405)
            |                        |-{solomonikMM-cud}(63406)
            |                        |-{solomonikMM-cud}(63413)
            |                        |-{solomonikMM-cud}(70195)
            |                        |-{solomonikMM-cud}(70196)
            |                        |-{solomonikMM-cud}(70200)
            |                        |-{solomonikMM-cud}(70202)
            |                        |-{solomonikMM-cud}(70925)
            |                        |-{solomonikMM-cud}(70952)
            |                        |-{solomonikMM-cud}(70956)
            |                        `-{solomonikMM-cud}(70957)
            |-{jsmd}(63036)
            |-{jsmd}(63040)
            |-{jsmd}(63041)
            |-{jsmd}(63042)
            |-{jsmd}(63043)
            |-{jsmd}(63044)
            |-{jsmd}(63045)
            |-{jsmd}(63046)
            |-{jsmd}(63047)
            |-{jsmd}(63048)
            |-{jsmd}(63049)
            |-{jsmd}(63050)
            |-{jsmd}(63051)
            |-{jsmd}(63052)
            |-{jsmd}(63053)
            |-{jsmd}(63054)
            |-{jsmd}(63055)
            |-{jsmd}(63056)
            |-{jsmd}(63057)
            `-{jsmd}(63058)

sshd(87575)---bash(87612)---pstree(87784)
