jsmd(101867)-+-solomonikMM-cud(101988)-+-{solomonikMM-cud}(102001)
             |                         |-{solomonikMM-cud}(102002)
             |                         |-{solomonikMM-cud}(102050)
             |                         |-{solomonikMM-cud}(102051)
             |                         |-{solomonikMM-cud}(102052)
             |                         |-{solomonikMM-cud}(102053)
             |                         |-{solomonikMM-cud}(102055)
             |                         |-{solomonikMM-cud}(102198)
             |                         |-{solomonikMM-cud}(102199)
             |                         |-{solomonikMM-cud}(102200)
             |                         |-{solomonikMM-cud}(102201)
             |                         |-{solomonikMM-cud}(102202)
             |                         |-{solomonikMM-cud}(102203)
             |                         |-{solomonikMM-cud}(102204)
             |                         |-{solomonikMM-cud}(102205)
             |                         |-{solomonikMM-cud}(102206)
             |                         |-{solomonikMM-cud}(102207)
             |                         |-{solomonikMM-cud}(102208)
             |                         |-{solomonikMM-cud}(102209)
             |                         |-{solomonikMM-cud}(102210)
             |                         |-{solomonikMM-cud}(102211)
             |                         |-{solomonikMM-cud}(102212)
             |                         |-{solomonikMM-cud}(102213)
             |                         |-{solomonikMM-cud}(102214)
             |                         |-{solomonikMM-cud}(102215)
             |                         |-{solomonikMM-cud}(102216)
             |                         |-{solomonikMM-cud}(102217)
             |                         |-{solomonikMM-cud}(102218)
             |                         |-{solomonikMM-cud}(102223)
             |                         |-{solomonikMM-cud}(102224)
             |                         |-{solomonikMM-cud}(102231)
             |                         |-{solomonikMM-cud}(109120)
             |                         |-{solomonikMM-cud}(109122)
             |                         |-{solomonikMM-cud}(109123)
             |                         |-{solomonikMM-cud}(109127)
             |                         |-{solomonikMM-cud}(109762)
             |                         |-{solomonikMM-cud}(109794)
             |                         |-{solomonikMM-cud}(125835)
             |                         `-{solomonikMM-cud}(125836)
             |-{jsmd}(101868)
             |-{jsmd}(101869)
             |-{jsmd}(101870)
             |-{jsmd}(101871)
             |-{jsmd}(101872)
             |-{jsmd}(101873)
             |-{jsmd}(101874)
             |-{jsmd}(101875)
             |-{jsmd}(101876)
             |-{jsmd}(101877)
             |-{jsmd}(101878)
             |-{jsmd}(101879)
             |-{jsmd}(101880)
             |-{jsmd}(101881)
             |-{jsmd}(101882)
             |-{jsmd}(101883)
             |-{jsmd}(101884)
             |-{jsmd}(101885)
             |-{jsmd}(101886)
             `-{jsmd}(101887)

sshd(127046)---bash(127047)---pstree(127195)
