jsmd(118090)-+-solomonikMM-cud(118209)-+-{solomonikMM-cud}(118223)
             |                         |-{solomonikMM-cud}(118224)
             |                         |-{solomonikMM-cud}(118272)
             |                         |-{solomonikMM-cud}(118273)
             |                         |-{solomonikMM-cud}(118274)
             |                         |-{solomonikMM-cud}(118275)
             |                         |-{solomonikMM-cud}(118276)
             |                         |-{solomonikMM-cud}(118421)
             |                         |-{solomonikMM-cud}(118422)
             |                         |-{solomonikMM-cud}(118423)
             |                         |-{solomonikMM-cud}(118424)
             |                         |-{solomonikMM-cud}(118425)
             |                         |-{solomonikMM-cud}(118426)
             |                         |-{solomonikMM-cud}(118427)
             |                         |-{solomonikMM-cud}(118428)
             |                         |-{solomonikMM-cud}(118429)
             |                         |-{solomonikMM-cud}(118430)
             |                         |-{solomonikMM-cud}(118431)
             |                         |-{solomonikMM-cud}(118432)
             |                         |-{solomonikMM-cud}(118433)
             |                         |-{solomonikMM-cud}(118434)
             |                         |-{solomonikMM-cud}(118435)
             |                         |-{solomonikMM-cud}(118436)
             |                         |-{solomonikMM-cud}(118437)
             |                         |-{solomonikMM-cud}(118438)
             |                         |-{solomonikMM-cud}(118439)
             |                         |-{solomonikMM-cud}(118440)
             |                         |-{solomonikMM-cud}(118441)
             |                         |-{solomonikMM-cud}(118446)
             |                         |-{solomonikMM-cud}(118447)
             |                         |-{solomonikMM-cud}(118449)
             |                         |-{solomonikMM-cud}(118454)
             |                         |-{solomonikMM-cud}(121272)
             |                         |-{solomonikMM-cud}(125368)
             |                         |-{solomonikMM-cud}(125383)
             |                         |-{solomonikMM-cud}(126145)
             |                         |-{solomonikMM-cud}(126148)
             |                         |-{solomonikMM-cud}(126175)
             |                         `-{solomonikMM-cud}(126180)
             |-{jsmd}(118091)
             |-{jsmd}(118092)
             |-{jsmd}(118093)
             |-{jsmd}(118094)
             |-{jsmd}(118095)
             |-{jsmd}(118096)
             |-{jsmd}(118097)
             |-{jsmd}(118098)
             |-{jsmd}(118099)
             |-{jsmd}(118100)
             |-{jsmd}(118101)
             |-{jsmd}(118102)
             |-{jsmd}(118103)
             |-{jsmd}(118104)
             |-{jsmd}(118105)
             |-{jsmd}(118106)
             |-{jsmd}(118107)
             |-{jsmd}(118108)
             |-{jsmd}(118109)
             `-{jsmd}(118110)

sshd(143512)---bash(143515)---pstree(143629)
