jsmd(86130)-+-solomonikMM-cud(86271)-+-{solomonikMM-cud}(86285)
            |                        |-{solomonikMM-cud}(86286)
            |                        |-{solomonikMM-cud}(86332)
            |                        |-{solomonikMM-cud}(86333)
            |                        |-{solomonikMM-cud}(86334)
            |                        |-{solomonikMM-cud}(86336)
            |                        |-{solomonikMM-cud}(86337)
            |                        |-{solomonikMM-cud}(86481)
            |                        |-{solomonikMM-cud}(86482)
            |                        |-{solomonikMM-cud}(86483)
            |                        |-{solomonikMM-cud}(86484)
            |                        |-{solomonikMM-cud}(86485)
            |                        |-{solomonikMM-cud}(86486)
            |                        |-{solomonikMM-cud}(86487)
            |                        |-{solomonikMM-cud}(86488)
            |                        |-{solomonikMM-cud}(86489)
            |                        |-{solomonikMM-cud}(86490)
            |                        |-{solomonikMM-cud}(86491)
            |                        |-{solomonikMM-cud}(86492)
            |                        |-{solomonikMM-cud}(86493)
            |                        |-{solomonikMM-cud}(86494)
            |                        |-{solomonikMM-cud}(86495)
            |                        |-{solomonikMM-cud}(86496)
            |                        |-{solomonikMM-cud}(86497)
            |                        |-{solomonikMM-cud}(86498)
            |                        |-{solomonikMM-cud}(86499)
            |                        |-{solomonikMM-cud}(86500)
            |                        |-{solomonikMM-cud}(86501)
            |                        |-{solomonikMM-cud}(86506)
            |                        |-{solomonikMM-cud}(86507)
            |                        |-{solomonikMM-cud}(86514)
            |                        |-{solomonikMM-cud}(93348)
            |                        |-{solomonikMM-cud}(93350)
            |                        |-{solomonikMM-cud}(93354)
            |                        |-{solomonikMM-cud}(93355)
            |                        |-{solomonikMM-cud}(110040)
            |                        |-{solomonikMM-cud}(110041)
            |                        |-{solomonikMM-cud}(110042)
            |                        `-{solomonikMM-cud}(110055)
            |-{jsmd}(86131)
            |-{jsmd}(86132)
            |-{jsmd}(86133)
            |-{jsmd}(86135)
            |-{jsmd}(86137)
            |-{jsmd}(86138)
            |-{jsmd}(86139)
            |-{jsmd}(86140)
            |-{jsmd}(86141)
            |-{jsmd}(86142)
            |-{jsmd}(86143)
            |-{jsmd}(86144)
            |-{jsmd}(86145)
            |-{jsmd}(86146)
            |-{jsmd}(86147)
            |-{jsmd}(86148)
            |-{jsmd}(86149)
            |-{jsmd}(86150)
            |-{jsmd}(86151)
            `-{jsmd}(86152)

sshd(111134)---bash(111136)---pstree(111174)
