jsmd(159961)-+-solomonikMM-cud(160039)-+-{solomonikMM-cud}(160054)
             |                         |-{solomonikMM-cud}(160055)
             |                         |-{solomonikMM-cud}(160115)
             |                         |-{solomonikMM-cud}(160116)
             |                         |-{solomonikMM-cud}(160117)
             |                         |-{solomonikMM-cud}(160118)
             |                         |-{solomonikMM-cud}(160119)
             |                         |-{solomonikMM-cud}(160263)
             |                         |-{solomonikMM-cud}(160264)
             |                         |-{solomonikMM-cud}(160265)
             |                         |-{solomonikMM-cud}(160266)
             |                         |-{solomonikMM-cud}(160267)
             |                         |-{solomonikMM-cud}(160268)
             |                         |-{solomonikMM-cud}(160269)
             |                         |-{solomonikMM-cud}(160270)
             |                         |-{solomonikMM-cud}(160271)
             |                         |-{solomonikMM-cud}(160272)
             |                         |-{solomonikMM-cud}(160273)
             |                         |-{solomonikMM-cud}(160274)
             |                         |-{solomonikMM-cud}(160275)
             |                         |-{solomonikMM-cud}(160276)
             |                         |-{solomonikMM-cud}(160277)
             |                         |-{solomonikMM-cud}(160278)
             |                         |-{solomonikMM-cud}(160279)
             |                         |-{solomonikMM-cud}(160280)
             |                         |-{solomonikMM-cud}(160281)
             |                         |-{solomonikMM-cud}(160282)
             |                         |-{solomonikMM-cud}(160283)
             |                         |-{solomonikMM-cud}(160288)
             |                         |-{solomonikMM-cud}(160289)
             |                         |-{solomonikMM-cud}(160291)
             |                         |-{solomonikMM-cud}(160296)
             |                         |-{solomonikMM-cud}(168317)
             |                         |-{solomonikMM-cud}(168318)
             |                         |-{solomonikMM-cud}(168324)
             |                         |-{solomonikMM-cud}(169174)
             |                         |-{solomonikMM-cud}(180004)
             |                         |-{solomonikMM-cud}(180074)
             |                         `-{solomonikMM-cud}(180087)
             |-{jsmd}(159962)
             |-{jsmd}(159963)
             |-{jsmd}(159964)
             |-{jsmd}(159965)
             |-{jsmd}(159966)
             |-{jsmd}(159967)
             |-{jsmd}(159968)
             |-{jsmd}(159969)
             |-{jsmd}(159970)
             |-{jsmd}(159971)
             |-{jsmd}(159972)
             |-{jsmd}(159973)
             |-{jsmd}(159974)
             |-{jsmd}(159975)
             |-{jsmd}(159976)
             |-{jsmd}(159977)
             |-{jsmd}(159978)
             |-{jsmd}(159979)
             |-{jsmd}(159980)
             `-{jsmd}(159981)

sshd(7300)---bash(7495)---pstree(7531)
