jsmd(52807)-+-solomonikMM-cud(52940)-+-{solomonikMM-cud}(52956)
            |                        |-{solomonikMM-cud}(52965)
            |                        |-{solomonikMM-cud}(53000)
            |                        |-{solomonikMM-cud}(53002)
            |                        |-{solomonikMM-cud}(53003)
            |                        |-{solomonikMM-cud}(53004)
            |                        |-{solomonikMM-cud}(53005)
            |                        |-{solomonikMM-cud}(53149)
            |                        |-{solomonikMM-cud}(53150)
            |                        |-{solomonikMM-cud}(53151)
            |                        |-{solomonikMM-cud}(53152)
            |                        |-{solomonikMM-cud}(53153)
            |                        |-{solomonikMM-cud}(53154)
            |                        |-{solomonikMM-cud}(53155)
            |                        |-{solomonikMM-cud}(53156)
            |                        |-{solomonikMM-cud}(53157)
            |                        |-{solomonikMM-cud}(53158)
            |                        |-{solomonikMM-cud}(53159)
            |                        |-{solomonikMM-cud}(53160)
            |                        |-{solomonikMM-cud}(53161)
            |                        |-{solomonikMM-cud}(53162)
            |                        |-{solomonikMM-cud}(53163)
            |                        |-{solomonikMM-cud}(53164)
            |                        |-{solomonikMM-cud}(53165)
            |                        |-{solomonikMM-cud}(53166)
            |                        |-{solomonikMM-cud}(53167)
            |                        |-{solomonikMM-cud}(53168)
            |                        |-{solomonikMM-cud}(53169)
            |                        |-{solomonikMM-cud}(53174)
            |                        |-{solomonikMM-cud}(53175)
            |                        |-{solomonikMM-cud}(53182)
            |                        |-{solomonikMM-cud}(60056)
            |                        |-{solomonikMM-cud}(60057)
            |                        |-{solomonikMM-cud}(60058)
            |                        |-{solomonikMM-cud}(60065)
            |                        |-{solomonikMM-cud}(60845)
            |                        |-{solomonikMM-cud}(76920)
            |                        |-{solomonikMM-cud}(76932)
            |                        `-{solomonikMM-cud}(76933)
            |-{jsmd}(52808)
            |-{jsmd}(52809)
            |-{jsmd}(52810)
            |-{jsmd}(52811)
            |-{jsmd}(52812)
            |-{jsmd}(52813)
            |-{jsmd}(52814)
            |-{jsmd}(52815)
            |-{jsmd}(52816)
            |-{jsmd}(52817)
            |-{jsmd}(52818)
            |-{jsmd}(52819)
            |-{jsmd}(52820)
            |-{jsmd}(52821)
            |-{jsmd}(52822)
            |-{jsmd}(52823)
            |-{jsmd}(52824)
            |-{jsmd}(52825)
            |-{jsmd}(52826)
            `-{jsmd}(52827)

sshd(77631)---bash(77732)---pstree(77861)
