jsmd(5498)-+-solomonikMM-cud(5573)-+-{solomonikMM-cud}(5581)
           |                       |-{solomonikMM-cud}(5588)
           |                       |-{solomonikMM-cud}(5635)
           |                       |-{solomonikMM-cud}(5636)
           |                       |-{solomonikMM-cud}(5637)
           |                       |-{solomonikMM-cud}(5638)
           |                       |-{solomonikMM-cud}(5640)
           |                       |-{solomonikMM-cud}(5784)
           |                       |-{solomonikMM-cud}(5785)
           |                       |-{solomonikMM-cud}(5786)
           |                       |-{solomonikMM-cud}(5787)
           |                       |-{solomonikMM-cud}(5788)
           |                       |-{solomonikMM-cud}(5789)
           |                       |-{solomonikMM-cud}(5790)
           |                       |-{solomonikMM-cud}(5791)
           |                       |-{solomonikMM-cud}(5792)
           |                       |-{solomonikMM-cud}(5793)
           |                       |-{solomonikMM-cud}(5794)
           |                       |-{solomonikMM-cud}(5795)
           |                       |-{solomonikMM-cud}(5796)
           |                       |-{solomonikMM-cud}(5797)
           |                       |-{solomonikMM-cud}(5798)
           |                       |-{solomonikMM-cud}(5799)
           |                       |-{solomonikMM-cud}(5800)
           |                       |-{solomonikMM-cud}(5801)
           |                       |-{solomonikMM-cud}(5802)
           |                       |-{solomonikMM-cud}(5803)
           |                       |-{solomonikMM-cud}(5804)
           |                       |-{solomonikMM-cud}(5809)
           |                       |-{solomonikMM-cud}(5810)
           |                       |-{solomonikMM-cud}(5817)
           |                       |-{solomonikMM-cud}(12770)
           |                       |-{solomonikMM-cud}(12772)
           |                       |-{solomonikMM-cud}(12774)
           |                       |-{solomonikMM-cud}(12775)
           |                       |-{solomonikMM-cud}(13412)
           |                       |-{solomonikMM-cud}(13420)
           |                       |-{solomonikMM-cud}(13422)
           |                       `-{solomonikMM-cud}(29493)
           |-{jsmd}(5499)
           |-{jsmd}(5500)
           |-{jsmd}(5501)
           |-{jsmd}(5502)
           |-{jsmd}(5503)
           |-{jsmd}(5504)
           |-{jsmd}(5505)
           |-{jsmd}(5506)
           |-{jsmd}(5507)
           |-{jsmd}(5508)
           |-{jsmd}(5509)
           |-{jsmd}(5510)
           |-{jsmd}(5511)
           |-{jsmd}(5512)
           |-{jsmd}(5513)
           |-{jsmd}(5514)
           |-{jsmd}(5515)
           |-{jsmd}(5516)
           |-{jsmd}(5517)
           `-{jsmd}(5518)

sshd(30174)---bash(30197)---pstree(30200)
