jsmd(164352)-+-solomonikMM-cud(164488)-+-{solomonikMM-cud}(164501)
             |                         |-{solomonikMM-cud}(164502)
             |                         |-{solomonikMM-cud}(164548)
             |                         |-{solomonikMM-cud}(164549)
             |                         |-{solomonikMM-cud}(164551)
             |                         |-{solomonikMM-cud}(164553)
             |                         |-{solomonikMM-cud}(164554)
             |                         |-{solomonikMM-cud}(164696)
             |                         |-{solomonikMM-cud}(164697)
             |                         |-{solomonikMM-cud}(164698)
             |                         |-{solomonikMM-cud}(164699)
             |                         |-{solomonikMM-cud}(164700)
             |                         |-{solomonikMM-cud}(164701)
             |                         |-{solomonikMM-cud}(164702)
             |                         |-{solomonikMM-cud}(164703)
             |                         |-{solomonikMM-cud}(164704)
             |                         |-{solomonikMM-cud}(164705)
             |                         |-{solomonikMM-cud}(164706)
             |                         |-{solomonikMM-cud}(164707)
             |                         |-{solomonikMM-cud}(164708)
             |                         |-{solomonikMM-cud}(164709)
             |                         |-{solomonikMM-cud}(164710)
             |                         |-{solomonikMM-cud}(164711)
             |                         |-{solomonikMM-cud}(164712)
             |                         |-{solomonikMM-cud}(164713)
             |                         |-{solomonikMM-cud}(164714)
             |                         |-{solomonikMM-cud}(164715)
             |                         |-{solomonikMM-cud}(164716)
             |                         |-{solomonikMM-cud}(164722)
             |                         |-{solomonikMM-cud}(164723)
             |                         |-{solomonikMM-cud}(164730)
             |                         |-{solomonikMM-cud}(171019)
             |                         |-{solomonikMM-cud}(171020)
             |                         |-{solomonikMM-cud}(171026)
             |                         |-{solomonikMM-cud}(171027)
             |                         |-{solomonikMM-cud}(171612)
             |                         |-{solomonikMM-cud}(171635)
             |                         |-{solomonikMM-cud}(8483)
             |                         |-{solomonikMM-cud}(8496)
             |                         `-{solomonikMM-cud}(8517)
             |-{jsmd}(164353)
             |-{jsmd}(164358)
             |-{jsmd}(164359)
             |-{jsmd}(164360)
             |-{jsmd}(164361)
             |-{jsmd}(164362)
             |-{jsmd}(164363)
             |-{jsmd}(164364)
             |-{jsmd}(164365)
             |-{jsmd}(164366)
             |-{jsmd}(164367)
             |-{jsmd}(164368)
             |-{jsmd}(164369)
             |-{jsmd}(164370)
             |-{jsmd}(164371)
             |-{jsmd}(164372)
             |-{jsmd}(164373)
             |-{jsmd}(164374)
             |-{jsmd}(164375)
             `-{jsmd}(164376)

sshd(9685)---bash(9686)---pstree(9811)
