jsmd(49060)-+-solomonikMM-cud(49200)-+-{solomonikMM-cud}(49208)
            |                        |-{solomonikMM-cud}(49216)
            |                        |-{solomonikMM-cud}(49263)
            |                        |-{solomonikMM-cud}(49264)
            |                        |-{solomonikMM-cud}(49265)
            |                        |-{solomonikMM-cud}(49266)
            |                        |-{solomonikMM-cud}(49267)
            |                        |-{solomonikMM-cud}(49426)
            |                        |-{solomonikMM-cud}(49427)
            |                        |-{solomonikMM-cud}(49428)
            |                        |-{solomonikMM-cud}(49429)
            |                        |-{solomonikMM-cud}(49430)
            |                        |-{solomonikMM-cud}(49431)
            |                        |-{solomonikMM-cud}(49432)
            |                        |-{solomonikMM-cud}(49433)
            |                        |-{solomonikMM-cud}(49434)
            |                        |-{solomonikMM-cud}(49435)
            |                        |-{solomonikMM-cud}(49436)
            |                        |-{solomonikMM-cud}(49437)
            |                        |-{solomonikMM-cud}(49438)
            |                        |-{solomonikMM-cud}(49439)
            |                        |-{solomonikMM-cud}(49440)
            |                        |-{solomonikMM-cud}(49441)
            |                        |-{solomonikMM-cud}(49442)
            |                        |-{solomonikMM-cud}(49443)
            |                        |-{solomonikMM-cud}(49444)
            |                        |-{solomonikMM-cud}(49445)
            |                        |-{solomonikMM-cud}(49446)
            |                        |-{solomonikMM-cud}(49452)
            |                        |-{solomonikMM-cud}(49453)
            |                        |-{solomonikMM-cud}(49455)
            |                        |-{solomonikMM-cud}(49457)
            |                        |-{solomonikMM-cud}(49460)
            |                        |-{solomonikMM-cud}(55590)
            |                        |-{solomonikMM-cud}(55597)
            |                        |-{solomonikMM-cud}(56114)
            |                        |-{solomonikMM-cud}(56166)
            |                        |-{solomonikMM-cud}(73259)
            |                        `-{solomonikMM-cud}(73260)
            |-{jsmd}(49063)
            |-{jsmd}(49064)
            |-{jsmd}(49070)
            |-{jsmd}(49071)
            |-{jsmd}(49072)
            |-{jsmd}(49073)
            |-{jsmd}(49074)
            |-{jsmd}(49075)
            |-{jsmd}(49076)
            |-{jsmd}(49077)
            |-{jsmd}(49078)
            |-{jsmd}(49079)
            |-{jsmd}(49080)
            |-{jsmd}(49081)
            |-{jsmd}(49082)
            |-{jsmd}(49083)
            |-{jsmd}(49084)
            |-{jsmd}(49085)
            |-{jsmd}(49086)
            `-{jsmd}(49087)

sshd(74430)---bash(74451)---pstree(74454)
