jsmd(94985)-+-solomonikMM-cud(95060)-+-{solomonikMM-cud}(95074)
            |                        |-{solomonikMM-cud}(95076)
            |                        |-{solomonikMM-cud}(95122)
            |                        |-{solomonikMM-cud}(95124)
            |                        |-{solomonikMM-cud}(95126)
            |                        |-{solomonikMM-cud}(95127)
            |                        |-{solomonikMM-cud}(95128)
            |                        |-{solomonikMM-cud}(95283)
            |                        |-{solomonikMM-cud}(95284)
            |                        |-{solomonikMM-cud}(95285)
            |                        |-{solomonikMM-cud}(95286)
            |                        |-{solomonikMM-cud}(95287)
            |                        |-{solomonikMM-cud}(95288)
            |                        |-{solomonikMM-cud}(95289)
            |                        |-{solomonikMM-cud}(95290)
            |                        |-{solomonikMM-cud}(95291)
            |                        |-{solomonikMM-cud}(95292)
            |                        |-{solomonikMM-cud}(95293)
            |                        |-{solomonikMM-cud}(95294)
            |                        |-{solomonikMM-cud}(95295)
            |                        |-{solomonikMM-cud}(95296)
            |                        |-{solomonikMM-cud}(95297)
            |                        |-{solomonikMM-cud}(95298)
            |                        |-{solomonikMM-cud}(95299)
            |                        |-{solomonikMM-cud}(95300)
            |                        |-{solomonikMM-cud}(95301)
            |                        |-{solomonikMM-cud}(95302)
            |                        |-{solomonikMM-cud}(95303)
            |                        |-{solomonikMM-cud}(95308)
            |                        |-{solomonikMM-cud}(95309)
            |                        |-{solomonikMM-cud}(95311)
            |                        |-{solomonikMM-cud}(95313)
            |                        |-{solomonikMM-cud}(95316)
            |                        |-{solomonikMM-cud}(103747)
            |                        |-{solomonikMM-cud}(103750)
            |                        |-{solomonikMM-cud}(104637)
            |                        |-{solomonikMM-cud}(120662)
            |                        |-{solomonikMM-cud}(120673)
            |                        `-{solomonikMM-cud}(120674)
            |-{jsmd}(94986)
            |-{jsmd}(94987)
            |-{jsmd}(94991)
            |-{jsmd}(94992)
            |-{jsmd}(94993)
            |-{jsmd}(94994)
            |-{jsmd}(94995)
            |-{jsmd}(94996)
            |-{jsmd}(94997)
            |-{jsmd}(94998)
            |-{jsmd}(94999)
            |-{jsmd}(95000)
            |-{jsmd}(95001)
            |-{jsmd}(95002)
            |-{jsmd}(95003)
            |-{jsmd}(95004)
            |-{jsmd}(95005)
            |-{jsmd}(95006)
            |-{jsmd}(95007)
            `-{jsmd}(95008)

sshd(121831)---bash(121865)---pstree(121904)
