jsmd(17602)-+-solomonikMM-cud(17682)-+-{solomonikMM-cud}(17690)
            |                        |-{solomonikMM-cud}(17696)
            |                        |-{solomonikMM-cud}(17748)
            |                        |-{solomonikMM-cud}(17751)
            |                        |-{solomonikMM-cud}(17752)
            |                        |-{solomonikMM-cud}(17753)
            |                        |-{solomonikMM-cud}(17754)
            |                        |-{solomonikMM-cud}(17902)
            |                        |-{solomonikMM-cud}(17903)
            |                        |-{solomonikMM-cud}(17904)
            |                        |-{solomonikMM-cud}(17905)
            |                        |-{solomonikMM-cud}(17906)
            |                        |-{solomonikMM-cud}(17907)
            |                        |-{solomonikMM-cud}(17908)
            |                        |-{solomonikMM-cud}(17909)
            |                        |-{solomonikMM-cud}(17910)
            |                        |-{solomonikMM-cud}(17911)
            |                        |-{solomonikMM-cud}(17912)
            |                        |-{solomonikMM-cud}(17913)
            |                        |-{solomonikMM-cud}(17914)
            |                        |-{solomonikMM-cud}(17915)
            |                        |-{solomonikMM-cud}(17916)
            |                        |-{solomonikMM-cud}(17917)
            |                        |-{solomonikMM-cud}(17918)
            |                        |-{solomonikMM-cud}(17919)
            |                        |-{solomonikMM-cud}(17920)
            |                        |-{solomonikMM-cud}(17921)
            |                        |-{solomonikMM-cud}(17922)
            |                        |-{solomonikMM-cud}(17927)
            |                        |-{solomonikMM-cud}(17928)
            |                        |-{solomonikMM-cud}(17935)
            |                        |-{solomonikMM-cud}(25136)
            |                        |-{solomonikMM-cud}(25137)
            |                        |-{solomonikMM-cud}(25138)
            |                        |-{solomonikMM-cud}(25139)
            |                        |-{solomonikMM-cud}(25326)
            |                        |-{solomonikMM-cud}(41884)
            |                        |-{solomonikMM-cud}(42554)
            |                        |-{solomonikMM-cud}(42567)
            |                        `-{solomonikMM-cud}(42738)
            |-{jsmd}(17603)
            |-{jsmd}(17608)
            |-{jsmd}(17609)
            |-{jsmd}(17610)
            |-{jsmd}(17611)
            |-{jsmd}(17612)
            |-{jsmd}(17613)
            |-{jsmd}(17614)
            |-{jsmd}(17615)
            |-{jsmd}(17616)
            |-{jsmd}(17617)
            |-{jsmd}(17618)
            |-{jsmd}(17619)
            |-{jsmd}(17620)
            |-{jsmd}(17621)
            |-{jsmd}(17622)
            |-{jsmd}(17623)
            |-{jsmd}(17624)
            |-{jsmd}(17625)
            `-{jsmd}(17626)

sshd(42941)---bash(43006)---pstree(43134)
