jsmd(9820)-+-solomonikMM-cud(10082)-+-{solomonikMM-cud}(10104)
           |                        |-{solomonikMM-cud}(10107)
           |                        |-{solomonikMM-cud}(10155)
           |                        |-{solomonikMM-cud}(10156)
           |                        |-{solomonikMM-cud}(10157)
           |                        |-{solomonikMM-cud}(10158)
           |                        |-{solomonikMM-cud}(10159)
           |                        |-{solomonikMM-cud}(10304)
           |                        |-{solomonikMM-cud}(10306)
           |                        |-{solomonikMM-cud}(10307)
           |                        |-{solomonikMM-cud}(10308)
           |                        |-{solomonikMM-cud}(10309)
           |                        |-{solomonikMM-cud}(10310)
           |                        |-{solomonikMM-cud}(10311)
           |                        |-{solomonikMM-cud}(10312)
           |                        |-{solomonikMM-cud}(10313)
           |                        |-{solomonikMM-cud}(10314)
           |                        |-{solomonikMM-cud}(10315)
           |                        |-{solomonikMM-cud}(10316)
           |                        |-{solomonikMM-cud}(10317)
           |                        |-{solomonikMM-cud}(10318)
           |                        |-{solomonikMM-cud}(10319)
           |                        |-{solomonikMM-cud}(10320)
           |                        |-{solomonikMM-cud}(10321)
           |                        |-{solomonikMM-cud}(10322)
           |                        |-{solomonikMM-cud}(10323)
           |                        |-{solomonikMM-cud}(10324)
           |                        |-{solomonikMM-cud}(10325)
           |                        |-{solomonikMM-cud}(10331)
           |                        |-{solomonikMM-cud}(10332)
           |                        |-{solomonikMM-cud}(10340)
           |                        |-{solomonikMM-cud}(17449)
           |                        |-{solomonikMM-cud}(17450)
           |                        |-{solomonikMM-cud}(17451)
           |                        |-{solomonikMM-cud}(17452)
           |                        |-{solomonikMM-cud}(18360)
           |                        |-{solomonikMM-cud}(18361)
           |                        |-{solomonikMM-cud}(18367)
           |                        `-{solomonikMM-cud}(18368)
           |-{jsmd}(9821)
           |-{jsmd}(9822)
           |-{jsmd}(9831)
           |-{jsmd}(9832)
           |-{jsmd}(9833)
           |-{jsmd}(9834)
           |-{jsmd}(9835)
           |-{jsmd}(9836)
           |-{jsmd}(9837)
           |-{jsmd}(9838)
           |-{jsmd}(9839)
           |-{jsmd}(9840)
           |-{jsmd}(9841)
           |-{jsmd}(9842)
           |-{jsmd}(9843)
           |-{jsmd}(9844)
           |-{jsmd}(9845)
           |-{jsmd}(9846)
           |-{jsmd}(9847)
           `-{jsmd}(9848)

sshd(35815)---bash(35816)---pstree(35819)
