jsmd(122876)-+-solomonikMM-cud(123014)-+-{solomonikMM-cud}(123027)
             |                         |-{solomonikMM-cud}(123028)
             |                         |-{solomonikMM-cud}(123075)
             |                         |-{solomonikMM-cud}(123077)
             |                         |-{solomonikMM-cud}(123078)
             |                         |-{solomonikMM-cud}(123079)
             |                         |-{solomonikMM-cud}(123083)
             |                         |-{solomonikMM-cud}(123237)
             |                         |-{solomonikMM-cud}(123238)
             |                         |-{solomonikMM-cud}(123239)
             |                         |-{solomonikMM-cud}(123240)
             |                         |-{solomonikMM-cud}(123241)
             |                         |-{solomonikMM-cud}(123242)
             |                         |-{solomonikMM-cud}(123243)
             |                         |-{solomonikMM-cud}(123244)
             |                         |-{solomonikMM-cud}(123245)
             |                         |-{solomonikMM-cud}(123246)
             |                         |-{solomonikMM-cud}(123247)
             |                         |-{solomonikMM-cud}(123248)
             |                         |-{solomonikMM-cud}(123249)
             |                         |-{solomonikMM-cud}(123250)
             |                         |-{solomonikMM-cud}(123251)
             |                         |-{solomonikMM-cud}(123252)
             |                         |-{solomonikMM-cud}(123253)
             |                         |-{solomonikMM-cud}(123254)
             |                         |-{solomonikMM-cud}(123255)
             |                         |-{solomonikMM-cud}(123256)
             |                         |-{solomonikMM-cud}(123257)
             |                         |-{solomonikMM-cud}(123262)
             |                         |-{solomonikMM-cud}(123263)
             |                         |-{solomonikMM-cud}(123270)
             |                         |-{solomonikMM-cud}(131417)
             |                         |-{solomonikMM-cud}(131423)
             |                         |-{solomonikMM-cud}(131425)
             |                         |-{solomonikMM-cud}(131426)
             |                         |-{solomonikMM-cud}(132114)
             |                         |-{solomonikMM-cud}(148275)
             |                         |-{solomonikMM-cud}(148277)
             |                         `-{solomonikMM-cud}(148278)
             |-{jsmd}(122882)
             |-{jsmd}(122883)
             |-{jsmd}(122885)
             |-{jsmd}(122886)
             |-{jsmd}(122887)
             |-{jsmd}(122888)
             |-{jsmd}(122889)
             |-{jsmd}(122890)
             |-{jsmd}(122891)
             |-{jsmd}(122892)
             |-{jsmd}(122893)
             |-{jsmd}(122894)
             |-{jsmd}(122895)
             |-{jsmd}(122896)
             |-{jsmd}(122897)
             |-{jsmd}(122898)
             |-{jsmd}(122899)
             |-{jsmd}(122900)
             |-{jsmd}(122901)
             `-{jsmd}(122902)

sshd(149083)---bash(149084)---pstree(149149)
