jsmd(143088)-+-solomonikMM-cud(143223)-+-{solomonikMM-cud}(143237)
             |                         |-{solomonikMM-cud}(143242)
             |                         |-{solomonikMM-cud}(143374)
             |                         |-{solomonikMM-cud}(143375)
             |                         |-{solomonikMM-cud}(143376)
             |                         |-{solomonikMM-cud}(143377)
             |                         |-{solomonikMM-cud}(143379)
             |                         |-{solomonikMM-cud}(143522)
             |                         |-{solomonikMM-cud}(143523)
             |                         |-{solomonikMM-cud}(143524)
             |                         |-{solomonikMM-cud}(143525)
             |                         |-{solomonikMM-cud}(143526)
             |                         |-{solomonikMM-cud}(143527)
             |                         |-{solomonikMM-cud}(143528)
             |                         |-{solomonikMM-cud}(143529)
             |                         |-{solomonikMM-cud}(143530)
             |                         |-{solomonikMM-cud}(143531)
             |                         |-{solomonikMM-cud}(143532)
             |                         |-{solomonikMM-cud}(143533)
             |                         |-{solomonikMM-cud}(143534)
             |                         |-{solomonikMM-cud}(143535)
             |                         |-{solomonikMM-cud}(143536)
             |                         |-{solomonikMM-cud}(143537)
             |                         |-{solomonikMM-cud}(143538)
             |                         |-{solomonikMM-cud}(143539)
             |                         |-{solomonikMM-cud}(143540)
             |                         |-{solomonikMM-cud}(143541)
             |                         |-{solomonikMM-cud}(143542)
             |                         |-{solomonikMM-cud}(143547)
             |                         |-{solomonikMM-cud}(143548)
             |                         |-{solomonikMM-cud}(143555)
             |                         |-{solomonikMM-cud}(150708)
             |                         |-{solomonikMM-cud}(150709)
             |                         |-{solomonikMM-cud}(150711)
             |                         |-{solomonikMM-cud}(150712)
             |                         |-{solomonikMM-cud}(151424)
             |                         |-{solomonikMM-cud}(151429)
             |                         |-{solomonikMM-cud}(151452)
             |                         `-{solomonikMM-cud}(151453)
             |-{jsmd}(143089)
             |-{jsmd}(143095)
             |-{jsmd}(143103)
             |-{jsmd}(143104)
             |-{jsmd}(143105)
             |-{jsmd}(143106)
             |-{jsmd}(143107)
             |-{jsmd}(143108)
             |-{jsmd}(143109)
             |-{jsmd}(143110)
             |-{jsmd}(143111)
             |-{jsmd}(143112)
             |-{jsmd}(143113)
             |-{jsmd}(143114)
             |-{jsmd}(143115)
             |-{jsmd}(143116)
             |-{jsmd}(143117)
             |-{jsmd}(143118)
             |-{jsmd}(143119)
             `-{jsmd}(143120)

sshd(168128)---bash(168219)---pstree(168298)
