jsmd(140817)-+-solomonikMM-cud(140937)-+-{solomonikMM-cud}(140954)
             |                         |-{solomonikMM-cud}(140962)
             |                         |-{solomonikMM-cud}(141008)
             |                         |-{solomonikMM-cud}(141010)
             |                         |-{solomonikMM-cud}(141011)
             |                         |-{solomonikMM-cud}(141012)
             |                         |-{solomonikMM-cud}(141014)
             |                         |-{solomonikMM-cud}(141157)
             |                         |-{solomonikMM-cud}(141158)
             |                         |-{solomonikMM-cud}(141159)
             |                         |-{solomonikMM-cud}(141160)
             |                         |-{solomonikMM-cud}(141161)
             |                         |-{solomonikMM-cud}(141162)
             |                         |-{solomonikMM-cud}(141163)
             |                         |-{solomonikMM-cud}(141164)
             |                         |-{solomonikMM-cud}(141165)
             |                         |-{solomonikMM-cud}(141166)
             |                         |-{solomonikMM-cud}(141167)
             |                         |-{solomonikMM-cud}(141168)
             |                         |-{solomonikMM-cud}(141169)
             |                         |-{solomonikMM-cud}(141170)
             |                         |-{solomonikMM-cud}(141171)
             |                         |-{solomonikMM-cud}(141172)
             |                         |-{solomonikMM-cud}(141173)
             |                         |-{solomonikMM-cud}(141174)
             |                         |-{solomonikMM-cud}(141175)
             |                         |-{solomonikMM-cud}(141176)
             |                         |-{solomonikMM-cud}(141177)
             |                         |-{solomonikMM-cud}(141182)
             |                         |-{solomonikMM-cud}(141183)
             |                         |-{solomonikMM-cud}(141185)
             |                         |-{solomonikMM-cud}(141190)
             |                         |-{solomonikMM-cud}(143129)
             |                         |-{solomonikMM-cud}(148010)
             |                         |-{solomonikMM-cud}(148012)
             |                         |-{solomonikMM-cud}(148702)
             |                         |-{solomonikMM-cud}(148725)
             |                         |-{solomonikMM-cud}(148730)
             |                         `-{solomonikMM-cud}(148731)
             |-{jsmd}(140818)
             |-{jsmd}(140819)
             |-{jsmd}(140823)
             |-{jsmd}(140824)
             |-{jsmd}(140825)
             |-{jsmd}(140826)
             |-{jsmd}(140827)
             |-{jsmd}(140828)
             |-{jsmd}(140829)
             |-{jsmd}(140830)
             |-{jsmd}(140831)
             |-{jsmd}(140832)
             |-{jsmd}(140833)
             |-{jsmd}(140834)
             |-{jsmd}(140835)
             |-{jsmd}(140836)
             |-{jsmd}(140837)
             |-{jsmd}(140838)
             |-{jsmd}(140839)
             `-{jsmd}(140840)

sshd(165561)---bash(165717)---pstree(165720)
