jsmd(13490)-+-solomonikMM-cud(13614)-+-{solomonikMM-cud}(13628)
            |                        |-{solomonikMM-cud}(13629)
            |                        |-{solomonikMM-cud}(13675)
            |                        |-{solomonikMM-cud}(13676)
            |                        |-{solomonikMM-cud}(13677)
            |                        |-{solomonikMM-cud}(13678)
            |                        |-{solomonikMM-cud}(13679)
            |                        |-{solomonikMM-cud}(13823)
            |                        |-{solomonikMM-cud}(13824)
            |                        |-{solomonikMM-cud}(13825)
            |                        |-{solomonikMM-cud}(13826)
            |                        |-{solomonikMM-cud}(13827)
            |                        |-{solomonikMM-cud}(13828)
            |                        |-{solomonikMM-cud}(13829)
            |                        |-{solomonikMM-cud}(13830)
            |                        |-{solomonikMM-cud}(13831)
            |                        |-{solomonikMM-cud}(13832)
            |                        |-{solomonikMM-cud}(13833)
            |                        |-{solomonikMM-cud}(13834)
            |                        |-{solomonikMM-cud}(13835)
            |                        |-{solomonikMM-cud}(13836)
            |                        |-{solomonikMM-cud}(13837)
            |                        |-{solomonikMM-cud}(13838)
            |                        |-{solomonikMM-cud}(13839)
            |                        |-{solomonikMM-cud}(13840)
            |                        |-{solomonikMM-cud}(13841)
            |                        |-{solomonikMM-cud}(13842)
            |                        |-{solomonikMM-cud}(13843)
            |                        |-{solomonikMM-cud}(13849)
            |                        |-{solomonikMM-cud}(13850)
            |                        |-{solomonikMM-cud}(13852)
            |                        |-{solomonikMM-cud}(13857)
            |                        |-{solomonikMM-cud}(20157)
            |                        |-{solomonikMM-cud}(21015)
            |                        |-{solomonikMM-cud}(21020)
            |                        |-{solomonikMM-cud}(32604)
            |                        |-{solomonikMM-cud}(37871)
            |                        |-{solomonikMM-cud}(37879)
            |                        `-{solomonikMM-cud}(37880)
            |-{jsmd}(13491)
            |-{jsmd}(13492)
            |-{jsmd}(13493)
            |-{jsmd}(13494)
            |-{jsmd}(13495)
            |-{jsmd}(13496)
            |-{jsmd}(13497)
            |-{jsmd}(13498)
            |-{jsmd}(13499)
            |-{jsmd}(13500)
            |-{jsmd}(13501)
            |-{jsmd}(13502)
            |-{jsmd}(13503)
            |-{jsmd}(13504)
            |-{jsmd}(13505)
            |-{jsmd}(13506)
            |-{jsmd}(13507)
            |-{jsmd}(13508)
            |-{jsmd}(13509)
            `-{jsmd}(13510)

sshd(38675)---bash(38744)---pstree(38747)
