jsmd(49993)-+-solomonikMM-cud(50125)-+-{solomonikMM-cud}(50138)
            |                        |-{solomonikMM-cud}(50140)
            |                        |-{solomonikMM-cud}(50184)
            |                        |-{solomonikMM-cud}(50186)
            |                        |-{solomonikMM-cud}(50187)
            |                        |-{solomonikMM-cud}(50189)
            |                        |-{solomonikMM-cud}(50190)
            |                        |-{solomonikMM-cud}(50347)
            |                        |-{solomonikMM-cud}(50348)
            |                        |-{solomonikMM-cud}(50349)
            |                        |-{solomonikMM-cud}(50350)
            |                        |-{solomonikMM-cud}(50351)
            |                        |-{solomonikMM-cud}(50352)
            |                        |-{solomonikMM-cud}(50353)
            |                        |-{solomonikMM-cud}(50354)
            |                        |-{solomonikMM-cud}(50355)
            |                        |-{solomonikMM-cud}(50356)
            |                        |-{solomonikMM-cud}(50357)
            |                        |-{solomonikMM-cud}(50358)
            |                        |-{solomonikMM-cud}(50359)
            |                        |-{solomonikMM-cud}(50360)
            |                        |-{solomonikMM-cud}(50361)
            |                        |-{solomonikMM-cud}(50362)
            |                        |-{solomonikMM-cud}(50363)
            |                        |-{solomonikMM-cud}(50364)
            |                        |-{solomonikMM-cud}(50365)
            |                        |-{solomonikMM-cud}(50366)
            |                        |-{solomonikMM-cud}(50367)
            |                        |-{solomonikMM-cud}(50372)
            |                        |-{solomonikMM-cud}(50373)
            |                        |-{solomonikMM-cud}(50381)
            |                        |-{solomonikMM-cud}(57857)
            |                        |-{solomonikMM-cud}(57858)
            |                        |-{solomonikMM-cud}(57859)
            |                        |-{solomonikMM-cud}(57866)
            |                        |-{solomonikMM-cud}(58095)
            |                        |-{solomonikMM-cud}(58096)
            |                        |-{solomonikMM-cud}(58098)
            |                        |-{solomonikMM-cud}(58099)
            |                        |-{solomonikMM-cud}(58106)
            |                        |-{solomonikMM-cud}(58107)
            |                        |-{solomonikMM-cud}(58109)
            |                        |-{solomonikMM-cud}(58110)
            |                        |-{solomonikMM-cud}(58111)
            |                        |-{solomonikMM-cud}(58123)
            |                        |-{solomonikMM-cud}(58282)
            |                        `-{solomonikMM-cud}(58329)
            |-{jsmd}(50001)
            |-{jsmd}(50005)
            |-{jsmd}(50006)
            |-{jsmd}(50007)
            |-{jsmd}(50008)
            |-{jsmd}(50009)
            |-{jsmd}(50010)
            |-{jsmd}(50011)
            |-{jsmd}(50012)
            |-{jsmd}(50013)
            |-{jsmd}(50014)
            |-{jsmd}(50015)
            |-{jsmd}(50016)
            |-{jsmd}(50017)
            |-{jsmd}(50018)
            |-{jsmd}(50019)
            |-{jsmd}(50020)
            |-{jsmd}(50021)
            |-{jsmd}(50022)
            `-{jsmd}(50023)

sshd(75317)---bash(75441)---pstree(75498)
