jsmd(125315)-+-solomonikMM-cud(125437)-+-{solomonikMM-cud}(125461)
             |                         |-{solomonikMM-cud}(125462)
             |                         |-{solomonikMM-cud}(125507)
             |                         |-{solomonikMM-cud}(125508)
             |                         |-{solomonikMM-cud}(125511)
             |                         |-{solomonikMM-cud}(125512)
             |                         |-{solomonikMM-cud}(125514)
             |                         |-{solomonikMM-cud}(125658)
             |                         |-{solomonikMM-cud}(125659)
             |                         |-{solomonikMM-cud}(125660)
             |                         |-{solomonikMM-cud}(125661)
             |                         |-{solomonikMM-cud}(125662)
             |                         |-{solomonikMM-cud}(125663)
             |                         |-{solomonikMM-cud}(125664)
             |                         |-{solomonikMM-cud}(125665)
             |                         |-{solomonikMM-cud}(125666)
             |                         |-{solomonikMM-cud}(125667)
             |                         |-{solomonikMM-cud}(125668)
             |                         |-{solomonikMM-cud}(125669)
             |                         |-{solomonikMM-cud}(125670)
             |                         |-{solomonikMM-cud}(125671)
             |                         |-{solomonikMM-cud}(125672)
             |                         |-{solomonikMM-cud}(125673)
             |                         |-{solomonikMM-cud}(125674)
             |                         |-{solomonikMM-cud}(125675)
             |                         |-{solomonikMM-cud}(125676)
             |                         |-{solomonikMM-cud}(125677)
             |                         |-{solomonikMM-cud}(125678)
             |                         |-{solomonikMM-cud}(125683)
             |                         |-{solomonikMM-cud}(125684)
             |                         |-{solomonikMM-cud}(125693)
             |                         |-{solomonikMM-cud}(131850)
             |                         |-{solomonikMM-cud}(131851)
             |                         |-{solomonikMM-cud}(131854)
             |                         |-{solomonikMM-cud}(131855)
             |                         |-{solomonikMM-cud}(132417)
             |                         |-{solomonikMM-cud}(148561)
             |                         |-{solomonikMM-cud}(148575)
             |                         `-{solomonikMM-cud}(148576)
             |-{jsmd}(125316)
             |-{jsmd}(125317)
             |-{jsmd}(125318)
             |-{jsmd}(125319)
             |-{jsmd}(125320)
             |-{jsmd}(125321)
             |-{jsmd}(125322)
             |-{jsmd}(125323)
             |-{jsmd}(125324)
             |-{jsmd}(125325)
             |-{jsmd}(125326)
             |-{jsmd}(125327)
             |-{jsmd}(125328)
             |-{jsmd}(125329)
             |-{jsmd}(125330)
             |-{jsmd}(125331)
             |-{jsmd}(125332)
             |-{jsmd}(125333)
             |-{jsmd}(125334)
             `-{jsmd}(125335)

sshd(149261)---bash(149277)---pstree(149280)
