jsmd(48268)-+-solomonikMM-cud(48404)-+-{solomonikMM-cud}(48420)
            |                        |-{solomonikMM-cud}(48421)
            |                        |-{solomonikMM-cud}(48466)
            |                        |-{solomonikMM-cud}(48467)
            |                        |-{solomonikMM-cud}(48468)
            |                        |-{solomonikMM-cud}(48469)
            |                        |-{solomonikMM-cud}(48470)
            |                        |-{solomonikMM-cud}(48626)
            |                        |-{solomonikMM-cud}(48627)
            |                        |-{solomonikMM-cud}(48628)
            |                        |-{solomonikMM-cud}(48629)
            |                        |-{solomonikMM-cud}(48630)
            |                        |-{solomonikMM-cud}(48631)
            |                        |-{solomonikMM-cud}(48632)
            |                        |-{solomonikMM-cud}(48634)
            |                        |-{solomonikMM-cud}(48635)
            |                        |-{solomonikMM-cud}(48636)
            |                        |-{solomonikMM-cud}(48637)
            |                        |-{solomonikMM-cud}(48638)
            |                        |-{solomonikMM-cud}(48639)
            |                        |-{solomonikMM-cud}(48640)
            |                        |-{solomonikMM-cud}(48641)
            |                        |-{solomonikMM-cud}(48642)
            |                        |-{solomonikMM-cud}(48643)
            |                        |-{solomonikMM-cud}(48644)
            |                        |-{solomonikMM-cud}(48645)
            |                        |-{solomonikMM-cud}(48646)
            |                        |-{solomonikMM-cud}(48647)
            |                        |-{solomonikMM-cud}(48652)
            |                        |-{solomonikMM-cud}(48653)
            |                        |-{solomonikMM-cud}(48660)
            |                        |-{solomonikMM-cud}(56157)
            |                        |-{solomonikMM-cud}(56158)
            |                        |-{solomonikMM-cud}(56159)
            |                        |-{solomonikMM-cud}(56161)
            |                        |-{solomonikMM-cud}(56612)
            |                        |-{solomonikMM-cud}(56836)
            |                        |-{solomonikMM-cud}(56851)
            |                        |-{solomonikMM-cud}(56925)
            |                        `-{solomonikMM-cud}(56926)
            |-{jsmd}(48269)
            |-{jsmd}(48277)
            |-{jsmd}(48284)
            |-{jsmd}(48286)
            |-{jsmd}(48287)
            |-{jsmd}(48288)
            |-{jsmd}(48289)
            |-{jsmd}(48290)
            |-{jsmd}(48291)
            |-{jsmd}(48292)
            |-{jsmd}(48293)
            |-{jsmd}(48294)
            |-{jsmd}(48295)
            |-{jsmd}(48297)
            |-{jsmd}(48298)
            |-{jsmd}(48299)
            |-{jsmd}(48300)
            |-{jsmd}(48301)
            |-{jsmd}(48302)
            `-{jsmd}(48303)

sshd(73742)---bash(73809)---pstree(73812)
