jsmd(24316)-+-solomonikMM-cud(24394)-+-{solomonikMM-cud}(24408)
            |                        |-{solomonikMM-cud}(24409)
            |                        |-{solomonikMM-cud}(24456)
            |                        |-{solomonikMM-cud}(24457)
            |                        |-{solomonikMM-cud}(24458)
            |                        |-{solomonikMM-cud}(24459)
            |                        |-{solomonikMM-cud}(24460)
            |                        |-{solomonikMM-cud}(24742)
            |                        |-{solomonikMM-cud}(24743)
            |                        |-{solomonikMM-cud}(24744)
            |                        |-{solomonikMM-cud}(24745)
            |                        |-{solomonikMM-cud}(24746)
            |                        |-{solomonikMM-cud}(24747)
            |                        |-{solomonikMM-cud}(24748)
            |                        |-{solomonikMM-cud}(24749)
            |                        |-{solomonikMM-cud}(24750)
            |                        |-{solomonikMM-cud}(24751)
            |                        |-{solomonikMM-cud}(24752)
            |                        |-{solomonikMM-cud}(24753)
            |                        |-{solomonikMM-cud}(24754)
            |                        |-{solomonikMM-cud}(24755)
            |                        |-{solomonikMM-cud}(24756)
            |                        |-{solomonikMM-cud}(24757)
            |                        |-{solomonikMM-cud}(24758)
            |                        |-{solomonikMM-cud}(24759)
            |                        |-{solomonikMM-cud}(24760)
            |                        |-{solomonikMM-cud}(24761)
            |                        |-{solomonikMM-cud}(24762)
            |                        |-{solomonikMM-cud}(24767)
            |                        |-{solomonikMM-cud}(24768)
            |                        |-{solomonikMM-cud}(24775)
            |                        |-{solomonikMM-cud}(31468)
            |                        |-{solomonikMM-cud}(31469)
            |                        |-{solomonikMM-cud}(31477)
            |                        |-{solomonikMM-cud}(31480)
            |                        |-{solomonikMM-cud}(32118)
            |                        |-{solomonikMM-cud}(32144)
            |                        |-{solomonikMM-cud}(32145)
            |                        `-{solomonikMM-cud}(32150)
            |-{jsmd}(24317)
            |-{jsmd}(24320)
            |-{jsmd}(24324)
            |-{jsmd}(24325)
            |-{jsmd}(24326)
            |-{jsmd}(24327)
            |-{jsmd}(24328)
            |-{jsmd}(24329)
            |-{jsmd}(24330)
            |-{jsmd}(24331)
            |-{jsmd}(24332)
            |-{jsmd}(24333)
            |-{jsmd}(24334)
            |-{jsmd}(24335)
            |-{jsmd}(24336)
            |-{jsmd}(24337)
            |-{jsmd}(24338)
            |-{jsmd}(24339)
            |-{jsmd}(24340)
            `-{jsmd}(24341)

sshd(49393)---bash(49429)---pstree(49432)
