jsmd(25397)-+-solomonikMM-cud(25526)-+-{solomonikMM-cud}(25540)
            |                        |-{solomonikMM-cud}(25544)
            |                        |-{solomonikMM-cud}(25587)
            |                        |-{solomonikMM-cud}(25588)
            |                        |-{solomonikMM-cud}(25590)
            |                        |-{solomonikMM-cud}(25591)
            |                        |-{solomonikMM-cud}(25592)
            |                        |-{solomonikMM-cud}(25748)
            |                        |-{solomonikMM-cud}(25749)
            |                        |-{solomonikMM-cud}(25750)
            |                        |-{solomonikMM-cud}(25751)
            |                        |-{solomonikMM-cud}(25752)
            |                        |-{solomonikMM-cud}(25753)
            |                        |-{solomonikMM-cud}(25754)
            |                        |-{solomonikMM-cud}(25755)
            |                        |-{solomonikMM-cud}(25756)
            |                        |-{solomonikMM-cud}(25757)
            |                        |-{solomonikMM-cud}(25758)
            |                        |-{solomonikMM-cud}(25759)
            |                        |-{solomonikMM-cud}(25761)
            |                        |-{solomonikMM-cud}(25762)
            |                        |-{solomonikMM-cud}(25763)
            |                        |-{solomonikMM-cud}(25764)
            |                        |-{solomonikMM-cud}(25765)
            |                        |-{solomonikMM-cud}(25766)
            |                        |-{solomonikMM-cud}(25767)
            |                        |-{solomonikMM-cud}(25768)
            |                        |-{solomonikMM-cud}(25769)
            |                        |-{solomonikMM-cud}(25775)
            |                        |-{solomonikMM-cud}(25776)
            |                        |-{solomonikMM-cud}(25783)
            |                        |-{solomonikMM-cud}(31953)
            |                        |-{solomonikMM-cud}(31954)
            |                        |-{solomonikMM-cud}(31955)
            |                        |-{solomonikMM-cud}(31957)
            |                        |-{solomonikMM-cud}(44324)
            |                        |-{solomonikMM-cud}(44325)
            |                        |-{solomonikMM-cud}(48707)
            |                        `-{solomonikMM-cud}(48708)
            |-{jsmd}(25398)
            |-{jsmd}(25399)
            |-{jsmd}(25406)
            |-{jsmd}(25407)
            |-{jsmd}(25408)
            |-{jsmd}(25409)
            |-{jsmd}(25410)
            |-{jsmd}(25411)
            |-{jsmd}(25412)
            |-{jsmd}(25413)
            |-{jsmd}(25414)
            |-{jsmd}(25415)
            |-{jsmd}(25416)
            |-{jsmd}(25417)
            |-{jsmd}(25418)
            |-{jsmd}(25419)
            |-{jsmd}(25420)
            |-{jsmd}(25421)
            |-{jsmd}(25422)
            `-{jsmd}(25423)

sshd(49425)---bash(49429)---pstree(49432)
