jsmd(105501)-+-solomonikMM-cud(105569)-+-{solomonikMM-cud}(105593)
             |                         |-{solomonikMM-cud}(105594)
             |                         |-{solomonikMM-cud}(105629)
             |                         |-{solomonikMM-cud}(105632)
             |                         |-{solomonikMM-cud}(105633)
             |                         |-{solomonikMM-cud}(105635)
             |                         |-{solomonikMM-cud}(105636)
             |                         |-{solomonikMM-cud}(105793)
             |                         |-{solomonikMM-cud}(105794)
             |                         |-{solomonikMM-cud}(105795)
             |                         |-{solomonikMM-cud}(105796)
             |                         |-{solomonikMM-cud}(105797)
             |                         |-{solomonikMM-cud}(105798)
             |                         |-{solomonikMM-cud}(105799)
             |                         |-{solomonikMM-cud}(105800)
             |                         |-{solomonikMM-cud}(105801)
             |                         |-{solomonikMM-cud}(105802)
             |                         |-{solomonikMM-cud}(105803)
             |                         |-{solomonikMM-cud}(105805)
             |                         |-{solomonikMM-cud}(105806)
             |                         |-{solomonikMM-cud}(105807)
             |                         |-{solomonikMM-cud}(105808)
             |                         |-{solomonikMM-cud}(105809)
             |                         |-{solomonikMM-cud}(105810)
             |                         |-{solomonikMM-cud}(105811)
             |                         |-{solomonikMM-cud}(105812)
             |                         |-{solomonikMM-cud}(105813)
             |                         |-{solomonikMM-cud}(105814)
             |                         |-{solomonikMM-cud}(105819)
             |                         |-{solomonikMM-cud}(105820)
             |                         |-{solomonikMM-cud}(105827)
             |                         |-{solomonikMM-cud}(112525)
             |                         |-{solomonikMM-cud}(112526)
             |                         |-{solomonikMM-cud}(112527)
             |                         |-{solomonikMM-cud}(112528)
             |                         |-{solomonikMM-cud}(113231)
             |                         |-{solomonikMM-cud}(113254)
             |                         |-{solomonikMM-cud}(113267)
             |                         `-{solomonikMM-cud}(113278)
             |-{jsmd}(105502)
             |-{jsmd}(105505)
             |-{jsmd}(105506)
             |-{jsmd}(105507)
             |-{jsmd}(105508)
             |-{jsmd}(105509)
             |-{jsmd}(105510)
             |-{jsmd}(105511)
             |-{jsmd}(105512)
             |-{jsmd}(105513)
             |-{jsmd}(105514)
             |-{jsmd}(105515)
             |-{jsmd}(105516)
             |-{jsmd}(105517)
             |-{jsmd}(105518)
             |-{jsmd}(105519)
             |-{jsmd}(105520)
             |-{jsmd}(105521)
             |-{jsmd}(105522)
             `-{jsmd}(105523)

sshd(130441)---bash(130511)---pstree(130719)
