jsmd(105877)-+-solomonikMM-cud(106020)-+-{solomonikMM-cud}(106033)
             |                         |-{solomonikMM-cud}(106034)
             |                         |-{solomonikMM-cud}(106080)
             |                         |-{solomonikMM-cud}(106082)
             |                         |-{solomonikMM-cud}(106083)
             |                         |-{solomonikMM-cud}(106084)
             |                         |-{solomonikMM-cud}(106085)
             |                         |-{solomonikMM-cud}(106228)
             |                         |-{solomonikMM-cud}(106229)
             |                         |-{solomonikMM-cud}(106230)
             |                         |-{solomonikMM-cud}(106231)
             |                         |-{solomonikMM-cud}(106232)
             |                         |-{solomonikMM-cud}(106233)
             |                         |-{solomonikMM-cud}(106234)
             |                         |-{solomonikMM-cud}(106235)
             |                         |-{solomonikMM-cud}(106236)
             |                         |-{solomonikMM-cud}(106237)
             |                         |-{solomonikMM-cud}(106238)
             |                         |-{solomonikMM-cud}(106239)
             |                         |-{solomonikMM-cud}(106240)
             |                         |-{solomonikMM-cud}(106241)
             |                         |-{solomonikMM-cud}(106242)
             |                         |-{solomonikMM-cud}(106243)
             |                         |-{solomonikMM-cud}(106244)
             |                         |-{solomonikMM-cud}(106245)
             |                         |-{solomonikMM-cud}(106246)
             |                         |-{solomonikMM-cud}(106247)
             |                         |-{solomonikMM-cud}(106248)
             |                         |-{solomonikMM-cud}(106253)
             |                         |-{solomonikMM-cud}(106254)
             |                         |-{solomonikMM-cud}(106261)
             |                         |-{solomonikMM-cud}(114197)
             |                         |-{solomonikMM-cud}(114198)
             |                         |-{solomonikMM-cud}(114202)
             |                         |-{solomonikMM-cud}(114205)
             |                         |-{solomonikMM-cud}(115050)
             |                         |-{solomonikMM-cud}(115052)
             |                         |-{solomonikMM-cud}(115077)
             |                         `-{solomonikMM-cud}(115078)
             |-{jsmd}(105878)
             |-{jsmd}(105879)
             |-{jsmd}(105880)
             |-{jsmd}(105881)
             |-{jsmd}(105882)
             |-{jsmd}(105883)
             |-{jsmd}(105884)
             |-{jsmd}(105885)
             |-{jsmd}(105886)
             |-{jsmd}(105887)
             |-{jsmd}(105888)
             |-{jsmd}(105889)
             |-{jsmd}(105890)
             |-{jsmd}(105891)
             |-{jsmd}(105892)
             |-{jsmd}(105893)
             |-{jsmd}(105894)
             |-{jsmd}(105895)
             |-{jsmd}(105896)
             `-{jsmd}(105897)

sshd(131745)---bash(131825)---pstree(131885)
