jsmd(7309)-+-solomonikMM-cud(7446)-+-{solomonikMM-cud}(7479)
           |                       |-{solomonikMM-cud}(7486)
           |                       |-{solomonikMM-cud}(7522)
           |                       |-{solomonikMM-cud}(7523)
           |                       |-{solomonikMM-cud}(7524)
           |                       |-{solomonikMM-cud}(7526)
           |                       |-{solomonikMM-cud}(7527)
           |                       |-{solomonikMM-cud}(7671)
           |                       |-{solomonikMM-cud}(7672)
           |                       |-{solomonikMM-cud}(7673)
           |                       |-{solomonikMM-cud}(7674)
           |                       |-{solomonikMM-cud}(7675)
           |                       |-{solomonikMM-cud}(7676)
           |                       |-{solomonikMM-cud}(7677)
           |                       |-{solomonikMM-cud}(7678)
           |                       |-{solomonikMM-cud}(7679)
           |                       |-{solomonikMM-cud}(7680)
           |                       |-{solomonikMM-cud}(7681)
           |                       |-{solomonikMM-cud}(7682)
           |                       |-{solomonikMM-cud}(7683)
           |                       |-{solomonikMM-cud}(7684)
           |                       |-{solomonikMM-cud}(7685)
           |                       |-{solomonikMM-cud}(7686)
           |                       |-{solomonikMM-cud}(7687)
           |                       |-{solomonikMM-cud}(7688)
           |                       |-{solomonikMM-cud}(7689)
           |                       |-{solomonikMM-cud}(7690)
           |                       |-{solomonikMM-cud}(7691)
           |                       |-{solomonikMM-cud}(7697)
           |                       |-{solomonikMM-cud}(7698)
           |                       |-{solomonikMM-cud}(7699)
           |                       |-{solomonikMM-cud}(7705)
           |                       |-{solomonikMM-cud}(11614)
           |                       |-{solomonikMM-cud}(13671)
           |                       |-{solomonikMM-cud}(13673)
           |                       |-{solomonikMM-cud}(30770)
           |                       |-{solomonikMM-cud}(30786)
           |                       |-{solomonikMM-cud}(30791)
           |                       `-{solomonikMM-cud}(30806)
           |-{jsmd}(7310)
           |-{jsmd}(7324)
           |-{jsmd}(7329)
           |-{jsmd}(7330)
           |-{jsmd}(7331)
           |-{jsmd}(7332)
           |-{jsmd}(7333)
           |-{jsmd}(7334)
           |-{jsmd}(7335)
           |-{jsmd}(7336)
           |-{jsmd}(7337)
           |-{jsmd}(7338)
           |-{jsmd}(7339)
           |-{jsmd}(7340)
           |-{jsmd}(7341)
           |-{jsmd}(7342)
           |-{jsmd}(7343)
           |-{jsmd}(7344)
           |-{jsmd}(7345)
           `-{jsmd}(7346)

sshd(31927)---bash(31929)---pstree(32025)
