jsmd(116740)-+-solomonikMM-cud(116819)-+-{solomonikMM-cud}(116843)
             |                         |-{solomonikMM-cud}(116844)
             |                         |-{solomonikMM-cud}(116880)
             |                         |-{solomonikMM-cud}(116882)
             |                         |-{solomonikMM-cud}(116883)
             |                         |-{solomonikMM-cud}(116884)
             |                         |-{solomonikMM-cud}(116885)
             |                         |-{solomonikMM-cud}(117049)
             |                         |-{solomonikMM-cud}(117050)
             |                         |-{solomonikMM-cud}(117051)
             |                         |-{solomonikMM-cud}(117052)
             |                         |-{solomonikMM-cud}(117053)
             |                         |-{solomonikMM-cud}(117054)
             |                         |-{solomonikMM-cud}(117055)
             |                         |-{solomonikMM-cud}(117056)
             |                         |-{solomonikMM-cud}(117057)
             |                         |-{solomonikMM-cud}(117058)
             |                         |-{solomonikMM-cud}(117059)
             |                         |-{solomonikMM-cud}(117060)
             |                         |-{solomonikMM-cud}(117061)
             |                         |-{solomonikMM-cud}(117062)
             |                         |-{solomonikMM-cud}(117063)
             |                         |-{solomonikMM-cud}(117064)
             |                         |-{solomonikMM-cud}(117065)
             |                         |-{solomonikMM-cud}(117066)
             |                         |-{solomonikMM-cud}(117067)
             |                         |-{solomonikMM-cud}(117068)
             |                         |-{solomonikMM-cud}(117069)
             |                         |-{solomonikMM-cud}(117074)
             |                         |-{solomonikMM-cud}(117075)
             |                         |-{solomonikMM-cud}(117082)
             |                         |-{solomonikMM-cud}(123449)
             |                         |-{solomonikMM-cud}(123450)
             |                         |-{solomonikMM-cud}(123454)
             |                         |-{solomonikMM-cud}(123456)
             |                         |-{solomonikMM-cud}(124046)
             |                         |-{solomonikMM-cud}(124048)
             |                         |-{solomonikMM-cud}(124055)
             |                         `-{solomonikMM-cud}(124064)
             |-{jsmd}(116742)
             |-{jsmd}(116745)
             |-{jsmd}(116749)
             |-{jsmd}(116750)
             |-{jsmd}(116751)
             |-{jsmd}(116752)
             |-{jsmd}(116753)
             |-{jsmd}(116754)
             |-{jsmd}(116755)
             |-{jsmd}(116756)
             |-{jsmd}(116757)
             |-{jsmd}(116758)
             |-{jsmd}(116759)
             |-{jsmd}(116760)
             |-{jsmd}(116761)
             |-{jsmd}(116762)
             |-{jsmd}(116763)
             |-{jsmd}(116764)
             |-{jsmd}(116765)
             `-{jsmd}(116766)

sshd(141156)---bash(141175)---pstree(141178)
