jsmd(169980)-+-solomonikMM-cud(170128)-+-{solomonikMM-cud}(170144)
             |                         |-{solomonikMM-cud}(170145)
             |                         |-{solomonikMM-cud}(170189)
             |                         |-{solomonikMM-cud}(170191)
             |                         |-{solomonikMM-cud}(170192)
             |                         |-{solomonikMM-cud}(170193)
             |                         |-{solomonikMM-cud}(170194)
             |                         |-{solomonikMM-cud}(170337)
             |                         |-{solomonikMM-cud}(170338)
             |                         |-{solomonikMM-cud}(170339)
             |                         |-{solomonikMM-cud}(170340)
             |                         |-{solomonikMM-cud}(170341)
             |                         |-{solomonikMM-cud}(170342)
             |                         |-{solomonikMM-cud}(170343)
             |                         |-{solomonikMM-cud}(170344)
             |                         |-{solomonikMM-cud}(170345)
             |                         |-{solomonikMM-cud}(170346)
             |                         |-{solomonikMM-cud}(170347)
             |                         |-{solomonikMM-cud}(170348)
             |                         |-{solomonikMM-cud}(170349)
             |                         |-{solomonikMM-cud}(170350)
             |                         |-{solomonikMM-cud}(170351)
             |                         |-{solomonikMM-cud}(170352)
             |                         |-{solomonikMM-cud}(170353)
             |                         |-{solomonikMM-cud}(170354)
             |                         |-{solomonikMM-cud}(170355)
             |                         |-{solomonikMM-cud}(170356)
             |                         |-{solomonikMM-cud}(170357)
             |                         |-{solomonikMM-cud}(170362)
             |                         |-{solomonikMM-cud}(170363)
             |                         |-{solomonikMM-cud}(170364)
             |                         |-{solomonikMM-cud}(170370)
             |                         |-{solomonikMM-cud}(171381)
             |                         |-{solomonikMM-cud}(175822)
             |                         |-{solomonikMM-cud}(175829)
             |                         |-{solomonikMM-cud}(13336)
             |                         |-{solomonikMM-cud}(13344)
             |                         |-{solomonikMM-cud}(13355)
             |                         `-{solomonikMM-cud}(13356)
             |-{jsmd}(169984)
             |-{jsmd}(169996)
             |-{jsmd}(169997)
             |-{jsmd}(169998)
             |-{jsmd}(169999)
             |-{jsmd}(170000)
             |-{jsmd}(170001)
             |-{jsmd}(170002)
             |-{jsmd}(170003)
             |-{jsmd}(170004)
             |-{jsmd}(170005)
             |-{jsmd}(170006)
             |-{jsmd}(170007)
             |-{jsmd}(170008)
             |-{jsmd}(170009)
             |-{jsmd}(170010)
             |-{jsmd}(170011)
             |-{jsmd}(170012)
             |-{jsmd}(170013)
             `-{jsmd}(170014)

sshd(14397)---bash(14418)---pstree(14457)
