jsmd(162708)-+-solomonikMM-cud(162861)-+-{solomonikMM-cud}(162885)
             |                         |-{solomonikMM-cud}(162886)
             |                         |-{solomonikMM-cud}(162922)
             |                         |-{solomonikMM-cud}(162923)
             |                         |-{solomonikMM-cud}(162924)
             |                         |-{solomonikMM-cud}(162926)
             |                         |-{solomonikMM-cud}(162927)
             |                         |-{solomonikMM-cud}(163070)
             |                         |-{solomonikMM-cud}(163071)
             |                         |-{solomonikMM-cud}(163072)
             |                         |-{solomonikMM-cud}(163073)
             |                         |-{solomonikMM-cud}(163074)
             |                         |-{solomonikMM-cud}(163075)
             |                         |-{solomonikMM-cud}(163076)
             |                         |-{solomonikMM-cud}(163077)
             |                         |-{solomonikMM-cud}(163078)
             |                         |-{solomonikMM-cud}(163079)
             |                         |-{solomonikMM-cud}(163080)
             |                         |-{solomonikMM-cud}(163081)
             |                         |-{solomonikMM-cud}(163082)
             |                         |-{solomonikMM-cud}(163083)
             |                         |-{solomonikMM-cud}(163084)
             |                         |-{solomonikMM-cud}(163085)
             |                         |-{solomonikMM-cud}(163086)
             |                         |-{solomonikMM-cud}(163087)
             |                         |-{solomonikMM-cud}(163088)
             |                         |-{solomonikMM-cud}(163089)
             |                         |-{solomonikMM-cud}(163090)
             |                         |-{solomonikMM-cud}(163095)
             |                         |-{solomonikMM-cud}(163096)
             |                         |-{solomonikMM-cud}(163104)
             |                         |-{solomonikMM-cud}(169095)
             |                         |-{solomonikMM-cud}(169096)
             |                         |-{solomonikMM-cud}(169097)
             |                         |-{solomonikMM-cud}(169102)
             |                         |-{solomonikMM-cud}(169670)
             |                         |-{solomonikMM-cud}(169679)
             |                         |-{solomonikMM-cud}(169693)
             |                         `-{solomonikMM-cud}(169696)
             |-{jsmd}(162709)
             |-{jsmd}(162717)
             |-{jsmd}(162725)
             |-{jsmd}(162726)
             |-{jsmd}(162727)
             |-{jsmd}(162728)
             |-{jsmd}(162729)
             |-{jsmd}(162730)
             |-{jsmd}(162731)
             |-{jsmd}(162732)
             |-{jsmd}(162733)
             |-{jsmd}(162734)
             |-{jsmd}(162735)
             |-{jsmd}(162736)
             |-{jsmd}(162737)
             |-{jsmd}(162738)
             |-{jsmd}(162739)
             |-{jsmd}(162740)
             |-{jsmd}(162741)
             `-{jsmd}(162742)

sshd(7376)---bash(7395)---pstree(7638)
