jsmd(83139)-+-solomonikMM-cud(83275)-+-{solomonikMM-cud}(83288)
            |                        |-{solomonikMM-cud}(83289)
            |                        |-{solomonikMM-cud}(83336)
            |                        |-{solomonikMM-cud}(83337)
            |                        |-{solomonikMM-cud}(83338)
            |                        |-{solomonikMM-cud}(83340)
            |                        |-{solomonikMM-cud}(83341)
            |                        |-{solomonikMM-cud}(83494)
            |                        |-{solomonikMM-cud}(83495)
            |                        |-{solomonikMM-cud}(83496)
            |                        |-{solomonikMM-cud}(83497)
            |                        |-{solomonikMM-cud}(83498)
            |                        |-{solomonikMM-cud}(83499)
            |                        |-{solomonikMM-cud}(83500)
            |                        |-{solomonikMM-cud}(83501)
            |                        |-{solomonikMM-cud}(83502)
            |                        |-{solomonikMM-cud}(83503)
            |                        |-{solomonikMM-cud}(83504)
            |                        |-{solomonikMM-cud}(83505)
            |                        |-{solomonikMM-cud}(83506)
            |                        |-{solomonikMM-cud}(83507)
            |                        |-{solomonikMM-cud}(83508)
            |                        |-{solomonikMM-cud}(83509)
            |                        |-{solomonikMM-cud}(83510)
            |                        |-{solomonikMM-cud}(83511)
            |                        |-{solomonikMM-cud}(83512)
            |                        |-{solomonikMM-cud}(83513)
            |                        |-{solomonikMM-cud}(83514)
            |                        |-{solomonikMM-cud}(83519)
            |                        |-{solomonikMM-cud}(83520)
            |                        |-{solomonikMM-cud}(83527)
            |                        |-{solomonikMM-cud}(90458)
            |                        |-{solomonikMM-cud}(90460)
            |                        |-{solomonikMM-cud}(90462)
            |                        |-{solomonikMM-cud}(90463)
            |                        |-{solomonikMM-cud}(91161)
            |                        |-{solomonikMM-cud}(107286)
            |                        |-{solomonikMM-cud}(107299)
            |                        `-{solomonikMM-cud}(107300)
            |-{jsmd}(83149)
            |-{jsmd}(83150)
            |-{jsmd}(83152)
            |-{jsmd}(83153)
            |-{jsmd}(83154)
            |-{jsmd}(83155)
            |-{jsmd}(83156)
            |-{jsmd}(83157)
            |-{jsmd}(83158)
            |-{jsmd}(83159)
            |-{jsmd}(83160)
            |-{jsmd}(83161)
            |-{jsmd}(83162)
            |-{jsmd}(83163)
            |-{jsmd}(83164)
            |-{jsmd}(83165)
            |-{jsmd}(83166)
            |-{jsmd}(83167)
            |-{jsmd}(83168)
            `-{jsmd}(83169)

sshd(108368)---bash(108381)---pstree(108497)
