jsmd(125997)-+-solomonikMM-cud(126086)-+-{solomonikMM-cud}(126106)
             |                         |-{solomonikMM-cud}(126107)
             |                         |-{solomonikMM-cud}(126153)
             |                         |-{solomonikMM-cud}(126155)
             |                         |-{solomonikMM-cud}(126156)
             |                         |-{solomonikMM-cud}(126157)
             |                         |-{solomonikMM-cud}(126158)
             |                         |-{solomonikMM-cud}(126301)
             |                         |-{solomonikMM-cud}(126302)
             |                         |-{solomonikMM-cud}(126303)
             |                         |-{solomonikMM-cud}(126304)
             |                         |-{solomonikMM-cud}(126305)
             |                         |-{solomonikMM-cud}(126306)
             |                         |-{solomonikMM-cud}(126307)
             |                         |-{solomonikMM-cud}(126308)
             |                         |-{solomonikMM-cud}(126309)
             |                         |-{solomonikMM-cud}(126310)
             |                         |-{solomonikMM-cud}(126311)
             |                         |-{solomonikMM-cud}(126312)
             |                         |-{solomonikMM-cud}(126313)
             |                         |-{solomonikMM-cud}(126314)
             |                         |-{solomonikMM-cud}(126315)
             |                         |-{solomonikMM-cud}(126316)
             |                         |-{solomonikMM-cud}(126317)
             |                         |-{solomonikMM-cud}(126318)
             |                         |-{solomonikMM-cud}(126319)
             |                         |-{solomonikMM-cud}(126320)
             |                         |-{solomonikMM-cud}(126321)
             |                         |-{solomonikMM-cud}(126327)
             |                         |-{solomonikMM-cud}(126328)
             |                         |-{solomonikMM-cud}(126335)
             |                         |-{solomonikMM-cud}(132869)
             |                         |-{solomonikMM-cud}(132870)
             |                         |-{solomonikMM-cud}(132877)
             |                         |-{solomonikMM-cud}(132878)
             |                         |-{solomonikMM-cud}(133488)
             |                         |-{solomonikMM-cud}(133509)
             |                         |-{solomonikMM-cud}(133522)
             |                         `-{solomonikMM-cud}(133523)
             |-{jsmd}(125998)
             |-{jsmd}(126011)
             |-{jsmd}(126012)
             |-{jsmd}(126013)
             |-{jsmd}(126014)
             |-{jsmd}(126015)
             |-{jsmd}(126016)
             |-{jsmd}(126018)
             |-{jsmd}(126019)
             |-{jsmd}(126020)
             |-{jsmd}(126021)
             |-{jsmd}(126022)
             |-{jsmd}(126023)
             |-{jsmd}(126024)
             |-{jsmd}(126025)
             |-{jsmd}(126026)
             |-{jsmd}(126027)
             |-{jsmd}(126028)
             |-{jsmd}(126029)
             `-{jsmd}(126030)

sshd(150319)---bash(150439)---pstree(150482)
