jsmd(140861)-+-solomonikMM-cud(140992)-+-{solomonikMM-cud}(141007)
             |                         |-{solomonikMM-cud}(141008)
             |                         |-{solomonikMM-cud}(141056)
             |                         |-{solomonikMM-cud}(141057)
             |                         |-{solomonikMM-cud}(141058)
             |                         |-{solomonikMM-cud}(141059)
             |                         |-{solomonikMM-cud}(141060)
             |                         |-{solomonikMM-cud}(141337)
             |                         |-{solomonikMM-cud}(141338)
             |                         |-{solomonikMM-cud}(141339)
             |                         |-{solomonikMM-cud}(141340)
             |                         |-{solomonikMM-cud}(141341)
             |                         |-{solomonikMM-cud}(141342)
             |                         |-{solomonikMM-cud}(141343)
             |                         |-{solomonikMM-cud}(141344)
             |                         |-{solomonikMM-cud}(141345)
             |                         |-{solomonikMM-cud}(141346)
             |                         |-{solomonikMM-cud}(141347)
             |                         |-{solomonikMM-cud}(141348)
             |                         |-{solomonikMM-cud}(141349)
             |                         |-{solomonikMM-cud}(141350)
             |                         |-{solomonikMM-cud}(141351)
             |                         |-{solomonikMM-cud}(141352)
             |                         |-{solomonikMM-cud}(141353)
             |                         |-{solomonikMM-cud}(141354)
             |                         |-{solomonikMM-cud}(141355)
             |                         |-{solomonikMM-cud}(141356)
             |                         |-{solomonikMM-cud}(141357)
             |                         |-{solomonikMM-cud}(141363)
             |                         |-{solomonikMM-cud}(141364)
             |                         |-{solomonikMM-cud}(141371)
             |                         |-{solomonikMM-cud}(147380)
             |                         |-{solomonikMM-cud}(147381)
             |                         |-{solomonikMM-cud}(147382)
             |                         |-{solomonikMM-cud}(147383)
             |                         |-{solomonikMM-cud}(148139)
             |                         |-{solomonikMM-cud}(148151)
             |                         |-{solomonikMM-cud}(148156)
             |                         `-{solomonikMM-cud}(148158)
             |-{jsmd}(140862)
             |-{jsmd}(140873)
             |-{jsmd}(140874)
             |-{jsmd}(140875)
             |-{jsmd}(140876)
             |-{jsmd}(140877)
             |-{jsmd}(140878)
             |-{jsmd}(140879)
             |-{jsmd}(140880)
             |-{jsmd}(140881)
             |-{jsmd}(140882)
             |-{jsmd}(140883)
             |-{jsmd}(140884)
             |-{jsmd}(140885)
             |-{jsmd}(140886)
             |-{jsmd}(140887)
             |-{jsmd}(140888)
             |-{jsmd}(140889)
             |-{jsmd}(140890)
             `-{jsmd}(140891)

sshd(165294)---bash(165330)---pstree(165355)
