jsmd(147385)-+-solomonikMM-cud(147713)-+-{solomonikMM-cud}(147716)
             |                         |-{solomonikMM-cud}(147717)
             |                         |-{solomonikMM-cud}(147774)
             |                         |-{solomonikMM-cud}(147776)
             |                         |-{solomonikMM-cud}(147777)
             |                         |-{solomonikMM-cud}(147778)
             |                         |-{solomonikMM-cud}(147779)
             |                         |-{solomonikMM-cud}(148066)
             |                         |-{solomonikMM-cud}(148067)
             |                         |-{solomonikMM-cud}(148068)
             |                         |-{solomonikMM-cud}(148069)
             |                         |-{solomonikMM-cud}(148070)
             |                         |-{solomonikMM-cud}(148071)
             |                         |-{solomonikMM-cud}(148072)
             |                         |-{solomonikMM-cud}(148073)
             |                         |-{solomonikMM-cud}(148074)
             |                         |-{solomonikMM-cud}(148075)
             |                         |-{solomonikMM-cud}(148076)
             |                         |-{solomonikMM-cud}(148077)
             |                         |-{solomonikMM-cud}(148078)
             |                         |-{solomonikMM-cud}(148079)
             |                         |-{solomonikMM-cud}(148080)
             |                         |-{solomonikMM-cud}(148081)
             |                         |-{solomonikMM-cud}(148082)
             |                         |-{solomonikMM-cud}(148083)
             |                         |-{solomonikMM-cud}(148085)
             |                         |-{solomonikMM-cud}(148086)
             |                         |-{solomonikMM-cud}(148087)
             |                         |-{solomonikMM-cud}(148092)
             |                         |-{solomonikMM-cud}(148093)
             |                         |-{solomonikMM-cud}(148101)
             |                         |-{solomonikMM-cud}(157509)
             |                         |-{solomonikMM-cud}(157510)
             |                         |-{solomonikMM-cud}(157512)
             |                         |-{solomonikMM-cud}(157515)
             |                         |-{solomonikMM-cud}(158710)
             |                         |-{solomonikMM-cud}(170336)
             |                         |-{solomonikMM-cud}(174845)
             |                         `-{solomonikMM-cud}(174846)
             |-{jsmd}(147387)
             |-{jsmd}(147388)
             |-{jsmd}(147389)
             |-{jsmd}(147390)
             |-{jsmd}(147391)
             |-{jsmd}(147392)
             |-{jsmd}(147393)
             |-{jsmd}(147394)
             |-{jsmd}(147395)
             |-{jsmd}(147396)
             |-{jsmd}(147397)
             |-{jsmd}(147398)
             |-{jsmd}(147399)
             |-{jsmd}(147400)
             |-{jsmd}(147401)
             |-{jsmd}(147402)
             |-{jsmd}(147403)
             |-{jsmd}(147404)
             |-{jsmd}(147405)
             `-{jsmd}(147406)

sshd(147480)---bash(147481)---1674863928.4474(147659)---jsrun(147676)-+-{jsrun}(147702)
                                                                      `-{jsrun}(147703)

sshd(175919)---bash(176111)---pstree(176131)
