jsmd(4927)-+-solomonikMM-cud(5005)-+-{solomonikMM-cud}(5019)
           |                       |-{solomonikMM-cud}(5023)
           |                       |-{solomonikMM-cud}(5067)
           |                       |-{solomonikMM-cud}(5069)
           |                       |-{solomonikMM-cud}(5070)
           |                       |-{solomonikMM-cud}(5071)
           |                       |-{solomonikMM-cud}(5072)
           |                       |-{solomonikMM-cud}(5225)
           |                       |-{solomonikMM-cud}(5226)
           |                       |-{solomonikMM-cud}(5227)
           |                       |-{solomonikMM-cud}(5228)
           |                       |-{solomonikMM-cud}(5229)
           |                       |-{solomonikMM-cud}(5230)
           |                       |-{solomonikMM-cud}(5231)
           |                       |-{solomonikMM-cud}(5232)
           |                       |-{solomonikMM-cud}(5233)
           |                       |-{solomonikMM-cud}(5234)
           |                       |-{solomonikMM-cud}(5235)
           |                       |-{solomonikMM-cud}(5236)
           |                       |-{solomonikMM-cud}(5237)
           |                       |-{solomonikMM-cud}(5238)
           |                       |-{solomonikMM-cud}(5239)
           |                       |-{solomonikMM-cud}(5240)
           |                       |-{solomonikMM-cud}(5241)
           |                       |-{solomonikMM-cud}(5242)
           |                       |-{solomonikMM-cud}(5243)
           |                       |-{solomonikMM-cud}(5244)
           |                       |-{solomonikMM-cud}(5245)
           |                       |-{solomonikMM-cud}(5250)
           |                       |-{solomonikMM-cud}(5251)
           |                       |-{solomonikMM-cud}(5258)
           |                       |-{solomonikMM-cud}(12122)
           |                       |-{solomonikMM-cud}(12123)
           |                       |-{solomonikMM-cud}(12124)
           |                       |-{solomonikMM-cud}(12125)
           |                       |-{solomonikMM-cud}(12932)
           |                       |-{solomonikMM-cud}(12935)
           |                       |-{solomonikMM-cud}(12941)
           |                       `-{solomonikMM-cud}(12947)
           |-{jsmd}(4932)
           |-{jsmd}(4942)
           |-{jsmd}(4943)
           |-{jsmd}(4944)
           |-{jsmd}(4945)
           |-{jsmd}(4946)
           |-{jsmd}(4947)
           |-{jsmd}(4948)
           |-{jsmd}(4949)
           |-{jsmd}(4950)
           |-{jsmd}(4951)
           |-{jsmd}(4952)
           |-{jsmd}(4953)
           |-{jsmd}(4954)
           |-{jsmd}(4955)
           |-{jsmd}(4956)
           |-{jsmd}(4957)
           |-{jsmd}(4958)
           |-{jsmd}(4959)
           `-{jsmd}(4960)

sshd(29817)---bash(29853)---pstree(29856)
