jsmd(111613)-+-solomonikMM-cud(111740)-+-{solomonikMM-cud}(111754)
             |                         |-{solomonikMM-cud}(111755)
             |                         |-{solomonikMM-cud}(111801)
             |                         |-{solomonikMM-cud}(111802)
             |                         |-{solomonikMM-cud}(111803)
             |                         |-{solomonikMM-cud}(111804)
             |                         |-{solomonikMM-cud}(111805)
             |                         |-{solomonikMM-cud}(111963)
             |                         |-{solomonikMM-cud}(111964)
             |                         |-{solomonikMM-cud}(111965)
             |                         |-{solomonikMM-cud}(111966)
             |                         |-{solomonikMM-cud}(111967)
             |                         |-{solomonikMM-cud}(111968)
             |                         |-{solomonikMM-cud}(111969)
             |                         |-{solomonikMM-cud}(111970)
             |                         |-{solomonikMM-cud}(111971)
             |                         |-{solomonikMM-cud}(111972)
             |                         |-{solomonikMM-cud}(111973)
             |                         |-{solomonikMM-cud}(111974)
             |                         |-{solomonikMM-cud}(111975)
             |                         |-{solomonikMM-cud}(111976)
             |                         |-{solomonikMM-cud}(111977)
             |                         |-{solomonikMM-cud}(111978)
             |                         |-{solomonikMM-cud}(111979)
             |                         |-{solomonikMM-cud}(111980)
             |                         |-{solomonikMM-cud}(111981)
             |                         |-{solomonikMM-cud}(111982)
             |                         |-{solomonikMM-cud}(111983)
             |                         |-{solomonikMM-cud}(111988)
             |                         |-{solomonikMM-cud}(111989)
             |                         |-{solomonikMM-cud}(111996)
             |                         |-{solomonikMM-cud}(118010)
             |                         |-{solomonikMM-cud}(118011)
             |                         |-{solomonikMM-cud}(118013)
             |                         |-{solomonikMM-cud}(118015)
             |                         |-{solomonikMM-cud}(118589)
             |                         |-{solomonikMM-cud}(118609)
             |                         |-{solomonikMM-cud}(118621)
             |                         `-{solomonikMM-cud}(118664)
             |-{jsmd}(111615)
             |-{jsmd}(111618)
             |-{jsmd}(111619)
             |-{jsmd}(111620)
             |-{jsmd}(111621)
             |-{jsmd}(111622)
             |-{jsmd}(111623)
             |-{jsmd}(111624)
             |-{jsmd}(111625)
             |-{jsmd}(111626)
             |-{jsmd}(111627)
             |-{jsmd}(111628)
             |-{jsmd}(111629)
             |-{jsmd}(111630)
             |-{jsmd}(111631)
             |-{jsmd}(111632)
             |-{jsmd}(111633)
             |-{jsmd}(111634)
             |-{jsmd}(111635)
             `-{jsmd}(111636)

sshd(135517)---bash(135520)---pstree(135523)
