jsmd(71689)-+-solomonikMM-cud(71811)-+-{solomonikMM-cud}(71814)
            |                        |-{solomonikMM-cud}(71818)
            |                        |-{solomonikMM-cud}(71872)
            |                        |-{solomonikMM-cud}(71874)
            |                        |-{solomonikMM-cud}(71875)
            |                        |-{solomonikMM-cud}(71876)
            |                        |-{solomonikMM-cud}(71877)
            |                        |-{solomonikMM-cud}(72028)
            |                        |-{solomonikMM-cud}(72029)
            |                        |-{solomonikMM-cud}(72030)
            |                        |-{solomonikMM-cud}(72031)
            |                        |-{solomonikMM-cud}(72032)
            |                        |-{solomonikMM-cud}(72033)
            |                        |-{solomonikMM-cud}(72034)
            |                        |-{solomonikMM-cud}(72035)
            |                        |-{solomonikMM-cud}(72036)
            |                        |-{solomonikMM-cud}(72037)
            |                        |-{solomonikMM-cud}(72038)
            |                        |-{solomonikMM-cud}(72039)
            |                        |-{solomonikMM-cud}(72040)
            |                        |-{solomonikMM-cud}(72041)
            |                        |-{solomonikMM-cud}(72042)
            |                        |-{solomonikMM-cud}(72043)
            |                        |-{solomonikMM-cud}(72044)
            |                        |-{solomonikMM-cud}(72045)
            |                        |-{solomonikMM-cud}(72046)
            |                        |-{solomonikMM-cud}(72047)
            |                        |-{solomonikMM-cud}(72048)
            |                        |-{solomonikMM-cud}(72055)
            |                        |-{solomonikMM-cud}(72056)
            |                        |-{solomonikMM-cud}(72058)
            |                        |-{solomonikMM-cud}(72060)
            |                        |-{solomonikMM-cud}(72063)
            |                        |-{solomonikMM-cud}(79733)
            |                        |-{solomonikMM-cud}(79736)
            |                        |-{solomonikMM-cud}(91343)
            |                        |-{solomonikMM-cud}(96685)
            |                        |-{solomonikMM-cud}(96697)
            |                        `-{solomonikMM-cud}(96698)
            |-{jsmd}(71690)
            |-{jsmd}(71691)
            |-{jsmd}(71692)
            |-{jsmd}(71693)
            |-{jsmd}(71694)
            |-{jsmd}(71695)
            |-{jsmd}(71696)
            |-{jsmd}(71697)
            |-{jsmd}(71698)
            |-{jsmd}(71699)
            |-{jsmd}(71700)
            |-{jsmd}(71701)
            |-{jsmd}(71702)
            |-{jsmd}(71703)
            |-{jsmd}(71704)
            |-{jsmd}(71705)
            |-{jsmd}(71706)
            |-{jsmd}(71707)
            |-{jsmd}(71708)
            `-{jsmd}(71709)

sshd(97377)---bash(97454)---pstree(97630)
