jsmd(67122)-+-solomonikMM-cud(67259)-+-{solomonikMM-cud}(67272)
            |                        |-{solomonikMM-cud}(67276)
            |                        |-{solomonikMM-cud}(67320)
            |                        |-{solomonikMM-cud}(67322)
            |                        |-{solomonikMM-cud}(67323)
            |                        |-{solomonikMM-cud}(67324)
            |                        |-{solomonikMM-cud}(67325)
            |                        |-{solomonikMM-cud}(67469)
            |                        |-{solomonikMM-cud}(67470)
            |                        |-{solomonikMM-cud}(67471)
            |                        |-{solomonikMM-cud}(67472)
            |                        |-{solomonikMM-cud}(67473)
            |                        |-{solomonikMM-cud}(67474)
            |                        |-{solomonikMM-cud}(67475)
            |                        |-{solomonikMM-cud}(67476)
            |                        |-{solomonikMM-cud}(67477)
            |                        |-{solomonikMM-cud}(67478)
            |                        |-{solomonikMM-cud}(67479)
            |                        |-{solomonikMM-cud}(67480)
            |                        |-{solomonikMM-cud}(67481)
            |                        |-{solomonikMM-cud}(67482)
            |                        |-{solomonikMM-cud}(67483)
            |                        |-{solomonikMM-cud}(67484)
            |                        |-{solomonikMM-cud}(67485)
            |                        |-{solomonikMM-cud}(67486)
            |                        |-{solomonikMM-cud}(67487)
            |                        |-{solomonikMM-cud}(67488)
            |                        |-{solomonikMM-cud}(67489)
            |                        |-{solomonikMM-cud}(67494)
            |                        |-{solomonikMM-cud}(67495)
            |                        |-{solomonikMM-cud}(67502)
            |                        |-{solomonikMM-cud}(74618)
            |                        |-{solomonikMM-cud}(74619)
            |                        |-{solomonikMM-cud}(74621)
            |                        |-{solomonikMM-cud}(74630)
            |                        |-{solomonikMM-cud}(75359)
            |                        |-{solomonikMM-cud}(75362)
            |                        |-{solomonikMM-cud}(75402)
            |                        `-{solomonikMM-cud}(75403)
            |-{jsmd}(67123)
            |-{jsmd}(67129)
            |-{jsmd}(67130)
            |-{jsmd}(67131)
            |-{jsmd}(67132)
            |-{jsmd}(67133)
            |-{jsmd}(67134)
            |-{jsmd}(67135)
            |-{jsmd}(67136)
            |-{jsmd}(67137)
            |-{jsmd}(67138)
            |-{jsmd}(67139)
            |-{jsmd}(67140)
            |-{jsmd}(67141)
            |-{jsmd}(67142)
            |-{jsmd}(67143)
            |-{jsmd}(67144)
            |-{jsmd}(67145)
            |-{jsmd}(67146)
            `-{jsmd}(67147)

sshd(92149)---bash(92287)---pstree(92312)
