jsmd(157081)-+-solomonikMM-cud(157220)-+-{solomonikMM-cud}(157243)
             |                         |-{solomonikMM-cud}(157247)
             |                         |-{solomonikMM-cud}(157282)
             |                         |-{solomonikMM-cud}(157284)
             |                         |-{solomonikMM-cud}(157285)
             |                         |-{solomonikMM-cud}(157286)
             |                         |-{solomonikMM-cud}(157287)
             |                         |-{solomonikMM-cud}(157441)
             |                         |-{solomonikMM-cud}(157442)
             |                         |-{solomonikMM-cud}(157443)
             |                         |-{solomonikMM-cud}(157444)
             |                         |-{solomonikMM-cud}(157445)
             |                         |-{solomonikMM-cud}(157446)
             |                         |-{solomonikMM-cud}(157447)
             |                         |-{solomonikMM-cud}(157448)
             |                         |-{solomonikMM-cud}(157449)
             |                         |-{solomonikMM-cud}(157450)
             |                         |-{solomonikMM-cud}(157451)
             |                         |-{solomonikMM-cud}(157452)
             |                         |-{solomonikMM-cud}(157453)
             |                         |-{solomonikMM-cud}(157454)
             |                         |-{solomonikMM-cud}(157455)
             |                         |-{solomonikMM-cud}(157456)
             |                         |-{solomonikMM-cud}(157457)
             |                         |-{solomonikMM-cud}(157458)
             |                         |-{solomonikMM-cud}(157459)
             |                         |-{solomonikMM-cud}(157460)
             |                         |-{solomonikMM-cud}(157461)
             |                         |-{solomonikMM-cud}(157466)
             |                         |-{solomonikMM-cud}(157467)
             |                         |-{solomonikMM-cud}(157475)
             |                         |-{solomonikMM-cud}(163890)
             |                         |-{solomonikMM-cud}(163891)
             |                         |-{solomonikMM-cud}(163892)
             |                         |-{solomonikMM-cud}(163896)
             |                         |-{solomonikMM-cud}(164513)
             |                         |-{solomonikMM-cud}(164558)
             |                         |-{solomonikMM-cud}(164563)
             |                         `-{solomonikMM-cud}(164564)
             |-{jsmd}(157082)
             |-{jsmd}(157096)
             |-{jsmd}(157098)
             |-{jsmd}(157099)
             |-{jsmd}(157100)
             |-{jsmd}(157101)
             |-{jsmd}(157102)
             |-{jsmd}(157103)
             |-{jsmd}(157104)
             |-{jsmd}(157105)
             |-{jsmd}(157106)
             |-{jsmd}(157107)
             |-{jsmd}(157108)
             |-{jsmd}(157109)
             |-{jsmd}(157110)
             |-{jsmd}(157111)
             |-{jsmd}(157112)
             |-{jsmd}(157113)
             |-{jsmd}(157114)
             `-{jsmd}(157115)

sshd(2163)---bash(2256)---pstree(2327)
