jsmd(120806)-+-solomonikMM-cud(120953)-+-{solomonikMM-cud}(120968)
             |                         |-{solomonikMM-cud}(120970)
             |                         |-{solomonikMM-cud}(121014)
             |                         |-{solomonikMM-cud}(121015)
             |                         |-{solomonikMM-cud}(121016)
             |                         |-{solomonikMM-cud}(121017)
             |                         |-{solomonikMM-cud}(121019)
             |                         |-{solomonikMM-cud}(121164)
             |                         |-{solomonikMM-cud}(121165)
             |                         |-{solomonikMM-cud}(121166)
             |                         |-{solomonikMM-cud}(121167)
             |                         |-{solomonikMM-cud}(121168)
             |                         |-{solomonikMM-cud}(121169)
             |                         |-{solomonikMM-cud}(121170)
             |                         |-{solomonikMM-cud}(121171)
             |                         |-{solomonikMM-cud}(121172)
             |                         |-{solomonikMM-cud}(121173)
             |                         |-{solomonikMM-cud}(121174)
             |                         |-{solomonikMM-cud}(121175)
             |                         |-{solomonikMM-cud}(121176)
             |                         |-{solomonikMM-cud}(121177)
             |                         |-{solomonikMM-cud}(121178)
             |                         |-{solomonikMM-cud}(121179)
             |                         |-{solomonikMM-cud}(121180)
             |                         |-{solomonikMM-cud}(121181)
             |                         |-{solomonikMM-cud}(121182)
             |                         |-{solomonikMM-cud}(121183)
             |                         |-{solomonikMM-cud}(121184)
             |                         |-{solomonikMM-cud}(121189)
             |                         |-{solomonikMM-cud}(121190)
             |                         |-{solomonikMM-cud}(121191)
             |                         |-{solomonikMM-cud}(121193)
             |                         |-{solomonikMM-cud}(121197)
             |                         |-{solomonikMM-cud}(127840)
             |                         |-{solomonikMM-cud}(127846)
             |                         |-{solomonikMM-cud}(128204)
             |                         |-{solomonikMM-cud}(128221)
             |                         |-{solomonikMM-cud}(128227)
             |                         |-{solomonikMM-cud}(128252)
             |                         |-{solomonikMM-cud}(145033)
             |                         |-{solomonikMM-cud}(145034)
             |                         |-{solomonikMM-cud}(145043)
             |                         `-{solomonikMM-cud}(145044)
             |-{jsmd}(120807)
             |-{jsmd}(120817)
             |-{jsmd}(120825)
             |-{jsmd}(120826)
             |-{jsmd}(120827)
             |-{jsmd}(120828)
             |-{jsmd}(120829)
             |-{jsmd}(120830)
             |-{jsmd}(120831)
             |-{jsmd}(120832)
             |-{jsmd}(120833)
             |-{jsmd}(120834)
             |-{jsmd}(120835)
             |-{jsmd}(120836)
             |-{jsmd}(120837)
             |-{jsmd}(120838)
             |-{jsmd}(120839)
             |-{jsmd}(120840)
             |-{jsmd}(120841)
             `-{jsmd}(120842)

sshd(146199)---bash(146200)---pstree(146203)
