jsmd(33033)-+-solomonikMM-cud(33304)-+-{solomonikMM-cud}(33317)
            |                        |-{solomonikMM-cud}(33319)
            |                        |-{solomonikMM-cud}(33363)
            |                        |-{solomonikMM-cud}(33364)
            |                        |-{solomonikMM-cud}(33366)
            |                        |-{solomonikMM-cud}(33367)
            |                        |-{solomonikMM-cud}(33368)
            |                        |-{solomonikMM-cud}(33521)
            |                        |-{solomonikMM-cud}(33522)
            |                        |-{solomonikMM-cud}(33523)
            |                        |-{solomonikMM-cud}(33524)
            |                        |-{solomonikMM-cud}(33525)
            |                        |-{solomonikMM-cud}(33526)
            |                        |-{solomonikMM-cud}(33527)
            |                        |-{solomonikMM-cud}(33528)
            |                        |-{solomonikMM-cud}(33529)
            |                        |-{solomonikMM-cud}(33530)
            |                        |-{solomonikMM-cud}(33531)
            |                        |-{solomonikMM-cud}(33532)
            |                        |-{solomonikMM-cud}(33533)
            |                        |-{solomonikMM-cud}(33534)
            |                        |-{solomonikMM-cud}(33535)
            |                        |-{solomonikMM-cud}(33536)
            |                        |-{solomonikMM-cud}(33537)
            |                        |-{solomonikMM-cud}(33538)
            |                        |-{solomonikMM-cud}(33539)
            |                        |-{solomonikMM-cud}(33540)
            |                        |-{solomonikMM-cud}(33541)
            |                        |-{solomonikMM-cud}(33548)
            |                        |-{solomonikMM-cud}(33549)
            |                        |-{solomonikMM-cud}(33556)
            |                        |-{solomonikMM-cud}(40160)
            |                        |-{solomonikMM-cud}(40162)
            |                        |-{solomonikMM-cud}(40165)
            |                        |-{solomonikMM-cud}(40168)
            |                        |-{solomonikMM-cud}(40936)
            |                        |-{solomonikMM-cud}(40946)
            |                        |-{solomonikMM-cud}(51658)
            |                        `-{solomonikMM-cud}(51659)
            |-{jsmd}(33034)
            |-{jsmd}(33044)
            |-{jsmd}(33045)
            |-{jsmd}(33046)
            |-{jsmd}(33047)
            |-{jsmd}(33048)
            |-{jsmd}(33049)
            |-{jsmd}(33050)
            |-{jsmd}(33051)
            |-{jsmd}(33052)
            |-{jsmd}(33053)
            |-{jsmd}(33054)
            |-{jsmd}(33055)
            |-{jsmd}(33056)
            |-{jsmd}(33057)
            |-{jsmd}(33058)
            |-{jsmd}(33059)
            |-{jsmd}(33060)
            |-{jsmd}(33061)
            `-{jsmd}(33062)

sshd(57680)---bash(57818)---pstree(57821)
