jsmd(73365)-+-solomonikMM-cud(73501)-+-{solomonikMM-cud}(73514)
            |                        |-{solomonikMM-cud}(73515)
            |                        |-{solomonikMM-cud}(73561)
            |                        |-{solomonikMM-cud}(73563)
            |                        |-{solomonikMM-cud}(73564)
            |                        |-{solomonikMM-cud}(73566)
            |                        |-{solomonikMM-cud}(73570)
            |                        |-{solomonikMM-cud}(73721)
            |                        |-{solomonikMM-cud}(73722)
            |                        |-{solomonikMM-cud}(73723)
            |                        |-{solomonikMM-cud}(73724)
            |                        |-{solomonikMM-cud}(73725)
            |                        |-{solomonikMM-cud}(73726)
            |                        |-{solomonikMM-cud}(73727)
            |                        |-{solomonikMM-cud}(73728)
            |                        |-{solomonikMM-cud}(73729)
            |                        |-{solomonikMM-cud}(73730)
            |                        |-{solomonikMM-cud}(73731)
            |                        |-{solomonikMM-cud}(73732)
            |                        |-{solomonikMM-cud}(73733)
            |                        |-{solomonikMM-cud}(73734)
            |                        |-{solomonikMM-cud}(73735)
            |                        |-{solomonikMM-cud}(73736)
            |                        |-{solomonikMM-cud}(73737)
            |                        |-{solomonikMM-cud}(73738)
            |                        |-{solomonikMM-cud}(73739)
            |                        |-{solomonikMM-cud}(73740)
            |                        |-{solomonikMM-cud}(73741)
            |                        |-{solomonikMM-cud}(73746)
            |                        |-{solomonikMM-cud}(73747)
            |                        |-{solomonikMM-cud}(73754)
            |                        |-{solomonikMM-cud}(80442)
            |                        |-{solomonikMM-cud}(80443)
            |                        |-{solomonikMM-cud}(80444)
            |                        |-{solomonikMM-cud}(80449)
            |                        |-{solomonikMM-cud}(81082)
            |                        |-{solomonikMM-cud}(81083)
            |                        |-{solomonikMM-cud}(81087)
            |                        `-{solomonikMM-cud}(81100)
            |-{jsmd}(73366)
            |-{jsmd}(73380)
            |-{jsmd}(73381)
            |-{jsmd}(73382)
            |-{jsmd}(73383)
            |-{jsmd}(73384)
            |-{jsmd}(73385)
            |-{jsmd}(73386)
            |-{jsmd}(73387)
            |-{jsmd}(73388)
            |-{jsmd}(73389)
            |-{jsmd}(73390)
            |-{jsmd}(73391)
            |-{jsmd}(73392)
            |-{jsmd}(73393)
            |-{jsmd}(73394)
            |-{jsmd}(73395)
            |-{jsmd}(73396)
            |-{jsmd}(73397)
            `-{jsmd}(73398)

sshd(98294)---bash(98342)---pstree(98541)
