jsmd(30316)-+-solomonikMM-cud(30391)-+-{solomonikMM-cud}(30426)
            |                        |-{solomonikMM-cud}(30427)
            |                        |-{solomonikMM-cud}(30463)
            |                        |-{solomonikMM-cud}(30464)
            |                        |-{solomonikMM-cud}(30465)
            |                        |-{solomonikMM-cud}(30466)
            |                        |-{solomonikMM-cud}(30467)
            |                        |-{solomonikMM-cud}(30610)
            |                        |-{solomonikMM-cud}(30611)
            |                        |-{solomonikMM-cud}(30612)
            |                        |-{solomonikMM-cud}(30613)
            |                        |-{solomonikMM-cud}(30614)
            |                        |-{solomonikMM-cud}(30615)
            |                        |-{solomonikMM-cud}(30616)
            |                        |-{solomonikMM-cud}(30617)
            |                        |-{solomonikMM-cud}(30618)
            |                        |-{solomonikMM-cud}(30619)
            |                        |-{solomonikMM-cud}(30620)
            |                        |-{solomonikMM-cud}(30621)
            |                        |-{solomonikMM-cud}(30622)
            |                        |-{solomonikMM-cud}(30623)
            |                        |-{solomonikMM-cud}(30624)
            |                        |-{solomonikMM-cud}(30625)
            |                        |-{solomonikMM-cud}(30626)
            |                        |-{solomonikMM-cud}(30627)
            |                        |-{solomonikMM-cud}(30628)
            |                        |-{solomonikMM-cud}(30629)
            |                        |-{solomonikMM-cud}(30630)
            |                        |-{solomonikMM-cud}(30637)
            |                        |-{solomonikMM-cud}(30638)
            |                        |-{solomonikMM-cud}(30645)
            |                        |-{solomonikMM-cud}(37696)
            |                        |-{solomonikMM-cud}(37698)
            |                        |-{solomonikMM-cud}(37700)
            |                        |-{solomonikMM-cud}(37702)
            |                        |-{solomonikMM-cud}(55365)
            |                        |-{solomonikMM-cud}(55366)
            |                        |-{solomonikMM-cud}(55368)
            |                        `-{solomonikMM-cud}(55381)
            |-{jsmd}(30317)
            |-{jsmd}(30318)
            |-{jsmd}(30322)
            |-{jsmd}(30323)
            |-{jsmd}(30324)
            |-{jsmd}(30325)
            |-{jsmd}(30326)
            |-{jsmd}(30327)
            |-{jsmd}(30328)
            |-{jsmd}(30329)
            |-{jsmd}(30330)
            |-{jsmd}(30331)
            |-{jsmd}(30332)
            |-{jsmd}(30333)
            |-{jsmd}(30334)
            |-{jsmd}(30335)
            |-{jsmd}(30336)
            |-{jsmd}(30337)
            |-{jsmd}(30338)
            `-{jsmd}(30339)

sshd(55567)---bash(55568)---pstree(55593)
