jsmd(46344)-+-solomonikMM-cud(46468)-+-{solomonikMM-cud}(46492)
            |                        |-{solomonikMM-cud}(46493)
            |                        |-{solomonikMM-cud}(46528)
            |                        |-{solomonikMM-cud}(46532)
            |                        |-{solomonikMM-cud}(46533)
            |                        |-{solomonikMM-cud}(46535)
            |                        |-{solomonikMM-cud}(46536)
            |                        |-{solomonikMM-cud}(46693)
            |                        |-{solomonikMM-cud}(46694)
            |                        |-{solomonikMM-cud}(46695)
            |                        |-{solomonikMM-cud}(46696)
            |                        |-{solomonikMM-cud}(46697)
            |                        |-{solomonikMM-cud}(46698)
            |                        |-{solomonikMM-cud}(46699)
            |                        |-{solomonikMM-cud}(46700)
            |                        |-{solomonikMM-cud}(46701)
            |                        |-{solomonikMM-cud}(46702)
            |                        |-{solomonikMM-cud}(46703)
            |                        |-{solomonikMM-cud}(46704)
            |                        |-{solomonikMM-cud}(46705)
            |                        |-{solomonikMM-cud}(46706)
            |                        |-{solomonikMM-cud}(46707)
            |                        |-{solomonikMM-cud}(46708)
            |                        |-{solomonikMM-cud}(46709)
            |                        |-{solomonikMM-cud}(46710)
            |                        |-{solomonikMM-cud}(46711)
            |                        |-{solomonikMM-cud}(46712)
            |                        |-{solomonikMM-cud}(46713)
            |                        |-{solomonikMM-cud}(46718)
            |                        |-{solomonikMM-cud}(46719)
            |                        |-{solomonikMM-cud}(46727)
            |                        |-{solomonikMM-cud}(52886)
            |                        |-{solomonikMM-cud}(52887)
            |                        |-{solomonikMM-cud}(52888)
            |                        |-{solomonikMM-cud}(52889)
            |                        |-{solomonikMM-cud}(53475)
            |                        |-{solomonikMM-cud}(53507)
            |                        |-{solomonikMM-cud}(53517)
            |                        `-{solomonikMM-cud}(53518)
            |-{jsmd}(46345)
            |-{jsmd}(46351)
            |-{jsmd}(46352)
            |-{jsmd}(46353)
            |-{jsmd}(46354)
            |-{jsmd}(46355)
            |-{jsmd}(46356)
            |-{jsmd}(46357)
            |-{jsmd}(46358)
            |-{jsmd}(46359)
            |-{jsmd}(46360)
            |-{jsmd}(46361)
            |-{jsmd}(46362)
            |-{jsmd}(46363)
            |-{jsmd}(46364)
            |-{jsmd}(46365)
            |-{jsmd}(46366)
            |-{jsmd}(46367)
            |-{jsmd}(46368)
            `-{jsmd}(46369)

sshd(70536)---bash(70576)---pstree(70579)
