jsmd(35295)-+-solomonikMM-cud(35373)-+-{solomonikMM-cud}(35389)
            |                        |-{solomonikMM-cud}(35394)
            |                        |-{solomonikMM-cud}(35436)
            |                        |-{solomonikMM-cud}(35438)
            |                        |-{solomonikMM-cud}(35439)
            |                        |-{solomonikMM-cud}(35441)
            |                        |-{solomonikMM-cud}(35442)
            |                        |-{solomonikMM-cud}(35585)
            |                        |-{solomonikMM-cud}(35586)
            |                        |-{solomonikMM-cud}(35587)
            |                        |-{solomonikMM-cud}(35588)
            |                        |-{solomonikMM-cud}(35590)
            |                        |-{solomonikMM-cud}(35591)
            |                        |-{solomonikMM-cud}(35592)
            |                        |-{solomonikMM-cud}(35593)
            |                        |-{solomonikMM-cud}(35594)
            |                        |-{solomonikMM-cud}(35595)
            |                        |-{solomonikMM-cud}(35596)
            |                        |-{solomonikMM-cud}(35597)
            |                        |-{solomonikMM-cud}(35598)
            |                        |-{solomonikMM-cud}(35599)
            |                        |-{solomonikMM-cud}(35600)
            |                        |-{solomonikMM-cud}(35601)
            |                        |-{solomonikMM-cud}(35602)
            |                        |-{solomonikMM-cud}(35604)
            |                        |-{solomonikMM-cud}(35605)
            |                        |-{solomonikMM-cud}(35606)
            |                        |-{solomonikMM-cud}(35607)
            |                        |-{solomonikMM-cud}(35612)
            |                        |-{solomonikMM-cud}(35613)
            |                        |-{solomonikMM-cud}(35624)
            |                        |-{solomonikMM-cud}(42435)
            |                        |-{solomonikMM-cud}(42436)
            |                        |-{solomonikMM-cud}(42437)
            |                        |-{solomonikMM-cud}(42438)
            |                        |-{solomonikMM-cud}(43020)
            |                        |-{solomonikMM-cud}(43033)
            |                        |-{solomonikMM-cud}(43047)
            |                        `-{solomonikMM-cud}(43064)
            |-{jsmd}(35296)
            |-{jsmd}(35302)
            |-{jsmd}(35304)
            |-{jsmd}(35305)
            |-{jsmd}(35306)
            |-{jsmd}(35307)
            |-{jsmd}(35308)
            |-{jsmd}(35309)
            |-{jsmd}(35310)
            |-{jsmd}(35311)
            |-{jsmd}(35312)
            |-{jsmd}(35313)
            |-{jsmd}(35314)
            |-{jsmd}(35315)
            |-{jsmd}(35316)
            |-{jsmd}(35317)
            |-{jsmd}(35318)
            |-{jsmd}(35319)
            |-{jsmd}(35320)
            `-{jsmd}(35321)

sshd(59764)---bash(59787)---pstree(59790)
