jsmd(12891)-+-solomonikMM-cud(12956)-+-{solomonikMM-cud}(12971)
            |                        |-{solomonikMM-cud}(12973)
            |                        |-{solomonikMM-cud}(13017)
            |                        |-{solomonikMM-cud}(13020)
            |                        |-{solomonikMM-cud}(13021)
            |                        |-{solomonikMM-cud}(13022)
            |                        |-{solomonikMM-cud}(13023)
            |                        |-{solomonikMM-cud}(13177)
            |                        |-{solomonikMM-cud}(13178)
            |                        |-{solomonikMM-cud}(13179)
            |                        |-{solomonikMM-cud}(13180)
            |                        |-{solomonikMM-cud}(13181)
            |                        |-{solomonikMM-cud}(13182)
            |                        |-{solomonikMM-cud}(13183)
            |                        |-{solomonikMM-cud}(13184)
            |                        |-{solomonikMM-cud}(13185)
            |                        |-{solomonikMM-cud}(13186)
            |                        |-{solomonikMM-cud}(13187)
            |                        |-{solomonikMM-cud}(13188)
            |                        |-{solomonikMM-cud}(13189)
            |                        |-{solomonikMM-cud}(13190)
            |                        |-{solomonikMM-cud}(13191)
            |                        |-{solomonikMM-cud}(13192)
            |                        |-{solomonikMM-cud}(13193)
            |                        |-{solomonikMM-cud}(13194)
            |                        |-{solomonikMM-cud}(13195)
            |                        |-{solomonikMM-cud}(13196)
            |                        |-{solomonikMM-cud}(13197)
            |                        |-{solomonikMM-cud}(13203)
            |                        |-{solomonikMM-cud}(13204)
            |                        |-{solomonikMM-cud}(13206)
            |                        |-{solomonikMM-cud}(13208)
            |                        |-{solomonikMM-cud}(13213)
            |                        |-{solomonikMM-cud}(19834)
            |                        |-{solomonikMM-cud}(19835)
            |                        |-{solomonikMM-cud}(20484)
            |                        |-{solomonikMM-cud}(20547)
            |                        |-{solomonikMM-cud}(20549)
            |                        `-{solomonikMM-cud}(20567)
            |-{jsmd}(12892)
            |-{jsmd}(12893)
            |-{jsmd}(12894)
            |-{jsmd}(12895)
            |-{jsmd}(12896)
            |-{jsmd}(12897)
            |-{jsmd}(12898)
            |-{jsmd}(12899)
            |-{jsmd}(12900)
            |-{jsmd}(12901)
            |-{jsmd}(12902)
            |-{jsmd}(12903)
            |-{jsmd}(12904)
            |-{jsmd}(12905)
            |-{jsmd}(12906)
            |-{jsmd}(12907)
            |-{jsmd}(12908)
            |-{jsmd}(12909)
            |-{jsmd}(12910)
            `-{jsmd}(12911)

sshd(37441)---bash(37500)---pstree(37558)
