jsmd(123504)-+-solomonikMM-cud(123626)-+-{solomonikMM-cud}(123651)
             |                         |-{solomonikMM-cud}(123652)
             |                         |-{solomonikMM-cud}(123705)
             |                         |-{solomonikMM-cud}(123707)
             |                         |-{solomonikMM-cud}(123708)
             |                         |-{solomonikMM-cud}(123709)
             |                         |-{solomonikMM-cud}(123710)
             |                         |-{solomonikMM-cud}(123854)
             |                         |-{solomonikMM-cud}(123855)
             |                         |-{solomonikMM-cud}(123856)
             |                         |-{solomonikMM-cud}(123857)
             |                         |-{solomonikMM-cud}(123858)
             |                         |-{solomonikMM-cud}(123859)
             |                         |-{solomonikMM-cud}(123860)
             |                         |-{solomonikMM-cud}(123861)
             |                         |-{solomonikMM-cud}(123862)
             |                         |-{solomonikMM-cud}(123863)
             |                         |-{solomonikMM-cud}(123864)
             |                         |-{solomonikMM-cud}(123865)
             |                         |-{solomonikMM-cud}(123866)
             |                         |-{solomonikMM-cud}(123867)
             |                         |-{solomonikMM-cud}(123868)
             |                         |-{solomonikMM-cud}(123869)
             |                         |-{solomonikMM-cud}(123870)
             |                         |-{solomonikMM-cud}(123871)
             |                         |-{solomonikMM-cud}(123872)
             |                         |-{solomonikMM-cud}(123873)
             |                         |-{solomonikMM-cud}(123874)
             |                         |-{solomonikMM-cud}(123879)
             |                         |-{solomonikMM-cud}(123880)
             |                         |-{solomonikMM-cud}(123887)
             |                         |-{solomonikMM-cud}(130818)
             |                         |-{solomonikMM-cud}(130820)
             |                         |-{solomonikMM-cud}(130822)
             |                         |-{solomonikMM-cud}(130824)
             |                         |-{solomonikMM-cud}(132116)
             |                         |-{solomonikMM-cud}(146468)
             |                         |-{solomonikMM-cud}(147606)
             |                         `-{solomonikMM-cud}(147607)
             |-{jsmd}(123505)
             |-{jsmd}(123506)
             |-{jsmd}(123507)
             |-{jsmd}(123508)
             |-{jsmd}(123509)
             |-{jsmd}(123510)
             |-{jsmd}(123511)
             |-{jsmd}(123512)
             |-{jsmd}(123513)
             |-{jsmd}(123514)
             |-{jsmd}(123515)
             |-{jsmd}(123516)
             |-{jsmd}(123517)
             |-{jsmd}(123518)
             |-{jsmd}(123519)
             |-{jsmd}(123520)
             |-{jsmd}(123521)
             |-{jsmd}(123522)
             |-{jsmd}(123523)
             `-{jsmd}(123524)

sshd(148813)---bash(148881)---pstree(148919)
