jsmd(152136)-+-solomonikMM-cud(152289)-+-{solomonikMM-cud}(152304)
             |                         |-{solomonikMM-cud}(152305)
             |                         |-{solomonikMM-cud}(152352)
             |                         |-{solomonikMM-cud}(152354)
             |                         |-{solomonikMM-cud}(152355)
             |                         |-{solomonikMM-cud}(152356)
             |                         |-{solomonikMM-cud}(152357)
             |                         |-{solomonikMM-cud}(152514)
             |                         |-{solomonikMM-cud}(152515)
             |                         |-{solomonikMM-cud}(152516)
             |                         |-{solomonikMM-cud}(152517)
             |                         |-{solomonikMM-cud}(152518)
             |                         |-{solomonikMM-cud}(152519)
             |                         |-{solomonikMM-cud}(152520)
             |                         |-{solomonikMM-cud}(152521)
             |                         |-{solomonikMM-cud}(152522)
             |                         |-{solomonikMM-cud}(152523)
             |                         |-{solomonikMM-cud}(152524)
             |                         |-{solomonikMM-cud}(152525)
             |                         |-{solomonikMM-cud}(152526)
             |                         |-{solomonikMM-cud}(152527)
             |                         |-{solomonikMM-cud}(152528)
             |                         |-{solomonikMM-cud}(152529)
             |                         |-{solomonikMM-cud}(152530)
             |                         |-{solomonikMM-cud}(152531)
             |                         |-{solomonikMM-cud}(152532)
             |                         |-{solomonikMM-cud}(152533)
             |                         |-{solomonikMM-cud}(152534)
             |                         |-{solomonikMM-cud}(152540)
             |                         |-{solomonikMM-cud}(152541)
             |                         |-{solomonikMM-cud}(152542)
             |                         |-{solomonikMM-cud}(152544)
             |                         |-{solomonikMM-cud}(152548)
             |                         |-{solomonikMM-cud}(157741)
             |                         |-{solomonikMM-cud}(157755)
             |                         |-{solomonikMM-cud}(158363)
             |                         |-{solomonikMM-cud}(174350)
             |                         |-{solomonikMM-cud}(174352)
             |                         `-{solomonikMM-cud}(174377)
             |-{jsmd}(152141)
             |-{jsmd}(152157)
             |-{jsmd}(152158)
             |-{jsmd}(152159)
             |-{jsmd}(152160)
             |-{jsmd}(152161)
             |-{jsmd}(152162)
             |-{jsmd}(152163)
             |-{jsmd}(152164)
             |-{jsmd}(152165)
             |-{jsmd}(152166)
             |-{jsmd}(152167)
             |-{jsmd}(152169)
             |-{jsmd}(152170)
             |-{jsmd}(152171)
             |-{jsmd}(152172)
             |-{jsmd}(152173)
             |-{jsmd}(152174)
             |-{jsmd}(152175)
             `-{jsmd}(152176)

sshd(175216)---bash(175317)---pstree(175398)
