jsmd(120641)-+-solomonikMM-cud(120719)-+-{solomonikMM-cud}(120732)
             |                         |-{solomonikMM-cud}(120733)
             |                         |-{solomonikMM-cud}(120781)
             |                         |-{solomonikMM-cud}(120782)
             |                         |-{solomonikMM-cud}(120783)
             |                         |-{solomonikMM-cud}(120784)
             |                         |-{solomonikMM-cud}(120785)
             |                         |-{solomonikMM-cud}(120938)
             |                         |-{solomonikMM-cud}(120939)
             |                         |-{solomonikMM-cud}(120940)
             |                         |-{solomonikMM-cud}(120941)
             |                         |-{solomonikMM-cud}(120942)
             |                         |-{solomonikMM-cud}(120943)
             |                         |-{solomonikMM-cud}(120944)
             |                         |-{solomonikMM-cud}(120945)
             |                         |-{solomonikMM-cud}(120946)
             |                         |-{solomonikMM-cud}(120947)
             |                         |-{solomonikMM-cud}(120948)
             |                         |-{solomonikMM-cud}(120949)
             |                         |-{solomonikMM-cud}(120950)
             |                         |-{solomonikMM-cud}(120951)
             |                         |-{solomonikMM-cud}(120952)
             |                         |-{solomonikMM-cud}(120953)
             |                         |-{solomonikMM-cud}(120954)
             |                         |-{solomonikMM-cud}(120955)
             |                         |-{solomonikMM-cud}(120956)
             |                         |-{solomonikMM-cud}(120957)
             |                         |-{solomonikMM-cud}(120958)
             |                         |-{solomonikMM-cud}(120963)
             |                         |-{solomonikMM-cud}(120964)
             |                         |-{solomonikMM-cud}(120971)
             |                         |-{solomonikMM-cud}(127443)
             |                         |-{solomonikMM-cud}(127447)
             |                         |-{solomonikMM-cud}(127452)
             |                         |-{solomonikMM-cud}(127453)
             |                         |-{solomonikMM-cud}(128184)
             |                         |-{solomonikMM-cud}(128196)
             |                         |-{solomonikMM-cud}(128197)
             |                         `-{solomonikMM-cud}(128198)
             |-{jsmd}(120642)
             |-{jsmd}(120656)
             |-{jsmd}(120657)
             |-{jsmd}(120658)
             |-{jsmd}(120659)
             |-{jsmd}(120660)
             |-{jsmd}(120661)
             |-{jsmd}(120662)
             |-{jsmd}(120663)
             |-{jsmd}(120664)
             |-{jsmd}(120665)
             |-{jsmd}(120666)
             |-{jsmd}(120667)
             |-{jsmd}(120668)
             |-{jsmd}(120669)
             |-{jsmd}(120670)
             |-{jsmd}(120671)
             |-{jsmd}(120672)
             |-{jsmd}(120673)
             `-{jsmd}(120674)

sshd(145468)---bash(145469)---pstree(145472)
