jsmd(54180)-+-solomonikMM-cud(54456)-+-{solomonikMM-cud}(54479)
            |                        |-{solomonikMM-cud}(54481)
            |                        |-{solomonikMM-cud}(54516)
            |                        |-{solomonikMM-cud}(54517)
            |                        |-{solomonikMM-cud}(54518)
            |                        |-{solomonikMM-cud}(54519)
            |                        |-{solomonikMM-cud}(54520)
            |                        |-{solomonikMM-cud}(54664)
            |                        |-{solomonikMM-cud}(54665)
            |                        |-{solomonikMM-cud}(54666)
            |                        |-{solomonikMM-cud}(54667)
            |                        |-{solomonikMM-cud}(54668)
            |                        |-{solomonikMM-cud}(54669)
            |                        |-{solomonikMM-cud}(54670)
            |                        |-{solomonikMM-cud}(54671)
            |                        |-{solomonikMM-cud}(54672)
            |                        |-{solomonikMM-cud}(54673)
            |                        |-{solomonikMM-cud}(54674)
            |                        |-{solomonikMM-cud}(54675)
            |                        |-{solomonikMM-cud}(54676)
            |                        |-{solomonikMM-cud}(54677)
            |                        |-{solomonikMM-cud}(54678)
            |                        |-{solomonikMM-cud}(54679)
            |                        |-{solomonikMM-cud}(54680)
            |                        |-{solomonikMM-cud}(54681)
            |                        |-{solomonikMM-cud}(54682)
            |                        |-{solomonikMM-cud}(54683)
            |                        |-{solomonikMM-cud}(54684)
            |                        |-{solomonikMM-cud}(54689)
            |                        |-{solomonikMM-cud}(54690)
            |                        |-{solomonikMM-cud}(54693)
            |                        |-{solomonikMM-cud}(54697)
            |                        |-{solomonikMM-cud}(55703)
            |                        |-{solomonikMM-cud}(60927)
            |                        |-{solomonikMM-cud}(60928)
            |                        |-{solomonikMM-cud}(61605)
            |                        |-{solomonikMM-cud}(77638)
            |                        |-{solomonikMM-cud}(77646)
            |                        `-{solomonikMM-cud}(77649)
            |-{jsmd}(54181)
            |-{jsmd}(54189)
            |-{jsmd}(54190)
            |-{jsmd}(54191)
            |-{jsmd}(54192)
            |-{jsmd}(54193)
            |-{jsmd}(54194)
            |-{jsmd}(54195)
            |-{jsmd}(54196)
            |-{jsmd}(54197)
            |-{jsmd}(54198)
            |-{jsmd}(54199)
            |-{jsmd}(54200)
            |-{jsmd}(54201)
            |-{jsmd}(54202)
            |-{jsmd}(54203)
            |-{jsmd}(54204)
            |-{jsmd}(54205)
            |-{jsmd}(54206)
            `-{jsmd}(54207)

sshd(78701)---bash(78736)---pstree(78739)
