jsmd(152004)-+-solomonikMM-cud(152125)-+-{solomonikMM-cud}(152140)
             |                         |-{solomonikMM-cud}(152141)
             |                         |-{solomonikMM-cud}(152186)
             |                         |-{solomonikMM-cud}(152187)
             |                         |-{solomonikMM-cud}(152188)
             |                         |-{solomonikMM-cud}(152189)
             |                         |-{solomonikMM-cud}(152191)
             |                         |-{solomonikMM-cud}(152334)
             |                         |-{solomonikMM-cud}(152335)
             |                         |-{solomonikMM-cud}(152336)
             |                         |-{solomonikMM-cud}(152337)
             |                         |-{solomonikMM-cud}(152338)
             |                         |-{solomonikMM-cud}(152339)
             |                         |-{solomonikMM-cud}(152340)
             |                         |-{solomonikMM-cud}(152341)
             |                         |-{solomonikMM-cud}(152342)
             |                         |-{solomonikMM-cud}(152343)
             |                         |-{solomonikMM-cud}(152344)
             |                         |-{solomonikMM-cud}(152345)
             |                         |-{solomonikMM-cud}(152346)
             |                         |-{solomonikMM-cud}(152347)
             |                         |-{solomonikMM-cud}(152348)
             |                         |-{solomonikMM-cud}(152349)
             |                         |-{solomonikMM-cud}(152350)
             |                         |-{solomonikMM-cud}(152351)
             |                         |-{solomonikMM-cud}(152352)
             |                         |-{solomonikMM-cud}(152353)
             |                         |-{solomonikMM-cud}(152354)
             |                         |-{solomonikMM-cud}(152359)
             |                         |-{solomonikMM-cud}(152360)
             |                         |-{solomonikMM-cud}(152367)
             |                         |-{solomonikMM-cud}(158321)
             |                         |-{solomonikMM-cud}(158322)
             |                         |-{solomonikMM-cud}(158323)
             |                         |-{solomonikMM-cud}(158325)
             |                         |-{solomonikMM-cud}(159015)
             |                         |-{solomonikMM-cud}(159016)
             |                         |-{solomonikMM-cud}(159017)
             |                         `-{solomonikMM-cud}(169784)
             |-{jsmd}(152005)
             |-{jsmd}(152008)
             |-{jsmd}(152009)
             |-{jsmd}(152010)
             |-{jsmd}(152011)
             |-{jsmd}(152012)
             |-{jsmd}(152013)
             |-{jsmd}(152014)
             |-{jsmd}(152015)
             |-{jsmd}(152016)
             |-{jsmd}(152017)
             |-{jsmd}(152018)
             |-{jsmd}(152019)
             |-{jsmd}(152020)
             |-{jsmd}(152021)
             |-{jsmd}(152022)
             |-{jsmd}(152023)
             |-{jsmd}(152024)
             |-{jsmd}(152025)
             `-{jsmd}(152026)

sshd(175866)---bash(175867)---pstree(175870)
